===========================================================================
                          Report for Setup Checks                          
===========================================================================
--------------------------------------------------------------
(Summary) Design Statistics

                  Total Flops                                      :   3447(100%)   
                  Total Data Latches                               :      0(0.00%)  
                  Always ON Flops                                  :     19(0.5512%)
                  Enabled Flops                                    :   3428(99.45%) 
                      Combinational Enabled Flops                  :   3428(99.45%) 
                      CGIC Enabled Flops                           :      0(0.00%)  
                  Clock Gating Efficiency                          :        90.67%   

     [PPRO-SCEF]  Total number of flops with efficiency in the range of [95.00% - 98.99%]: 277(8.04%).
     [PPRO-SCEF]  Total number of flops with efficiency in the range of [99.00% - 99.99%]: 2822(81.87%).
     [PPRO-SFEFC] Total number of flops with efficiency 100%: 0(0%).
-1  



===========================================================================
                              Summary Report                              
===========================================================================
    Number of primary input ports which are candidates for mode constraints = 0


  -------------------------------------------------------------------------
                   Potential BlackBox Modules                      
  -------------------------------------------------------------------------
  Bit-level Modules = 24
  create_black_box -module topless_5comma_32comma_1comma_1comma_O_addr_type_L1comma_32comma_1comma_1comma_I_addr_type_L1comma_32comma_1comma_1comma_W_addr_type_L1comma_5comma_288comma_8comma_8comma_O_addr_type_L2comma_312comma_8comma_8comma_I_addr_type_L2c000015 ;#Number of nodes in module : 3
  create_black_box -module topless_5comma_32comma_1comma_1comma_O_addr_type_L1comma_32comma_1comma_1comma_I_addr_type_L1comma_32comma_1comma_1comma_W_addr_type_L1comma_5comma_288comma_8comma_8comma_O_addr_type_L2comma_312comma_8comma_8comma_I_addr_type_L2c000020 ;#Number of nodes in module : 3
  create_black_box -module topless_5comma_32comma_1comma_1comma_O_addr_type_L1comma_32comma_1comma_1comma_I_addr_type_L1comma_32comma_1comma_1comma_W_addr_type_L1comma_5comma_288comma_8comma_8comma_O_addr_type_L2comma_312comma_8comma_8comma_I_addr_type_L2c000025 ;#Number of nodes in module : 3
  create_black_box -module topless_5comma_32comma_1comma_1comma_O_addr_type_L1comma_32comma_1comma_1comma_I_addr_type_L1comma_32comma_1comma_1comma_W_addr_type_L1comma_5comma_288comma_8comma_8comma_O_addr_type_L2comma_312comma_8comma_8comma_I_addr_type_L2c000030 ;#Number of nodes in module : 3
  create_black_box -module topless_5comma_32comma_1comma_1comma_O_addr_type_L1comma_32comma_1comma_1comma_I_addr_type_L1comma_32comma_1comma_1comma_W_addr_type_L1comma_5comma_288comma_8comma_8comma_O_addr_type_L2comma_312comma_8comma_8comma_I_addr_type_L2c000035 ;#Number of nodes in module : 3
  create_black_box -module topless_5comma_32comma_1comma_1comma_O_addr_type_L1comma_32comma_1comma_1comma_I_addr_type_L1comma_32comma_1comma_1comma_W_addr_type_L1comma_5comma_288comma_8comma_8comma_O_addr_type_L2comma_312comma_8comma_8comma_I_addr_type_L2c000040 ;#Number of nodes in module : 4
  create_black_box -module topless_5comma_32comma_1comma_1comma_O_addr_type_L1comma_32comma_1comma_1comma_I_addr_type_L1comma_32comma_1comma_1comma_W_addr_type_L1comma_5comma_288comma_8comma_8comma_O_addr_type_L2comma_312comma_8comma_8comma_I_addr_type_L2c000045 ;#Number of nodes in module : 4
  create_black_box -module topless_5comma_32comma_1comma_1comma_O_addr_type_L1comma_32comma_1comma_1comma_I_addr_type_L1comma_32comma_1comma_1comma_W_addr_type_L1comma_5comma_288comma_8comma_8comma_O_addr_type_L2comma_312comma_8comma_8comma_I_addr_type_L2c000050 ;#Number of nodes in module : 4
  create_black_box -module topless_5comma_32comma_1comma_1comma_O_addr_type_L1comma_32comma_1comma_1comma_I_addr_type_L1comma_32comma_1comma_1comma_W_addr_type_L1comma_5comma_288comma_8comma_8comma_O_addr_type_L2comma_312comma_8comma_8comma_I_addr_type_L2c000076 ;#Number of nodes in module : 2
  create_black_box -module topless_5comma_32comma_1comma_1comma_O_addr_type_L1comma_32comma_1comma_1comma_I_addr_type_L1comma_32comma_1comma_1comma_W_addr_type_L1comma_5comma_288comma_8comma_8comma_O_addr_type_L2comma_312comma_8comma_8comma_I_addr_type_L2c000077 ;#Number of nodes in module : 2
  create_black_box -module topless_5comma_32comma_1comma_1comma_O_addr_type_L1comma_32comma_1comma_1comma_I_addr_type_L1comma_32comma_1comma_1comma_W_addr_type_L1comma_5comma_288comma_8comma_8comma_O_addr_type_L2comma_312comma_8comma_8comma_I_addr_type_L2c000079 ;#Number of nodes in module : 4
  create_black_box -module topless_5comma_32comma_1comma_1comma_O_addr_type_L1comma_32comma_1comma_1comma_I_addr_type_L1comma_32comma_1comma_1comma_W_addr_type_L1comma_5comma_288comma_8comma_8comma_O_addr_type_L2comma_312comma_8comma_8comma_I_addr_type_L2c000084 ;#Number of nodes in module : 4
  create_black_box -module topless_5comma_32comma_1comma_1comma_O_addr_type_L1comma_32comma_1comma_1comma_I_addr_type_L1comma_32comma_1comma_1comma_W_addr_type_L1comma_5comma_288comma_8comma_8comma_O_addr_type_L2comma_312comma_8comma_8comma_I_addr_type_L2c000089 ;#Number of nodes in module : 3
  create_black_box -module topless_5comma_32comma_1comma_1comma_O_addr_type_L1comma_32comma_1comma_1comma_I_addr_type_L1comma_32comma_1comma_1comma_W_addr_type_L1comma_5comma_288comma_8comma_8comma_O_addr_type_L2comma_312comma_8comma_8comma_I_addr_type_L2c000094 ;#Number of nodes in module : 3
  create_black_box -module topless_5comma_32comma_1comma_1comma_O_addr_type_L1comma_32comma_1comma_1comma_I_addr_type_L1comma_32comma_1comma_1comma_W_addr_type_L1comma_5comma_288comma_8comma_8comma_O_addr_type_L2comma_312comma_8comma_8comma_I_addr_type_L2c000099 ;#Number of nodes in module : 4
  create_black_box -module topless_5comma_32comma_1comma_1comma_O_addr_type_L1comma_32comma_1comma_1comma_I_addr_type_L1comma_32comma_1comma_1comma_W_addr_type_L1comma_5comma_288comma_8comma_8comma_O_addr_type_L2comma_312comma_8comma_8comma_I_addr_type_L2c000104 ;#Number of nodes in module : 3
  create_black_box -module topless_5comma_32comma_1comma_1comma_O_addr_type_L1comma_32comma_1comma_1comma_I_addr_type_L1comma_32comma_1comma_1comma_W_addr_type_L1comma_5comma_288comma_8comma_8comma_O_addr_type_L2comma_312comma_8comma_8comma_I_addr_type_L2c000109 ;#Number of nodes in module : 3
  create_black_box -module topless_5comma_32comma_1comma_1comma_O_addr_type_L1comma_32comma_1comma_1comma_I_addr_type_L1comma_32comma_1comma_1comma_W_addr_type_L1comma_5comma_288comma_8comma_8comma_O_addr_type_L2comma_312comma_8comma_8comma_I_addr_type_L2c000114 ;#Number of nodes in module : 4
  create_black_box -module topless_5comma_32comma_1comma_1comma_O_addr_type_L1comma_32comma_1comma_1comma_I_addr_type_L1comma_32comma_1comma_1comma_W_addr_type_L1comma_5comma_288comma_8comma_8comma_O_addr_type_L2comma_312comma_8comma_8comma_I_addr_type_L2c000119 ;#Number of nodes in module : 3
  create_black_box -module topless_5comma_32comma_1comma_1comma_O_addr_type_L1comma_32comma_1comma_1comma_I_addr_type_L1comma_32comma_1comma_1comma_W_addr_type_L1comma_5comma_288comma_8comma_8comma_O_addr_type_L2comma_312comma_8comma_8comma_I_addr_type_L2c000124 ;#Number of nodes in module : 3
  create_black_box -module topless_5comma_32comma_1comma_1comma_O_addr_type_L1comma_32comma_1comma_1comma_I_addr_type_L1comma_32comma_1comma_1comma_W_addr_type_L1comma_5comma_288comma_8comma_8comma_O_addr_type_L2comma_312comma_8comma_8comma_I_addr_type_L2c000149 ;#Number of nodes in module : 0
  create_black_box -module topless_5comma_32comma_1comma_1comma_O_addr_type_L1comma_32comma_1comma_1comma_I_addr_type_L1comma_32comma_1comma_1comma_W_addr_type_L1comma_5comma_288comma_8comma_8comma_O_addr_type_L2comma_312comma_8comma_8comma_I_addr_type_L2c000150 ;#Number of nodes in module : 0
  create_black_box -module topless_5comma_32comma_1comma_1comma_O_addr_type_L1comma_32comma_1comma_1comma_I_addr_type_L1comma_32comma_1comma_1comma_W_addr_type_L1comma_5comma_288comma_8comma_8comma_O_addr_type_L2comma_312comma_8comma_8comma_I_addr_type_L2c000152 ;#Number of nodes in module : 0
  create_black_box -module topless_5comma_32comma_1comma_1comma_O_addr_type_L1comma_32comma_1comma_1comma_I_addr_type_L1comma_32comma_1comma_1comma_W_addr_type_L1comma_5comma_288comma_8comma_8comma_O_addr_type_L2comma_312comma_8comma_8comma_I_addr_type_L2c000153 ;#Number of nodes in module : 0



===========================================================================
                              Detailed Report                              
===========================================================================

  Primary inputs candidates for modes = 0


  Other low activity primary input ports = 1

    O_data_out_rsc_rdy  Probability = 1


