
New: /users/students/r0678912/Downloads/zigzag/hls_impl/PE/Catapult/SIF/calypto_opt_vhdl/iter_write_rtl/calypto_insert_obs/6/power_top_5_32_1_1_O_addr_type_L1_32_1_1_I_addr_type_L1_32_1_1_W_addr_type_L1_5_288_8_8_O_addr_type_L2_312_8_8_I_addr_type_L2_1728_8_8_W_addr_type_L2_5_8640_8_8_O_addr_type_L3_8640_8_8_I_addr_type_L3_55296_8_8_W_addr_type_L3_O_pa000000.vhdl
Old: /users/students/r0678912/Downloads/zigzag/hls_impl/PE/Catapult/SIF/power_top_5_32_1_1_O_addr_type_L1_32_1_1_I_addr_type_L1_32_1_1_W_addr_type_L1_5_288_8_8_O_addr_type_L2_312_8_8_I_addr_type_L2_1728_8_8_W_addr_type_L2_5_8640_8_8_O_addr_type_L3_8640_8_8_I_addr_type_L3_55296_8_8_W_addr_type_L3_O_pa000000.vhdl
1-1855 was 1-1855
1856-1857 new
1858-1867 was 1856-1865
1868-1869 was 1866-1867
1870-1880 new
1881-1883 was 1867-1869
1884-1885 new
1886-1893 was 1870-1877
1894 was 1878
1895-1904 new
1905-1944 was 1879-1918
1945-1957 new cginst top_5_32_1_1_O_addr_type_L1_32_1_1_I_addr_type_L1_32_1_1_W_addr_type_L1_5_288_8_8_O_addr_type_L2_312_8_8_I_addr_type_L2_1728_8_8_W_addr_type_L2_5_8640_8_8_O_addr_type_L3_8640_8_8_I_addr_type_L3_55296_8_8_W_addr_type_L3_O_partial_000001.PE.rf_5_32_32_32_1_1_1_1_1_1_O_partial_type_O_addr_type_L1_I_type_I_addr_type_L1_W_type_W_addr_type_L1_run_inst.rf_5_32_32_32_1_1_1_1_1_1_O_partial_type_O_addr_type_L1_I_type_I_addr_type_L1_W_type_W_addr_type_L1_run_I_wr_data_rsci_inst.rf_5_32_32_32_1_1_1_1_1_1_O_partial_type_O_addr_type_L1_I_type_I_addr_type_L1_W_type_W_addr_type_L1_run_I_wr_data_rsci_I_wr_data_wait_dp_inst.inst_cg_obs_topless_5comma_32comma_1comm
1958-1968 was 1919-1929
1969-1970 new
1971-1972 new
1973-1974 new
1975-1976 new
1977-1981 was 1930-1934
1982 new
1983 was 1935
1984 new
1985-1986 was 1936-1937
1987 new
1988 was 1938
1989 new
1990-3897 was 1939-3846
3898-3899 new
3900-3911 was 3847-3858
3912-3913 was 3859-3860
3914-3920 new
3921-3923 was 3860-3862
3924-3925 new
3926-3947 was 3863-3884
3948-3949 was 3885-3886
3950-3956 was 3887-3893
3957-3958 was 3894-3895
3959-3969 new
3970-3971 was 3895-3896
3972 was 3896 endreplicate
3973-3984 was 3885-3896
3985-3987 was 3896-3898
3988-3989 was 3899-3900
3990-3993 new
3994-4030 was 3901-3937
4031-4033 was 3938-3939
4034-4044 new
4045-4046 was 3939-3940
4047-4048 new
4049-4050 new
4051-5153 was 3941-5043
5154-5155 new
5156-5187 was 5044-5075
5188-5189 new
5190-6369 was 5076-6255
6370-6371 was 6256-6257
6372-6380 was 6258-6266
6381-6382 was 6267-6268
6383-6389 new
6390-6391 was 6268-6269
6392 was 6269 endreplicate
6393-6406 was 6256-6269
6407-6518 was 6269-6380
6519-6520 was 6381-6382
6521-6526 new
6527-6921 was 6383-6777
6922-6924 was 6778-6779
6925-6931 new
6932-9592 was 6779-9439
9593-9594 new
9595-9596 new
9597-9598 new
9599-10286 was 9440-10127
10287-10288 new
10289-10320 was 10128-10159
10321-10322 new
10323-10326 was 10160-10163
10327-10328 was 10164-10165
10329-10354 was 10166-10191
10355-10356 was 10192-10193
10357 was 10193 endreplicate
10358-10387 was 10164-10193
10388-10462 was 10193-10267
10463-10464 new
10465-10507 was 10268-10310
10508-10509 new
10510-10591 was 10311-10392
10592-10593 was 10393-10394
10594-10619 was 10395-10420
10620-10621 was 10421-10422
10622 was 10422 endreplicate
10623-10652 was 10393-10422
10653-10801 was 10422-10570
10802-10803 new
10804-10811 was 10571-10578
10812-10813 was 10579-10580
10814-10850 was 10581-10617
10851-10852 was 10618-10619
10853 was 10619 endreplicate
10854-10894 was 10579-10619
10895-11031 was 10619-10755
