+-----------------------------------------------------------------------------------+
|                                                                                   |
| Generated by PowerPro-10.3c_2/849904   (Jan 10 2020)  linux64  P2001101230        |
| on Tue Jul 13 11:48:25 2021.                                                      |
|                                                                                   |
| This document may be used and distributed without restriction provided that       |
| this copyright statement is not removed from the file and that any derivative     |
| work contains this copyright notice.                                              |
|                                                                                   |
+-----------------------------------------------------------------------------------+

     [WRTL-WRGHB] (/users/students/r0678912/Downloads/zigzag/hls_impl/PE/Catapult/SIF/power_top_5_32_1_1_O_addr_type_L1_32_1_1_I_addr_type_L1_32_1_1_W_addr_type_L1_5_288_8_8_O_addr_type_L2_312_8_8_I_addr_type_L2_1728_8_8_W_addr_type_L2_5_8640_8_8_O_addr_type_L3_8640_8_8_I_addr_type_L3_55296_8_8_W_addr_type_L3_O_pa000000.vhdl:1932) Starting routing of inst_cg_obs_topless_5comma_32comma_1comm gating node in hierarchy topless_5comma_32comma_1comma_1comma_O_addr_type_L1comma_32comma_1comma_1comma_I_addr_type_L1comma_32comma_1comma_1comma_W_addr_type_L1comma_5comma_288comma_8comma_8comma_O_addr_type_L2comma_312comma_8comma_8comma_I_addr_type_L2c000026 and language 3.
                  Please try 'help WRTL-WRGHB' for more detailed help.
     [WRTL-WRIEB] (no-source-file:0) Starting routing of edge reg_I_wr_data_rsci_irdy_run_psct_cse connected to port I_wr_data_rsci_oswt of gating hierarchy.
                  Please try 'help WRTL-WRIEB' for more detailed help.
     [WRTL-WRSIH] (no-source-file:0) Routing edge reg_I_wr_data_rsci_irdy_run_psct_cse in hierarchy topless_5comma_32comma_1comma_1comma_O_addr_type_L1comma_32comma_1comma_1comma_I_addr_type_L1comma_32comma_1comma_1comma_W_addr_type_L1comma_5comma_288comma_8comma_8comma_O_addr_type_L2comma_312comma_8comma_8comma_I_addr_type_L2c000026 and language 3.
                  Please try 'help WRTL-WRSIH' for more detailed help.
     [WRTL-WRPEP] (no-source-file:0) Starting routing hierarchical port and edge pair reg_I_wr_data_rsci_irdy_run_psct_cse and reg_I_wr_data_rsci_irdy_run_psct_cse in hierarchy topless_5comma_32comma_1comma_1comma_O_addr_type_L1comma_32comma_1comma_1comma_I_addr_type_L1comma_32comma_1comma_1comma_W_addr_type_L1comma_5comma_288comma_8comma_8comma_O_addr_type_L2comma_312comma_8comma_8comma_I_addr_type_L2c000026.
                  Please try 'help WRTL-WRPEP' for more detailed help.
     [WRTL-WRDP]  Declaring new port reg_I_wr_data_rsci_irdy_run_psct_cse with CPT name reg_I_wr_data_rsci_irdy_run_psct_cse in module topless_5comma_32comma_1comma_1comma_O_addr_type_L1comma_32comma_1comma_1comma_I_addr_type_L1comma_32comma_1comma_1comma_W_addr_type_L1comma_5comma_288comma_8comma_8comma_O_addr_type_L2comma_312comma_8comma_8comma_I_addr_type_L2c000026.
                  Please try 'help WRTL-WRDP' for more detailed help.
     [WRTL-WRHIP] Routing input port reg_I_wr_data_rsci_irdy_run_psct_cse .
                  Please try 'help WRTL-WRHIP' for more detailed help.
     [WRTL-WRPPE] (no-source-file:0) Ending routing hierarchical port and edge pair reg_I_wr_data_rsci_irdy_run_psct_cse and reg_I_wr_data_rsci_irdy_run_psct_cse in hierarchy 0.
                  Please try 'help WRTL-WRPPE' for more detailed help.
     [WRTL-WRSIH] (/users/students/r0678912/Downloads/zigzag/hls_impl/PE/Catapult/SIF/power_top_5_32_1_1_O_addr_type_L1_32_1_1_I_addr_type_L1_32_1_1_W_addr_type_L1_5_288_8_8_O_addr_type_L2_312_8_8_I_addr_type_L2_1728_8_8_W_addr_type_L2_5_8640_8_8_O_addr_type_L3_8640_8_8_I_addr_type_L3_55296_8_8_W_addr_type_L3_O_pa000000.vhdl:3857) Routing edge I_wr_data_rsci_oswt in hierarchy topless_5comma_32comma_1comma_1comma_O_addr_type_L1comma_32comma_1comma_1comma_I_addr_type_L1comma_32comma_1comma_1comma_W_addr_type_L1comma_5comma_288comma_8comma_8comma_O_addr_type_L2comma_312comma_8comma_8comma_I_addr_type_L2c000007 and language 3.
                  Please try 'help WRTL-WRSIH' for more detailed help.
     [WRTL-WRPEP] (/users/students/r0678912/Downloads/zigzag/hls_impl/PE/Catapult/SIF/power_top_5_32_1_1_O_addr_type_L1_32_1_1_I_addr_type_L1_32_1_1_W_addr_type_L1_5_288_8_8_O_addr_type_L2_312_8_8_I_addr_type_L2_1728_8_8_W_addr_type_L2_5_8640_8_8_O_addr_type_L3_8640_8_8_I_addr_type_L3_55296_8_8_W_addr_type_L3_O_pa000000.vhdl:3857) Starting routing hierarchical port and edge pair I_wr_data_rsci_oswt and I_wr_data_rsci_oswt in hierarchy topless_5comma_32comma_1comma_1comma_O_addr_type_L1comma_32comma_1comma_1comma_I_addr_type_L1comma_32comma_1comma_1comma_W_addr_type_L1comma_5comma_288comma_8comma_8comma_O_addr_type_L2comma_312comma_8comma_8comma_I_addr_type_L2c000007.
                  Please try 'help WRTL-WRPEP' for more detailed help.
     [WRTL-WRDE]  (/users/students/r0678912/Downloads/zigzag/hls_impl/PE/Catapult/SIF/power_top_5_32_1_1_O_addr_type_L1_32_1_1_I_addr_type_L1_32_1_1_W_addr_type_L1_5_288_8_8_O_addr_type_L2_312_8_8_I_addr_type_L2_1728_8_8_W_addr_type_L2_5_8640_8_8_O_addr_type_L3_8640_8_8_I_addr_type_L3_55296_8_8_W_addr_type_L3_O_pa000000.vhdl:3857) Declaring new edge I_wr_data_rsci_oswt with CPT name I_wr_data_rsci_oswt_1 in module topless_5comma_32comma_1comma_1comma_O_addr_type_L1comma_32comma_1comma_1comma_I_addr_type_L1comma_32comma_1comma_1comma_W_addr_type_L1comma_5comma_288comma_8comma_8comma_O_addr_type_L2comma_312comma_8comma_8comma_I_addr_type_L2c000007.
                  Please try 'help WRTL-WRDE' for more detailed help.
     [WRTL-WRHIP] Routing input port I_wr_data_rsci_oswt .
                  Please try 'help WRTL-WRHIP' for more detailed help.
     [WRTL-WRPPE] (/users/students/r0678912/Downloads/zigzag/hls_impl/PE/Catapult/SIF/power_top_5_32_1_1_O_addr_type_L1_32_1_1_I_addr_type_L1_32_1_1_W_addr_type_L1_5_288_8_8_O_addr_type_L2_312_8_8_I_addr_type_L2_1728_8_8_W_addr_type_L2_5_8640_8_8_O_addr_type_L3_8640_8_8_I_addr_type_L3_55296_8_8_W_addr_type_L3_O_pa000000.vhdl:3857) Ending routing hierarchical port and edge pair I_wr_data_rsci_oswt and I_wr_data_rsci_oswt in hierarchy 1.
                  Please try 'help WRTL-WRPPE' for more detailed help.
     [WRTL-WRIEE] (no-source-file:0) Routing of edge reg_I_wr_data_rsci_irdy_run_psct_cse completed and it is driven by user edge reg_I_wr_data_rsci_irdy_run_psct_cse.
                  Please try 'help WRTL-WRIEE' for more detailed help.
     [WRTL-WRIEB] (no-source-file:0) Starting routing of edge fsm_output connected to port fsm_output of gating hierarchy.
                  Please try 'help WRTL-WRIEB' for more detailed help.
     [WRTL-WRSIH] (no-source-file:0) Routing edge fsm_output in hierarchy topless_5comma_32comma_1comma_1comma_O_addr_type_L1comma_32comma_1comma_1comma_I_addr_type_L1comma_32comma_1comma_1comma_W_addr_type_L1comma_5comma_288comma_8comma_8comma_O_addr_type_L2comma_312comma_8comma_8comma_I_addr_type_L2c000026 and language 3.
                  Please try 'help WRTL-WRSIH' for more detailed help.
     [WRTL-WRPEP] (no-source-file:0) Starting routing hierarchical port and edge pair fsm_output and fsm_output in hierarchy topless_5comma_32comma_1comma_1comma_O_addr_type_L1comma_32comma_1comma_1comma_I_addr_type_L1comma_32comma_1comma_1comma_W_addr_type_L1comma_5comma_288comma_8comma_8comma_O_addr_type_L2comma_312comma_8comma_8comma_I_addr_type_L2c000026.
                  Please try 'help WRTL-WRPEP' for more detailed help.
     [WRTL-WRDP]  Declaring new port fsm_output with CPT name fsm_output in module topless_5comma_32comma_1comma_1comma_O_addr_type_L1comma_32comma_1comma_1comma_I_addr_type_L1comma_32comma_1comma_1comma_W_addr_type_L1comma_5comma_288comma_8comma_8comma_O_addr_type_L2comma_312comma_8comma_8comma_I_addr_type_L2c000026.
                  Please try 'help WRTL-WRDP' for more detailed help.
     [WRTL-WRHIP] Routing input port fsm_output .
                  Please try 'help WRTL-WRHIP' for more detailed help.
     [WRTL-WRPPE] (no-source-file:0) Ending routing hierarchical port and edge pair fsm_output and fsm_output in hierarchy 0.
                  Please try 'help WRTL-WRPPE' for more detailed help.
     [WRTL-WRSIH] (no-source-file:0) Routing edge fsm_output in hierarchy topless_5comma_32comma_1comma_1comma_O_addr_type_L1comma_32comma_1comma_1comma_I_addr_type_L1comma_32comma_1comma_1comma_W_addr_type_L1comma_5comma_288comma_8comma_8comma_O_addr_type_L2comma_312comma_8comma_8comma_I_addr_type_L2c000007 and language 3.
                  Please try 'help WRTL-WRSIH' for more detailed help.
     [WRTL-WRPEP] (no-source-file:0) Starting routing hierarchical port and edge pair fsm_output and fsm_output in hierarchy topless_5comma_32comma_1comma_1comma_O_addr_type_L1comma_32comma_1comma_1comma_I_addr_type_L1comma_32comma_1comma_1comma_W_addr_type_L1comma_5comma_288comma_8comma_8comma_O_addr_type_L2comma_312comma_8comma_8comma_I_addr_type_L2c000007.
                  Please try 'help WRTL-WRPEP' for more detailed help.
     [WRTL-WRDP]  Declaring new port fsm_output with CPT name fsm_output in module topless_5comma_32comma_1comma_1comma_O_addr_type_L1comma_32comma_1comma_1comma_I_addr_type_L1comma_32comma_1comma_1comma_W_addr_type_L1comma_5comma_288comma_8comma_8comma_O_addr_type_L2comma_312comma_8comma_8comma_I_addr_type_L2c000007.
                  Please try 'help WRTL-WRDP' for more detailed help.
     [WRTL-WRHIP] Routing input port fsm_output .
                  Please try 'help WRTL-WRHIP' for more detailed help.
     [WRTL-WRPPE] (no-source-file:0) Ending routing hierarchical port and edge pair fsm_output and fsm_output in hierarchy 0.
                  Please try 'help WRTL-WRPPE' for more detailed help.
     [WRTL-WRSIH] (/users/students/r0678912/Downloads/zigzag/hls_impl/PE/Catapult/SIF/power_top_5_32_1_1_O_addr_type_L1_32_1_1_I_addr_type_L1_32_1_1_W_addr_type_L1_5_288_8_8_O_addr_type_L2_312_8_8_I_addr_type_L2_1728_8_8_W_addr_type_L2_5_8640_8_8_O_addr_type_L3_8640_8_8_I_addr_type_L3_55296_8_8_W_addr_type_L3_O_pa000000.vhdl:6381) Routing edge rf_5_32_32_32_1_1_1_1_1_1_O_partial_type_O_addr_type_L1_I_type_I_addr_type_L1_W_type_W_addr_type_L1_run_run_fsm_inst_fsm_output in hierarchy topless_5comma_32comma_1comma_1comma_O_addr_type_L1comma_32comma_1comma_1comma_I_addr_type_L1comma_32comma_1comma_1comma_W_addr_type_L1comma_5comma_288comma_8comma_8comma_O_addr_type_L2comma_312comma_8comma_8comma_I_addr_type_L2c000003 and language 3.
                  Please try 'help WRTL-WRSIH' for more detailed help.
     [WRTL-WRE]   (/users/students/r0678912/Downloads/zigzag/hls_impl/PE/Catapult/SIF/power_top_5_32_1_1_O_addr_type_L1_32_1_1_I_addr_type_L1_32_1_1_W_addr_type_L1_5_288_8_8_O_addr_type_L2_312_8_8_I_addr_type_L2_1728_8_8_W_addr_type_L2_5_8640_8_8_O_addr_type_L3_8640_8_8_I_addr_type_L3_55296_8_8_W_addr_type_L3_O_pa000000.vhdl:6381) Routing edge rf_5_32_32_32_1_1_1_1_1_1_O_partial_type_O_addr_type_L1_I_type_I_addr_type_L1_W_type_W_addr_type_L1_run_run_fsm_inst_fsm_output in hierarchy topless_5comma_32comma_1comma_1comma_O_addr_type_L1comma_32comma_1comma_1comma_I_addr_type_L1comma_32comma_1comma_1comma_W_addr_type_L1comma_5comma_288comma_8comma_8comma_O_addr_type_L2comma_312comma_8comma_8comma_I_addr_type_L2c000003.
                  Please try 'help WRTL-WRE' for more detailed help.
     [WRTL-WRIEE] (no-source-file:0) Routing of edge fsm_output completed and it is driven by user edge fsm_output.
                  Please try 'help WRTL-WRIEE' for more detailed help.
     [WRTL-WRIEB] (/users/students/r0678912/Downloads/zigzag/hls_impl/PE/Catapult/SIF/power_top_5_32_1_1_O_addr_type_L1_32_1_1_I_addr_type_L1_32_1_1_W_addr_type_L1_5_288_8_8_O_addr_type_L2_312_8_8_I_addr_type_L2_1728_8_8_W_addr_type_L2_5_8640_8_8_O_addr_type_L3_8640_8_8_I_addr_type_L3_55296_8_8_W_addr_type_L3_O_pa000000.vhdl:1863) Starting routing of edge I_wr_data_rsci_biwt connected to port I_wr_data_rsci_biwt of gating hierarchy.
                  Please try 'help WRTL-WRIEB' for more detailed help.
     [WRTL-WRSIH] (/users/students/r0678912/Downloads/zigzag/hls_impl/PE/Catapult/SIF/power_top_5_32_1_1_O_addr_type_L1_32_1_1_I_addr_type_L1_32_1_1_W_addr_type_L1_5_288_8_8_O_addr_type_L2_312_8_8_I_addr_type_L2_1728_8_8_W_addr_type_L2_5_8640_8_8_O_addr_type_L3_8640_8_8_I_addr_type_L3_55296_8_8_W_addr_type_L3_O_pa000000.vhdl:1863) Routing edge I_wr_data_rsci_biwt in hierarchy topless_5comma_32comma_1comma_1comma_O_addr_type_L1comma_32comma_1comma_1comma_I_addr_type_L1comma_32comma_1comma_1comma_W_addr_type_L1comma_5comma_288comma_8comma_8comma_O_addr_type_L2comma_312comma_8comma_8comma_I_addr_type_L2c000026 and language 3.
                  Please try 'help WRTL-WRSIH' for more detailed help.
     [WRTL-WRPEP] (/users/students/r0678912/Downloads/zigzag/hls_impl/PE/Catapult/SIF/power_top_5_32_1_1_O_addr_type_L1_32_1_1_I_addr_type_L1_32_1_1_W_addr_type_L1_5_288_8_8_O_addr_type_L2_312_8_8_I_addr_type_L2_1728_8_8_W_addr_type_L2_5_8640_8_8_O_addr_type_L3_8640_8_8_I_addr_type_L3_55296_8_8_W_addr_type_L3_O_pa000000.vhdl:1863) Starting routing hierarchical port and edge pair I_wr_data_rsci_biwt and I_wr_data_rsci_biwt in hierarchy topless_5comma_32comma_1comma_1comma_O_addr_type_L1comma_32comma_1comma_1comma_I_addr_type_L1comma_32comma_1comma_1comma_W_addr_type_L1comma_5comma_288comma_8comma_8comma_O_addr_type_L2comma_312comma_8comma_8comma_I_addr_type_L2c000026.
                  Please try 'help WRTL-WRPEP' for more detailed help.
     [WRTL-WRDE]  (/users/students/r0678912/Downloads/zigzag/hls_impl/PE/Catapult/SIF/power_top_5_32_1_1_O_addr_type_L1_32_1_1_I_addr_type_L1_32_1_1_W_addr_type_L1_5_288_8_8_O_addr_type_L2_312_8_8_I_addr_type_L2_1728_8_8_W_addr_type_L2_5_8640_8_8_O_addr_type_L3_8640_8_8_I_addr_type_L3_55296_8_8_W_addr_type_L3_O_pa000000.vhdl:1863) Declaring new edge I_wr_data_rsci_biwt with CPT name I_wr_data_rsci_biwt_1 in module topless_5comma_32comma_1comma_1comma_O_addr_type_L1comma_32comma_1comma_1comma_I_addr_type_L1comma_32comma_1comma_1comma_W_addr_type_L1comma_5comma_288comma_8comma_8comma_O_addr_type_L2comma_312comma_8comma_8comma_I_addr_type_L2c000026.
                  Please try 'help WRTL-WRDE' for more detailed help.
     [WRTL-WRHIP] Routing input port I_wr_data_rsci_biwt .
                  Please try 'help WRTL-WRHIP' for more detailed help.
     [WRTL-WRPPE] (/users/students/r0678912/Downloads/zigzag/hls_impl/PE/Catapult/SIF/power_top_5_32_1_1_O_addr_type_L1_32_1_1_I_addr_type_L1_32_1_1_W_addr_type_L1_5_288_8_8_O_addr_type_L2_312_8_8_I_addr_type_L2_1728_8_8_W_addr_type_L2_5_8640_8_8_O_addr_type_L3_8640_8_8_I_addr_type_L3_55296_8_8_W_addr_type_L3_O_pa000000.vhdl:1863) Ending routing hierarchical port and edge pair I_wr_data_rsci_biwt and I_wr_data_rsci_biwt in hierarchy 1.
                  Please try 'help WRTL-WRPPE' for more detailed help.
     [WRTL-WRIEE] (/users/students/r0678912/Downloads/zigzag/hls_impl/PE/Catapult/SIF/power_top_5_32_1_1_O_addr_type_L1_32_1_1_I_addr_type_L1_32_1_1_W_addr_type_L1_5_288_8_8_O_addr_type_L2_312_8_8_I_addr_type_L2_1728_8_8_W_addr_type_L2_5_8640_8_8_O_addr_type_L3_8640_8_8_I_addr_type_L3_55296_8_8_W_addr_type_L3_O_pa000000.vhdl:1863) Routing of edge I_wr_data_rsci_biwt completed and it is driven by user edge I_wr_data_rsci_biwt_1.
                  Please try 'help WRTL-WRIEE' for more detailed help.
     [WRTL-WRIEB] (/users/students/r0678912/Downloads/zigzag/hls_impl/PE/Catapult/SIF/power_top_5_32_1_1_O_addr_type_L1_32_1_1_I_addr_type_L1_32_1_1_W_addr_type_L1_5_288_8_8_O_addr_type_L2_312_8_8_I_addr_type_L2_1728_8_8_W_addr_type_L2_5_8640_8_8_O_addr_type_L3_8640_8_8_I_addr_type_L3_55296_8_8_W_addr_type_L3_O_pa000000.vhdl:1864) Starting routing of edge I_wr_data_rsci_bdwt connected to port I_wr_data_rsci_bdwt of gating hierarchy.
                  Please try 'help WRTL-WRIEB' for more detailed help.
     [WRTL-WRSIH] (/users/students/r0678912/Downloads/zigzag/hls_impl/PE/Catapult/SIF/power_top_5_32_1_1_O_addr_type_L1_32_1_1_I_addr_type_L1_32_1_1_W_addr_type_L1_5_288_8_8_O_addr_type_L2_312_8_8_I_addr_type_L2_1728_8_8_W_addr_type_L2_5_8640_8_8_O_addr_type_L3_8640_8_8_I_addr_type_L3_55296_8_8_W_addr_type_L3_O_pa000000.vhdl:1864) Routing edge I_wr_data_rsci_bdwt in hierarchy topless_5comma_32comma_1comma_1comma_O_addr_type_L1comma_32comma_1comma_1comma_I_addr_type_L1comma_32comma_1comma_1comma_W_addr_type_L1comma_5comma_288comma_8comma_8comma_O_addr_type_L2comma_312comma_8comma_8comma_I_addr_type_L2c000026 and language 3.
                  Please try 'help WRTL-WRSIH' for more detailed help.
     [WRTL-WRPEP] (/users/students/r0678912/Downloads/zigzag/hls_impl/PE/Catapult/SIF/power_top_5_32_1_1_O_addr_type_L1_32_1_1_I_addr_type_L1_32_1_1_W_addr_type_L1_5_288_8_8_O_addr_type_L2_312_8_8_I_addr_type_L2_1728_8_8_W_addr_type_L2_5_8640_8_8_O_addr_type_L3_8640_8_8_I_addr_type_L3_55296_8_8_W_addr_type_L3_O_pa000000.vhdl:1864) Starting routing hierarchical port and edge pair I_wr_data_rsci_bdwt and I_wr_data_rsci_bdwt in hierarchy topless_5comma_32comma_1comma_1comma_O_addr_type_L1comma_32comma_1comma_1comma_I_addr_type_L1comma_32comma_1comma_1comma_W_addr_type_L1comma_5comma_288comma_8comma_8comma_O_addr_type_L2comma_312comma_8comma_8comma_I_addr_type_L2c000026.
                  Please try 'help WRTL-WRPEP' for more detailed help.
     [WRTL-WRDE]  (/users/students/r0678912/Downloads/zigzag/hls_impl/PE/Catapult/SIF/power_top_5_32_1_1_O_addr_type_L1_32_1_1_I_addr_type_L1_32_1_1_W_addr_type_L1_5_288_8_8_O_addr_type_L2_312_8_8_I_addr_type_L2_1728_8_8_W_addr_type_L2_5_8640_8_8_O_addr_type_L3_8640_8_8_I_addr_type_L3_55296_8_8_W_addr_type_L3_O_pa000000.vhdl:1864) Declaring new edge I_wr_data_rsci_bdwt with CPT name I_wr_data_rsci_bdwt_1 in module topless_5comma_32comma_1comma_1comma_O_addr_type_L1comma_32comma_1comma_1comma_I_addr_type_L1comma_32comma_1comma_1comma_W_addr_type_L1comma_5comma_288comma_8comma_8comma_O_addr_type_L2comma_312comma_8comma_8comma_I_addr_type_L2c000026.
                  Please try 'help WRTL-WRDE' for more detailed help.
     [WRTL-WRHIP] Routing input port I_wr_data_rsci_bdwt .
                  Please try 'help WRTL-WRHIP' for more detailed help.
     [WRTL-WRPPE] (/users/students/r0678912/Downloads/zigzag/hls_impl/PE/Catapult/SIF/power_top_5_32_1_1_O_addr_type_L1_32_1_1_I_addr_type_L1_32_1_1_W_addr_type_L1_5_288_8_8_O_addr_type_L2_312_8_8_I_addr_type_L2_1728_8_8_W_addr_type_L2_5_8640_8_8_O_addr_type_L3_8640_8_8_I_addr_type_L3_55296_8_8_W_addr_type_L3_O_pa000000.vhdl:1864) Ending routing hierarchical port and edge pair I_wr_data_rsci_bdwt and I_wr_data_rsci_bdwt in hierarchy 1.
                  Please try 'help WRTL-WRPPE' for more detailed help.
     [WRTL-WRIEE] (/users/students/r0678912/Downloads/zigzag/hls_impl/PE/Catapult/SIF/power_top_5_32_1_1_O_addr_type_L1_32_1_1_I_addr_type_L1_32_1_1_W_addr_type_L1_5_288_8_8_O_addr_type_L2_312_8_8_I_addr_type_L2_1728_8_8_W_addr_type_L2_5_8640_8_8_O_addr_type_L3_8640_8_8_I_addr_type_L3_55296_8_8_W_addr_type_L3_O_pa000000.vhdl:1864) Routing of edge I_wr_data_rsci_bdwt completed and it is driven by user edge I_wr_data_rsci_bdwt_1.
                  Please try 'help WRTL-WRIEE' for more detailed help.
     [WRTL-WRIEB] (/users/students/r0678912/Downloads/zigzag/hls_impl/PE/Catapult/SIF/power_top_5_32_1_1_O_addr_type_L1_32_1_1_I_addr_type_L1_32_1_1_W_addr_type_L1_5_288_8_8_O_addr_type_L2_312_8_8_I_addr_type_L2_1728_8_8_W_addr_type_L2_5_8640_8_8_O_addr_type_L3_8640_8_8_I_addr_type_L3_55296_8_8_W_addr_type_L3_O_pa000000.vhdl:1921) Starting routing of edge I_wr_data_rsci_bcwt connected to port I_wr_data_rsci_bcwt of gating hierarchy.
                  Please try 'help WRTL-WRIEB' for more detailed help.
     [WRTL-WRSIH] (/users/students/r0678912/Downloads/zigzag/hls_impl/PE/Catapult/SIF/power_top_5_32_1_1_O_addr_type_L1_32_1_1_I_addr_type_L1_32_1_1_W_addr_type_L1_5_288_8_8_O_addr_type_L2_312_8_8_I_addr_type_L2_1728_8_8_W_addr_type_L2_5_8640_8_8_O_addr_type_L3_8640_8_8_I_addr_type_L3_55296_8_8_W_addr_type_L3_O_pa000000.vhdl:1921) Routing edge I_wr_data_rsci_bcwt in hierarchy topless_5comma_32comma_1comma_1comma_O_addr_type_L1comma_32comma_1comma_1comma_I_addr_type_L1comma_32comma_1comma_1comma_W_addr_type_L1comma_5comma_288comma_8comma_8comma_O_addr_type_L2comma_312comma_8comma_8comma_I_addr_type_L2c000026 and language 3.
                  Please try 'help WRTL-WRSIH' for more detailed help.
     [WRTL-WRE]   (/users/students/r0678912/Downloads/zigzag/hls_impl/PE/Catapult/SIF/power_top_5_32_1_1_O_addr_type_L1_32_1_1_I_addr_type_L1_32_1_1_W_addr_type_L1_5_288_8_8_O_addr_type_L2_312_8_8_I_addr_type_L2_1728_8_8_W_addr_type_L2_5_8640_8_8_O_addr_type_L3_8640_8_8_I_addr_type_L3_55296_8_8_W_addr_type_L3_O_pa000000.vhdl:1921) Routing edge I_wr_data_rsci_bcwt in hierarchy topless_5comma_32comma_1comma_1comma_O_addr_type_L1comma_32comma_1comma_1comma_I_addr_type_L1comma_32comma_1comma_1comma_W_addr_type_L1comma_5comma_288comma_8comma_8comma_O_addr_type_L2comma_312comma_8comma_8comma_I_addr_type_L2c000026.
                  Please try 'help WRTL-WRE' for more detailed help.
     [WRTL-WRIEE] (/users/students/r0678912/Downloads/zigzag/hls_impl/PE/Catapult/SIF/power_top_5_32_1_1_O_addr_type_L1_32_1_1_I_addr_type_L1_32_1_1_W_addr_type_L1_5_288_8_8_O_addr_type_L2_312_8_8_I_addr_type_L2_1728_8_8_W_addr_type_L2_5_8640_8_8_O_addr_type_L3_8640_8_8_I_addr_type_L3_55296_8_8_W_addr_type_L3_O_pa000000.vhdl:1921) Routing of edge I_wr_data_rsci_bcwt completed and it is driven by user edge I_wr_data_rsci_bcwt_1.
                  Please try 'help WRTL-WRIEE' for more detailed help.
     [WRTL-WRIEB] (/users/students/r0678912/Downloads/zigzag/hls_impl/PE/Catapult/SIF/power_top_5_32_1_1_O_addr_type_L1_32_1_1_I_addr_type_L1_32_1_1_W_addr_type_L1_5_288_8_8_O_addr_type_L2_312_8_8_I_addr_type_L2_1728_8_8_W_addr_type_L2_5_8640_8_8_O_addr_type_L3_8640_8_8_I_addr_type_L3_55296_8_8_W_addr_type_L3_O_pa000000.vhdl:1860) Starting routing of edge rst connected to port rst_3 of gating hierarchy.
                  Please try 'help WRTL-WRIEB' for more detailed help.
     [WRTL-WRSIH] (/users/students/r0678912/Downloads/zigzag/hls_impl/PE/Catapult/SIF/power_top_5_32_1_1_O_addr_type_L1_32_1_1_I_addr_type_L1_32_1_1_W_addr_type_L1_5_288_8_8_O_addr_type_L2_312_8_8_I_addr_type_L2_1728_8_8_W_addr_type_L2_5_8640_8_8_O_addr_type_L3_8640_8_8_I_addr_type_L3_55296_8_8_W_addr_type_L3_O_pa000000.vhdl:1860) Routing edge rst in hierarchy topless_5comma_32comma_1comma_1comma_O_addr_type_L1comma_32comma_1comma_1comma_I_addr_type_L1comma_32comma_1comma_1comma_W_addr_type_L1comma_5comma_288comma_8comma_8comma_O_addr_type_L2comma_312comma_8comma_8comma_I_addr_type_L2c000026 and language 3.
                  Please try 'help WRTL-WRSIH' for more detailed help.
     [WRTL-WRPEP] (/users/students/r0678912/Downloads/zigzag/hls_impl/PE/Catapult/SIF/power_top_5_32_1_1_O_addr_type_L1_32_1_1_I_addr_type_L1_32_1_1_W_addr_type_L1_5_288_8_8_O_addr_type_L2_312_8_8_I_addr_type_L2_1728_8_8_W_addr_type_L2_5_8640_8_8_O_addr_type_L3_8640_8_8_I_addr_type_L3_55296_8_8_W_addr_type_L3_O_pa000000.vhdl:1860) Starting routing hierarchical port and edge pair rst and rst in hierarchy topless_5comma_32comma_1comma_1comma_O_addr_type_L1comma_32comma_1comma_1comma_I_addr_type_L1comma_32comma_1comma_1comma_W_addr_type_L1comma_5comma_288comma_8comma_8comma_O_addr_type_L2comma_312comma_8comma_8comma_I_addr_type_L2c000026.
                  Please try 'help WRTL-WRPEP' for more detailed help.
     [WRTL-WRDE]  (/users/students/r0678912/Downloads/zigzag/hls_impl/PE/Catapult/SIF/power_top_5_32_1_1_O_addr_type_L1_32_1_1_I_addr_type_L1_32_1_1_W_addr_type_L1_5_288_8_8_O_addr_type_L2_312_8_8_I_addr_type_L2_1728_8_8_W_addr_type_L2_5_8640_8_8_O_addr_type_L3_8640_8_8_I_addr_type_L3_55296_8_8_W_addr_type_L3_O_pa000000.vhdl:1860) Declaring new edge rst with CPT name rst_1 in module topless_5comma_32comma_1comma_1comma_O_addr_type_L1comma_32comma_1comma_1comma_I_addr_type_L1comma_32comma_1comma_1comma_W_addr_type_L1comma_5comma_288comma_8comma_8comma_O_addr_type_L2comma_312comma_8comma_8comma_I_addr_type_L2c000026.
                  Please try 'help WRTL-WRDE' for more detailed help.
     [WRTL-WRHIP] Routing input port rst .
                  Please try 'help WRTL-WRHIP' for more detailed help.
     [WRTL-WRPPE] (/users/students/r0678912/Downloads/zigzag/hls_impl/PE/Catapult/SIF/power_top_5_32_1_1_O_addr_type_L1_32_1_1_I_addr_type_L1_32_1_1_W_addr_type_L1_5_288_8_8_O_addr_type_L2_312_8_8_I_addr_type_L2_1728_8_8_W_addr_type_L2_5_8640_8_8_O_addr_type_L3_8640_8_8_I_addr_type_L3_55296_8_8_W_addr_type_L3_O_pa000000.vhdl:1860) Ending routing hierarchical port and edge pair rst and rst in hierarchy 1.
                  Please try 'help WRTL-WRPPE' for more detailed help.
     [WRTL-WRIEE] (/users/students/r0678912/Downloads/zigzag/hls_impl/PE/Catapult/SIF/power_top_5_32_1_1_O_addr_type_L1_32_1_1_I_addr_type_L1_32_1_1_W_addr_type_L1_5_288_8_8_O_addr_type_L2_312_8_8_I_addr_type_L2_1728_8_8_W_addr_type_L2_5_8640_8_8_O_addr_type_L3_8640_8_8_I_addr_type_L3_55296_8_8_W_addr_type_L3_O_pa000000.vhdl:1860) Routing of edge rst completed and it is driven by user edge rst_1.
                  Please try 'help WRTL-WRIEE' for more detailed help.
     [WRTL-WRIEB] (no-source-file:0) Starting routing of edge run_wen_drv connected to port run_wen_drv of gating hierarchy.
                  Please try 'help WRTL-WRIEB' for more detailed help.
     [WRTL-WRSIH] (no-source-file:0) Routing edge run_wen_drv in hierarchy topless_5comma_32comma_1comma_1comma_O_addr_type_L1comma_32comma_1comma_1comma_I_addr_type_L1comma_32comma_1comma_1comma_W_addr_type_L1comma_5comma_288comma_8comma_8comma_O_addr_type_L2comma_312comma_8comma_8comma_I_addr_type_L2c000026 and language 3.
                  Please try 'help WRTL-WRSIH' for more detailed help.
     [WRTL-WRPEP] (no-source-file:0) Starting routing hierarchical port and edge pair run_wen_drv and run_wen_drv in hierarchy topless_5comma_32comma_1comma_1comma_O_addr_type_L1comma_32comma_1comma_1comma_I_addr_type_L1comma_32comma_1comma_1comma_W_addr_type_L1comma_5comma_288comma_8comma_8comma_O_addr_type_L2comma_312comma_8comma_8comma_I_addr_type_L2c000026.
                  Please try 'help WRTL-WRPEP' for more detailed help.
     [WRTL-WRDP]  Declaring new port run_wen_drv with CPT name run_wen_drv in module topless_5comma_32comma_1comma_1comma_O_addr_type_L1comma_32comma_1comma_1comma_I_addr_type_L1comma_32comma_1comma_1comma_W_addr_type_L1comma_5comma_288comma_8comma_8comma_O_addr_type_L2comma_312comma_8comma_8comma_I_addr_type_L2c000026.
                  Please try 'help WRTL-WRDP' for more detailed help.
     [WRTL-WRHIP] Routing input port run_wen_drv .
                  Please try 'help WRTL-WRHIP' for more detailed help.
     [WRTL-WRPPE] (no-source-file:0) Ending routing hierarchical port and edge pair run_wen_drv and run_wen_drv in hierarchy 0.
                  Please try 'help WRTL-WRPPE' for more detailed help.
     [WRTL-WRSIH] (/users/students/r0678912/Downloads/zigzag/hls_impl/PE/Catapult/SIF/power_top_5_32_1_1_O_addr_type_L1_32_1_1_I_addr_type_L1_32_1_1_W_addr_type_L1_5_288_8_8_O_addr_type_L2_312_8_8_I_addr_type_L2_1728_8_8_W_addr_type_L2_5_8640_8_8_O_addr_type_L3_8640_8_8_I_addr_type_L3_55296_8_8_W_addr_type_L3_O_pa000000.vhdl:3855) Routing edge run_wen in hierarchy topless_5comma_32comma_1comma_1comma_O_addr_type_L1comma_32comma_1comma_1comma_I_addr_type_L1comma_32comma_1comma_1comma_W_addr_type_L1comma_5comma_288comma_8comma_8comma_O_addr_type_L2comma_312comma_8comma_8comma_I_addr_type_L2c000007 and language 3.
                  Please try 'help WRTL-WRSIH' for more detailed help.
     [WRTL-WRPEP] (/users/students/r0678912/Downloads/zigzag/hls_impl/PE/Catapult/SIF/power_top_5_32_1_1_O_addr_type_L1_32_1_1_I_addr_type_L1_32_1_1_W_addr_type_L1_5_288_8_8_O_addr_type_L2_312_8_8_I_addr_type_L2_1728_8_8_W_addr_type_L2_5_8640_8_8_O_addr_type_L3_8640_8_8_I_addr_type_L3_55296_8_8_W_addr_type_L3_O_pa000000.vhdl:3855) Starting routing hierarchical port and edge pair run_wen and run_wen in hierarchy topless_5comma_32comma_1comma_1comma_O_addr_type_L1comma_32comma_1comma_1comma_I_addr_type_L1comma_32comma_1comma_1comma_W_addr_type_L1comma_5comma_288comma_8comma_8comma_O_addr_type_L2comma_312comma_8comma_8comma_I_addr_type_L2c000007.
                  Please try 'help WRTL-WRPEP' for more detailed help.
     [WRTL-WRDE]  (/users/students/r0678912/Downloads/zigzag/hls_impl/PE/Catapult/SIF/power_top_5_32_1_1_O_addr_type_L1_32_1_1_I_addr_type_L1_32_1_1_W_addr_type_L1_5_288_8_8_O_addr_type_L2_312_8_8_I_addr_type_L2_1728_8_8_W_addr_type_L2_5_8640_8_8_O_addr_type_L3_8640_8_8_I_addr_type_L3_55296_8_8_W_addr_type_L3_O_pa000000.vhdl:3855) Declaring new edge run_wen with CPT name run_wen_1 in module topless_5comma_32comma_1comma_1comma_O_addr_type_L1comma_32comma_1comma_1comma_I_addr_type_L1comma_32comma_1comma_1comma_W_addr_type_L1comma_5comma_288comma_8comma_8comma_O_addr_type_L2comma_312comma_8comma_8comma_I_addr_type_L2c000007.
                  Please try 'help WRTL-WRDE' for more detailed help.
     [WRTL-WRHIP] Routing input port run_wen .
                  Please try 'help WRTL-WRHIP' for more detailed help.
     [WRTL-WRPPE] (/users/students/r0678912/Downloads/zigzag/hls_impl/PE/Catapult/SIF/power_top_5_32_1_1_O_addr_type_L1_32_1_1_I_addr_type_L1_32_1_1_W_addr_type_L1_5_288_8_8_O_addr_type_L2_312_8_8_I_addr_type_L2_1728_8_8_W_addr_type_L2_5_8640_8_8_O_addr_type_L3_8640_8_8_I_addr_type_L3_55296_8_8_W_addr_type_L3_O_pa000000.vhdl:3855) Ending routing hierarchical port and edge pair run_wen and run_wen in hierarchy 1.
                  Please try 'help WRTL-WRPPE' for more detailed help.
     [WRTL-WRIEE] (no-source-file:0) Routing of edge run_wen_drv completed and it is driven by user edge run_wen_drv.
                  Please try 'help WRTL-WRIEE' for more detailed help.
     [WRTL-WRIEB] (no-source-file:0) Starting routing of edge and_tmp_80 connected to port and_tmp_80 of gating hierarchy.
                  Please try 'help WRTL-WRIEB' for more detailed help.
     [WRTL-WRSIH] (no-source-file:0) Routing edge and_tmp_80 in hierarchy topless_5comma_32comma_1comma_1comma_O_addr_type_L1comma_32comma_1comma_1comma_I_addr_type_L1comma_32comma_1comma_1comma_W_addr_type_L1comma_5comma_288comma_8comma_8comma_O_addr_type_L2comma_312comma_8comma_8comma_I_addr_type_L2c000026 and language 3.
                  Please try 'help WRTL-WRSIH' for more detailed help.
     [WRTL-WRPEP] (no-source-file:0) Starting routing hierarchical port and edge pair and_tmp_80 and and_tmp_80 in hierarchy topless_5comma_32comma_1comma_1comma_O_addr_type_L1comma_32comma_1comma_1comma_I_addr_type_L1comma_32comma_1comma_1comma_W_addr_type_L1comma_5comma_288comma_8comma_8comma_O_addr_type_L2comma_312comma_8comma_8comma_I_addr_type_L2c000026.
                  Please try 'help WRTL-WRPEP' for more detailed help.
     [WRTL-WRDP]  Declaring new port and_tmp_80 with CPT name and_tmp_80 in module topless_5comma_32comma_1comma_1comma_O_addr_type_L1comma_32comma_1comma_1comma_I_addr_type_L1comma_32comma_1comma_1comma_W_addr_type_L1comma_5comma_288comma_8comma_8comma_O_addr_type_L2comma_312comma_8comma_8comma_I_addr_type_L2c000026.
                  Please try 'help WRTL-WRDP' for more detailed help.
     [WRTL-WRHIP] Routing input port and_tmp_80 .
                  Please try 'help WRTL-WRHIP' for more detailed help.
     [WRTL-WRPPE] (no-source-file:0) Ending routing hierarchical port and edge pair and_tmp_80 and and_tmp_80 in hierarchy 0.
                  Please try 'help WRTL-WRPPE' for more detailed help.
     [WRTL-WRSIH] (no-source-file:0) Routing edge and_tmp_80 in hierarchy topless_5comma_32comma_1comma_1comma_O_addr_type_L1comma_32comma_1comma_1comma_I_addr_type_L1comma_32comma_1comma_1comma_W_addr_type_L1comma_5comma_288comma_8comma_8comma_O_addr_type_L2comma_312comma_8comma_8comma_I_addr_type_L2c000007 and language 3.
                  Please try 'help WRTL-WRSIH' for more detailed help.
     [WRTL-WRPEP] (no-source-file:0) Starting routing hierarchical port and edge pair and_tmp_80 and and_tmp_80 in hierarchy topless_5comma_32comma_1comma_1comma_O_addr_type_L1comma_32comma_1comma_1comma_I_addr_type_L1comma_32comma_1comma_1comma_W_addr_type_L1comma_5comma_288comma_8comma_8comma_O_addr_type_L2comma_312comma_8comma_8comma_I_addr_type_L2c000007.
                  Please try 'help WRTL-WRPEP' for more detailed help.
     [WRTL-WRDP]  Declaring new port and_tmp_80 with CPT name and_tmp_80 in module topless_5comma_32comma_1comma_1comma_O_addr_type_L1comma_32comma_1comma_1comma_I_addr_type_L1comma_32comma_1comma_1comma_W_addr_type_L1comma_5comma_288comma_8comma_8comma_O_addr_type_L2comma_312comma_8comma_8comma_I_addr_type_L2c000007.
                  Please try 'help WRTL-WRDP' for more detailed help.
     [WRTL-WRHIP] Routing input port and_tmp_80 .
                  Please try 'help WRTL-WRHIP' for more detailed help.
     [WRTL-WRPPE] (no-source-file:0) Ending routing hierarchical port and edge pair and_tmp_80 and and_tmp_80 in hierarchy 0.
                  Please try 'help WRTL-WRPPE' for more detailed help.
     [WRTL-WRSIH] (/users/students/r0678912/Downloads/zigzag/hls_impl/PE/Catapult/SIF/power_top_5_32_1_1_O_addr_type_L1_32_1_1_I_addr_type_L1_32_1_1_W_addr_type_L1_5_288_8_8_O_addr_type_L2_312_8_8_I_addr_type_L2_1728_8_8_W_addr_type_L2_5_8640_8_8_O_addr_type_L3_8640_8_8_I_addr_type_L3_55296_8_8_W_addr_type_L3_O_pa000000.vhdl:5323) Routing edge and_tmp_80 in hierarchy topless_5comma_32comma_1comma_1comma_O_addr_type_L1comma_32comma_1comma_1comma_I_addr_type_L1comma_32comma_1comma_1comma_W_addr_type_L1comma_5comma_288comma_8comma_8comma_O_addr_type_L2comma_312comma_8comma_8comma_I_addr_type_L2c000003 and language 3.
                  Please try 'help WRTL-WRSIH' for more detailed help.
     [WRTL-WRE]   (/users/students/r0678912/Downloads/zigzag/hls_impl/PE/Catapult/SIF/power_top_5_32_1_1_O_addr_type_L1_32_1_1_I_addr_type_L1_32_1_1_W_addr_type_L1_5_288_8_8_O_addr_type_L2_312_8_8_I_addr_type_L2_1728_8_8_W_addr_type_L2_5_8640_8_8_O_addr_type_L3_8640_8_8_I_addr_type_L3_55296_8_8_W_addr_type_L3_O_pa000000.vhdl:5323) Routing edge and_tmp_80 in hierarchy topless_5comma_32comma_1comma_1comma_O_addr_type_L1comma_32comma_1comma_1comma_I_addr_type_L1comma_32comma_1comma_1comma_W_addr_type_L1comma_5comma_288comma_8comma_8comma_O_addr_type_L2comma_312comma_8comma_8comma_I_addr_type_L2c000003.
                  Please try 'help WRTL-WRE' for more detailed help.
     [WRTL-WRIEE] (no-source-file:0) Routing of edge and_tmp_80 completed and it is driven by user edge and_tmp_80.
                  Please try 'help WRTL-WRIEE' for more detailed help.
     [WRTL-WRIEB] (no-source-file:0) Starting routing of edge mux_360_nl connected to port mux_360_nl of gating hierarchy.
                  Please try 'help WRTL-WRIEB' for more detailed help.
     [WRTL-WRSIH] (no-source-file:0) Routing edge mux_360_nl in hierarchy topless_5comma_32comma_1comma_1comma_O_addr_type_L1comma_32comma_1comma_1comma_I_addr_type_L1comma_32comma_1comma_1comma_W_addr_type_L1comma_5comma_288comma_8comma_8comma_O_addr_type_L2comma_312comma_8comma_8comma_I_addr_type_L2c000026 and language 3.
                  Please try 'help WRTL-WRSIH' for more detailed help.
     [WRTL-WRPEP] (no-source-file:0) Starting routing hierarchical port and edge pair mux_360_nl and mux_360_nl in hierarchy topless_5comma_32comma_1comma_1comma_O_addr_type_L1comma_32comma_1comma_1comma_I_addr_type_L1comma_32comma_1comma_1comma_W_addr_type_L1comma_5comma_288comma_8comma_8comma_O_addr_type_L2comma_312comma_8comma_8comma_I_addr_type_L2c000026.
                  Please try 'help WRTL-WRPEP' for more detailed help.
     [WRTL-WRDP]  Declaring new port mux_360_nl with CPT name mux_360_nl in module topless_5comma_32comma_1comma_1comma_O_addr_type_L1comma_32comma_1comma_1comma_I_addr_type_L1comma_32comma_1comma_1comma_W_addr_type_L1comma_5comma_288comma_8comma_8comma_O_addr_type_L2comma_312comma_8comma_8comma_I_addr_type_L2c000026.
                  Please try 'help WRTL-WRDP' for more detailed help.
     [WRTL-WRHIP] Routing input port mux_360_nl .
                  Please try 'help WRTL-WRHIP' for more detailed help.
     [WRTL-WRPPE] (no-source-file:0) Ending routing hierarchical port and edge pair mux_360_nl and mux_360_nl in hierarchy 0.
                  Please try 'help WRTL-WRPPE' for more detailed help.
     [WRTL-WRSIH] (no-source-file:0) Routing edge mux_360_nl in hierarchy topless_5comma_32comma_1comma_1comma_O_addr_type_L1comma_32comma_1comma_1comma_I_addr_type_L1comma_32comma_1comma_1comma_W_addr_type_L1comma_5comma_288comma_8comma_8comma_O_addr_type_L2comma_312comma_8comma_8comma_I_addr_type_L2c000007 and language 3.
                  Please try 'help WRTL-WRSIH' for more detailed help.
     [WRTL-WRPEP] (no-source-file:0) Starting routing hierarchical port and edge pair mux_360_nl and mux_360_nl in hierarchy topless_5comma_32comma_1comma_1comma_O_addr_type_L1comma_32comma_1comma_1comma_I_addr_type_L1comma_32comma_1comma_1comma_W_addr_type_L1comma_5comma_288comma_8comma_8comma_O_addr_type_L2comma_312comma_8comma_8comma_I_addr_type_L2c000007.
                  Please try 'help WRTL-WRPEP' for more detailed help.
     [WRTL-WRDP]  Declaring new port mux_360_nl with CPT name mux_360_nl in module topless_5comma_32comma_1comma_1comma_O_addr_type_L1comma_32comma_1comma_1comma_I_addr_type_L1comma_32comma_1comma_1comma_W_addr_type_L1comma_5comma_288comma_8comma_8comma_O_addr_type_L2comma_312comma_8comma_8comma_I_addr_type_L2c000007.
                  Please try 'help WRTL-WRDP' for more detailed help.
     [WRTL-WRHIP] Routing input port mux_360_nl .
                  Please try 'help WRTL-WRHIP' for more detailed help.
     [WRTL-WRPPE] (no-source-file:0) Ending routing hierarchical port and edge pair mux_360_nl and mux_360_nl in hierarchy 0.
                  Please try 'help WRTL-WRPPE' for more detailed help.
     [WRTL-WRSIH] (/users/students/r0678912/Downloads/zigzag/hls_impl/PE/Catapult/SIF/power_top_5_32_1_1_O_addr_type_L1_32_1_1_I_addr_type_L1_32_1_1_W_addr_type_L1_5_288_8_8_O_addr_type_L2_312_8_8_I_addr_type_L2_1728_8_8_W_addr_type_L2_5_8640_8_8_O_addr_type_L3_8640_8_8_I_addr_type_L3_55296_8_8_W_addr_type_L3_O_pa000000.vhdl:5753) Routing edge mux_360_nl in hierarchy topless_5comma_32comma_1comma_1comma_O_addr_type_L1comma_32comma_1comma_1comma_I_addr_type_L1comma_32comma_1comma_1comma_W_addr_type_L1comma_5comma_288comma_8comma_8comma_O_addr_type_L2comma_312comma_8comma_8comma_I_addr_type_L2c000003 and language 3.
                  Please try 'help WRTL-WRSIH' for more detailed help.
     [WRTL-WRE]   (/users/students/r0678912/Downloads/zigzag/hls_impl/PE/Catapult/SIF/power_top_5_32_1_1_O_addr_type_L1_32_1_1_I_addr_type_L1_32_1_1_W_addr_type_L1_5_288_8_8_O_addr_type_L2_312_8_8_I_addr_type_L2_1728_8_8_W_addr_type_L2_5_8640_8_8_O_addr_type_L3_8640_8_8_I_addr_type_L3_55296_8_8_W_addr_type_L3_O_pa000000.vhdl:5753) Routing edge mux_360_nl in hierarchy topless_5comma_32comma_1comma_1comma_O_addr_type_L1comma_32comma_1comma_1comma_I_addr_type_L1comma_32comma_1comma_1comma_W_addr_type_L1comma_5comma_288comma_8comma_8comma_O_addr_type_L2comma_312comma_8comma_8comma_I_addr_type_L2c000003.
                  Please try 'help WRTL-WRE' for more detailed help.
     [WRTL-WRIEE] (no-source-file:0) Routing of edge mux_360_nl completed and it is driven by user edge mux_360_nl.
                  Please try 'help WRTL-WRIEE' for more detailed help.
     [WRTL-WRGHE] (/users/students/r0678912/Downloads/zigzag/hls_impl/PE/Catapult/SIF/power_top_5_32_1_1_O_addr_type_L1_32_1_1_I_addr_type_L1_32_1_1_W_addr_type_L1_5_288_8_8_O_addr_type_L2_312_8_8_I_addr_type_L2_1728_8_8_W_addr_type_L2_5_8640_8_8_O_addr_type_L3_8640_8_8_I_addr_type_L3_55296_8_8_W_addr_type_L3_O_pa000000.vhdl:1932) Ending routing of inst_cg_obs_topless_5comma_32comma_1comm gating node in hierarchy topless_5comma_32comma_1comma_1comma_O_addr_type_L1comma_32comma_1comma_1comma_I_addr_type_L1comma_32comma_1comma_1comma_W_addr_type_L1comma_5comma_288comma_8comma_8comma_O_addr_type_L2comma_312comma_8comma_8comma_I_addr_type_L2c000026.
                  Please try 'help WRTL-WRGHE' for more detailed help.
     [PPRO-WUMFI] PowerPro-optimized module 'topless_5comma_32comma_1comma_1comma_O_addr_type_L1comma_32comma_1comma_1comma_I_addr_type_L1comma_32comma_1comma_1comma_W_addr_type_L1comma_5comma_288comma_8comma_8comma_O_addr_type_L2comma_312comma_8comma_8comma_I_addr_type_L2c000078' has been written into new file 'power_top_5_32_1_1_O_addr_type_L1_32_1_1_I_addr_type_L1_32_1_1_W_addr_type_L1_5_288_8_8_O_addr_type_L2_312_8_8_I_addr_type_L2_1728_8_8_W_addr_type_L2_5_8640_8_8_O_addr_type_L3_8640_8_8_I_addr_type_L3_55296_8_8_W_addr_type_L3_O_pa000000.vhdl'.
