CalyptoResourceStats

      total        good         bad |       total         max        good         bad | name

=== Aggregate Counters ==============================================================================================================================

         0x                         |        0.0s                                     | CBdd
      2784x                         |        1.0s        0.3s                         | CGEN_GENERATE_COMPONENT
      3403x                         |        0.0s        0.0s                         | CMDs
       449x                         |        0.2s        0.0s                         | OPT_CONST_PROP
       449x                         |        0.3s        0.1s                         | OPT_CSE
       449x                         |        0.1s        0.0s                         | OPT_DEAD_CODE
        91x                         |        0.1s        0.0s                         | OPT_UF_CONST_PROP
        91x                         |        0.0s        0.0s                         | OPT_UF_DEAD_CODE1
        91x                         |        0.0s        0.0s                         | OPT_UF_RED_BSEL_CONCAT
        91x                         |        0.1s        0.0s                         | OPT_UF_STR_REDUX
         1x                         |        0.0s        0.0s                         | __annotate_default_sa_vectorless_flow
         1x                         |        0.0s        0.0s                         | __assign_hier_depths
         1x                         |        0.0s        0.0s                         | __auto_infer_clocks
         1x                         |        0.7s        0.7s                         | __calc_all_seq_power
         1x                         |        0.0s        0.0s                         | __cdb_resolve_power_intent
         1x                         |        0.0s        0.0s                         | __generate_identity_powerpro_maps
         4x                         |        0.0s        0.0s                         | __handle_complex_clocks
         2x                         |        0.0s        0.0s                         | __handle_constant_clocks
         1x                         |        0.0s        0.0s                         | __handle_dw_comp
         1x                         |        0.0s        0.0s                         | __has_inout
       121x                         |        0.0s        0.0s                         | __is_powerpro
         1x                         |        0.0s        0.0s                         | __mark_clock_fanin_constraints
         1x                         |        0.0s        0.0s                         | __mark_constraint_on_const_flops
         1x                         |        0.0s        0.0s                         | __mark_constraint_on_internal_flops
         1x                         |        0.0s        0.0s                         | __mark_constraints_on_power_domain_boundary
         1x                         |        0.0s        0.0s                         | __mark_constraints_on_power_opt_ports
         2x                         |        0.0s        0.0s                         | __multiple_instance_prop_on_hier
         1x                         |        0.0s        0.0s                         | __opt_constrain_memories
         1x                         |        0.0s        0.0s                         | __optimize_libcells
         1x                         |        0.0s        0.0s                         | __pa_batched_mem_ctrl_sim
         1x                         |        0.0s        0.0s                         | __pa_cmd_compare_clk_period_with_td
         3x                         |        0.0s        0.0s                         | __pa_cmd_get_pow_detail
         1x                         |        0.0s        0.0s                         | __pa_do_phy_based_setup
         1x                         |        0.0s        0.0s                         | __pa_name_matching_based_netcap_annotation
         1x                         |        0.0s        0.0s                         | __pa_preserve_user_sa_during_miter
         1x                         |        0.0s        0.0s                         | __phy_create_models_from_spef
         1x                         |        0.0s        0.0s                         | __phy_get_info
         1x                         |        0.0s        0.0s                         | __phy_spef_sanity
         1x                         |        0.0s        0.0s                         | __postprocess_multi_vth_constraint
         1x                         |        0.0s        0.0s                         | __process_hier_power_models
         1x                         |        0.0s        0.0s                         | __process_memories
         1x                         |        0.0s        0.0s                         | __propagate_user_sa_across_buf_inv
         1x                         |        0.0s        0.0s                         | __set_default_sa_inout_bbox_ports
         1x                         |        0.0s        0.0s                         | __sls_check_mem_tech_cell_area
         1x                         |        0.0s        0.0s                         | __sls_check_poweropt
         2x                         |        0.0s        0.0s                         | __sls_flops_clock_gated_percentage
         1x                         |        0.0s        0.0s                         | __sls_fsdb_vcd_saif_executed
         3x                         |        0.0s        0.0s                         | __sls_generate_synchronizer_scheme_files
         1x                         |        0.0s        0.0s                         | __sls_is_cg_mg_optimization_allowed
         2x                         |        0.0s        0.0s                         | __sls_perform_case_anal_clk_ntwk
         2x                         |        0.0s        0.0s                         | __sls_preserve_port_prob
         2x                         |        0.0s        0.0s                         | __sls_process_verification_global
         1x                         |        0.0s        0.0s                         | __sls_sanitize_mem_libcell_binding
         9x                         |        0.0s        0.0s                         | __sls_scheme_list_schemes
         4x                         |        0.1s        0.1s                         | __sls_scheme_match_scheme_in_design
         4x                         |        0.0s        0.0s                         | __sls_scheme_read_scheme_file
         4x                         |        0.0s        0.0s                         | __sls_scheme_remove_scheme
         3x                         |        0.0s        0.0s                         | __sls_scheme_set_status
         1x                         |        0.0s        0.0s                         | __sls_set_dont_optimize_arst_one_flops
         1x                         |        0.0s        0.0s                         | __sta_get_clock_domain_for_clock_root
         2x                         |        0.0s        0.0s                         | __sta_propagate_clock_info
         1x                         |        0.0s        0.0s                         | __warn_toggle_change_accross_flop
         1x                         |        0.0s        0.0s                         | _apply_mode_constraint
         1x                         |        0.0s        0.0s                         | _apply_set_driving_cell
         1x                         |        0.0s        0.0s                         | _auto_replace_matching_cgic
         1x                         |        0.0s        0.0s                         | _bit_blast_constant_sinks
         3x                         |        0.0s        0.0s                         | _break_comb_loops
         2x                         |        0.0s        0.0s                         | _buf_rm
         2x                         |        0.2s        0.2s                         | _characterize_library_impl
         1x                         |        0.0s        0.0s                         | _check_fsdb_reader_writer
         1x                         |        0.0s        0.0s                         | _clock_def_check
         1x                         |        0.0s        0.0s                         | _clocked_data_ports_check
         2x                         |        0.1s        0.0s                         | _consistency_check
         1x                         |        0.0s        0.0s                         | _convert_macroff_to_nmacroff
         3x                         |        0.2s        0.1s                         | _db_normalize
         4x                         |        0.0s        0.0s                         | _deadcode_elim
         8x                         |        0.0s        0.0s                         | _defer_messages
         1x                         |        0.0s        0.0s                         | _detect_powerpro_generated_netlist
         1x                         |        0.0s        0.0s                         | _disable_resetting_cg_min_size
         1x                         |        0.0s        0.0s                         | _do_unmap
         1x                         |        0.1s        0.1s                         | _do_width_optimize
         1x                         |        0.2s        0.2s                         | _do_wls_extract
         1x                         |        0.0s        0.0s                         | _ecc_logic_detection
         1x                         |        0.0s        0.0s                         | _fsdb_to_sa
         1x                         |        0.0s        0.0s                         | _generate_clocked_data_ports
         3x                         |        0.0s        0.0s                         | _get_area
         3x                         |        0.0s        0.0s                         | _get_new_mods
         1x                         |        0.0s        0.0s                         | _get_powerpro_mode
         1x                         |        0.0s        0.0s                         | _get_registered_clock_roots
         1x                         |        0.0s        0.0s                         | _infer_muxlatch
         2x                         |        0.0s        0.0s                         | _insert_bbox_on_hardop
         1x                         |        0.0s        0.0s                         | _isolate_inout_ports
       689x                         |        0.0s        0.0s                         | _issue_msg
        23x                         |        0.0s        0.0s                         | _log_env_access
         1x                         |        0.0s        0.0s                         | _mem_cell_2_mem_mod
         1x                         |        0.0s        0.0s                         | _merge_cdbmerge_node
         1x                         |        0.0s        0.0s                         | _mux_opt
         3x                         |        0.4s        0.1s                         | _optimize_
         2x                         |        0.0s        0.0s                         | _pla_merge
         2x                         |        0.1s        0.1s                         | _ppro_print_prototype_summary
         1x                         |        0.0s        0.0s                         | _ppro_remove_userenable_attr_on_always_enable_flops
         6x                         |        0.0s        0.0s                         | _preserve_nodes
         1x                         |        0.0s        0.0s                         | _process_bit_level_clocks
         1x                         |        0.0s        0.0s                         | _process_resets
         1x                         |        0.0s        0.0s                         | _reduce_comparators
         1x                         |        0.0s        0.0s                         | _remove_transparent_latch
         1x                         |        0.0s        0.0s                         | _rename_operators
         1x                         |        0.0s        0.0s                         | _replace_latches_with_ff
         1x                         |        0.0s        0.0s                         | _report_bitlevel_hiers
         6x                         |        0.1s        0.0s                         | _report_design
         1x                         |        0.0s        0.0s                         | _report_dut_tree
         1x                         |        0.0s        0.0s                         | _report_efficiency
         1x                         |        0.1s        0.1s                         | _report_enable_logic
         1x                         |        0.1s        0.1s                         | _report_flop_info
         1x                         |        0.1s        0.1s                         | _report_hier_info
         1x                         |        0.0s        0.0s                         | _resolve_multi_drivers
         1x                         |        0.0s        0.0s                         | _restruct
         8x                         |        0.0s        0.0s                         | _set_command_access
        94x                         |        0.0s        0.0s                         | _set_message_audience
         1x                         |        0.0s        0.0s                         | _sls_bist_detection
         1x                         |        0.0s        0.0s                         | _sls_cmd_report_tech_cells
        66x                         |        0.0s        0.0s                         | _sls_flow_state
         1x                         |        0.0s        0.0s                         | _split_flop
         1x                         |        0.0s        0.0s                         | _syn_bsel_concat
         1x                         |        0.0s        0.0s                         | _synthesize_write_enable
         1x                         |        0.0s        0.0s                         | _ta_get_default_clock
         1x                         |        0.0s        0.0s                         | _tcldict_to_json
         1x                         |        0.0s        0.0s                         | _uniqify
         1x                         |        0.0s        0.0s                         | _visualize_clock_tree
         1x                         |        0.0s        0.0s                         | analyze_cycle_based_redundancies
        30x                         |        0.0s        0.0s                         | append_global
         1x                         |        0.0s        0.0s                         | apply_multicycle_path_constraints
         1x                         |        0.0s        0.0s                         | bls_node
         1x                         |        0.5s        0.5s                         | build_db
        23x                         |        0.0s        0.0s                         | calypto_product
         2x                         |        0.4s        0.4s                         | cdb_read_library
         3x                         |        0.8s        0.3s                         | cdb_write_db
         1x                         |        0.0s        0.0s                         | check_upf_sanity
         1x                         |        0.4s        0.4s                         | compute_reports
         1x                         |        0.0s        0.0s                         | config_clock_tree
         5x                         |        0.0s        0.0s                         | config_write_rtl
         1x                         |        0.2s        0.2s                         | cpt::build_cdb_from_verific_netlist
         3x                         |        0.0s        0.0s                         | cpt::get_cptroot
        14x                         |        0.0s        0.0s                         | cpt::get_language
         1x                         |        0.0s        0.0s                         | cpt::get_top_cptroot
         2x                         |        0.0s        0.0s                         | cpt::linked
         2x                         |        0.0s        0.0s                         | cpt::linked_and_build
         1x                         |        0.5s        0.5s                         | cpt::mixed_lang_to_cpt
        11x                         |        0.5s        0.4s                         | cpt::read_mixed_lang
         1x                         |        0.0s        0.0s                         | cpt::validate_link_design_top
         2x                         |        0.0s        0.0s                         | create_clock
        11x                         |        0.0s        0.0s                         | disable_msg
         1x                         |        0.0s        0.0s                         | dump_verify_script
        52x                         |        0.0s        0.0s                         | find
         1x                         |        0.0s        0.0s                         | generate_clock_roots
         1x                         |        0.0s        0.0s                         | get_cgc_edges
       106x                         |        0.0s        0.0s                         | get_cpu_usage
      1318x                         |        0.0s        0.0s                         | get_global
         3x                         |        0.0s        0.0s                         | get_hierarchy
       131x                         |        0.0s        0.0s                         | get_info
       185x                         |        0.0s        0.0s                         | get_mem_usage
        59x                         |        0.0s        0.0s                         | get_process_usage
         2x                         |        0.0s        0.0s                         | get_sa_coverage
         2x                         |        0.0s        0.0s                         | get_version
         1x                         |        0.0s        0.0s                         | is_adviser_allowed
         1x                         |        0.5s        0.5s                         | link_design
         3x                         |        0.1s        0.1s                         | mark_synchronizer
         1x                         |        0.0s        0.0s                         | move_clk_from_cgic_to_flop
         2x                         |        0.0s        0.0s                         | pget
         1x                         |        2.8s        2.8s                         | prototype_design
        11x                         |        0.5s        0.4s                         | read_design
         2x                         |        0.4s        0.4s                         | read_library
         1x                         |        1.3s        1.3s                         | read_saif
        11x                         |        0.5s        0.4s                         | read_vhdl
         2x                         |        0.0s        0.0s                         | replace_user_cgic_module
         1x                         |        0.0s        0.0s                         | report_efficiency
         1x                         |        0.1s        0.1s                         | report_enable_logic
         2x                         |        0.0s        0.0s                         | report_mem_cycle_based_redundancies
         2x                         |        9.6s        9.5s                         | report_power
         1x                         |        0.0s        0.0s                         | set_attrs_inout_mux
         1x                         |        0.0s        0.0s                         | set_boundary_opt
         1x                         |        0.0s        0.0s                         | set_dont_use_inoutblackbox_port
         1x                         |        0.0s        0.0s                         | set_dont_use_unreadable_signal
       126x                         |        0.0s        0.0s                         | set_global
         1x                         |        0.0s        0.0s                         | set_hierarchy
         1x                         |        0.0s        0.0s                         | set_operating_condition
         1x                         |        0.0s        0.0s                         | set_powerpro_mode
         1x                         |        0.0s        0.0s                         | set_powerpro_reset
         2x                         |        0.0s        0.0s                         | set_wire_load_mode
         2x                         |        0.0s        0.0s                         | sls_create_clock
         1x                         |        0.0s        0.0s                         | sls_set_attrs_parallel_case_mux
        20x                         |        0.0s        0.0s                         | source
         1x                         |        2.4s        2.4s                         | synthesize_design
        21x                         |        0.1s        0.0s                         | tcl_source
        11x                         |        0.0s        0.0s                         | update_read_design
         1x                         |        0.0s        0.0s                         | vdb_report_hierarchy
         1x                         |        0.0s        0.0s                         | visualize_clock_tree
         3x                         |        0.8s        0.3s                         | write_db
         1x                         |        0.1s        0.1s                         | write_verify_script


=== Counters ========================================================================================================================================

         0x | BDD::NumAborted
         0x | BDD::NumBypassed
         0x | BDD::NumFalsifiedwCtrEx
         0x | BDD::NumFalsifiedwoCtrEx
         0x | BDD::NumPosed
         0x | BDD::NumProved
         0x | BDD::NumSent
         0x | BDD::NumTriviallyProved
         0x | BDD::NumUnresolved
         0x | BLS::NumProbsAborted
         0x | BLS::NumProbsFalsified
         0x | BLS::NumProbsPosed
         0x | BLS::NumProbsProved
         0x | ESS::NumProbsAborted
         0x | ESS::NumProbsFalsified
         0x | ESS::NumProbsPosed
         0x | ESS::NumProbsProved
         0x | MultiThreaded::SatExtABC::NumProbsAborted
         0x | MultiThreaded::SatExtABC::NumProbsFalsified
         0x | MultiThreaded::SatExtABC::NumProbsPosed
         0x | MultiThreaded::SatExtABC::NumProbsProved
         0x | SAT::NumProbsAborted
         0x | SAT::NumProbsFalsified
         0x | SAT::NumProbsPosed
         0x | SAT::NumProbsProved
         0x | WLS::NumProbsAborted
         0x | WLS::NumProbsFalsified
         0x | WLS::NumProbsPosed
         0x | WLS::NumProbsProved


=== Resources Used ==================================================================================================================================

         1x                         |       15.6s       15.6s                         | TOP
         0x                         |        0.0s                                     | TOP::CBdd
      2784x                         |        1.0s        0.3s                         | TOP::CGEN_GENERATE_COMPONENT
      3403x                         |        0.0s        0.0s                         | TOP::CMDs
         1x                         |        0.0s        0.0s                         | TOP::CMDs::__annotate_default_sa_vectorless_flow
         1x                         |        0.0s        0.0s                         | TOP::CMDs::__assign_hier_depths
         1x                         |        0.0s        0.0s                         | TOP::CMDs::__auto_infer_clocks
         1x                         |        0.7s        0.7s                         | TOP::CMDs::__calc_all_seq_power
         1x                         |        0.0s        0.0s                         | TOP::CMDs::__cdb_resolve_power_intent
         1x                         |        0.0s        0.0s                         | TOP::CMDs::__generate_identity_powerpro_maps
         4x                         |        0.0s        0.0s                         | TOP::CMDs::__handle_complex_clocks
         2x                         |        0.0s        0.0s                         | TOP::CMDs::__handle_constant_clocks
         1x                         |        0.0s        0.0s                         | TOP::CMDs::__handle_dw_comp
         1x                         |        0.0s        0.0s                         | TOP::CMDs::__has_inout
       121x                         |        0.0s        0.0s                         | TOP::CMDs::__is_powerpro
         1x                         |        0.0s        0.0s                         | TOP::CMDs::__mark_clock_fanin_constraints
         1x                         |        0.0s        0.0s                         | TOP::CMDs::__mark_constraint_on_const_flops
         1x                         |        0.0s        0.0s                         | TOP::CMDs::__mark_constraint_on_internal_flops
         1x                         |        0.0s        0.0s                         | TOP::CMDs::__mark_constraints_on_power_domain_boundary
         1x                         |        0.0s        0.0s                         | TOP::CMDs::__mark_constraints_on_power_opt_ports
         2x                         |        0.0s        0.0s                         | TOP::CMDs::__multiple_instance_prop_on_hier
         1x                         |        0.0s        0.0s                         | TOP::CMDs::__opt_constrain_memories
         1x                         |        0.0s        0.0s                         | TOP::CMDs::__optimize_libcells
         1x                         |        0.0s        0.0s                         | TOP::CMDs::__pa_batched_mem_ctrl_sim
         1x                         |        0.0s        0.0s                         | TOP::CMDs::__pa_cmd_compare_clk_period_with_td
         3x                         |        0.0s        0.0s                         | TOP::CMDs::__pa_cmd_get_pow_detail
         1x                         |        0.0s        0.0s                         | TOP::CMDs::__pa_do_phy_based_setup
         1x                         |        0.0s        0.0s                         | TOP::CMDs::__pa_name_matching_based_netcap_annotation
         1x                         |        0.0s        0.0s                         | TOP::CMDs::__pa_preserve_user_sa_during_miter
         1x                         |        0.0s        0.0s                         | TOP::CMDs::__phy_create_models_from_spef
         1x                         |        0.0s        0.0s                         | TOP::CMDs::__phy_get_info
         1x                         |        0.0s        0.0s                         | TOP::CMDs::__phy_spef_sanity
         1x                         |        0.0s        0.0s                         | TOP::CMDs::__postprocess_multi_vth_constraint
         1x                         |        0.0s        0.0s                         | TOP::CMDs::__process_hier_power_models
         1x                         |        0.0s        0.0s                         | TOP::CMDs::__process_memories
         1x                         |        0.0s        0.0s                         | TOP::CMDs::__propagate_user_sa_across_buf_inv
         1x                         |        0.0s        0.0s                         | TOP::CMDs::__set_default_sa_inout_bbox_ports
         1x                         |        0.0s        0.0s                         | TOP::CMDs::__sls_check_mem_tech_cell_area
         1x                         |        0.0s        0.0s                         | TOP::CMDs::__sls_check_poweropt
         2x                         |        0.0s        0.0s                         | TOP::CMDs::__sls_flops_clock_gated_percentage
         1x                         |        0.0s        0.0s                         | TOP::CMDs::__sls_fsdb_vcd_saif_executed
         3x                         |        0.0s        0.0s                         | TOP::CMDs::__sls_generate_synchronizer_scheme_files
         1x                         |        0.0s        0.0s                         | TOP::CMDs::__sls_is_cg_mg_optimization_allowed
         2x                         |        0.0s        0.0s                         | TOP::CMDs::__sls_perform_case_anal_clk_ntwk
         2x                         |        0.0s        0.0s                         | TOP::CMDs::__sls_preserve_port_prob
         2x                         |        0.0s        0.0s                         | TOP::CMDs::__sls_process_verification_global
         1x                         |        0.0s        0.0s                         | TOP::CMDs::__sls_sanitize_mem_libcell_binding
         9x                         |        0.0s        0.0s                         | TOP::CMDs::__sls_scheme_list_schemes
         4x                         |        0.1s        0.1s                         | TOP::CMDs::__sls_scheme_match_scheme_in_design
         4x                         |        0.0s        0.0s                         | TOP::CMDs::__sls_scheme_read_scheme_file
         4x                         |        0.0s        0.0s                         | TOP::CMDs::__sls_scheme_remove_scheme
         3x                         |        0.0s        0.0s                         | TOP::CMDs::__sls_scheme_set_status
         1x                         |        0.0s        0.0s                         | TOP::CMDs::__sls_set_dont_optimize_arst_one_flops
         1x                         |        0.0s        0.0s                         | TOP::CMDs::__sta_get_clock_domain_for_clock_root
         2x                         |        0.0s        0.0s                         | TOP::CMDs::__sta_propagate_clock_info
         1x                         |        0.0s        0.0s                         | TOP::CMDs::__warn_toggle_change_accross_flop
         1x                         |        0.0s        0.0s                         | TOP::CMDs::_apply_mode_constraint
         1x                         |        0.0s        0.0s                         | TOP::CMDs::_apply_set_driving_cell
         1x                         |        0.0s        0.0s                         | TOP::CMDs::_auto_replace_matching_cgic
         1x                         |        0.0s        0.0s                         | TOP::CMDs::_bit_blast_constant_sinks
         3x                         |        0.0s        0.0s                         | TOP::CMDs::_break_comb_loops
         2x                         |        0.0s        0.0s                         | TOP::CMDs::_buf_rm
         2x                         |        0.2s        0.2s                         | TOP::CMDs::_characterize_library_impl
         1x                         |        0.0s        0.0s                         | TOP::CMDs::_check_fsdb_reader_writer
         1x                         |        0.0s        0.0s                         | TOP::CMDs::_clock_def_check
         1x                         |        0.0s        0.0s                         | TOP::CMDs::_clocked_data_ports_check
         2x                         |        0.1s        0.0s                         | TOP::CMDs::_consistency_check
         1x                         |        0.0s        0.0s                         | TOP::CMDs::_convert_macroff_to_nmacroff
         3x                         |        0.2s        0.1s                         | TOP::CMDs::_db_normalize
         4x                         |        0.0s        0.0s                         | TOP::CMDs::_deadcode_elim
         8x                         |        0.0s        0.0s                         | TOP::CMDs::_defer_messages
         1x                         |        0.0s        0.0s                         | TOP::CMDs::_detect_powerpro_generated_netlist
         1x                         |        0.0s        0.0s                         | TOP::CMDs::_disable_resetting_cg_min_size
         1x                         |        0.0s        0.0s                         | TOP::CMDs::_do_unmap
         1x                         |        0.1s        0.1s                         | TOP::CMDs::_do_width_optimize
         1x                         |        0.2s        0.2s                         | TOP::CMDs::_do_wls_extract
         1x                         |        0.0s        0.0s                         | TOP::CMDs::_ecc_logic_detection
         1x                         |        0.0s        0.0s                         | TOP::CMDs::_fsdb_to_sa
         1x                         |        0.0s        0.0s                         | TOP::CMDs::_generate_clocked_data_ports
         3x                         |        0.0s        0.0s                         | TOP::CMDs::_get_area
         3x                         |        0.0s        0.0s                         | TOP::CMDs::_get_new_mods
         1x                         |        0.0s        0.0s                         | TOP::CMDs::_get_powerpro_mode
         1x                         |        0.0s        0.0s                         | TOP::CMDs::_get_registered_clock_roots
         1x                         |        0.0s        0.0s                         | TOP::CMDs::_infer_muxlatch
         2x                         |        0.0s        0.0s                         | TOP::CMDs::_insert_bbox_on_hardop
         1x                         |        0.0s        0.0s                         | TOP::CMDs::_isolate_inout_ports
       689x                         |        0.0s        0.0s                         | TOP::CMDs::_issue_msg
        23x                         |        0.0s        0.0s                         | TOP::CMDs::_log_env_access
         1x                         |        0.0s        0.0s                         | TOP::CMDs::_mem_cell_2_mem_mod
         1x                         |        0.0s        0.0s                         | TOP::CMDs::_merge_cdbmerge_node
         1x                         |        0.0s        0.0s                         | TOP::CMDs::_mux_opt
         3x                         |        0.4s        0.1s                         | TOP::CMDs::_optimize_
         2x                         |        0.0s        0.0s                         | TOP::CMDs::_pla_merge
         2x                         |        0.1s        0.1s                         | TOP::CMDs::_ppro_print_prototype_summary
         1x                         |        0.0s        0.0s                         | TOP::CMDs::_ppro_remove_userenable_attr_on_always_enable_flops
         6x                         |        0.0s        0.0s                         | TOP::CMDs::_preserve_nodes
         1x                         |        0.0s        0.0s                         | TOP::CMDs::_process_bit_level_clocks
         1x                         |        0.0s        0.0s                         | TOP::CMDs::_process_resets
         1x                         |        0.0s        0.0s                         | TOP::CMDs::_reduce_comparators
         1x                         |        0.0s        0.0s                         | TOP::CMDs::_remove_transparent_latch
         1x                         |        0.0s        0.0s                         | TOP::CMDs::_rename_operators
         1x                         |        0.0s        0.0s                         | TOP::CMDs::_replace_latches_with_ff
         1x                         |        0.0s        0.0s                         | TOP::CMDs::_report_bitlevel_hiers
         6x                         |        0.1s        0.0s                         | TOP::CMDs::_report_design
         1x                         |        0.0s        0.0s                         | TOP::CMDs::_report_dut_tree
         1x                         |        0.0s        0.0s                         | TOP::CMDs::_report_efficiency
         1x                         |        0.1s        0.1s                         | TOP::CMDs::_report_enable_logic
         1x                         |        0.1s        0.1s                         | TOP::CMDs::_report_flop_info
         1x                         |        0.1s        0.1s                         | TOP::CMDs::_report_hier_info
         1x                         |        0.0s        0.0s                         | TOP::CMDs::_resolve_multi_drivers
         1x                         |        0.0s        0.0s                         | TOP::CMDs::_restruct
         8x                         |        0.0s        0.0s                         | TOP::CMDs::_set_command_access
        94x                         |        0.0s        0.0s                         | TOP::CMDs::_set_message_audience
         1x                         |        0.0s        0.0s                         | TOP::CMDs::_sls_bist_detection
         1x                         |        0.0s        0.0s                         | TOP::CMDs::_sls_cmd_report_tech_cells
        66x                         |        0.0s        0.0s                         | TOP::CMDs::_sls_flow_state
         1x                         |        0.0s        0.0s                         | TOP::CMDs::_split_flop
         1x                         |        0.0s        0.0s                         | TOP::CMDs::_syn_bsel_concat
         1x                         |        0.0s        0.0s                         | TOP::CMDs::_synthesize_write_enable
         1x                         |        0.0s        0.0s                         | TOP::CMDs::_ta_get_default_clock
         1x                         |        0.0s        0.0s                         | TOP::CMDs::_tcldict_to_json
         1x                         |        0.0s        0.0s                         | TOP::CMDs::_uniqify
         1x                         |        0.0s        0.0s                         | TOP::CMDs::_visualize_clock_tree
         1x                         |        0.0s        0.0s                         | TOP::CMDs::analyze_cycle_based_redundancies
        30x                         |        0.0s        0.0s                         | TOP::CMDs::append_global
         1x                         |        0.0s        0.0s                         | TOP::CMDs::apply_multicycle_path_constraints
         1x                         |        0.0s        0.0s                         | TOP::CMDs::bls_node
         1x                         |        0.5s        0.5s                         | TOP::CMDs::build_db
        23x                         |        0.0s        0.0s                         | TOP::CMDs::calypto_product
         2x                         |        0.4s        0.4s                         | TOP::CMDs::cdb_read_library
         3x                         |        0.8s        0.3s                         | TOP::CMDs::cdb_write_db
         1x                         |        0.0s        0.0s                         | TOP::CMDs::check_upf_sanity
         1x                         |        0.4s        0.4s                         | TOP::CMDs::compute_reports
         1x                         |        0.0s        0.0s                         | TOP::CMDs::config_clock_tree
         5x                         |        0.0s        0.0s                         | TOP::CMDs::config_write_rtl
         1x                         |        0.2s        0.2s                         | TOP::CMDs::cpt::build_cdb_from_verific_netlist
         3x                         |        0.0s        0.0s                         | TOP::CMDs::cpt::get_cptroot
        14x                         |        0.0s        0.0s                         | TOP::CMDs::cpt::get_language
         1x                         |        0.0s        0.0s                         | TOP::CMDs::cpt::get_top_cptroot
         2x                         |        0.0s        0.0s                         | TOP::CMDs::cpt::linked
         2x                         |        0.0s        0.0s                         | TOP::CMDs::cpt::linked_and_build
         1x                         |        0.5s        0.5s                         | TOP::CMDs::cpt::mixed_lang_to_cpt
        11x                         |        0.5s        0.4s                         | TOP::CMDs::cpt::read_mixed_lang
         1x                         |        0.0s        0.0s                         | TOP::CMDs::cpt::validate_link_design_top
         2x                         |        0.0s        0.0s                         | TOP::CMDs::create_clock
        11x                         |        0.0s        0.0s                         | TOP::CMDs::disable_msg
         1x                         |        0.0s        0.0s                         | TOP::CMDs::dump_verify_script
        52x                         |        0.0s        0.0s                         | TOP::CMDs::find
         1x                         |        0.0s        0.0s                         | TOP::CMDs::generate_clock_roots
         1x                         |        0.0s        0.0s                         | TOP::CMDs::get_cgc_edges
       106x                         |        0.0s        0.0s                         | TOP::CMDs::get_cpu_usage
      1318x                         |        0.0s        0.0s                         | TOP::CMDs::get_global
         3x                         |        0.0s        0.0s                         | TOP::CMDs::get_hierarchy
       131x                         |        0.0s        0.0s                         | TOP::CMDs::get_info
       185x                         |        0.0s        0.0s                         | TOP::CMDs::get_mem_usage
        59x                         |        0.0s        0.0s                         | TOP::CMDs::get_process_usage
         2x                         |        0.0s        0.0s                         | TOP::CMDs::get_sa_coverage
         2x                         |        0.0s        0.0s                         | TOP::CMDs::get_version
         1x                         |        0.0s        0.0s                         | TOP::CMDs::is_adviser_allowed
         1x                         |        0.5s        0.5s                         | TOP::CMDs::link_design
         3x                         |        0.1s        0.1s                         | TOP::CMDs::mark_synchronizer
         1x                         |        0.0s        0.0s                         | TOP::CMDs::move_clk_from_cgic_to_flop
         2x                         |        0.0s        0.0s                         | TOP::CMDs::pget
         1x                         |        2.8s        2.8s                         | TOP::CMDs::prototype_design
        11x                         |        0.5s        0.4s                         | TOP::CMDs::read_design
         2x                         |        0.4s        0.4s                         | TOP::CMDs::read_library
         1x                         |        1.3s        1.3s                         | TOP::CMDs::read_saif
        11x                         |        0.5s        0.4s                         | TOP::CMDs::read_vhdl
         2x                         |        0.0s        0.0s                         | TOP::CMDs::replace_user_cgic_module
         1x                         |        0.0s        0.0s                         | TOP::CMDs::report_efficiency
         1x                         |        0.1s        0.1s                         | TOP::CMDs::report_enable_logic
         2x                         |        0.0s        0.0s                         | TOP::CMDs::report_mem_cycle_based_redundancies
         2x                         |        9.6s        9.5s                         | TOP::CMDs::report_power
         1x                         |        0.0s        0.0s                         | TOP::CMDs::set_attrs_inout_mux
         1x                         |        0.0s        0.0s                         | TOP::CMDs::set_boundary_opt
         1x                         |        0.0s        0.0s                         | TOP::CMDs::set_dont_use_inoutblackbox_port
         1x                         |        0.0s        0.0s                         | TOP::CMDs::set_dont_use_unreadable_signal
       126x                         |        0.0s        0.0s                         | TOP::CMDs::set_global
         1x                         |        0.0s        0.0s                         | TOP::CMDs::set_hierarchy
         1x                         |        0.0s        0.0s                         | TOP::CMDs::set_operating_condition
         1x                         |        0.0s        0.0s                         | TOP::CMDs::set_powerpro_mode
         1x                         |        0.0s        0.0s                         | TOP::CMDs::set_powerpro_reset
         2x                         |        0.0s        0.0s                         | TOP::CMDs::set_wire_load_mode
         2x                         |        0.0s        0.0s                         | TOP::CMDs::sls_create_clock
         1x                         |        0.0s        0.0s                         | TOP::CMDs::sls_set_attrs_parallel_case_mux
        20x                         |        0.0s        0.0s                         | TOP::CMDs::source
         1x                         |        2.4s        2.4s                         | TOP::CMDs::synthesize_design
        21x                         |        0.1s        0.0s                         | TOP::CMDs::tcl_source
        11x                         |        0.0s        0.0s                         | TOP::CMDs::update_read_design
         1x                         |        0.0s        0.0s                         | TOP::CMDs::vdb_report_hierarchy
         1x                         |        0.0s        0.0s                         | TOP::CMDs::visualize_clock_tree
         3x                         |        0.8s        0.3s                         | TOP::CMDs::write_db
         1x                         |        0.1s        0.1s                         | TOP::CMDs::write_verify_script
       449x                         |        0.2s        0.0s                         | TOP::OPT_CONST_PROP
       449x                         |        0.3s        0.1s                         | TOP::OPT_CSE
       449x                         |        0.1s        0.0s                         | TOP::OPT_DEAD_CODE
        91x                         |        0.1s        0.0s                         | TOP::OPT_UF_CONST_PROP
        91x                         |        0.0s        0.0s                         | TOP::OPT_UF_DEAD_CODE1
        91x                         |        0.0s        0.0s                         | TOP::OPT_UF_RED_BSEL_CONCAT
        91x                         |        0.1s        0.0s                         | TOP::OPT_UF_STR_REDUX
