+-----------------------------------------------------------------------------------+
|                                                                                   |
| Generated by PowerPro-10.3c_2/849904   (Jan 10 2020)  linux64  P2001101230        |
| on Tue Jul 13 11:46:42 2021.                                                      |
|                                                                                   |
| This document may be used and distributed without restriction provided that       |
| this copyright statement is not removed from the file and that any derivative     |
| work contains this copyright notice.                                              |
|                                                                                   |
+-----------------------------------------------------------------------------------+

Basic Design Characteristics

Characteristic                      Word-Count    Bit Equivalent
-----------------------------------------------------------

# of 1D register array                       0          0
-----------------------------------------------------------


# of 2D register array                       0          0
-----------------------------------------------------------


# of Gray Boxes                              0          0
-----------------------------------------------------------



# of Data latches                            0          0
-----------------------------------------------------------


# of Dead Flops                             76       1234
-----------------------------------------------------------
top_5_32_1_1_O_addr_type_L1_32_1_1_I_addr_type_L1_32_1_1_W_addr_type_L1_5_288_8_8_O_addr_type_L2_312_8_8_I_addr_type_L2_1728_8_8_W_addr_type_L2_5_8640_8_8_O_addr_type_L3_8640_8_8_I_addr_type_L3_55296_8_8_W_addr_type_L3_O_partial_000001.CCInst.O_tiling_unit_L2_run_cmp.tiling_unit_5_O_addr_type_L2_run_inst.instr_bound_rsci_d_17_9          1          9
top_5_32_1_1_O_addr_type_L1_32_1_1_I_addr_type_L1_32_1_1_W_addr_type_L1_5_288_8_8_O_addr_type_L2_312_8_8_I_addr_type_L2_1728_8_8_W_addr_type_L2_5_8640_8_8_O_addr_type_L3_8640_8_8_I_addr_type_L3_55296_8_8_W_addr_type_L3_O_partial_000001.CCInst.O_tiling_unit_L2_run_cmp.tiling_unit_5_O_addr_type_L2_run_inst.instr_bound_rsci_d_26_18          1          9
top_5_32_1_1_O_addr_type_L1_32_1_1_I_addr_type_L1_32_1_1_W_addr_type_L1_5_288_8_8_O_addr_type_L2_312_8_8_I_addr_type_L2_1728_8_8_W_addr_type_L2_5_8640_8_8_O_addr_type_L3_8640_8_8_I_addr_type_L3_55296_8_8_W_addr_type_L3_O_partial_000001.CCInst.O_tiling_unit_L2_run_cmp.tiling_unit_5_O_addr_type_L2_run_inst.instr_bound_rsci_d_35_27          1          9
top_5_32_1_1_O_addr_type_L1_32_1_1_I_addr_type_L1_32_1_1_W_addr_type_L1_5_288_8_8_O_addr_type_L2_312_8_8_I_addr_type_L2_1728_8_8_W_addr_type_L2_5_8640_8_8_O_addr_type_L3_8640_8_8_I_addr_type_L3_55296_8_8_W_addr_type_L3_O_partial_000001.CCInst.O_tiling_unit_L2_run_cmp.tiling_unit_5_O_addr_type_L2_run_inst.instr_bound_rsci_d_44_36          1          9
top_5_32_1_1_O_addr_type_L1_32_1_1_I_addr_type_L1_32_1_1_W_addr_type_L1_5_288_8_8_O_addr_type_L2_312_8_8_I_addr_type_L2_1728_8_8_W_addr_type_L2_5_8640_8_8_O_addr_type_L3_8640_8_8_I_addr_type_L3_55296_8_8_W_addr_type_L3_O_partial_000001.CCInst.O_tiling_unit_L2_run_cmp.tiling_unit_5_O_addr_type_L2_run_inst.instr_bound_rsci_d_8_0          1          9
top_5_32_1_1_O_addr_type_L1_32_1_1_I_addr_type_L1_32_1_1_W_addr_type_L1_5_288_8_8_O_addr_type_L2_312_8_8_I_addr_type_L2_1728_8_8_W_addr_type_L2_5_8640_8_8_O_addr_type_L3_8640_8_8_I_addr_type_L3_55296_8_8_W_addr_type_L3_O_partial_000001.CCInst.O_tiling_unit_L2_run_cmp.tiling_unit_5_O_addr_type_L2_run_inst.instr_tile_rsci_d_13_9          1          5
top_5_32_1_1_O_addr_type_L1_32_1_1_I_addr_type_L1_32_1_1_W_addr_type_L1_5_288_8_8_O_addr_type_L2_312_8_8_I_addr_type_L2_1728_8_8_W_addr_type_L2_5_8640_8_8_O_addr_type_L3_8640_8_8_I_addr_type_L3_55296_8_8_W_addr_type_L3_O_partial_000001.CCInst.O_tiling_unit_L2_run_cmp.tiling_unit_5_O_addr_type_L2_run_inst.instr_tile_rsci_d_17_14          1          4
top_5_32_1_1_O_addr_type_L1_32_1_1_I_addr_type_L1_32_1_1_W_addr_type_L1_5_288_8_8_O_addr_type_L2_312_8_8_I_addr_type_L2_1728_8_8_W_addr_type_L2_5_8640_8_8_O_addr_type_L3_8640_8_8_I_addr_type_L3_55296_8_8_W_addr_type_L3_O_partial_000001.CCInst.O_tiling_unit_L2_run_cmp.tiling_unit_5_O_addr_type_L2_run_inst.instr_tile_rsci_d_22_18          1          5
top_5_32_1_1_O_addr_type_L1_32_1_1_I_addr_type_L1_32_1_1_W_addr_type_L1_5_288_8_8_O_addr_type_L2_312_8_8_I_addr_type_L2_1728_8_8_W_addr_type_L2_5_8640_8_8_O_addr_type_L3_8640_8_8_I_addr_type_L3_55296_8_8_W_addr_type_L3_O_partial_000001.CCInst.O_tiling_unit_L2_run_cmp.tiling_unit_5_O_addr_type_L2_run_inst.instr_tile_rsci_d_26_23          1          4
top_5_32_1_1_O_addr_type_L1_32_1_1_I_addr_type_L1_32_1_1_W_addr_type_L1_5_288_8_8_O_addr_type_L2_312_8_8_I_addr_type_L2_1728_8_8_W_addr_type_L2_5_8640_8_8_O_addr_type_L3_8640_8_8_I_addr_type_L3_55296_8_8_W_addr_type_L3_O_partial_000001.CCInst.O_tiling_unit_L2_run_cmp.tiling_unit_5_O_addr_type_L2_run_inst.instr_tile_rsci_d_31_27          1          5
top_5_32_1_1_O_addr_type_L1_32_1_1_I_addr_type_L1_32_1_1_W_addr_type_L1_5_288_8_8_O_addr_type_L2_312_8_8_I_addr_type_L2_1728_8_8_W_addr_type_L2_5_8640_8_8_O_addr_type_L3_8640_8_8_I_addr_type_L3_55296_8_8_W_addr_type_L3_O_partial_000001.CCInst.O_tiling_unit_L2_run_cmp.tiling_unit_5_O_addr_type_L2_run_inst.instr_tile_rsci_d_35_32          1          4
top_5_32_1_1_O_addr_type_L1_32_1_1_I_addr_type_L1_32_1_1_W_addr_type_L1_5_288_8_8_O_addr_type_L2_312_8_8_I_addr_type_L2_1728_8_8_W_addr_type_L2_5_8640_8_8_O_addr_type_L3_8640_8_8_I_addr_type_L3_55296_8_8_W_addr_type_L3_O_partial_000001.CCInst.O_tiling_unit_L2_run_cmp.tiling_unit_5_O_addr_type_L2_run_inst.instr_tile_rsci_d_4_0          1          5
top_5_32_1_1_O_addr_type_L1_32_1_1_I_addr_type_L1_32_1_1_W_addr_type_L1_5_288_8_8_O_addr_type_L2_312_8_8_I_addr_type_L2_1728_8_8_W_addr_type_L2_5_8640_8_8_O_addr_type_L3_8640_8_8_I_addr_type_L3_55296_8_8_W_addr_type_L3_O_partial_000001.CCInst.O_tiling_unit_L2_run_cmp.tiling_unit_5_O_addr_type_L2_run_inst.instr_tile_rsci_d_8_5          1          4
top_5_32_1_1_O_addr_type_L1_32_1_1_I_addr_type_L1_32_1_1_W_addr_type_L1_5_288_8_8_O_addr_type_L2_312_8_8_I_addr_type_L2_1728_8_8_W_addr_type_L2_5_8640_8_8_O_addr_type_L3_8640_8_8_I_addr_type_L3_55296_8_8_W_addr_type_L3_O_partial_000001.CCInst.O_tiling_unit_L2_run_cmp.tiling_unit_5_O_addr_type_L2_run_inst.reg_tile_size_out_rsci_d_4_0_cse          1          5
top_5_32_1_1_O_addr_type_L1_32_1_1_I_addr_type_L1_32_1_1_W_addr_type_L1_5_288_8_8_O_addr_type_L2_312_8_8_I_addr_type_L2_1728_8_8_W_addr_type_L2_5_8640_8_8_O_addr_type_L3_8640_8_8_I_addr_type_L3_55296_8_8_W_addr_type_L3_O_partial_000001.CCInst.O_tiling_unit_L2_run_cmp.tiling_unit_5_O_addr_type_L2_run_inst.reg_tile_size_out_rsci_d_8_5_cse          1          4
top_5_32_1_1_O_addr_type_L1_32_1_1_I_addr_type_L1_32_1_1_W_addr_type_L1_5_288_8_8_O_addr_type_L2_312_8_8_I_addr_type_L2_1728_8_8_W_addr_type_L2_5_8640_8_8_O_addr_type_L3_8640_8_8_I_addr_type_L3_55296_8_8_W_addr_type_L3_O_partial_000001.CCInst.O_tiling_unit_L3_run_cmp.tiling_unit_5_O_addr_type_L3_run_inst.instr_bound_rsci_d_13_0          1         14
top_5_32_1_1_O_addr_type_L1_32_1_1_I_addr_type_L1_32_1_1_W_addr_type_L1_5_288_8_8_O_addr_type_L2_312_8_8_I_addr_type_L2_1728_8_8_W_addr_type_L2_5_8640_8_8_O_addr_type_L3_8640_8_8_I_addr_type_L3_55296_8_8_W_addr_type_L3_O_partial_000001.CCInst.O_tiling_unit_L3_run_cmp.tiling_unit_5_O_addr_type_L3_run_inst.instr_bound_rsci_d_27_14          1         14
top_5_32_1_1_O_addr_type_L1_32_1_1_I_addr_type_L1_32_1_1_W_addr_type_L1_5_288_8_8_O_addr_type_L2_312_8_8_I_addr_type_L2_1728_8_8_W_addr_type_L2_5_8640_8_8_O_addr_type_L3_8640_8_8_I_addr_type_L3_55296_8_8_W_addr_type_L3_O_partial_000001.CCInst.O_tiling_unit_L3_run_cmp.tiling_unit_5_O_addr_type_L3_run_inst.instr_bound_rsci_d_41_28          1         14
top_5_32_1_1_O_addr_type_L1_32_1_1_I_addr_type_L1_32_1_1_W_addr_type_L1_5_288_8_8_O_addr_type_L2_312_8_8_I_addr_type_L2_1728_8_8_W_addr_type_L2_5_8640_8_8_O_addr_type_L3_8640_8_8_I_addr_type_L3_55296_8_8_W_addr_type_L3_O_partial_000001.CCInst.O_tiling_unit_L3_run_cmp.tiling_unit_5_O_addr_type_L3_run_inst.instr_bound_rsci_d_55_42          1         14
top_5_32_1_1_O_addr_type_L1_32_1_1_I_addr_type_L1_32_1_1_W_addr_type_L1_5_288_8_8_O_addr_type_L2_312_8_8_I_addr_type_L2_1728_8_8_W_addr_type_L2_5_8640_8_8_O_addr_type_L3_8640_8_8_I_addr_type_L3_55296_8_8_W_addr_type_L3_O_partial_000001.CCInst.O_tiling_unit_L3_run_cmp.tiling_unit_5_O_addr_type_L3_run_inst.instr_bound_rsci_d_69_56          1         14
top_5_32_1_1_O_addr_type_L1_32_1_1_I_addr_type_L1_32_1_1_W_addr_type_L1_5_288_8_8_O_addr_type_L2_312_8_8_I_addr_type_L2_1728_8_8_W_addr_type_L2_5_8640_8_8_O_addr_type_L3_8640_8_8_I_addr_type_L3_55296_8_8_W_addr_type_L3_O_partial_000001.CCInst.O_tiling_unit_L3_run_cmp.tiling_unit_5_O_addr_type_L3_run_inst.instr_tile_rsci_d_13_9          1          5
top_5_32_1_1_O_addr_type_L1_32_1_1_I_addr_type_L1_32_1_1_W_addr_type_L1_5_288_8_8_O_addr_type_L2_312_8_8_I_addr_type_L2_1728_8_8_W_addr_type_L2_5_8640_8_8_O_addr_type_L3_8640_8_8_I_addr_type_L3_55296_8_8_W_addr_type_L3_O_partial_000001.CCInst.O_tiling_unit_L3_run_cmp.tiling_unit_5_O_addr_type_L3_run_inst.instr_tile_rsci_d_22_14          1          9
top_5_32_1_1_O_addr_type_L1_32_1_1_I_addr_type_L1_32_1_1_W_addr_type_L1_5_288_8_8_O_addr_type_L2_312_8_8_I_addr_type_L2_1728_8_8_W_addr_type_L2_5_8640_8_8_O_addr_type_L3_8640_8_8_I_addr_type_L3_55296_8_8_W_addr_type_L3_O_partial_000001.CCInst.O_tiling_unit_L3_run_cmp.tiling_unit_5_O_addr_type_L3_run_inst.instr_tile_rsci_d_27_23          1          5
top_5_32_1_1_O_addr_type_L1_32_1_1_I_addr_type_L1_32_1_1_W_addr_type_L1_5_288_8_8_O_addr_type_L2_312_8_8_I_addr_type_L2_1728_8_8_W_addr_type_L2_5_8640_8_8_O_addr_type_L3_8640_8_8_I_addr_type_L3_55296_8_8_W_addr_type_L3_O_partial_000001.CCInst.O_tiling_unit_L3_run_cmp.tiling_unit_5_O_addr_type_L3_run_inst.instr_tile_rsci_d_36_28          1          9
top_5_32_1_1_O_addr_type_L1_32_1_1_I_addr_type_L1_32_1_1_W_addr_type_L1_5_288_8_8_O_addr_type_L2_312_8_8_I_addr_type_L2_1728_8_8_W_addr_type_L2_5_8640_8_8_O_addr_type_L3_8640_8_8_I_addr_type_L3_55296_8_8_W_addr_type_L3_O_partial_000001.CCInst.O_tiling_unit_L3_run_cmp.tiling_unit_5_O_addr_type_L3_run_inst.instr_tile_rsci_d_41_37          1          5
top_5_32_1_1_O_addr_type_L1_32_1_1_I_addr_type_L1_32_1_1_W_addr_type_L1_5_288_8_8_O_addr_type_L2_312_8_8_I_addr_type_L2_1728_8_8_W_addr_type_L2_5_8640_8_8_O_addr_type_L3_8640_8_8_I_addr_type_L3_55296_8_8_W_addr_type_L3_O_partial_000001.CCInst.O_tiling_unit_L3_run_cmp.tiling_unit_5_O_addr_type_L3_run_inst.instr_tile_rsci_d_50_42          1          9
top_5_32_1_1_O_addr_type_L1_32_1_1_I_addr_type_L1_32_1_1_W_addr_type_L1_5_288_8_8_O_addr_type_L2_312_8_8_I_addr_type_L2_1728_8_8_W_addr_type_L2_5_8640_8_8_O_addr_type_L3_8640_8_8_I_addr_type_L3_55296_8_8_W_addr_type_L3_O_partial_000001.CCInst.O_tiling_unit_L3_run_cmp.tiling_unit_5_O_addr_type_L3_run_inst.instr_tile_rsci_d_55_51          1          5
top_5_32_1_1_O_addr_type_L1_32_1_1_I_addr_type_L1_32_1_1_W_addr_type_L1_5_288_8_8_O_addr_type_L2_312_8_8_I_addr_type_L2_1728_8_8_W_addr_type_L2_5_8640_8_8_O_addr_type_L3_8640_8_8_I_addr_type_L3_55296_8_8_W_addr_type_L3_O_partial_000001.CCInst.O_tiling_unit_L3_run_cmp.tiling_unit_5_O_addr_type_L3_run_inst.instr_tile_rsci_d_8_0          1          9
top_5_32_1_1_O_addr_type_L1_32_1_1_I_addr_type_L1_32_1_1_W_addr_type_L1_5_288_8_8_O_addr_type_L2_312_8_8_I_addr_type_L2_1728_8_8_W_addr_type_L2_5_8640_8_8_O_addr_type_L3_8640_8_8_I_addr_type_L3_55296_8_8_W_addr_type_L3_O_partial_000001.CCInst.O_tiling_unit_L3_run_cmp.tiling_unit_5_O_addr_type_L3_run_inst.reg_tile_size_out_rsci_d_13_9_cse          1          5
top_5_32_1_1_O_addr_type_L1_32_1_1_I_addr_type_L1_32_1_1_W_addr_type_L1_5_288_8_8_O_addr_type_L2_312_8_8_I_addr_type_L2_1728_8_8_W_addr_type_L2_5_8640_8_8_O_addr_type_L3_8640_8_8_I_addr_type_L3_55296_8_8_W_addr_type_L3_O_partial_000001.CCInst.O_tiling_unit_L3_run_cmp.tiling_unit_5_O_addr_type_L3_run_inst.reg_tile_size_out_rsci_d_8_0_cse          1          9
top_5_32_1_1_O_addr_type_L1_32_1_1_I_addr_type_L1_32_1_1_W_addr_type_L1_5_288_8_8_O_addr_type_L2_312_8_8_I_addr_type_L2_1728_8_8_W_addr_type_L2_5_8640_8_8_O_addr_type_L3_8640_8_8_I_addr_type_L3_55296_8_8_W_addr_type_L3_O_partial_000001.CCInst.W_tiling_unit_L2_run_cmp.tiling_unit_5_W_addr_type_L2_run_inst.instr_bound_rsci_d_10_0          1         11
top_5_32_1_1_O_addr_type_L1_32_1_1_I_addr_type_L1_32_1_1_W_addr_type_L1_5_288_8_8_O_addr_type_L2_312_8_8_I_addr_type_L2_1728_8_8_W_addr_type_L2_5_8640_8_8_O_addr_type_L3_8640_8_8_I_addr_type_L3_55296_8_8_W_addr_type_L3_O_partial_000001.CCInst.W_tiling_unit_L2_run_cmp.tiling_unit_5_W_addr_type_L2_run_inst.instr_bound_rsci_d_21_11          1         11
top_5_32_1_1_O_addr_type_L1_32_1_1_I_addr_type_L1_32_1_1_W_addr_type_L1_5_288_8_8_O_addr_type_L2_312_8_8_I_addr_type_L2_1728_8_8_W_addr_type_L2_5_8640_8_8_O_addr_type_L3_8640_8_8_I_addr_type_L3_55296_8_8_W_addr_type_L3_O_partial_000001.CCInst.W_tiling_unit_L2_run_cmp.tiling_unit_5_W_addr_type_L2_run_inst.instr_bound_rsci_d_32_22          1         11
top_5_32_1_1_O_addr_type_L1_32_1_1_I_addr_type_L1_32_1_1_W_addr_type_L1_5_288_8_8_O_addr_type_L2_312_8_8_I_addr_type_L2_1728_8_8_W_addr_type_L2_5_8640_8_8_O_addr_type_L3_8640_8_8_I_addr_type_L3_55296_8_8_W_addr_type_L3_O_partial_000001.CCInst.W_tiling_unit_L2_run_cmp.tiling_unit_5_W_addr_type_L2_run_inst.instr_bound_rsci_d_43_33          1         11
top_5_32_1_1_O_addr_type_L1_32_1_1_I_addr_type_L1_32_1_1_W_addr_type_L1_5_288_8_8_O_addr_type_L2_312_8_8_I_addr_type_L2_1728_8_8_W_addr_type_L2_5_8640_8_8_O_addr_type_L3_8640_8_8_I_addr_type_L3_55296_8_8_W_addr_type_L3_O_partial_000001.CCInst.W_tiling_unit_L2_run_cmp.tiling_unit_5_W_addr_type_L2_run_inst.instr_bound_rsci_d_54_44          1         11
top_5_32_1_1_O_addr_type_L1_32_1_1_I_addr_type_L1_32_1_1_W_addr_type_L1_5_288_8_8_O_addr_type_L2_312_8_8_I_addr_type_L2_1728_8_8_W_addr_type_L2_5_8640_8_8_O_addr_type_L3_8640_8_8_I_addr_type_L3_55296_8_8_W_addr_type_L3_O_partial_000001.CCInst.W_tiling_unit_L2_run_cmp.tiling_unit_5_W_addr_type_L2_run_inst.instr_tile_rsci_d_10_5          1          6
top_5_32_1_1_O_addr_type_L1_32_1_1_I_addr_type_L1_32_1_1_W_addr_type_L1_5_288_8_8_O_addr_type_L2_312_8_8_I_addr_type_L2_1728_8_8_W_addr_type_L2_5_8640_8_8_O_addr_type_L3_8640_8_8_I_addr_type_L3_55296_8_8_W_addr_type_L3_O_partial_000001.CCInst.W_tiling_unit_L2_run_cmp.tiling_unit_5_W_addr_type_L2_run_inst.instr_tile_rsci_d_15_11          1          5
top_5_32_1_1_O_addr_type_L1_32_1_1_I_addr_type_L1_32_1_1_W_addr_type_L1_5_288_8_8_O_addr_type_L2_312_8_8_I_addr_type_L2_1728_8_8_W_addr_type_L2_5_8640_8_8_O_addr_type_L3_8640_8_8_I_addr_type_L3_55296_8_8_W_addr_type_L3_O_partial_000001.CCInst.W_tiling_unit_L2_run_cmp.tiling_unit_5_W_addr_type_L2_run_inst.instr_tile_rsci_d_21_16          1          6
top_5_32_1_1_O_addr_type_L1_32_1_1_I_addr_type_L1_32_1_1_W_addr_type_L1_5_288_8_8_O_addr_type_L2_312_8_8_I_addr_type_L2_1728_8_8_W_addr_type_L2_5_8640_8_8_O_addr_type_L3_8640_8_8_I_addr_type_L3_55296_8_8_W_addr_type_L3_O_partial_000001.CCInst.W_tiling_unit_L2_run_cmp.tiling_unit_5_W_addr_type_L2_run_inst.instr_tile_rsci_d_26_22          1          5
top_5_32_1_1_O_addr_type_L1_32_1_1_I_addr_type_L1_32_1_1_W_addr_type_L1_5_288_8_8_O_addr_type_L2_312_8_8_I_addr_type_L2_1728_8_8_W_addr_type_L2_5_8640_8_8_O_addr_type_L3_8640_8_8_I_addr_type_L3_55296_8_8_W_addr_type_L3_O_partial_000001.CCInst.W_tiling_unit_L2_run_cmp.tiling_unit_5_W_addr_type_L2_run_inst.instr_tile_rsci_d_32_27          1          6
top_5_32_1_1_O_addr_type_L1_32_1_1_I_addr_type_L1_32_1_1_W_addr_type_L1_5_288_8_8_O_addr_type_L2_312_8_8_I_addr_type_L2_1728_8_8_W_addr_type_L2_5_8640_8_8_O_addr_type_L3_8640_8_8_I_addr_type_L3_55296_8_8_W_addr_type_L3_O_partial_000001.CCInst.W_tiling_unit_L2_run_cmp.tiling_unit_5_W_addr_type_L2_run_inst.instr_tile_rsci_d_37_33          1          5
top_5_32_1_1_O_addr_type_L1_32_1_1_I_addr_type_L1_32_1_1_W_addr_type_L1_5_288_8_8_O_addr_type_L2_312_8_8_I_addr_type_L2_1728_8_8_W_addr_type_L2_5_8640_8_8_O_addr_type_L3_8640_8_8_I_addr_type_L3_55296_8_8_W_addr_type_L3_O_partial_000001.CCInst.W_tiling_unit_L2_run_cmp.tiling_unit_5_W_addr_type_L2_run_inst.instr_tile_rsci_d_43_38          1          6
top_5_32_1_1_O_addr_type_L1_32_1_1_I_addr_type_L1_32_1_1_W_addr_type_L1_5_288_8_8_O_addr_type_L2_312_8_8_I_addr_type_L2_1728_8_8_W_addr_type_L2_5_8640_8_8_O_addr_type_L3_8640_8_8_I_addr_type_L3_55296_8_8_W_addr_type_L3_O_partial_000001.CCInst.W_tiling_unit_L2_run_cmp.tiling_unit_5_W_addr_type_L2_run_inst.instr_tile_rsci_d_4_0          1          5
top_5_32_1_1_O_addr_type_L1_32_1_1_I_addr_type_L1_32_1_1_W_addr_type_L1_5_288_8_8_O_addr_type_L2_312_8_8_I_addr_type_L2_1728_8_8_W_addr_type_L2_5_8640_8_8_O_addr_type_L3_8640_8_8_I_addr_type_L3_55296_8_8_W_addr_type_L3_O_partial_000001.CCInst.W_tiling_unit_L2_run_cmp.tiling_unit_5_W_addr_type_L2_run_inst.reg_tile_size_out_rsci_d_10_5_cse          1          6
top_5_32_1_1_O_addr_type_L1_32_1_1_I_addr_type_L1_32_1_1_W_addr_type_L1_5_288_8_8_O_addr_type_L2_312_8_8_I_addr_type_L2_1728_8_8_W_addr_type_L2_5_8640_8_8_O_addr_type_L3_8640_8_8_I_addr_type_L3_55296_8_8_W_addr_type_L3_O_partial_000001.CCInst.W_tiling_unit_L2_run_cmp.tiling_unit_5_W_addr_type_L2_run_inst.reg_tile_size_out_rsci_d_4_0_cse          1          5
top_5_32_1_1_O_addr_type_L1_32_1_1_I_addr_type_L1_32_1_1_W_addr_type_L1_5_288_8_8_O_addr_type_L2_312_8_8_I_addr_type_L2_1728_8_8_W_addr_type_L2_5_8640_8_8_O_addr_type_L3_8640_8_8_I_addr_type_L3_55296_8_8_W_addr_type_L3_O_partial_000001.CCInst.W_tiling_unit_L3_run_cmp.tiling_unit_5_W_addr_type_L3_run_inst.instr_bound_rsci_d_15_0          1         16
top_5_32_1_1_O_addr_type_L1_32_1_1_I_addr_type_L1_32_1_1_W_addr_type_L1_5_288_8_8_O_addr_type_L2_312_8_8_I_addr_type_L2_1728_8_8_W_addr_type_L2_5_8640_8_8_O_addr_type_L3_8640_8_8_I_addr_type_L3_55296_8_8_W_addr_type_L3_O_partial_000001.CCInst.W_tiling_unit_L3_run_cmp.tiling_unit_5_W_addr_type_L3_run_inst.instr_bound_rsci_d_31_16          1         16
top_5_32_1_1_O_addr_type_L1_32_1_1_I_addr_type_L1_32_1_1_W_addr_type_L1_5_288_8_8_O_addr_type_L2_312_8_8_I_addr_type_L2_1728_8_8_W_addr_type_L2_5_8640_8_8_O_addr_type_L3_8640_8_8_I_addr_type_L3_55296_8_8_W_addr_type_L3_O_partial_000001.CCInst.W_tiling_unit_L3_run_cmp.tiling_unit_5_W_addr_type_L3_run_inst.instr_bound_rsci_d_47_32          1         16
top_5_32_1_1_O_addr_type_L1_32_1_1_I_addr_type_L1_32_1_1_W_addr_type_L1_5_288_8_8_O_addr_type_L2_312_8_8_I_addr_type_L2_1728_8_8_W_addr_type_L2_5_8640_8_8_O_addr_type_L3_8640_8_8_I_addr_type_L3_55296_8_8_W_addr_type_L3_O_partial_000001.CCInst.W_tiling_unit_L3_run_cmp.tiling_unit_5_W_addr_type_L3_run_inst.instr_bound_rsci_d_63_48          1         16
top_5_32_1_1_O_addr_type_L1_32_1_1_I_addr_type_L1_32_1_1_W_addr_type_L1_5_288_8_8_O_addr_type_L2_312_8_8_I_addr_type_L2_1728_8_8_W_addr_type_L2_5_8640_8_8_O_addr_type_L3_8640_8_8_I_addr_type_L3_55296_8_8_W_addr_type_L3_O_partial_000001.CCInst.W_tiling_unit_L3_run_cmp.tiling_unit_5_W_addr_type_L3_run_inst.instr_bound_rsci_d_79_64          1         16
top_5_32_1_1_O_addr_type_L1_32_1_1_I_addr_type_L1_32_1_1_W_addr_type_L1_5_288_8_8_O_addr_type_L2_312_8_8_I_addr_type_L2_1728_8_8_W_addr_type_L2_5_8640_8_8_O_addr_type_L3_8640_8_8_I_addr_type_L3_55296_8_8_W_addr_type_L3_O_partial_000001.CCInst.W_tiling_unit_L3_run_cmp.tiling_unit_5_W_addr_type_L3_run_inst.instr_tile_rsci_d_10_0          1         11
top_5_32_1_1_O_addr_type_L1_32_1_1_I_addr_type_L1_32_1_1_W_addr_type_L1_5_288_8_8_O_addr_type_L2_312_8_8_I_addr_type_L2_1728_8_8_W_addr_type_L2_5_8640_8_8_O_addr_type_L3_8640_8_8_I_addr_type_L3_55296_8_8_W_addr_type_L3_O_partial_000001.CCInst.W_tiling_unit_L3_run_cmp.tiling_unit_5_W_addr_type_L3_run_inst.instr_tile_rsci_d_15_11          1          5
top_5_32_1_1_O_addr_type_L1_32_1_1_I_addr_type_L1_32_1_1_W_addr_type_L1_5_288_8_8_O_addr_type_L2_312_8_8_I_addr_type_L2_1728_8_8_W_addr_type_L2_5_8640_8_8_O_addr_type_L3_8640_8_8_I_addr_type_L3_55296_8_8_W_addr_type_L3_O_partial_000001.CCInst.W_tiling_unit_L3_run_cmp.tiling_unit_5_W_addr_type_L3_run_inst.instr_tile_rsci_d_26_16          1         11
top_5_32_1_1_O_addr_type_L1_32_1_1_I_addr_type_L1_32_1_1_W_addr_type_L1_5_288_8_8_O_addr_type_L2_312_8_8_I_addr_type_L2_1728_8_8_W_addr_type_L2_5_8640_8_8_O_addr_type_L3_8640_8_8_I_addr_type_L3_55296_8_8_W_addr_type_L3_O_partial_000001.CCInst.W_tiling_unit_L3_run_cmp.tiling_unit_5_W_addr_type_L3_run_inst.instr_tile_rsci_d_31_27          1          5
top_5_32_1_1_O_addr_type_L1_32_1_1_I_addr_type_L1_32_1_1_W_addr_type_L1_5_288_8_8_O_addr_type_L2_312_8_8_I_addr_type_L2_1728_8_8_W_addr_type_L2_5_8640_8_8_O_addr_type_L3_8640_8_8_I_addr_type_L3_55296_8_8_W_addr_type_L3_O_partial_000001.CCInst.W_tiling_unit_L3_run_cmp.tiling_unit_5_W_addr_type_L3_run_inst.instr_tile_rsci_d_42_32          1         11
top_5_32_1_1_O_addr_type_L1_32_1_1_I_addr_type_L1_32_1_1_W_addr_type_L1_5_288_8_8_O_addr_type_L2_312_8_8_I_addr_type_L2_1728_8_8_W_addr_type_L2_5_8640_8_8_O_addr_type_L3_8640_8_8_I_addr_type_L3_55296_8_8_W_addr_type_L3_O_partial_000001.CCInst.W_tiling_unit_L3_run_cmp.tiling_unit_5_W_addr_type_L3_run_inst.instr_tile_rsci_d_47_43          1          5
top_5_32_1_1_O_addr_type_L1_32_1_1_I_addr_type_L1_32_1_1_W_addr_type_L1_5_288_8_8_O_addr_type_L2_312_8_8_I_addr_type_L2_1728_8_8_W_addr_type_L2_5_8640_8_8_O_addr_type_L3_8640_8_8_I_addr_type_L3_55296_8_8_W_addr_type_L3_O_partial_000001.CCInst.W_tiling_unit_L3_run_cmp.tiling_unit_5_W_addr_type_L3_run_inst.instr_tile_rsci_d_58_48          1         11
top_5_32_1_1_O_addr_type_L1_32_1_1_I_addr_type_L1_32_1_1_W_addr_type_L1_5_288_8_8_O_addr_type_L2_312_8_8_I_addr_type_L2_1728_8_8_W_addr_type_L2_5_8640_8_8_O_addr_type_L3_8640_8_8_I_addr_type_L3_55296_8_8_W_addr_type_L3_O_partial_000001.CCInst.W_tiling_unit_L3_run_cmp.tiling_unit_5_W_addr_type_L3_run_inst.instr_tile_rsci_d_63_59          1          5
top_5_32_1_1_O_addr_type_L1_32_1_1_I_addr_type_L1_32_1_1_W_addr_type_L1_5_288_8_8_O_addr_type_L2_312_8_8_I_addr_type_L2_1728_8_8_W_addr_type_L2_5_8640_8_8_O_addr_type_L3_8640_8_8_I_addr_type_L3_55296_8_8_W_addr_type_L3_O_partial_000001.CCInst.W_tiling_unit_L3_run_cmp.tiling_unit_5_W_addr_type_L3_run_inst.reg_tile_size_out_rsci_d_10_0_cse          1         11
top_5_32_1_1_O_addr_type_L1_32_1_1_I_addr_type_L1_32_1_1_W_addr_type_L1_5_288_8_8_O_addr_type_L2_312_8_8_I_addr_type_L2_1728_8_8_W_addr_type_L2_5_8640_8_8_O_addr_type_L3_8640_8_8_I_addr_type_L3_55296_8_8_W_addr_type_L3_O_partial_000001.CCInst.W_tiling_unit_L3_run_cmp.tiling_unit_5_W_addr_type_L3_run_inst.reg_tile_size_out_rsci_d_15_11_cse          1          5
top_5_32_1_1_O_addr_type_L1_32_1_1_I_addr_type_L1_32_1_1_W_addr_type_L1_5_288_8_8_O_addr_type_L2_312_8_8_I_addr_type_L2_1728_8_8_W_addr_type_L2_5_8640_8_8_O_addr_type_L3_8640_8_8_I_addr_type_L3_55296_8_8_W_addr_type_L3_O_partial_000001.CCInst.config_control_unit_5_O_addr_type_L1_O_addr_type_L2_O_addr_type_L3_I_addr_type_L1_I_addr_type_L2_I_addr_type_L3_W_addr_type_L1_W_addr_type_L2_W_addr_type_L3_run_inst.I_instr_L2_out_rsci_idat_44_0          1         45
top_5_32_1_1_O_addr_type_L1_32_1_1_I_addr_type_L1_32_1_1_W_addr_type_L1_5_288_8_8_O_addr_type_L2_312_8_8_I_addr_type_L2_1728_8_8_W_addr_type_L2_5_8640_8_8_O_addr_type_L3_8640_8_8_I_addr_type_L3_55296_8_8_W_addr_type_L3_O_partial_000001.CCInst.config_control_unit_5_O_addr_type_L1_O_addr_type_L2_O_addr_type_L3_I_addr_type_L1_I_addr_type_L2_I_addr_type_L3_W_addr_type_L1_W_addr_type_L2_W_addr_type_L3_run_inst.I_instr_L2_out_rsci_idat_89_45          1         45
top_5_32_1_1_O_addr_type_L1_32_1_1_I_addr_type_L1_32_1_1_W_addr_type_L1_5_288_8_8_O_addr_type_L2_312_8_8_I_addr_type_L2_1728_8_8_W_addr_type_L2_5_8640_8_8_O_addr_type_L3_8640_8_8_I_addr_type_L3_55296_8_8_W_addr_type_L3_O_partial_000001.CCInst.config_control_unit_5_O_addr_type_L1_O_addr_type_L2_O_addr_type_L3_I_addr_type_L1_I_addr_type_L2_I_addr_type_L3_W_addr_type_L1_W_addr_type_L2_W_addr_type_L3_run_inst.I_instr_L3_out_rsci_idat_139_70          1         70
top_5_32_1_1_O_addr_type_L1_32_1_1_I_addr_type_L1_32_1_1_W_addr_type_L1_5_288_8_8_O_addr_type_L2_312_8_8_I_addr_type_L2_1728_8_8_W_addr_type_L2_5_8640_8_8_O_addr_type_L3_8640_8_8_I_addr_type_L3_55296_8_8_W_addr_type_L3_O_partial_000001.CCInst.config_control_unit_5_O_addr_type_L1_O_addr_type_L2_O_addr_type_L3_I_addr_type_L1_I_addr_type_L2_I_addr_type_L3_W_addr_type_L1_W_addr_type_L2_W_addr_type_L3_run_inst.I_instr_L3_out_rsci_idat_69_0          1         70
top_5_32_1_1_O_addr_type_L1_32_1_1_I_addr_type_L1_32_1_1_W_addr_type_L1_5_288_8_8_O_addr_type_L2_312_8_8_I_addr_type_L2_1728_8_8_W_addr_type_L2_5_8640_8_8_O_addr_type_L3_8640_8_8_I_addr_type_L3_55296_8_8_W_addr_type_L3_O_partial_000001.CCInst.config_control_unit_5_O_addr_type_L1_O_addr_type_L2_O_addr_type_L3_I_addr_type_L1_I_addr_type_L2_I_addr_type_L3_W_addr_type_L1_W_addr_type_L2_W_addr_type_L3_run_inst.O_instr_L2_out_rsci_idat_44_0          1         45
top_5_32_1_1_O_addr_type_L1_32_1_1_I_addr_type_L1_32_1_1_W_addr_type_L1_5_288_8_8_O_addr_type_L2_312_8_8_I_addr_type_L2_1728_8_8_W_addr_type_L2_5_8640_8_8_O_addr_type_L3_8640_8_8_I_addr_type_L3_55296_8_8_W_addr_type_L3_O_partial_000001.CCInst.config_control_unit_5_O_addr_type_L1_O_addr_type_L2_O_addr_type_L3_I_addr_type_L1_I_addr_type_L2_I_addr_type_L3_W_addr_type_L1_W_addr_type_L2_W_addr_type_L3_run_inst.O_instr_L2_out_rsci_idat_89_45          1         45
top_5_32_1_1_O_addr_type_L1_32_1_1_I_addr_type_L1_32_1_1_W_addr_type_L1_5_288_8_8_O_addr_type_L2_312_8_8_I_addr_type_L2_1728_8_8_W_addr_type_L2_5_8640_8_8_O_addr_type_L3_8640_8_8_I_addr_type_L3_55296_8_8_W_addr_type_L3_O_partial_000001.CCInst.config_control_unit_5_O_addr_type_L1_O_addr_type_L2_O_addr_type_L3_I_addr_type_L1_I_addr_type_L2_I_addr_type_L3_W_addr_type_L1_W_addr_type_L2_W_addr_type_L3_run_inst.O_instr_L3_out_rsci_idat_139_70          1         70
top_5_32_1_1_O_addr_type_L1_32_1_1_I_addr_type_L1_32_1_1_W_addr_type_L1_5_288_8_8_O_addr_type_L2_312_8_8_I_addr_type_L2_1728_8_8_W_addr_type_L2_5_8640_8_8_O_addr_type_L3_8640_8_8_I_addr_type_L3_55296_8_8_W_addr_type_L3_O_partial_000001.CCInst.config_control_unit_5_O_addr_type_L1_O_addr_type_L2_O_addr_type_L3_I_addr_type_L1_I_addr_type_L2_I_addr_type_L3_W_addr_type_L1_W_addr_type_L2_W_addr_type_L3_run_inst.O_instr_L3_out_rsci_idat_69_0          1         70
top_5_32_1_1_O_addr_type_L1_32_1_1_I_addr_type_L1_32_1_1_W_addr_type_L1_5_288_8_8_O_addr_type_L2_312_8_8_I_addr_type_L2_1728_8_8_W_addr_type_L2_5_8640_8_8_O_addr_type_L3_8640_8_8_I_addr_type_L3_55296_8_8_W_addr_type_L3_O_partial_000001.CCInst.config_control_unit_5_O_addr_type_L1_O_addr_type_L2_O_addr_type_L3_I_addr_type_L1_I_addr_type_L2_I_addr_type_L3_W_addr_type_L1_W_addr_type_L2_W_addr_type_L3_run_inst.W_instr_L2_out_rsci_idat_109_55          1         55
top_5_32_1_1_O_addr_type_L1_32_1_1_I_addr_type_L1_32_1_1_W_addr_type_L1_5_288_8_8_O_addr_type_L2_312_8_8_I_addr_type_L2_1728_8_8_W_addr_type_L2_5_8640_8_8_O_addr_type_L3_8640_8_8_I_addr_type_L3_55296_8_8_W_addr_type_L3_O_partial_000001.CCInst.config_control_unit_5_O_addr_type_L1_O_addr_type_L2_O_addr_type_L3_I_addr_type_L1_I_addr_type_L2_I_addr_type_L3_W_addr_type_L1_W_addr_type_L2_W_addr_type_L3_run_inst.W_instr_L2_out_rsci_idat_54_0          1         55
top_5_32_1_1_O_addr_type_L1_32_1_1_I_addr_type_L1_32_1_1_W_addr_type_L1_5_288_8_8_O_addr_type_L2_312_8_8_I_addr_type_L2_1728_8_8_W_addr_type_L2_5_8640_8_8_O_addr_type_L3_8640_8_8_I_addr_type_L3_55296_8_8_W_addr_type_L3_O_partial_000001.CCInst.config_control_unit_5_O_addr_type_L1_O_addr_type_L2_O_addr_type_L3_I_addr_type_L1_I_addr_type_L2_I_addr_type_L3_W_addr_type_L1_W_addr_type_L2_W_addr_type_L3_run_inst.W_instr_L3_out_rsci_idat_159_80          1         80
top_5_32_1_1_O_addr_type_L1_32_1_1_I_addr_type_L1_32_1_1_W_addr_type_L1_5_288_8_8_O_addr_type_L2_312_8_8_I_addr_type_L2_1728_8_8_W_addr_type_L2_5_8640_8_8_O_addr_type_L3_8640_8_8_I_addr_type_L3_55296_8_8_W_addr_type_L3_O_partial_000001.CCInst.config_control_unit_5_O_addr_type_L1_O_addr_type_L2_O_addr_type_L3_I_addr_type_L1_I_addr_type_L2_I_addr_type_L3_W_addr_type_L1_W_addr_type_L2_W_addr_type_L3_run_inst.W_instr_L3_out_rsci_idat_79_0          1         80
top_5_32_1_1_O_addr_type_L1_32_1_1_I_addr_type_L1_32_1_1_W_addr_type_L1_5_288_8_8_O_addr_type_L2_312_8_8_I_addr_type_L2_1728_8_8_W_addr_type_L2_5_8640_8_8_O_addr_type_L3_8640_8_8_I_addr_type_L3_55296_8_8_W_addr_type_L3_O_partial_000001.CCInst.config_control_unit_5_O_addr_type_L1_O_addr_type_L2_O_addr_type_L3_I_addr_type_L1_I_addr_type_L2_I_addr_type_L3_W_addr_type_L1_W_addr_type_L2_W_addr_type_L3_run_inst.ensig_cgo          1          1
top_5_32_1_1_O_addr_type_L1_32_1_1_I_addr_type_L1_32_1_1_W_addr_type_L1_5_288_8_8_O_addr_type_L2_312_8_8_I_addr_type_L2_1728_8_8_W_addr_type_L2_5_8640_8_8_O_addr_type_L3_8640_8_8_I_addr_type_L3_55296_8_8_W_addr_type_L3_O_partial_000001.CCInst.config_control_unit_5_O_addr_type_L1_O_addr_type_L2_O_addr_type_L3_I_addr_type_L1_I_addr_type_L2_I_addr_type_L3_W_addr_type_L1_W_addr_type_L2_W_addr_type_L3_run_inst.ensig_cgo_1          1          1
top_5_32_1_1_O_addr_type_L1_32_1_1_I_addr_type_L1_32_1_1_W_addr_type_L1_5_288_8_8_O_addr_type_L2_312_8_8_I_addr_type_L2_1728_8_8_W_addr_type_L2_5_8640_8_8_O_addr_type_L3_8640_8_8_I_addr_type_L3_55296_8_8_W_addr_type_L3_O_partial_000001.CCInst.config_control_unit_5_O_addr_type_L1_O_addr_type_L2_O_addr_type_L3_I_addr_type_L1_I_addr_type_L2_I_addr_type_L3_W_addr_type_L1_W_addr_type_L2_W_addr_type_L3_run_inst.ensig_cgo_2          1          1
top_5_32_1_1_O_addr_type_L1_32_1_1_I_addr_type_L1_32_1_1_W_addr_type_L1_5_288_8_8_O_addr_type_L2_312_8_8_I_addr_type_L2_1728_8_8_W_addr_type_L2_5_8640_8_8_O_addr_type_L3_8640_8_8_I_addr_type_L3_55296_8_8_W_addr_type_L3_O_partial_000001.CCInst.config_control_unit_5_O_addr_type_L1_O_addr_type_L2_O_addr_type_L3_I_addr_type_L1_I_addr_type_L2_I_addr_type_L3_W_addr_type_L1_W_addr_type_L2_W_addr_type_L3_run_inst.ensig_cgo_3          1          1


# of 100 efficient Flops             
-----------------------------------------------------------



# of Constant Flops                  
-----------------------------------------------------------

