
New: /users/students/r0678912/Downloads/zigzag/hls_impl/PE/Catapult/SIF/calypto_opt_vhdl/iter_write_rtl/calypto_insert_obs/2/power_top_5_32_1_1_O_addr_type_L1_32_1_1_I_addr_type_L1_32_1_1_W_addr_type_L1_5_288_8_8_O_addr_type_L2_312_8_8_I_addr_type_L2_1728_8_8_W_addr_type_L2_5_8640_8_8_O_addr_type_L3_8640_8_8_I_addr_type_L3_55296_8_8_W_addr_type_L3_O_pa000000.vhdl
Old: /users/students/r0678912/Downloads/zigzag/hls_impl/PE/Catapult/SIF/power_top_5_32_1_1_O_addr_type_L1_32_1_1_I_addr_type_L1_32_1_1_W_addr_type_L1_5_288_8_8_O_addr_type_L2_312_8_8_I_addr_type_L2_1728_8_8_W_addr_type_L2_5_8640_8_8_O_addr_type_L3_8640_8_8_I_addr_type_L3_55296_8_8_W_addr_type_L3_O_pa000000.vhdl
1-1723 was 1-1723
1724-1725 new
1726-1739 was 1724-1737
1740-1741 new
1742-1749 was 1738-1745
1750 was 1746
1751-1756 new
1757-1796 was 1747-1786
1797-1802 new cginst top_5_32_1_1_O_addr_type_L1_32_1_1_I_addr_type_L1_32_1_1_W_addr_type_L1_5_288_8_8_O_addr_type_L2_312_8_8_I_addr_type_L2_1728_8_8_W_addr_type_L2_5_8640_8_8_O_addr_type_L3_8640_8_8_I_addr_type_L3_55296_8_8_W_addr_type_L3_O_partial_000001.PE.rf_5_32_32_32_1_1_1_1_1_1_O_partial_type_O_addr_type_L1_I_type_I_addr_type_L1_W_type_W_addr_type_L1_run_inst.rf_5_32_32_32_1_1_1_1_1_1_O_partial_type_O_addr_type_L1_I_type_I_addr_type_L1_W_type_W_addr_type_L1_run_W_wr_data_rsci_inst.rf_5_32_32_32_1_1_1_1_1_1_O_partial_type_O_addr_type_L1_I_type_I_addr_type_L1_W_type_W_addr_type_L1_run_W_wr_data_rsci_W_wr_data_wait_dp_inst.inst_cg_obs_topless_5comma_32comma_1comm
1803-1813 was 1787-1797
1814-1815 new
1816-1817 new
1818-1822 was 1798-1802
1823 new
1824 was 1803
1825 new
1826-1827 was 1804-1805
1828 new
1829 was 1806
1830 new
1831-3759 was 1807-3735
3760-3761 new
3762-3777 was 3736-3751
3778-3779 new
3780-3801 was 3752-3773
3802-3803 was 3774-3775
3804-3811 was 3776-3783
3812-3813 was 3784-3785
3814 was 3785 endreplicate
3815-3826 was 3774-3785
3827-5085 was 3785-5043
5086-5087 new
5088-5119 was 5044-5075
5120-5121 new
5122-6320 was 5076-6274
6321-6322 was 6275-6276
6323-6332 was 6277-6286
6333-6334 was 6287-6288
6335 was 6288 endreplicate
6336-6349 was 6275-6288
6350-6442 was 6288-6380
6443-6444 was 6381-6382
6445-6452 new
6453-7765 was 6383-7695
7766-7772 new cginst top_5_32_1_1_O_addr_type_L1_32_1_1_I_addr_type_L1_32_1_1_W_addr_type_L1_5_288_8_8_O_addr_type_L2_312_8_8_I_addr_type_L2_1728_8_8_W_addr_type_L2_5_8640_8_8_O_addr_type_L3_8640_8_8_I_addr_type_L3_55296_8_8_W_addr_type_L3_O_partial_000001.PE.rf_5_32_32_32_1_1_1_1_1_1_O_partial_type_O_addr_type_L1_I_type_I_addr_type_L1_W_type_W_addr_type_L1_run_inst.inst_cg_obs_topless_5comma_32comma_1comm
7773-8943 was 7696-8866
8944 new
8945 was 8867
8946 new
8947 was 8868
8948 new
8949 was 8869
8950 new
8951-9520 was 8870-9439
9521-9522 new
9523-9524 new
9525-9526 new
9527-10214 was 9440-10127
10215-10216 new
10217-10248 was 10128-10159
10249-10250 new
10251-10254 was 10160-10163
10255-10256 was 10164-10165
10257-10282 was 10166-10191
10283-10284 was 10192-10193
10285 was 10193 endreplicate
10286-10315 was 10164-10193
10316-10390 was 10193-10267
10391-10392 new
10393-10435 was 10268-10310
10436-10437 new
10438-10519 was 10311-10392
10520-10521 was 10393-10394
10522-10547 was 10395-10420
10548-10549 was 10421-10422
10550 was 10422 endreplicate
10551-10580 was 10393-10422
10581-10729 was 10422-10570
10730-10731 new
10732-10739 was 10571-10578
10740-10741 was 10579-10580
10742-10778 was 10581-10617
10779-10780 was 10618-10619
10781 was 10619 endreplicate
10782-10822 was 10579-10619
10823-10959 was 10619-10755
