-- Catapult Ultra Synthesis: Report                                              
-- ------------------------- ---------------------------------------------------
-- Version:                  10.5c/896140 Production Release                     
-- Build Date:               Sun Sep  6 22:45:38 PDT 2020                        
                                                                                 
-- Generated by:             r0678912@amazone.esat.kuleuven.be                   
-- Generated date:           Tue Jul 20 21:59:24 CEST 2021                       

Solution Settings: mac.v7
  Current state: switching
  Project: Catapult
  
  Design Input Files Specified
    $PROJECT_HOME/mac.cpp
      $PROJECT_HOME/mac.h
        $MGC_HOME/shared/include/ac_int.h
        $MGC_HOME/shared/include/ac_fixed.h
        $MGC_HOME/shared/include/ac_channel.h
      $MGC_HOME/shared/include/mc_scverify.h
    $PROJECT_HOME/tb.cpp
  
  Processes/Blocks in Design
    Process       Real Operation(s) count Latency Throughput Reset Length II Comments 
    ------------- ----------------------- ------- ---------- ------------ -- --------
    /mac/core                          10       1          1            0  0          
    Design Total:                      10       1          1            0  1          
    
  Clock States
    Clock Name Clock State Name Period 
    ---------- ---------------- ------
    clk                                
    -                 (default)  10.00 
    
  Use Modes
    Use Mode Name Testbench Configuration Weight Activity Start Time Activity End Time Clock Mode (Clock) 
    ------------- ----------------------- ------ ------------------- ----------------- ------------------
    
  Switching Activity (Percent Asserted)
    Use Mode                   Flop Outputs User Nets 
    -------------------------- ------------ ---------
    pre_pwropt_default_Verilog          100       100 
    pre_pwropt_default_VHDL             100       100 
    
  Power Report (uW)
                               Memory Register Combinational Total Clock Network 
    -------------------------- ------ -------- ------------- ----- -------------
                                                                                 
                                                                                 
    pre_pwropt_default_Verilog                                                   
      Static                     0.00     1.34          5.85  7.23          0.04 
      Dynamic                    0.00    14.46         18.36 25.16          4.39 
      Total                      0.00    15.80         24.21 44.44          4.43 
                                                                                 
                                                                                 
      mac_core_inst                                                              
        Static                   0.00     1.34          5.85  7.23               
        Dynamic                  0.00    14.46         18.10 25.16               
        Total                    0.00    15.80         23.95 43.93               
                                                                                 
                                                                                 
    
                                                                                 
    pre_pwropt_default_VHDL                                                      
      Static                     0.00     1.34          5.85  7.23          0.04 
      Dynamic                    0.00    14.46         18.36 25.16          4.39 
      Total                      0.00    15.80         24.21 44.44          4.43 
                                                                                 
                                                                                 
      mac_core_inst                                                              
        Static                   0.00     1.34          5.85  7.23               
        Dynamic                  0.00    14.46         18.10 25.16               
        Total                    0.00    15.80         23.95 43.93               
                                                                                 
                                                                                 
    
  End of Report
