
New: /users/students/r0678912/Downloads/zigzag/hls_impl/PE/Catapult/SIF/calypto_opt_vhdl/iter_write_rtl/calypto_insert_stb_c/1/power_top_5_32_1_1_O_addr_type_L1_32_1_1_I_addr_type_L1_32_1_1_W_addr_type_L1_5_288_8_8_O_addr_type_L2_312_8_8_I_addr_type_L2_1728_8_8_W_addr_type_L2_5_8640_8_8_O_addr_type_L3_8640_8_8_I_addr_type_L3_55296_8_8_W_addr_type_L3_O_pa000000.vhdl
Old: /users/students/r0678912/Downloads/zigzag/hls_impl/PE/Catapult/SIF/power_top_5_32_1_1_O_addr_type_L1_32_1_1_I_addr_type_L1_32_1_1_W_addr_type_L1_5_288_8_8_O_addr_type_L2_312_8_8_I_addr_type_L2_1728_8_8_W_addr_type_L2_5_8640_8_8_O_addr_type_L3_8640_8_8_I_addr_type_L3_55296_8_8_W_addr_type_L3_O_pa000000.vhdl
1-1855 was 1-1855
1856-1857 new
1858-1867 was 1856-1865
1868-1869 was 1866-1867
1870-1878 new
1879-1881 was 1867-1869
1882-1883 new
1884-1891 was 1870-1877
1892 was 1878
1893-1900 new
1901-1940 was 1879-1918
1941-1951 new cginst top_5_32_1_1_O_addr_type_L1_32_1_1_I_addr_type_L1_32_1_1_W_addr_type_L1_5_288_8_8_O_addr_type_L2_312_8_8_I_addr_type_L2_1728_8_8_W_addr_type_L2_5_8640_8_8_O_addr_type_L3_8640_8_8_I_addr_type_L3_55296_8_8_W_addr_type_L3_O_partial_000001.PE.rf_5_32_32_32_1_1_1_1_1_1_O_partial_type_O_addr_type_L1_I_type_I_addr_type_L1_W_type_W_addr_type_L1_run_inst.rf_5_32_32_32_1_1_1_1_1_1_O_partial_type_O_addr_type_L1_I_type_I_addr_type_L1_W_type_W_addr_type_L1_run_I_wr_data_rsci_inst.rf_5_32_32_32_1_1_1_1_1_1_O_partial_type_O_addr_type_L1_I_type_I_addr_type_L1_W_type_W_addr_type_L1_run_I_wr_data_rsci_I_wr_data_wait_dp_inst.inst_cg_const_stb_topless_5comma_32comma
1952-1962 was 1919-1929
1963-1964 new
1965-1966 new
1967-1968 new
1969-1973 was 1930-1934
1974 new
1975 was 1935
1976 new
1977-1978 was 1936-1937
1979 new
1980 was 1938
1981 new
1982-3889 was 1939-3846
3890-3891 new
3892-3903 was 3847-3858
3904-3905 was 3859-3860
3906-3910 new
3911-3913 was 3860-3862
3914-3915 new
3916-3937 was 3863-3884
3938-3939 was 3885-3886
3940-3946 was 3887-3893
3947-3948 was 3894-3895
3949-3957 new
3958-3959 was 3895-3896
3960 was 3896 endreplicate
3961-3972 was 3885-3896
3973-3975 was 3896-3898
3976-3977 was 3899-3900
3978-3981 new
3982-4018 was 3901-3937
4019-4021 was 3938-3939
4022-4030 new
4031-4032 was 3939-3940
4033-4034 new
4035-4036 new
4037-5139 was 3941-5043
5140-5141 new
5142-5169 was 5044-5071
5170-5171 was 5072-5073
5172-5174 new
5175-5177 was 5073-5075
5178-5179 new
5180-6279 was 5076-6175
6280-6281 was 6176-6177
6282-6291 was 6178-6187
6292-6293 was 6188-6189
6294-6308 new
6309-6310 was 6189-6190
6311 was 6190 endreplicate
6312-6391 was 6176-6255
6392-6393 was 6256-6257
6394-6402 was 6258-6266
6403-6404 was 6267-6268
6405-6409 new
6410-6411 was 6268-6269
6412 was 6269 endreplicate
6413-6426 was 6256-6269
6427-6538 was 6269-6380
6539-6540 was 6381-6382
6541-6646 new
6647-6903 was 6383-6639
6904 new
6905-6907 was 6640-6642 rename topless_5comma_32comma_1comma_1comma_O_addr_type_L1comma_32comma_1comma_1comma_I_addr_type_L1comma_32comma_1comma_1comma_W_addr_type_L1comma_5comma_288comma_8comma_8comma_O_addr_type_L2comma_312comma_8comma_8comma_I_addr_type_L2c000153 to topless_5comma_32comma_1comma_1comma_O_addr_type_L1comma_32comma_1comma_1comma_I_addr_type_L1comma_32comma_1comma_1comma_W_addr_type_L1comma_5comma_288comma_8comma_8comma_O_addr_type_L2comma_312comma_8comma_8comma_I_addr_type_L2c000153_PP_0 for top_5_32_1_1_O_addr_type_L1_32_1_1_I_addr_type_L1_32_1_1_W_addr_type_L1_5_288_8_8_O_addr_type_L2_312_8_8_I_addr_type_L2_1728_8_8_W_addr_type_L2_5_8640_8_8_O_addr_type_L3_8640_8_8_I_addr_type_L3_55296_8_8_W_addr_type_L3_O_partial_000001.PE.rf_5_32_32_32_1_1_1_1_1_1_O_partial_type_O_addr_type_L1_I_type_I_addr_type_L1_W_type_W_addr_type_L1_run_inst.O_mac_pntr_cntInst_run_rg
6908-6917 was 6642-6651
6918-6920 was 6652-6653
6921-6935 new
6936-7060 was 6653-6777
7061-7063 was 6778-6779
7064-7068 new
7069-7985 was 6779-7695
7986-8041 new cginst top_5_32_1_1_O_addr_type_L1_32_1_1_I_addr_type_L1_32_1_1_W_addr_type_L1_5_288_8_8_O_addr_type_L2_312_8_8_I_addr_type_L2_1728_8_8_W_addr_type_L2_5_8640_8_8_O_addr_type_L3_8640_8_8_I_addr_type_L3_55296_8_8_W_addr_type_L3_O_partial_000001.PE.rf_5_32_32_32_1_1_1_1_1_1_O_partial_type_O_addr_type_L1_I_type_I_addr_type_L1_W_type_W_addr_type_L1_run_inst.inst_cg_const_stb_topless_5comma_32comma
8042-8438 was 7696-8092
8439 new
8440 was 8093
8441 new
8442-8443 was 8094-8095
8444 new
8445 was 8096
8446 new
8447 new
8448 was 8097
8449 new
8450 new
8451 was 8098
8452 new
8453 new
8454 was 8099
8455 new
8456 new
8457 was 8100
8458 new
8459 new
8460 was 8101
8461 new
8462 was 8102
8463 new
8464 was 8103
8465 new
8466 new
8467 was 8104
8468 new
8469-8470 was 8105-8106
8471 new
8472 was 8107
8473 new
8474 new
8475 was 8108
8476 new
8477 new
8478 was 8109
8479 new
8480 new
8481 was 8110
8482 new
8483-8485 was 8111-8113
8486 new
8487 was 8114
8488 new
8489-8490 was 8115-8116
8491 new
8492 was 8117
8493 was 8118
8494 new
8495 new
8496 was 8119
8497 was 8120
8498 new
8499 new
8500 was 8121
8501 was 8122
8502 new
8503 new
8504 was 8123
8505 was 8124
8506 new
8507 new
8508 was 8125
8509 was 8126
8510 new
8511 new
8512 was 8127
8513 was 8128
8514 new
8515-8516 was 8129-8130
8517 new
8518 was 8131
8519 was 8132
8520 new
8521 new
8522 was 8133
8523 was 8134
8524 new
8525-8528 was 8135-8138
8529 new
8530 was 8139
8531 was 8140
8532 new
8533 new
8534 was 8141
8535 was 8142
8536 new
8537 new
8538 was 8143
8539 was 8144
8540 new
8541 new
8542 was 8145
8543 was 8146
8544 new
8545-9363 was 8147-8965
9364 new
9365 was 8966
9366 new
9367 was 8967
9368 new
9369 was 8968
9370 new
9371-9415 was 8969-9013
9416 new
9417 was 9014
9418 new
9419 new
9420 was 9015
9421 new
9422 new
9423 was 9016
9424 new
9425 new
9426 was 9017
9427 new
9428 new
9429 was 9018
9430 new
9431 new
9432 was 9019
9433 new
9434-9437 was 9020-9023
9438 new
9439 was 9024
9440 new
9441 new
9442 was 9025
9443 new
9444 new
9445 was 9026
9446 new
9447-9449 was 9027-9029
9450 new
9451 was 9030
9452 was 9031
9453 new
9454 new
9455 was 9032
9456 was 9033
9457 new
9458 new
9459 was 9034
9460 was 9035
9461 new
9462 new
9463 was 9036
9464 was 9037
9465 new
9466 new
9467 was 9038
9468 was 9039
9469 new
9470 new
9471 was 9040
9472 was 9041
9473 new
9474-9481 was 9042-9049
9482 new
9483 was 9050
9484 was 9051
9485 new
9486 new
9487 was 9052
9488 was 9053
9489 new
9490 new
9491 was 9054
9492 was 9055
9493 new
9494-9877 was 9056-9439
9878-9879 new
9880-9881 new
9882-9883 new
9884-9885 new
9886-9887 new
9888-9889 new
9890-9891 new
9892-9893 new
9894-9895 new
9896-9897 new
9898-9899 new
9900-9901 new
9902-9903 new
9904-9905 new
9906-9907 new
9908-9909 new
9910-9911 new
9912-9913 new
9914-9915 new
9916-9917 new
9918-9919 new
9920-9921 new
9922-9923 new
9924-9925 new
9926-9927 new
9928-9929 new
9930-10617 was 9440-10127
10618-10619 new
10620-10647 was 10128-10155
10648-10649 was 10156-10157
10650-10652 new
10653-10655 was 10157-10159
10656-10657 new
10658-10661 was 10160-10163
10662-10663 was 10164-10165
10664-10688 was 10166-10190
10689-10690 was 10191-10192
10691-10693 new
10694-10695 was 10192-10193
10696 was 10193 endreplicate
10697-10726 was 10164-10193
10727-10771 was 10193-10237
10772-10774 was 10238-10239
10775-10777 new
10778-10806 was 10239-10267
10807-10808 new
10809-10847 was 10268-10306
10848-10849 was 10307-10308
10850-10852 new
10853-10855 was 10308-10310
10856-10857 new
10858-10939 was 10311-10392
10940-10941 was 10393-10394
10942-10966 was 10395-10419
10967-10968 was 10420-10421
10969-10971 new
10972-10973 was 10421-10422
10974 was 10422 endreplicate
10975-11004 was 10393-10422
11005-11096 was 10422-10513
11097-11099 was 10514-10515
11100-11102 new
11103-11158 was 10515-10570
11159-11160 new
11161-11168 was 10571-10578
11169-11170 was 10579-10580
11171-11206 was 10581-10616
11207-11208 was 10617-10618
11209-11211 new
11212-11213 was 10618-10619
11214 was 10619 endreplicate
11215-11255 was 10579-10619
11256-11298 was 10619-10661
11299-11300 was 10662-10663
11301-11304 new
11305-11345 was 10664-10704
11346-11348 was 10705-10706
11349-11351 new
11352-11396 was 10706-10750
11397-11398 new
11399-11403 new cginst top_5_32_1_1_O_addr_type_L1_32_1_1_I_add
11404-11408 was 10751-10755

New: /users/students/r0678912/Downloads/zigzag/hls_impl/PE/Catapult/SIF/calypto_opt_vhdl/iter_write_rtl/calypto_insert_stb_c/1/power_top_5_32_1_1_O_addr_type_L1_32_1_1_I_addr_type_L1_32_1_1_W_addr_type_L1_5_288_8_8_O_addr_type_L2_312_8_8_I_addr_type_L2_1728_8_8_W_addr_type_L2_5_8640_8_8_O_addr_type_L3_8640_8_8_I_addr_type_L3_55296_8_8_W_addr_type_L3_O_pa000005.vhdl
Old: /users/students/r0678912/Downloads/zigzag/hls_impl/PE/Catapult/SIF/power_top_5_32_1_1_O_addr_type_L1_32_1_1_I_addr_type_L1_32_1_1_W_addr_type_L1_5_288_8_8_O_addr_type_L2_312_8_8_I_addr_type_L2_1728_8_8_W_addr_type_L2_5_8640_8_8_O_addr_type_L3_8640_8_8_I_addr_type_L3_55296_8_8_W_addr_type_L3_O_pa000005.vhdl
1-14 was 1-14
15-19 was 15-19
20-21 new
22 new
23-24 was 20-21 replicate topless_5comma_32comma_1comma_1comma_O_addr_type_L1comma_32comma_1comma_1comma_I_addr_type_L1comma_32comma_1comma_1comma_W_addr_type_L1comma_5comma_288comma_8comma_8comma_O_addr_type_L2comma_312comma_8comma_8comma_I_addr_type_L2c000153 to topless_5comma_32comma_1comma_1comma_O_addr_type_L1comma_32comma_1comma_1comma_I_addr_type_L1comma_32comma_1comma_1comma_W_addr_type_L1comma_5comma_288comma_8comma_8comma_O_addr_type_L2comma_312comma_8comma_8comma_I_addr_type_L2c000153_PP_0 for top_5_32_1_1_O_addr_type_L1_32_1_1_I_addr_type_L1_32_1_1_W_addr_type_L1_5_288_8_8_O_addr_type_L2_312_8_8_I_addr_type_L2_1728_8_8_W_addr_type_L2_5_8640_8_8_O_addr_type_L3_8640_8_8_I_addr_type_L3_55296_8_8_W_addr_type_L3_O_partial_000001.PE.rf_5_32_32_32_1_1_1_1_1_1_O_partial_type_O_addr_type_L1_I_type_I_addr_type_L1_W_type_W_addr_type_L1_run_inst.O_mac_pntr_cntInst_run_rg
25-34 was 22-31
35-36 was 32-33
37-51 new
52 was 33
53 was 34
54 was 34 endreplicate
55-75 was 15-35
76 was 36
77-258 was 36-217
259 was 218
260-273 new
274-640 was 219-585
641-642 new
643-644 new
645-646 new
647-648 new
649-650 new
651-652 new
653-654 new
655-656 new
657-658 new
659-660 new
661-662 new
663-664 new
665-666 new
667-668 new
669-671 was 586-588 endreplicate
672-1227 was 36-591
