
New: /users/students/r0678912/Downloads/zigzag/hls_impl/PE/Catapult/SIF/calypto_opt_vhdl/iter_write_rtl/calypto_insert_stb_s/3/power_top_5_32_1_1_O_addr_type_L1_32_1_1_I_addr_type_L1_32_1_1_W_addr_type_L1_5_288_8_8_O_addr_type_L2_312_8_8_I_addr_type_L2_1728_8_8_W_addr_type_L2_5_8640_8_8_O_addr_type_L3_8640_8_8_I_addr_type_L3_55296_8_8_W_addr_type_L3_O_pa000000.vhdl
Old: /users/students/r0678912/Downloads/zigzag/hls_impl/PE/Catapult/SIF/power_top_5_32_1_1_O_addr_type_L1_32_1_1_I_addr_type_L1_32_1_1_W_addr_type_L1_5_288_8_8_O_addr_type_L2_312_8_8_I_addr_type_L2_1728_8_8_W_addr_type_L2_5_8640_8_8_O_addr_type_L3_8640_8_8_I_addr_type_L3_55296_8_8_W_addr_type_L3_O_pa000000.vhdl
1-5043 was 1-5043
5044-5045 new
5046-5073 was 5044-5071
5074-5075 was 5072-5073
5076-5078 new
5079-5081 was 5073-5075
5082-5083 new
5084-6183 was 5076-6175
6184-6185 was 6176-6177
6186-6195 was 6178-6187
6196-6197 was 6188-6189
6198-6228 new
6229-6230 was 6189-6190
6231 was 6190 endreplicate
6232-6436 was 6176-6380
6437-6438 was 6381-6382
6439-6476 new
6477-6733 was 6383-6639
6734 new
6735-6737 was 6640-6642 rename topless_5comma_32comma_1comma_1comma_O_addr_type_L1comma_32comma_1comma_1comma_I_addr_type_L1comma_32comma_1comma_1comma_W_addr_type_L1comma_5comma_288comma_8comma_8comma_O_addr_type_L2comma_312comma_8comma_8comma_I_addr_type_L2c000153 to topless_5comma_32comma_1comma_1comma_O_addr_type_L1comma_32comma_1comma_1comma_I_addr_type_L1comma_32comma_1comma_1comma_W_addr_type_L1comma_5comma_288comma_8comma_8comma_O_addr_type_L2comma_312comma_8comma_8comma_I_addr_type_L2c000153_PP_0 for top_5_32_1_1_O_addr_type_L1_32_1_1_I_addr_type_L1_32_1_1_W_addr_type_L1_5_288_8_8_O_addr_type_L2_312_8_8_I_addr_type_L2_1728_8_8_W_addr_type_L2_5_8640_8_8_O_addr_type_L3_8640_8_8_I_addr_type_L3_55296_8_8_W_addr_type_L3_O_partial_000001.PE.rf_5_32_32_32_1_1_1_1_1_1_O_partial_type_O_addr_type_L1_I_type_I_addr_type_L1_W_type_W_addr_type_L1_run_inst.O_mac_pntr_cntInst_run_rg
6738-6747 was 6642-6651
6748-6750 was 6652-6653
6751-6781 new
6782-7824 was 6653-7695
7825-7847 new cginst top_5_32_1_1_O_addr_type_L1_32_1_1_I_addr_type_L1_32_1_1_W_addr_type_L1_5_288_8_8_O_addr_type_L2_312_8_8_I_addr_type_L2_1728_8_8_W_addr_type_L2_5_8640_8_8_O_addr_type_L3_8640_8_8_I_addr_type_L3_55296_8_8_W_addr_type_L3_O_partial_000001.PE.rf_5_32_32_32_1_1_1_1_1_1_O_partial_type_O_addr_type_L1_I_type_I_addr_type_L1_W_type_W_addr_type_L1_run_inst.inst_cg_sym_stb_topless_5comma_32comma_1
7848-8247 was 7696-8095
8248 new
8249 was 8096
8250 new
8251 new
8252 was 8097
8253 new
8254 new
8255 was 8098
8256 new
8257 new
8258 was 8099
8259 new
8260 new
8261 was 8100
8262 new
8263-8278 was 8101-8116
8279 new
8280 was 8117
8281 was 8118
8282 new
8283 new
8284 was 8119
8285 was 8120
8286 new
8287 new
8288 was 8121
8289 was 8122
8290 new
8291 new
8292 was 8123
8293 was 8124
8294 new
8295 new
8296 was 8125
8297 was 8126
8298 new
8299-9611 was 8127-9439
9612-9613 new
9614-9615 new
9616-9617 new
9618-10305 was 9440-10127
10306-10307 new
10308-10335 was 10128-10155
10336-10337 was 10156-10157
10338-10340 new
10341-10343 was 10157-10159
10344-10345 new
10346-10349 was 10160-10163
10350-10351 was 10164-10165
10352-10376 was 10166-10190
10377-10378 was 10191-10192
10379-10381 new
10382-10383 was 10192-10193
10384 was 10193 endreplicate
10385-10414 was 10164-10193
10415-10459 was 10193-10237
10460-10462 was 10238-10239
10463-10465 new
10466-10494 was 10239-10267
10495-10496 new
10497-10535 was 10268-10306
10536-10537 was 10307-10308
10538-10540 new
10541-10543 was 10308-10310
10544-10545 new
10546-10627 was 10311-10392
10628-10629 was 10393-10394
10630-10654 was 10395-10419
10655-10656 was 10420-10421
10657-10659 new
10660-10661 was 10421-10422
10662 was 10422 endreplicate
10663-10692 was 10393-10422
10693-10784 was 10422-10513
10785-10787 was 10514-10515
10788-10790 new
10791-10846 was 10515-10570
10847-10848 new
10849-10856 was 10571-10578
10857-10858 was 10579-10580
10859-10894 was 10581-10616
10895-10896 was 10617-10618
10897-10899 new
10900-10901 was 10618-10619
10902 was 10619 endreplicate
10903-10943 was 10579-10619
10944-10986 was 10619-10661
10987-10988 was 10662-10663
10989-10990 new
10991-11031 was 10664-10704
11032-11034 was 10705-10706
11035-11037 new
11038-11087 was 10706-10755

New: /users/students/r0678912/Downloads/zigzag/hls_impl/PE/Catapult/SIF/calypto_opt_vhdl/iter_write_rtl/calypto_insert_stb_s/3/power_top_5_32_1_1_O_addr_type_L1_32_1_1_I_addr_type_L1_32_1_1_W_addr_type_L1_5_288_8_8_O_addr_type_L2_312_8_8_I_addr_type_L2_1728_8_8_W_addr_type_L2_5_8640_8_8_O_addr_type_L3_8640_8_8_I_addr_type_L3_55296_8_8_W_addr_type_L3_O_pa000005.vhdl
Old: /users/students/r0678912/Downloads/zigzag/hls_impl/PE/Catapult/SIF/power_top_5_32_1_1_O_addr_type_L1_32_1_1_I_addr_type_L1_32_1_1_W_addr_type_L1_5_288_8_8_O_addr_type_L2_312_8_8_I_addr_type_L2_1728_8_8_W_addr_type_L2_5_8640_8_8_O_addr_type_L3_8640_8_8_I_addr_type_L3_55296_8_8_W_addr_type_L3_O_pa000005.vhdl
1-14 was 1-14
15-19 was 15-19
20-21 new
22 new
23-24 was 20-21 replicate topless_5comma_32comma_1comma_1comma_O_addr_type_L1comma_32comma_1comma_1comma_I_addr_type_L1comma_32comma_1comma_1comma_W_addr_type_L1comma_5comma_288comma_8comma_8comma_O_addr_type_L2comma_312comma_8comma_8comma_I_addr_type_L2c000153 to topless_5comma_32comma_1comma_1comma_O_addr_type_L1comma_32comma_1comma_1comma_I_addr_type_L1comma_32comma_1comma_1comma_W_addr_type_L1comma_5comma_288comma_8comma_8comma_O_addr_type_L2comma_312comma_8comma_8comma_I_addr_type_L2c000153_PP_0 for top_5_32_1_1_O_addr_type_L1_32_1_1_I_addr_type_L1_32_1_1_W_addr_type_L1_5_288_8_8_O_addr_type_L2_312_8_8_I_addr_type_L2_1728_8_8_W_addr_type_L2_5_8640_8_8_O_addr_type_L3_8640_8_8_I_addr_type_L3_55296_8_8_W_addr_type_L3_O_partial_000001.PE.rf_5_32_32_32_1_1_1_1_1_1_O_partial_type_O_addr_type_L1_I_type_I_addr_type_L1_W_type_W_addr_type_L1_run_inst.O_mac_pntr_cntInst_run_rg
25-34 was 22-31
35-36 was 32-33
37-67 new
68 was 33
69 was 34
70 was 34 endreplicate
71-91 was 15-35
92 was 36
93-274 was 36-217
275 was 218
276-305 new
306-672 was 219-585
673-674 new
675-676 new
677-678 new
679-680 new
681-682 new
683-684 new
685-686 new
687-688 new
689-690 new
691-692 new
693-694 new
695-696 new
697-698 new
699-700 new
701-702 new
703-704 new
705-706 new
707-708 new
709-710 new
711-712 new
713-714 new
715-716 new
717-718 new
719-720 new
721-722 new
723-724 new
725-726 new
727-728 new
729-730 new
731-732 new
733-735 was 586-588 endreplicate
736-1291 was 36-591
