
New: /users/students/r0678912/Downloads/zigzag/hls_impl/PE/Catapult/SIF/powerpro_v/power_top_5_32_1_1_O_addr_type_L1_32_1_1_I_addr_type_L1_32_1_1_W_addr_type_L1_5_288_8_8_O_addr_type_L2_312_8_8_I_addr_type_L2_1728_8_8_W_addr_type_L2_5_8640_8_8_O_addr_type_L3_8640_8_8_I_addr_type_L3_55296_8_8_W_addr_type_L3_O_pa000000.v
Old: /users/students/r0678912/Downloads/zigzag/hls_impl/PE/Catapult/SIF/power_top_5_32_1_1_O_addr_type_L1_32_1_1_I_addr_type_L1_32_1_1_W_addr_type_L1_5_288_8_8_O_addr_type_L2_312_8_8_I_addr_type_L2_1728_8_8_W_addr_type_L2_5_8640_8_8_O_addr_type_L3_8640_8_8_I_addr_type_L3_55296_8_8_W_addr_type_L3_O_pa000000.v
1-1354 was 1-1354
1355 was 1355
1356 new
1357-1365 was 1356-1364
1366-1369 new cginst top_5_32_1_1_O_addr_type_L1_32_1_1_I_addr_type_L1_32_1_1_W_addr_type_L1_5_288_8_8_O_addr_type_L2_312_8_8_I_addr_type_L2_1728_8_8_W_addr_type_L2_5_8640_8_8_O_addr_type_L3_8640_8_8_I_addr_type_L3_55296_8_8_W_addr_type_L3_O_partial_000001.PE.rf_5_32_32_32_1_1_1_1_1_1_O_partial_type_O_addr_type_L1_I_type_I_addr_type_L1_W_type_W_addr_type_L1_run_inst.rf_5_32_32_32_1_1_1_1_1_1_O_partial_type_O_addr_type_L1_I_type_I_addr_type_L1_W_type_W_addr_type_L1_run_W_wr_data_rsci_inst.rf_5_32_32_32_1_1_1_1_1_1_O_partial_type_O_addr_type_L1_I_type_I_addr_type_L1_W_type_W_addr_type_L1_run_W_wr_data_rsci_W_wr_data_wait_dp_inst.inst_cg_obs_topless_5comma_32comma_1comm
1370-1380 was 1365-1375
1381 new
1382-1385 was 1376-1379
1386 new
1387-1459 was 1380-1452
1460 was 1453
1461-1470 new
1471-1478 was 1454-1461
1479 was 1462
1480-1484 new
1485-1490 was 1463-1468
1491 was 1469
1492 new
1493-1501 was 1470-1478
1502-1512 new cginst top_5_32_1_1_O_addr_type_L1_32_1_1_I_addr_type_L1_32_1_1_W_addr_type_L1_5_288_8_8_O_addr_type_L2_312_8_8_I_addr_type_L2_1728_8_8_W_addr_type_L2_5_8640_8_8_O_addr_type_L3_8640_8_8_I_addr_type_L3_55296_8_8_W_addr_type_L3_O_partial_000001.PE.rf_5_32_32_32_1_1_1_1_1_1_O_partial_type_O_addr_type_L1_I_type_I_addr_type_L1_W_type_W_addr_type_L1_run_inst.rf_5_32_32_32_1_1_1_1_1_1_O_partial_type_O_addr_type_L1_I_type_I_addr_type_L1_W_type_W_addr_type_L1_run_I_wr_data_rsci_inst.rf_5_32_32_32_1_1_1_1_1_1_O_partial_type_O_addr_type_L1_I_type_I_addr_type_L1_W_type_W_addr_type_L1_run_I_wr_data_rsci_I_wr_data_wait_dp_inst.inst_cg_obs_topless_5comma_32comma_1comm
1513-1523 was 1479-1489
1524 new
1525-1528 was 1490-1493
1529 new
1530-1686 was 1494-1650
1687 was 1651
1688-1693 new
1694-1701 was 1652-1659
1702 was 1660
1703-1705 new
1706-1711 was 1661-1666
1712 was 1667
1713 new
1714-1722 was 1668-1676
1723-1731 new cginst top_5_32_1_1_O_addr_type_L1_32_1_1_I_addr_type_L1_32_1_1_W_addr_type_L1_5_288_8_8_O_addr_type_L2_312_8_8_I_addr_type_L2_1728_8_8_W_addr_type_L2_5_8640_8_8_O_addr_type_L3_8640_8_8_I_addr_type_L3_55296_8_8_W_addr_type_L3_O_partial_000001.PE.rf_5_32_32_32_1_1_1_1_1_1_O_partial_type_O_addr_type_L1_I_type_I_addr_type_L1_W_type_W_addr_type_L1_run_inst.rf_5_32_32_32_1_1_1_1_1_1_O_partial_type_O_addr_type_L1_I_type_I_addr_type_L1_W_type_W_addr_type_L1_run_O_wr_data_rsci_inst.rf_5_32_32_32_1_1_1_1_1_1_O_partial_type_O_addr_type_L1_I_type_I_addr_type_L1_W_type_W_addr_type_L1_run_O_wr_data_rsci_O_wr_data_wait_dp_inst.inst_cg_obs_topless_5comma_32comma_1comm
1732-1741 was 1677-1686
1742 new
1743 was 1687
1744 new
1745-1747 was 1688-1690
1748 new
1749 was 1691
1750 new
1751-2795 was 1692-2736
2796 was 2737
2797-2802 new
2803-2812 was 2738-2747
2813 was 2748
2814-2816 new
2817-2855 was 2749-2787
2856 was 2788
2857-2866 new
2867-2937 was 2789-2859
2938 was 2860
2939-2940 new
2941-2950 was 2861-2870
2951 was 2871
2952 new
2953-2991 was 2872-2910
2992 was 2911
2993-2998 new
2999-3623 was 2912-3536
3624 was 3537
3625-3626 new
3627-3652 was 3538-3563
3653 was 3564
3654 new
3655-4774 was 3565-4684
4775 was 4685
4776-4802 new
4803-4805 was 4686-4688
4806 new
4807-4808 was 4689-4690 rename topless_5comma_32comma_1comma_1comma_O_addr_type_L1comma_32comma_1comma_1comma_I_addr_type_L1comma_32comma_1comma_1comma_W_addr_type_L1comma_5comma_288comma_8comma_8comma_O_addr_type_L2comma_312comma_8comma_8comma_I_addr_type_L2c000151 to topless_5comma_32comma_1comma_1comma_O_addr_type_L1comma_32comma_1comma_1comma_I_addr_type_L1comma_32comma_1comma_1comma_W_addr_type_L1comma_5comma_288comma_8comma_8comma_O_addr_type_L2comma_312comma_8comma_8comma_I_addr_type_L2c000151_PP_0 for top_5_32_1_1_O_addr_type_L1_32_1_1_I_addr_type_L1_32_1_1_W_addr_type_L1_5_288_8_8_O_addr_type_L2_312_8_8_I_addr_type_L2_1728_8_8_W_addr_type_L2_5_8640_8_8_O_addr_type_L3_8640_8_8_I_addr_type_L3_55296_8_8_W_addr_type_L3_O_partial_000001.PE.rf_5_32_32_32_1_1_1_1_1_1_O_partial_type_O_addr_type_L1_I_type_I_addr_type_L1_W_type_W_addr_type_L1_run_inst.O_mac_pntr_cntInst_run_rg
4809-4818 was 4691-4700
4819 was 4701
4820-4833 new
4834-4874 was 4702-4742
4875 was 4743
4876-4877 new
4878-4904 was 4744-4770
4905 was 4771
4906-4911 new
4912-5795 was 4772-5655
5796-5800 new cginst top_5_32_1_1_O_addr_type_L1_32_1_1_I_addr_type_L1_32_1_1_W_addr_type_L1_5_288_8_8_O_addr_type_L2_312_8_8_I_addr_type_L2_1728_8_8_W_addr_type_L2_5_8640_8_8_O_addr_type_L3_8640_8_8_I_addr_type_L3_55296_8_8_W_addr_type_L3_O_partial_000001.PE.rf_5_32_32_32_1_1_1_1_1_1_O_partial_type_O_addr_type_L1_I_type_I_addr_type_L1_W_type_W_addr_type_L1_run_inst.inst_cg_obs_topless_5comma_32comma_1comm
5801-5853 new cginst top_5_32_1_1_O_addr_type_L1_32_1_1_I_addr_type_L1_32_1_1_W_addr_type_L1_5_288_8_8_O_addr_type_L2_312_8_8_I_addr_type_L2_1728_8_8_W_addr_type_L2_5_8640_8_8_O_addr_type_L3_8640_8_8_I_addr_type_L3_55296_8_8_W_addr_type_L3_O_partial_000001.PE.rf_5_32_32_32_1_1_1_1_1_1_O_partial_type_O_addr_type_L1_I_type_I_addr_type_L1_W_type_W_addr_type_L1_run_inst.inst_cg_const_stb_topless_5comma_32comma
5854-6178 was 5656-5980
6179 new
6180-6182 was 5981-5983
6183 new
6184 was 5984
6185 new
6186 was 5985
6187 new
6188 was 5986
6189 new
6190 was 5987
6191 new
6192 was 5988
6193 new
6194-6195 was 5989-5990
6196 new
6197 was 5991
6198 new
6199-6201 was 5992-5994
6202 new
6203 was 5995
6204 new
6205 was 5996
6206 new
6207 was 5997
6208 new
6209-6213 was 5998-6002
6214 new
6215-6217 was 6003-6005
6218 new
6219 was 6006
6220 new
6221 was 6007
6222 new
6223 was 6008
6224 new
6225 was 6009
6226 new
6227 was 6010
6228 new
6229-6230 was 6011-6012
6231 new
6232 was 6013
6233 new
6234-6236 was 6014-6016
6237 new
6238 was 6017
6239 new
6240 was 6018
6241 new
6242 was 6019
6243 new
6244-6793 was 6020-6569
6794-6795 new
6796 was 6570
6797 new
6798-6799 was 6571-6572
6800-6801 new
6802 was 6573
6803 new
6804-6879 was 6574-6649
6880-6881 new
6882 was 6650
6883 new
6884-6885 was 6651-6652
6886-6887 new
6888 was 6653
6889 new
6890-6924 was 6654-6688
6925 new
6926 was 6689
6927 new
6928 was 6690
6929 new
6930 was 6691
6931 new
6932 was 6692
6933 new
6934 was 6693
6935 new
6936-6940 was 6694-6698
6941 new
6942 was 6699
6943 new
6944 was 6700
6945 new
6946-6950 was 6701-6705
6951 new
6952-6953 was 6706-6707
6954 new
6955-6956 was 6708-6709
6957 new
6958-6959 was 6710-6711
6960 new
6961-6962 was 6712-6713
6963 new
6964-6965 was 6714-6715
6966 new
6967-6976 was 6716-6725
6977 new
6978-6979 was 6726-6727
6980 new
6981-6982 was 6728-6729
6983 new
6984-7889 was 6730-7635
7890 was 7636
7891-7892 new
7893-7918 was 7637-7662
7919 was 7663
7920 new
7921-7952 was 7664-7695
7953 was 7696
7954-7955 new
7956-7977 was 7697-7718
7978 was 7719
7979-7980 new
7981-8017 was 7720-7756
8018 was 7757
8019 new
8020-8126 was 7758-7864
8127 was 7865
8128-8129 new
8130-8230 was 7866-7966
8231 was 7967
8232 new
8233-8273 was 7968-8008
8274 was 8009
8275-8276 new
8277 was 8010
8278-8280 new cginst top_5_32_1_1_O_addr_type_L1_32_1_1_I_add
8281-8285 was 8011-8015

New: /users/students/r0678912/Downloads/zigzag/hls_impl/PE/Catapult/SIF/powerpro_v/power_top_5_32_1_1_O_addr_type_L1_32_1_1_I_addr_type_L1_32_1_1_W_addr_type_L1_5_288_8_8_O_addr_type_L2_312_8_8_I_addr_type_L2_1728_8_8_W_addr_type_L2_5_8640_8_8_O_addr_type_L3_8640_8_8_I_addr_type_L3_55296_8_8_W_addr_type_L3_O_pa000005.v
Old: /users/students/r0678912/Downloads/zigzag/hls_impl/PE/Catapult/SIF/power_top_5_32_1_1_O_addr_type_L1_32_1_1_I_addr_type_L1_32_1_1_W_addr_type_L1_5_288_8_8_O_addr_type_L2_312_8_8_I_addr_type_L2_1728_8_8_W_addr_type_L2_5_8640_8_8_O_addr_type_L3_8640_8_8_I_addr_type_L3_55296_8_8_W_addr_type_L3_O_pa000005.v
1-15 was 1-15
16 new
17 was 16 replicate topless_5comma_32comma_1comma_1comma_O_addr_type_L1comma_32comma_1comma_1comma_I_addr_type_L1comma_32comma_1comma_1comma_W_addr_type_L1comma_5comma_288comma_8comma_8comma_O_addr_type_L2comma_312comma_8comma_8comma_I_addr_type_L2c000151 to topless_5comma_32comma_1comma_1comma_O_addr_type_L1comma_32comma_1comma_1comma_I_addr_type_L1comma_32comma_1comma_1comma_W_addr_type_L1comma_5comma_288comma_8comma_8comma_O_addr_type_L2comma_312comma_8comma_8comma_I_addr_type_L2c000151_PP_0 for top_5_32_1_1_O_addr_type_L1_32_1_1_I_addr_type_L1_32_1_1_W_addr_type_L1_5_288_8_8_O_addr_type_L2_312_8_8_I_addr_type_L2_1728_8_8_W_addr_type_L2_5_8640_8_8_O_addr_type_L3_8640_8_8_I_addr_type_L3_55296_8_8_W_addr_type_L3_O_partial_000001.PE.rf_5_32_32_32_1_1_1_1_1_1_O_partial_type_O_addr_type_L1_I_type_I_addr_type_L1_W_type_W_addr_type_L1_run_inst.O_mac_pntr_cntInst_run_rg
18 was 17
19 was 18
20-33 new
34-44 was 19-29
45 was 30
46-52 new
53-521 was 31-499
522-523 new
524-525 new
526-527 new
528-529 new
530-531 new
532-533 new
534-535 new
536-637 was 500-601 endreplicate
638-1226 was 16-604
