
New: /users/students/r0678912/Downloads/zigzag/hls_impl/PE/Catapult/SIF/calypto_opt_vhdl/iter_write_rtl/calypto_insert_obs/7/power_top_5_32_1_1_O_addr_type_L1_32_1_1_I_addr_type_L1_32_1_1_W_addr_type_L1_5_288_8_8_O_addr_type_L2_312_8_8_I_addr_type_L2_1728_8_8_W_addr_type_L2_5_8640_8_8_O_addr_type_L3_8640_8_8_I_addr_type_L3_55296_8_8_W_addr_type_L3_O_pa000000.vhdl
Old: /users/students/r0678912/Downloads/zigzag/hls_impl/PE/Catapult/SIF/power_top_5_32_1_1_O_addr_type_L1_32_1_1_I_addr_type_L1_32_1_1_W_addr_type_L1_5_288_8_8_O_addr_type_L2_312_8_8_I_addr_type_L2_1728_8_8_W_addr_type_L2_5_8640_8_8_O_addr_type_L3_8640_8_8_I_addr_type_L3_55296_8_8_W_addr_type_L3_O_pa000000.vhdl
1-2093 was 1-2093
2094-2095 new
2096-2105 was 2094-2103
2106-2107 was 2104-2105
2108-2114 new
2115-2117 was 2105-2107
2118-2119 new
2120-2127 was 2108-2115
2128 was 2116
2129-2138 new
2139-2178 was 2117-2156
2179-2189 new cginst top_5_32_1_1_O_addr_type_L1_32_1_1_I_addr_type_L1_32_1_1_W_addr_type_L1_5_288_8_8_O_addr_type_L2_312_8_8_I_addr_type_L2_1728_8_8_W_addr_type_L2_5_8640_8_8_O_addr_type_L3_8640_8_8_I_addr_type_L3_55296_8_8_W_addr_type_L3_O_partial_000001.PE.rf_5_32_32_32_1_1_1_1_1_1_O_partial_type_O_addr_type_L1_I_type_I_addr_type_L1_W_type_W_addr_type_L1_run_inst.rf_5_32_32_32_1_1_1_1_1_1_O_partial_type_O_addr_type_L1_I_type_I_addr_type_L1_W_type_W_addr_type_L1_run_O_wr_data_rsci_inst.rf_5_32_32_32_1_1_1_1_1_1_O_partial_type_O_addr_type_L1_I_type_I_addr_type_L1_W_type_W_addr_type_L1_run_O_wr_data_rsci_O_wr_data_wait_dp_inst.inst_cg_obs_topless_5comma_32comma_1comm
2190-2200 was 2157-2167
2201-2202 new
2203-2204 new
2205-2206 new
2207-2208 new
2209-2212 was 2168-2171
2213 new
2214 was 2172
2215 new
2216 new
2217 was 2173
2218 new
2219 was 2174
2220 new
2221 was 2175
2222 new
2223 new
2224 was 2176
2225 new
2226-4103 was 2177-4054
4104-4105 new
4106-4117 was 4055-4066
4118-4119 was 4067-4068
4120-4122 new
4123-4125 was 4068-4070
4126-4127 new
4128-4149 was 4071-4092
4150-4151 was 4093-4094
4152-4158 was 4095-4101
4159-4160 was 4102-4103
4161-4167 new
4168-4169 was 4103-4104
4170 was 4104 endreplicate
4171-4182 was 4093-4104
4183-4185 was 4104-4106
4186-4187 was 4107-4108
4188-4191 new
4192-4228 was 4109-4145
4229-4231 was 4146-4147
4232-4238 new
4239-4240 was 4147-4148
4241-4242 new
4243-4244 new
4245-5139 was 4149-5043
5140-5141 new
5142-5173 was 5044-5075
5174-5175 new
5176-6317 was 5076-6217
6318-6319 was 6218-6219
6320-6328 was 6220-6228
6329-6330 was 6229-6230
6331-6333 new
6334-6335 was 6230-6231
6336 was 6231 endreplicate
6337-6350 was 6218-6231
6351-6500 was 6231-6380
6501-6502 was 6381-6382
6503-6504 new
6505-6863 was 6383-6741
6864-6866 was 6742-6743
6867-6869 new
6870-9566 was 6743-9439
9567-9568 new
9569-10256 was 9440-10127
10257-10258 new
10259-10290 was 10128-10159
10291-10292 new
10293-10296 was 10160-10163
10297-10298 was 10164-10165
10299-10324 was 10166-10191
10325-10326 was 10192-10193
10327 was 10193 endreplicate
10328-10357 was 10164-10193
10358-10432 was 10193-10267
10433-10434 new
10435-10477 was 10268-10310
10478-10479 new
10480-10561 was 10311-10392
10562-10563 was 10393-10394
10564-10589 was 10395-10420
10590-10591 was 10421-10422
10592 was 10422 endreplicate
10593-10622 was 10393-10422
10623-10771 was 10422-10570
10772-10773 new
10774-10781 was 10571-10578
10782-10783 was 10579-10580
10784-10820 was 10581-10617
10821-10822 was 10618-10619
10823 was 10619 endreplicate
10824-10864 was 10579-10619
10865-11001 was 10619-10755
