
New: /users/students/r0678912/Downloads/zigzag/hls_impl/PE/Catapult/SIF/calypto_opt_vhdl/iter_write_rtl/calypto_insert_stb_c/6/power_top_5_32_1_1_O_addr_type_L1_32_1_1_I_addr_type_L1_32_1_1_W_addr_type_L1_5_288_8_8_O_addr_type_L2_312_8_8_I_addr_type_L2_1728_8_8_W_addr_type_L2_5_8640_8_8_O_addr_type_L3_8640_8_8_I_addr_type_L3_55296_8_8_W_addr_type_L3_O_pa000000.vhdl
Old: /users/students/r0678912/Downloads/zigzag/hls_impl/PE/Catapult/SIF/power_top_5_32_1_1_O_addr_type_L1_32_1_1_I_addr_type_L1_32_1_1_W_addr_type_L1_5_288_8_8_O_addr_type_L2_312_8_8_I_addr_type_L2_1728_8_8_W_addr_type_L2_5_8640_8_8_O_addr_type_L3_8640_8_8_I_addr_type_L3_55296_8_8_W_addr_type_L3_O_pa000000.vhdl
1-5043 was 1-5043
5044-5045 new
5046-5073 was 5044-5071
5074-5075 was 5072-5073
5076-5078 new
5079-5081 was 5073-5075
5082-5083 new
5084-6183 was 5076-6175
6184-6185 was 6176-6177
6186-6195 was 6178-6187
6196-6197 was 6188-6189
6198-6212 new
6213-6214 was 6189-6190
6215 was 6190 endreplicate
6216-6420 was 6176-6380
6421-6422 was 6381-6382
6423-6528 new
6529-6785 was 6383-6639
6786 new
6787-6789 was 6640-6642 rename topless_5comma_32comma_1comma_1comma_O_addr_type_L1comma_32comma_1comma_1comma_I_addr_type_L1comma_32comma_1comma_1comma_W_addr_type_L1comma_5comma_288comma_8comma_8comma_O_addr_type_L2comma_312comma_8comma_8comma_I_addr_type_L2c000153 to topless_5comma_32comma_1comma_1comma_O_addr_type_L1comma_32comma_1comma_1comma_I_addr_type_L1comma_32comma_1comma_1comma_W_addr_type_L1comma_5comma_288comma_8comma_8comma_O_addr_type_L2comma_312comma_8comma_8comma_I_addr_type_L2c000153_PP_0 for top_5_32_1_1_O_addr_type_L1_32_1_1_I_addr_type_L1_32_1_1_W_addr_type_L1_5_288_8_8_O_addr_type_L2_312_8_8_I_addr_type_L2_1728_8_8_W_addr_type_L2_5_8640_8_8_O_addr_type_L3_8640_8_8_I_addr_type_L3_55296_8_8_W_addr_type_L3_O_partial_000001.PE.rf_5_32_32_32_1_1_1_1_1_1_O_partial_type_O_addr_type_L1_I_type_I_addr_type_L1_W_type_W_addr_type_L1_run_inst.O_mac_pntr_cntInst_run_rg
6790-6799 was 6642-6651
6800-6802 was 6652-6653
6803-6817 new
6818-7860 was 6653-7695
7861-7916 new cginst top_5_32_1_1_O_addr_type_L1_32_1_1_I_addr_type_L1_32_1_1_W_addr_type_L1_5_288_8_8_O_addr_type_L2_312_8_8_I_addr_type_L2_1728_8_8_W_addr_type_L2_5_8640_8_8_O_addr_type_L3_8640_8_8_I_addr_type_L3_55296_8_8_W_addr_type_L3_O_partial_000001.PE.rf_5_32_32_32_1_1_1_1_1_1_O_partial_type_O_addr_type_L1_I_type_I_addr_type_L1_W_type_W_addr_type_L1_run_inst.inst_cg_const_stb_topless_5comma_32comma
7917-8313 was 7696-8092
8314 new
8315 was 8093
8316 new
8317-8318 was 8094-8095
8319 new
8320 was 8096
8321 new
8322 new
8323 was 8097
8324 new
8325 new
8326 was 8098
8327 new
8328 new
8329 was 8099
8330 new
8331 new
8332 was 8100
8333 new
8334 new
8335 was 8101
8336 new
8337 was 8102
8338 new
8339 was 8103
8340 new
8341 new
8342 was 8104
8343 new
8344-8345 was 8105-8106
8346 new
8347 was 8107
8348 new
8349 new
8350 was 8108
8351 new
8352 new
8353 was 8109
8354 new
8355 new
8356 was 8110
8357 new
8358-8360 was 8111-8113
8361 new
8362 was 8114
8363 new
8364-8365 was 8115-8116
8366 new
8367 was 8117
8368 was 8118
8369 new
8370 new
8371 was 8119
8372 was 8120
8373 new
8374 new
8375 was 8121
8376 was 8122
8377 new
8378 new
8379 was 8123
8380 was 8124
8381 new
8382 new
8383 was 8125
8384 was 8126
8385 new
8386 new
8387 was 8127
8388 was 8128
8389 new
8390-8391 was 8129-8130
8392 new
8393 was 8131
8394 was 8132
8395 new
8396 new
8397 was 8133
8398 was 8134
8399 new
8400-8403 was 8135-8138
8404 new
8405 was 8139
8406 was 8140
8407 new
8408 new
8409 was 8141
8410 was 8142
8411 new
8412 new
8413 was 8143
8414 was 8144
8415 new
8416 new
8417 was 8145
8418 was 8146
8419 new
8420-9238 was 8147-8965
9239 new
9240 was 8966
9241 new
9242 was 8967
9243 new
9244 was 8968
9245 new
9246-9290 was 8969-9013
9291 new
9292 was 9014
9293 new
9294 new
9295 was 9015
9296 new
9297 new
9298 was 9016
9299 new
9300 new
9301 was 9017
9302 new
9303 new
9304 was 9018
9305 new
9306 new
9307 was 9019
9308 new
9309-9312 was 9020-9023
9313 new
9314 was 9024
9315 new
9316 new
9317 was 9025
9318 new
9319 new
9320 was 9026
9321 new
9322-9324 was 9027-9029
9325 new
9326 was 9030
9327 was 9031
9328 new
9329 new
9330 was 9032
9331 was 9033
9332 new
9333 new
9334 was 9034
9335 was 9035
9336 new
9337 new
9338 was 9036
9339 was 9037
9340 new
9341 new
9342 was 9038
9343 was 9039
9344 new
9345 new
9346 was 9040
9347 was 9041
9348 new
9349-9356 was 9042-9049
9357 new
9358 was 9050
9359 was 9051
9360 new
9361 new
9362 was 9052
9363 was 9053
9364 new
9365 new
9366 was 9054
9367 was 9055
9368 new
9369-9752 was 9056-9439
9753-9754 new
9755-9756 new
9757-9758 new
9759-9760 new
9761-9762 new
9763-9764 new
9765-9766 new
9767-9768 new
9769-9770 new
9771-9772 new
9773-9774 new
9775-9776 new
9777-9778 new
9779-9780 new
9781-9782 new
9783-9784 new
9785-9786 new
9787-9788 new
9789-9790 new
9791-9792 new
9793-9794 new
9795-9796 new
9797-9798 new
9799-9800 new
9801-9802 new
9803-9804 new
9805-10492 was 9440-10127
10493-10494 new
10495-10522 was 10128-10155
10523-10524 was 10156-10157
10525-10527 new
10528-10530 was 10157-10159
10531-10532 new
10533-10536 was 10160-10163
10537-10538 was 10164-10165
10539-10563 was 10166-10190
10564-10565 was 10191-10192
10566-10568 new
10569-10570 was 10192-10193
10571 was 10193 endreplicate
10572-10601 was 10164-10193
10602-10646 was 10193-10237
10647-10649 was 10238-10239
10650-10652 new
10653-10681 was 10239-10267
10682-10683 new
10684-10722 was 10268-10306
10723-10724 was 10307-10308
10725-10727 new
10728-10730 was 10308-10310
10731-10732 new
10733-10814 was 10311-10392
10815-10816 was 10393-10394
10817-10841 was 10395-10419
10842-10843 was 10420-10421
10844-10846 new
10847-10848 was 10421-10422
10849 was 10422 endreplicate
10850-10879 was 10393-10422
10880-10971 was 10422-10513
10972-10974 was 10514-10515
10975-10977 new
10978-11033 was 10515-10570
11034-11035 new
11036-11043 was 10571-10578
11044-11045 was 10579-10580
11046-11081 was 10581-10616
11082-11083 was 10617-10618
11084-11086 new
11087-11088 was 10618-10619
11089 was 10619 endreplicate
11090-11130 was 10579-10619
11131-11173 was 10619-10661
11174-11175 was 10662-10663
11176-11177 new
11178-11218 was 10664-10704
11219-11221 was 10705-10706
11222-11224 new
11225-11274 was 10706-10755

New: /users/students/r0678912/Downloads/zigzag/hls_impl/PE/Catapult/SIF/calypto_opt_vhdl/iter_write_rtl/calypto_insert_stb_c/6/power_top_5_32_1_1_O_addr_type_L1_32_1_1_I_addr_type_L1_32_1_1_W_addr_type_L1_5_288_8_8_O_addr_type_L2_312_8_8_I_addr_type_L2_1728_8_8_W_addr_type_L2_5_8640_8_8_O_addr_type_L3_8640_8_8_I_addr_type_L3_55296_8_8_W_addr_type_L3_O_pa000005.vhdl
Old: /users/students/r0678912/Downloads/zigzag/hls_impl/PE/Catapult/SIF/power_top_5_32_1_1_O_addr_type_L1_32_1_1_I_addr_type_L1_32_1_1_W_addr_type_L1_5_288_8_8_O_addr_type_L2_312_8_8_I_addr_type_L2_1728_8_8_W_addr_type_L2_5_8640_8_8_O_addr_type_L3_8640_8_8_I_addr_type_L3_55296_8_8_W_addr_type_L3_O_pa000005.vhdl
1-14 was 1-14
15-19 was 15-19
20-21 new
22 new
23-24 was 20-21 replicate topless_5comma_32comma_1comma_1comma_O_addr_type_L1comma_32comma_1comma_1comma_I_addr_type_L1comma_32comma_1comma_1comma_W_addr_type_L1comma_5comma_288comma_8comma_8comma_O_addr_type_L2comma_312comma_8comma_8comma_I_addr_type_L2c000153 to topless_5comma_32comma_1comma_1comma_O_addr_type_L1comma_32comma_1comma_1comma_I_addr_type_L1comma_32comma_1comma_1comma_W_addr_type_L1comma_5comma_288comma_8comma_8comma_O_addr_type_L2comma_312comma_8comma_8comma_I_addr_type_L2c000153_PP_0 for top_5_32_1_1_O_addr_type_L1_32_1_1_I_addr_type_L1_32_1_1_W_addr_type_L1_5_288_8_8_O_addr_type_L2_312_8_8_I_addr_type_L2_1728_8_8_W_addr_type_L2_5_8640_8_8_O_addr_type_L3_8640_8_8_I_addr_type_L3_55296_8_8_W_addr_type_L3_O_partial_000001.PE.rf_5_32_32_32_1_1_1_1_1_1_O_partial_type_O_addr_type_L1_I_type_I_addr_type_L1_W_type_W_addr_type_L1_run_inst.O_mac_pntr_cntInst_run_rg
25-34 was 22-31
35-36 was 32-33
37-51 new
52 was 33
53 was 34
54 was 34 endreplicate
55-75 was 15-35
76 was 36
77-258 was 36-217
259 was 218
260-273 new
274-640 was 219-585
641-642 new
643-644 new
645-646 new
647-648 new
649-650 new
651-652 new
653-654 new
655-656 new
657-658 new
659-660 new
661-662 new
663-664 new
665-666 new
667-668 new
669-671 was 586-588 endreplicate
672-1227 was 36-591
