
New: /users/students/r0678912/Downloads/zigzag/hls_impl/PE/Catapult/SIF/calypto_opt_v/iter_write_rtl/calypto_insert_obs/0/power_top_5_32_1_1_O_addr_type_L1_32_1_1_I_addr_type_L1_32_1_1_W_addr_type_L1_5_288_8_8_O_addr_type_L2_312_8_8_I_addr_type_L2_1728_8_8_W_addr_type_L2_5_8640_8_8_O_addr_type_L3_8640_8_8_I_addr_type_L3_55296_8_8_W_addr_type_L3_O_pa000000.v
Old: /users/students/r0678912/Downloads/zigzag/hls_impl/PE/Catapult/SIF/power_top_5_32_1_1_O_addr_type_L1_32_1_1_I_addr_type_L1_32_1_1_W_addr_type_L1_5_288_8_8_O_addr_type_L2_312_8_8_I_addr_type_L2_1728_8_8_W_addr_type_L2_5_8640_8_8_O_addr_type_L3_8640_8_8_I_addr_type_L3_55296_8_8_W_addr_type_L3_O_pa000000.v
1-1354 was 1-1354
1355 was 1355
1356 new
1357-1365 was 1356-1364
1366-1369 new cginst top_5_32_1_1_O_addr_type_L1_32_1_1_I_addr_type_L1_32_1_1_W_addr_type_L1_5_288_8_8_O_addr_type_L2_312_8_8_I_addr_type_L2_1728_8_8_W_addr_type_L2_5_8640_8_8_O_addr_type_L3_8640_8_8_I_addr_type_L3_55296_8_8_W_addr_type_L3_O_partial_000001.PE.rf_5_32_32_32_1_1_1_1_1_1_O_partial_type_O_addr_type_L1_I_type_I_addr_type_L1_W_type_W_addr_type_L1_run_inst.rf_5_32_32_32_1_1_1_1_1_1_O_partial_type_O_addr_type_L1_I_type_I_addr_type_L1_W_type_W_addr_type_L1_run_W_wr_data_rsci_inst.rf_5_32_32_32_1_1_1_1_1_1_O_partial_type_O_addr_type_L1_I_type_I_addr_type_L1_W_type_W_addr_type_L1_run_W_wr_data_rsci_W_wr_data_wait_dp_inst.inst_cg_obs_topless_5comma_32comma_1comm
1370-1380 was 1365-1375
1381 new
1382-1385 was 1376-1379
1386 new
1387-1459 was 1380-1452
1460 was 1453
1461-1470 new
1471-1478 was 1454-1461
1479 was 1462
1480-1484 new
1485-1490 was 1463-1468
1491 was 1469
1492 new
1493-1501 was 1470-1478
1502-1512 new cginst top_5_32_1_1_O_addr_type_L1_32_1_1_I_addr_type_L1_32_1_1_W_addr_type_L1_5_288_8_8_O_addr_type_L2_312_8_8_I_addr_type_L2_1728_8_8_W_addr_type_L2_5_8640_8_8_O_addr_type_L3_8640_8_8_I_addr_type_L3_55296_8_8_W_addr_type_L3_O_partial_000001.PE.rf_5_32_32_32_1_1_1_1_1_1_O_partial_type_O_addr_type_L1_I_type_I_addr_type_L1_W_type_W_addr_type_L1_run_inst.rf_5_32_32_32_1_1_1_1_1_1_O_partial_type_O_addr_type_L1_I_type_I_addr_type_L1_W_type_W_addr_type_L1_run_I_wr_data_rsci_inst.rf_5_32_32_32_1_1_1_1_1_1_O_partial_type_O_addr_type_L1_I_type_I_addr_type_L1_W_type_W_addr_type_L1_run_I_wr_data_rsci_I_wr_data_wait_dp_inst.inst_cg_obs_topless_5comma_32comma_1comm
1513-1523 was 1479-1489
1524 new
1525-1528 was 1490-1493
1529 new
1530-1686 was 1494-1650
1687 was 1651
1688-1693 new
1694-1701 was 1652-1659
1702 was 1660
1703-1705 new
1706-1711 was 1661-1666
1712 was 1667
1713 new
1714-1722 was 1668-1676
1723-1731 new cginst top_5_32_1_1_O_addr_type_L1_32_1_1_I_addr_type_L1_32_1_1_W_addr_type_L1_5_288_8_8_O_addr_type_L2_312_8_8_I_addr_type_L2_1728_8_8_W_addr_type_L2_5_8640_8_8_O_addr_type_L3_8640_8_8_I_addr_type_L3_55296_8_8_W_addr_type_L3_O_partial_000001.PE.rf_5_32_32_32_1_1_1_1_1_1_O_partial_type_O_addr_type_L1_I_type_I_addr_type_L1_W_type_W_addr_type_L1_run_inst.rf_5_32_32_32_1_1_1_1_1_1_O_partial_type_O_addr_type_L1_I_type_I_addr_type_L1_W_type_W_addr_type_L1_run_O_wr_data_rsci_inst.rf_5_32_32_32_1_1_1_1_1_1_O_partial_type_O_addr_type_L1_I_type_I_addr_type_L1_W_type_W_addr_type_L1_run_O_wr_data_rsci_O_wr_data_wait_dp_inst.inst_cg_obs_topless_5comma_32comma_1comm
1732-1741 was 1677-1686
1742 new
1743 was 1687
1744 new
1745-1747 was 1688-1690
1748 new
1749 was 1691
1750 new
1751-2795 was 1692-2736
2796 was 2737
2797-2802 new
2803-2812 was 2738-2747
2813 was 2748
2814-2816 new
2817-2855 was 2749-2787
2856 was 2788
2857-2866 new
2867-2937 was 2789-2859
2938 was 2860
2939-2940 new
2941-2950 was 2861-2870
2951 was 2871
2952 new
2953-2991 was 2872-2910
2992 was 2911
2993-2998 new
2999-4771 was 2912-4684
4772 was 4685
4773 new
4774-4830 was 4686-4742
4831 was 4743
4832-4833 new
4834-4860 was 4744-4770
4861 was 4771
4862-4867 new
4868-5751 was 4772-5655
5752-5756 new cginst top_5_32_1_1_O_addr_type_L1_32_1_1_I_addr_type_L1_32_1_1_W_addr_type_L1_5_288_8_8_O_addr_type_L2_312_8_8_I_addr_type_L2_1728_8_8_W_addr_type_L2_5_8640_8_8_O_addr_type_L3_8640_8_8_I_addr_type_L3_55296_8_8_W_addr_type_L3_O_partial_000001.PE.rf_5_32_32_32_1_1_1_1_1_1_O_partial_type_O_addr_type_L1_I_type_I_addr_type_L1_W_type_W_addr_type_L1_run_inst.inst_cg_obs_topless_5comma_32comma_1comm
5757-6670 was 5656-6569
6671-6672 new
6673 was 6570
6674 new
6675-6676 was 6571-6572
6677-6678 new
6679 was 6573
6680 new
6681-8122 was 6574-8015
