+-----------------------------------------------------------------------------------+
|                                                                                   |
| Generated by PowerPro-10.3c_2/849904   (Jan 10 2020)  linux64  P2001101230        |
| on Tue Jul 13 11:49:57 2021.                                                      |
|                                                                                   |
| This document may be used and distributed without restriction provided that       |
| this copyright statement is not removed from the file and that any derivative     |
| work contains this copyright notice.                                              |
|                                                                                   |
+-----------------------------------------------------------------------------------+

     [WRTL-WRGHB] (/users/students/r0678912/Downloads/zigzag/hls_impl/PE/Catapult/SIF/power_top_5_32_1_1_O_addr_type_L1_32_1_1_I_addr_type_L1_32_1_1_W_addr_type_L1_5_288_8_8_O_addr_type_L2_312_8_8_I_addr_type_L2_1728_8_8_W_addr_type_L2_5_8640_8_8_O_addr_type_L3_8640_8_8_I_addr_type_L3_55296_8_8_W_addr_type_L3_O_pa000000.v:1685) Starting routing of inst_cg_obs_topless_5comma_32comma_1comm gating node in hierarchy topless_5comma_32comma_1comma_1comma_O_addr_type_L1comma_32comma_1comma_1comma_I_addr_type_L1comma_32comma_1comma_1comma_W_addr_type_L1comma_5comma_288comma_8comma_8comma_O_addr_type_L2comma_312comma_8comma_8comma_I_addr_type_L2c000016 and language 0.
                  Please try 'help WRTL-WRGHB' for more detailed help.
     [WRTL-WRIEB] (no-source-file:0) Starting routing of edge reg_O_wr_data_rsci_irdy_run_psct_cse connected to port O_wr_data_rsci_oswt of gating hierarchy.
                  Please try 'help WRTL-WRIEB' for more detailed help.
     [WRTL-WRSIH] (no-source-file:0) Routing edge reg_O_wr_data_rsci_irdy_run_psct_cse in hierarchy topless_5comma_32comma_1comma_1comma_O_addr_type_L1comma_32comma_1comma_1comma_I_addr_type_L1comma_32comma_1comma_1comma_W_addr_type_L1comma_5comma_288comma_8comma_8comma_O_addr_type_L2comma_312comma_8comma_8comma_I_addr_type_L2c000016 and language 0.
                  Please try 'help WRTL-WRSIH' for more detailed help.
     [WRTL-WRPEP] (no-source-file:0) Starting routing hierarchical port and edge pair reg_O_wr_data_rsci_irdy_run_psct_cse and reg_O_wr_data_rsci_irdy_run_psct_cse in hierarchy topless_5comma_32comma_1comma_1comma_O_addr_type_L1comma_32comma_1comma_1comma_I_addr_type_L1comma_32comma_1comma_1comma_W_addr_type_L1comma_5comma_288comma_8comma_8comma_O_addr_type_L2comma_312comma_8comma_8comma_I_addr_type_L2c000016.
                  Please try 'help WRTL-WRPEP' for more detailed help.
     [WRTL-WRDP]  Declaring new port reg_O_wr_data_rsci_irdy_run_psct_cse with CPT name reg_O_wr_data_rsci_irdy_run_psct_cse in module topless_5comma_32comma_1comma_1comma_O_addr_type_L1comma_32comma_1comma_1comma_I_addr_type_L1comma_32comma_1comma_1comma_W_addr_type_L1comma_5comma_288comma_8comma_8comma_O_addr_type_L2comma_312comma_8comma_8comma_I_addr_type_L2c000016.
                  Please try 'help WRTL-WRDP' for more detailed help.
     [WRTL-WRHIP] Routing input port reg_O_wr_data_rsci_irdy_run_psct_cse .
                  Please try 'help WRTL-WRHIP' for more detailed help.
     [WRTL-WRPPE] (no-source-file:0) Ending routing hierarchical port and edge pair reg_O_wr_data_rsci_irdy_run_psct_cse and reg_O_wr_data_rsci_irdy_run_psct_cse in hierarchy 0.
                  Please try 'help WRTL-WRPPE' for more detailed help.
     [WRTL-WRSIH] (/users/students/r0678912/Downloads/zigzag/hls_impl/PE/Catapult/SIF/power_top_5_32_1_1_O_addr_type_L1_32_1_1_I_addr_type_L1_32_1_1_W_addr_type_L1_5_288_8_8_O_addr_type_L2_312_8_8_I_addr_type_L2_1728_8_8_W_addr_type_L2_5_8640_8_8_O_addr_type_L3_8640_8_8_I_addr_type_L3_55296_8_8_W_addr_type_L3_O_pa000000.v:2868) Routing edge O_wr_data_rsci_oswt in hierarchy topless_5comma_32comma_1comma_1comma_O_addr_type_L1comma_32comma_1comma_1comma_I_addr_type_L1comma_32comma_1comma_1comma_W_addr_type_L1comma_5comma_288comma_8comma_8comma_O_addr_type_L2comma_312comma_8comma_8comma_I_addr_type_L2c000005 and language 0.
                  Please try 'help WRTL-WRSIH' for more detailed help.
     [WRTL-WRPEP] (/users/students/r0678912/Downloads/zigzag/hls_impl/PE/Catapult/SIF/power_top_5_32_1_1_O_addr_type_L1_32_1_1_I_addr_type_L1_32_1_1_W_addr_type_L1_5_288_8_8_O_addr_type_L2_312_8_8_I_addr_type_L2_1728_8_8_W_addr_type_L2_5_8640_8_8_O_addr_type_L3_8640_8_8_I_addr_type_L3_55296_8_8_W_addr_type_L3_O_pa000000.v:2868) Starting routing hierarchical port and edge pair O_wr_data_rsci_oswt and O_wr_data_rsci_oswt in hierarchy topless_5comma_32comma_1comma_1comma_O_addr_type_L1comma_32comma_1comma_1comma_I_addr_type_L1comma_32comma_1comma_1comma_W_addr_type_L1comma_5comma_288comma_8comma_8comma_O_addr_type_L2comma_312comma_8comma_8comma_I_addr_type_L2c000005.
                  Please try 'help WRTL-WRPEP' for more detailed help.
     [WRTL-WRIEE] (no-source-file:0) Routing of edge reg_O_wr_data_rsci_irdy_run_psct_cse completed and it is driven by user edge reg_O_wr_data_rsci_irdy_run_psct_cse.
                  Please try 'help WRTL-WRIEE' for more detailed help.
     [WRTL-WRIEB] (/users/students/r0678912/Downloads/zigzag/hls_impl/PE/Catapult/SIF/power_top_5_32_1_1_O_addr_type_L1_32_1_1_I_addr_type_L1_32_1_1_W_addr_type_L1_5_288_8_8_O_addr_type_L2_312_8_8_I_addr_type_L2_1728_8_8_W_addr_type_L2_5_8640_8_8_O_addr_type_L3_8640_8_8_I_addr_type_L3_55296_8_8_W_addr_type_L3_O_pa000000.v:1657) Starting routing of edge O_wr_data_rsci_biwt connected to port O_wr_data_rsci_biwt of gating hierarchy.
                  Please try 'help WRTL-WRIEB' for more detailed help.
     [WRTL-WRSIH] (/users/students/r0678912/Downloads/zigzag/hls_impl/PE/Catapult/SIF/power_top_5_32_1_1_O_addr_type_L1_32_1_1_I_addr_type_L1_32_1_1_W_addr_type_L1_5_288_8_8_O_addr_type_L2_312_8_8_I_addr_type_L2_1728_8_8_W_addr_type_L2_5_8640_8_8_O_addr_type_L3_8640_8_8_I_addr_type_L3_55296_8_8_W_addr_type_L3_O_pa000000.v:1657) Routing edge O_wr_data_rsci_biwt in hierarchy topless_5comma_32comma_1comma_1comma_O_addr_type_L1comma_32comma_1comma_1comma_I_addr_type_L1comma_32comma_1comma_1comma_W_addr_type_L1comma_5comma_288comma_8comma_8comma_O_addr_type_L2comma_312comma_8comma_8comma_I_addr_type_L2c000016 and language 0.
                  Please try 'help WRTL-WRSIH' for more detailed help.
     [WRTL-WRPEP] (/users/students/r0678912/Downloads/zigzag/hls_impl/PE/Catapult/SIF/power_top_5_32_1_1_O_addr_type_L1_32_1_1_I_addr_type_L1_32_1_1_W_addr_type_L1_5_288_8_8_O_addr_type_L2_312_8_8_I_addr_type_L2_1728_8_8_W_addr_type_L2_5_8640_8_8_O_addr_type_L3_8640_8_8_I_addr_type_L3_55296_8_8_W_addr_type_L3_O_pa000000.v:1657) Starting routing hierarchical port and edge pair O_wr_data_rsci_biwt and O_wr_data_rsci_biwt in hierarchy topless_5comma_32comma_1comma_1comma_O_addr_type_L1comma_32comma_1comma_1comma_I_addr_type_L1comma_32comma_1comma_1comma_W_addr_type_L1comma_5comma_288comma_8comma_8comma_O_addr_type_L2comma_312comma_8comma_8comma_I_addr_type_L2c000016.
                  Please try 'help WRTL-WRPEP' for more detailed help.
     [WRTL-WRIEE] (/users/students/r0678912/Downloads/zigzag/hls_impl/PE/Catapult/SIF/power_top_5_32_1_1_O_addr_type_L1_32_1_1_I_addr_type_L1_32_1_1_W_addr_type_L1_5_288_8_8_O_addr_type_L2_312_8_8_I_addr_type_L2_1728_8_8_W_addr_type_L2_5_8640_8_8_O_addr_type_L3_8640_8_8_I_addr_type_L3_55296_8_8_W_addr_type_L3_O_pa000000.v:1657) Routing of edge O_wr_data_rsci_biwt completed and it is driven by user edge O_wr_data_rsci_biwt.
                  Please try 'help WRTL-WRIEE' for more detailed help.
     [WRTL-WRIEB] (/users/students/r0678912/Downloads/zigzag/hls_impl/PE/Catapult/SIF/power_top_5_32_1_1_O_addr_type_L1_32_1_1_I_addr_type_L1_32_1_1_W_addr_type_L1_5_288_8_8_O_addr_type_L2_312_8_8_I_addr_type_L2_1728_8_8_W_addr_type_L2_5_8640_8_8_O_addr_type_L3_8640_8_8_I_addr_type_L3_55296_8_8_W_addr_type_L3_O_pa000000.v:1658) Starting routing of edge O_wr_data_rsci_bdwt connected to port O_wr_data_rsci_bdwt of gating hierarchy.
                  Please try 'help WRTL-WRIEB' for more detailed help.
     [WRTL-WRSIH] (/users/students/r0678912/Downloads/zigzag/hls_impl/PE/Catapult/SIF/power_top_5_32_1_1_O_addr_type_L1_32_1_1_I_addr_type_L1_32_1_1_W_addr_type_L1_5_288_8_8_O_addr_type_L2_312_8_8_I_addr_type_L2_1728_8_8_W_addr_type_L2_5_8640_8_8_O_addr_type_L3_8640_8_8_I_addr_type_L3_55296_8_8_W_addr_type_L3_O_pa000000.v:1658) Routing edge O_wr_data_rsci_bdwt in hierarchy topless_5comma_32comma_1comma_1comma_O_addr_type_L1comma_32comma_1comma_1comma_I_addr_type_L1comma_32comma_1comma_1comma_W_addr_type_L1comma_5comma_288comma_8comma_8comma_O_addr_type_L2comma_312comma_8comma_8comma_I_addr_type_L2c000016 and language 0.
                  Please try 'help WRTL-WRSIH' for more detailed help.
     [WRTL-WRPEP] (/users/students/r0678912/Downloads/zigzag/hls_impl/PE/Catapult/SIF/power_top_5_32_1_1_O_addr_type_L1_32_1_1_I_addr_type_L1_32_1_1_W_addr_type_L1_5_288_8_8_O_addr_type_L2_312_8_8_I_addr_type_L2_1728_8_8_W_addr_type_L2_5_8640_8_8_O_addr_type_L3_8640_8_8_I_addr_type_L3_55296_8_8_W_addr_type_L3_O_pa000000.v:1658) Starting routing hierarchical port and edge pair O_wr_data_rsci_bdwt and O_wr_data_rsci_bdwt in hierarchy topless_5comma_32comma_1comma_1comma_O_addr_type_L1comma_32comma_1comma_1comma_I_addr_type_L1comma_32comma_1comma_1comma_W_addr_type_L1comma_5comma_288comma_8comma_8comma_O_addr_type_L2comma_312comma_8comma_8comma_I_addr_type_L2c000016.
                  Please try 'help WRTL-WRPEP' for more detailed help.
     [WRTL-WRIEE] (/users/students/r0678912/Downloads/zigzag/hls_impl/PE/Catapult/SIF/power_top_5_32_1_1_O_addr_type_L1_32_1_1_I_addr_type_L1_32_1_1_W_addr_type_L1_5_288_8_8_O_addr_type_L2_312_8_8_I_addr_type_L2_1728_8_8_W_addr_type_L2_5_8640_8_8_O_addr_type_L3_8640_8_8_I_addr_type_L3_55296_8_8_W_addr_type_L3_O_pa000000.v:1658) Routing of edge O_wr_data_rsci_bdwt completed and it is driven by user edge O_wr_data_rsci_bdwt.
                  Please try 'help WRTL-WRIEE' for more detailed help.
     [WRTL-WRIEB] (no-source-file:0) Starting routing of edge run_wen connected to port run_wen_1 of gating hierarchy.
                  Please try 'help WRTL-WRIEB' for more detailed help.
     [WRTL-WRSIH] (no-source-file:0) Routing edge run_wen in hierarchy topless_5comma_32comma_1comma_1comma_O_addr_type_L1comma_32comma_1comma_1comma_I_addr_type_L1comma_32comma_1comma_1comma_W_addr_type_L1comma_5comma_288comma_8comma_8comma_O_addr_type_L2comma_312comma_8comma_8comma_I_addr_type_L2c000016 and language 0.
                  Please try 'help WRTL-WRSIH' for more detailed help.
     [WRTL-WRPEP] (no-source-file:0) Starting routing hierarchical port and edge pair run_wen and run_wen in hierarchy topless_5comma_32comma_1comma_1comma_O_addr_type_L1comma_32comma_1comma_1comma_I_addr_type_L1comma_32comma_1comma_1comma_W_addr_type_L1comma_5comma_288comma_8comma_8comma_O_addr_type_L2comma_312comma_8comma_8comma_I_addr_type_L2c000016.
                  Please try 'help WRTL-WRPEP' for more detailed help.
     [WRTL-WRDP]  Declaring new port run_wen with CPT name run_wen in module topless_5comma_32comma_1comma_1comma_O_addr_type_L1comma_32comma_1comma_1comma_I_addr_type_L1comma_32comma_1comma_1comma_W_addr_type_L1comma_5comma_288comma_8comma_8comma_O_addr_type_L2comma_312comma_8comma_8comma_I_addr_type_L2c000016.
                  Please try 'help WRTL-WRDP' for more detailed help.
     [WRTL-WRHIP] Routing input port run_wen .
                  Please try 'help WRTL-WRHIP' for more detailed help.
     [WRTL-WRPPE] (no-source-file:0) Ending routing hierarchical port and edge pair run_wen and run_wen in hierarchy 0.
                  Please try 'help WRTL-WRPPE' for more detailed help.
     [WRTL-WRSIH] (/users/students/r0678912/Downloads/zigzag/hls_impl/PE/Catapult/SIF/power_top_5_32_1_1_O_addr_type_L1_32_1_1_I_addr_type_L1_32_1_1_W_addr_type_L1_5_288_8_8_O_addr_type_L2_312_8_8_I_addr_type_L2_1728_8_8_W_addr_type_L2_5_8640_8_8_O_addr_type_L3_8640_8_8_I_addr_type_L3_55296_8_8_W_addr_type_L3_O_pa000000.v:2867) Routing edge run_wen in hierarchy topless_5comma_32comma_1comma_1comma_O_addr_type_L1comma_32comma_1comma_1comma_I_addr_type_L1comma_32comma_1comma_1comma_W_addr_type_L1comma_5comma_288comma_8comma_8comma_O_addr_type_L2comma_312comma_8comma_8comma_I_addr_type_L2c000005 and language 0.
                  Please try 'help WRTL-WRSIH' for more detailed help.
     [WRTL-WRPEP] (/users/students/r0678912/Downloads/zigzag/hls_impl/PE/Catapult/SIF/power_top_5_32_1_1_O_addr_type_L1_32_1_1_I_addr_type_L1_32_1_1_W_addr_type_L1_5_288_8_8_O_addr_type_L2_312_8_8_I_addr_type_L2_1728_8_8_W_addr_type_L2_5_8640_8_8_O_addr_type_L3_8640_8_8_I_addr_type_L3_55296_8_8_W_addr_type_L3_O_pa000000.v:2867) Starting routing hierarchical port and edge pair run_wen and run_wen in hierarchy topless_5comma_32comma_1comma_1comma_O_addr_type_L1comma_32comma_1comma_1comma_I_addr_type_L1comma_32comma_1comma_1comma_W_addr_type_L1comma_5comma_288comma_8comma_8comma_O_addr_type_L2comma_312comma_8comma_8comma_I_addr_type_L2c000005.
                  Please try 'help WRTL-WRPEP' for more detailed help.
     [WRTL-WRIEE] (no-source-file:0) Routing of edge run_wen completed and it is driven by user edge run_wen.
                  Please try 'help WRTL-WRIEE' for more detailed help.
     [WRTL-WRIEB] (/users/students/r0678912/Downloads/zigzag/hls_impl/PE/Catapult/SIF/power_top_5_32_1_1_O_addr_type_L1_32_1_1_I_addr_type_L1_32_1_1_W_addr_type_L1_5_288_8_8_O_addr_type_L2_312_8_8_I_addr_type_L2_1728_8_8_W_addr_type_L2_5_8640_8_8_O_addr_type_L3_8640_8_8_I_addr_type_L3_55296_8_8_W_addr_type_L3_O_pa000000.v:1677) Starting routing of edge O_wr_data_rsci_bcwt connected to port O_wr_data_rsci_bcwt of gating hierarchy.
                  Please try 'help WRTL-WRIEB' for more detailed help.
     [WRTL-WRSIH] (/users/students/r0678912/Downloads/zigzag/hls_impl/PE/Catapult/SIF/power_top_5_32_1_1_O_addr_type_L1_32_1_1_I_addr_type_L1_32_1_1_W_addr_type_L1_5_288_8_8_O_addr_type_L2_312_8_8_I_addr_type_L2_1728_8_8_W_addr_type_L2_5_8640_8_8_O_addr_type_L3_8640_8_8_I_addr_type_L3_55296_8_8_W_addr_type_L3_O_pa000000.v:1677) Routing edge O_wr_data_rsci_bcwt in hierarchy topless_5comma_32comma_1comma_1comma_O_addr_type_L1comma_32comma_1comma_1comma_I_addr_type_L1comma_32comma_1comma_1comma_W_addr_type_L1comma_5comma_288comma_8comma_8comma_O_addr_type_L2comma_312comma_8comma_8comma_I_addr_type_L2c000016 and language 0.
                  Please try 'help WRTL-WRSIH' for more detailed help.
     [WRTL-WRE]   (/users/students/r0678912/Downloads/zigzag/hls_impl/PE/Catapult/SIF/power_top_5_32_1_1_O_addr_type_L1_32_1_1_I_addr_type_L1_32_1_1_W_addr_type_L1_5_288_8_8_O_addr_type_L2_312_8_8_I_addr_type_L2_1728_8_8_W_addr_type_L2_5_8640_8_8_O_addr_type_L3_8640_8_8_I_addr_type_L3_55296_8_8_W_addr_type_L3_O_pa000000.v:1677) Routing edge O_wr_data_rsci_bcwt in hierarchy topless_5comma_32comma_1comma_1comma_O_addr_type_L1comma_32comma_1comma_1comma_I_addr_type_L1comma_32comma_1comma_1comma_W_addr_type_L1comma_5comma_288comma_8comma_8comma_O_addr_type_L2comma_312comma_8comma_8comma_I_addr_type_L2c000016.
                  Please try 'help WRTL-WRE' for more detailed help.
     [WRTL-WRIEE] (/users/students/r0678912/Downloads/zigzag/hls_impl/PE/Catapult/SIF/power_top_5_32_1_1_O_addr_type_L1_32_1_1_I_addr_type_L1_32_1_1_W_addr_type_L1_5_288_8_8_O_addr_type_L2_312_8_8_I_addr_type_L2_1728_8_8_W_addr_type_L2_5_8640_8_8_O_addr_type_L3_8640_8_8_I_addr_type_L3_55296_8_8_W_addr_type_L3_O_pa000000.v:1677) Routing of edge O_wr_data_rsci_bcwt completed and it is driven by user edge O_wr_data_rsci_bcwt.
                  Please try 'help WRTL-WRIEE' for more detailed help.
     [WRTL-WRIEB] (/users/students/r0678912/Downloads/zigzag/hls_impl/PE/Catapult/SIF/power_top_5_32_1_1_O_addr_type_L1_32_1_1_I_addr_type_L1_32_1_1_W_addr_type_L1_5_288_8_8_O_addr_type_L2_312_8_8_I_addr_type_L2_1728_8_8_W_addr_type_L2_5_8640_8_8_O_addr_type_L3_8640_8_8_I_addr_type_L3_55296_8_8_W_addr_type_L3_O_pa000000.v:1654) Starting routing of edge rst connected to port rst_2 of gating hierarchy.
                  Please try 'help WRTL-WRIEB' for more detailed help.
     [WRTL-WRSIH] (/users/students/r0678912/Downloads/zigzag/hls_impl/PE/Catapult/SIF/power_top_5_32_1_1_O_addr_type_L1_32_1_1_I_addr_type_L1_32_1_1_W_addr_type_L1_5_288_8_8_O_addr_type_L2_312_8_8_I_addr_type_L2_1728_8_8_W_addr_type_L2_5_8640_8_8_O_addr_type_L3_8640_8_8_I_addr_type_L3_55296_8_8_W_addr_type_L3_O_pa000000.v:1654) Routing edge rst in hierarchy topless_5comma_32comma_1comma_1comma_O_addr_type_L1comma_32comma_1comma_1comma_I_addr_type_L1comma_32comma_1comma_1comma_W_addr_type_L1comma_5comma_288comma_8comma_8comma_O_addr_type_L2comma_312comma_8comma_8comma_I_addr_type_L2c000016 and language 0.
                  Please try 'help WRTL-WRSIH' for more detailed help.
     [WRTL-WRPEP] (/users/students/r0678912/Downloads/zigzag/hls_impl/PE/Catapult/SIF/power_top_5_32_1_1_O_addr_type_L1_32_1_1_I_addr_type_L1_32_1_1_W_addr_type_L1_5_288_8_8_O_addr_type_L2_312_8_8_I_addr_type_L2_1728_8_8_W_addr_type_L2_5_8640_8_8_O_addr_type_L3_8640_8_8_I_addr_type_L3_55296_8_8_W_addr_type_L3_O_pa000000.v:1654) Starting routing hierarchical port and edge pair rst and rst in hierarchy topless_5comma_32comma_1comma_1comma_O_addr_type_L1comma_32comma_1comma_1comma_I_addr_type_L1comma_32comma_1comma_1comma_W_addr_type_L1comma_5comma_288comma_8comma_8comma_O_addr_type_L2comma_312comma_8comma_8comma_I_addr_type_L2c000016.
                  Please try 'help WRTL-WRPEP' for more detailed help.
     [WRTL-WRIEE] (/users/students/r0678912/Downloads/zigzag/hls_impl/PE/Catapult/SIF/power_top_5_32_1_1_O_addr_type_L1_32_1_1_I_addr_type_L1_32_1_1_W_addr_type_L1_5_288_8_8_O_addr_type_L2_312_8_8_I_addr_type_L2_1728_8_8_W_addr_type_L2_5_8640_8_8_O_addr_type_L3_8640_8_8_I_addr_type_L3_55296_8_8_W_addr_type_L3_O_pa000000.v:1654) Routing of edge rst completed and it is driven by user edge rst.
                  Please try 'help WRTL-WRIEE' for more detailed help.
     [WRTL-WRIEB] (no-source-file:0) Starting routing of edge or_tmp_242 connected to port or_tmp_242 of gating hierarchy.
                  Please try 'help WRTL-WRIEB' for more detailed help.
     [WRTL-WRSIH] (no-source-file:0) Routing edge or_tmp_242 in hierarchy topless_5comma_32comma_1comma_1comma_O_addr_type_L1comma_32comma_1comma_1comma_I_addr_type_L1comma_32comma_1comma_1comma_W_addr_type_L1comma_5comma_288comma_8comma_8comma_O_addr_type_L2comma_312comma_8comma_8comma_I_addr_type_L2c000016 and language 0.
                  Please try 'help WRTL-WRSIH' for more detailed help.
     [WRTL-WRPEP] (no-source-file:0) Starting routing hierarchical port and edge pair or_tmp_242 and or_tmp_242 in hierarchy topless_5comma_32comma_1comma_1comma_O_addr_type_L1comma_32comma_1comma_1comma_I_addr_type_L1comma_32comma_1comma_1comma_W_addr_type_L1comma_5comma_288comma_8comma_8comma_O_addr_type_L2comma_312comma_8comma_8comma_I_addr_type_L2c000016.
                  Please try 'help WRTL-WRPEP' for more detailed help.
     [WRTL-WRDP]  Declaring new port or_tmp_242 with CPT name or_tmp_242 in module topless_5comma_32comma_1comma_1comma_O_addr_type_L1comma_32comma_1comma_1comma_I_addr_type_L1comma_32comma_1comma_1comma_W_addr_type_L1comma_5comma_288comma_8comma_8comma_O_addr_type_L2comma_312comma_8comma_8comma_I_addr_type_L2c000016.
                  Please try 'help WRTL-WRDP' for more detailed help.
     [WRTL-WRHIP] Routing input port or_tmp_242 .
                  Please try 'help WRTL-WRHIP' for more detailed help.
     [WRTL-WRPPE] (no-source-file:0) Ending routing hierarchical port and edge pair or_tmp_242 and or_tmp_242 in hierarchy 0.
                  Please try 'help WRTL-WRPPE' for more detailed help.
     [WRTL-WRSIH] (no-source-file:0) Routing edge or_tmp_242 in hierarchy topless_5comma_32comma_1comma_1comma_O_addr_type_L1comma_32comma_1comma_1comma_I_addr_type_L1comma_32comma_1comma_1comma_W_addr_type_L1comma_5comma_288comma_8comma_8comma_O_addr_type_L2comma_312comma_8comma_8comma_I_addr_type_L2c000005 and language 0.
                  Please try 'help WRTL-WRSIH' for more detailed help.
     [WRTL-WRPEP] (no-source-file:0) Starting routing hierarchical port and edge pair or_tmp_242 and or_tmp_242 in hierarchy topless_5comma_32comma_1comma_1comma_O_addr_type_L1comma_32comma_1comma_1comma_I_addr_type_L1comma_32comma_1comma_1comma_W_addr_type_L1comma_5comma_288comma_8comma_8comma_O_addr_type_L2comma_312comma_8comma_8comma_I_addr_type_L2c000005.
                  Please try 'help WRTL-WRPEP' for more detailed help.
     [WRTL-WRDP]  Declaring new port or_tmp_242 with CPT name or_tmp_242 in module topless_5comma_32comma_1comma_1comma_O_addr_type_L1comma_32comma_1comma_1comma_I_addr_type_L1comma_32comma_1comma_1comma_W_addr_type_L1comma_5comma_288comma_8comma_8comma_O_addr_type_L2comma_312comma_8comma_8comma_I_addr_type_L2c000005.
                  Please try 'help WRTL-WRDP' for more detailed help.
     [WRTL-WRHIP] Routing input port or_tmp_242 .
                  Please try 'help WRTL-WRHIP' for more detailed help.
     [WRTL-WRPPE] (no-source-file:0) Ending routing hierarchical port and edge pair or_tmp_242 and or_tmp_242 in hierarchy 0.
                  Please try 'help WRTL-WRPPE' for more detailed help.
     [WRTL-WRSIH] (/users/students/r0678912/Downloads/zigzag/hls_impl/PE/Catapult/SIF/power_top_5_32_1_1_O_addr_type_L1_32_1_1_I_addr_type_L1_32_1_1_W_addr_type_L1_5_288_8_8_O_addr_type_L2_312_8_8_I_addr_type_L2_1728_8_8_W_addr_type_L2_5_8640_8_8_O_addr_type_L3_8640_8_8_I_addr_type_L3_55296_8_8_W_addr_type_L3_O_pa000000.v:3825) Routing edge or_tmp_242 in hierarchy topless_5comma_32comma_1comma_1comma_O_addr_type_L1comma_32comma_1comma_1comma_I_addr_type_L1comma_32comma_1comma_1comma_W_addr_type_L1comma_5comma_288comma_8comma_8comma_O_addr_type_L2comma_312comma_8comma_8comma_I_addr_type_L2c000003 and language 0.
                  Please try 'help WRTL-WRSIH' for more detailed help.
     [WRTL-WRE]   (/users/students/r0678912/Downloads/zigzag/hls_impl/PE/Catapult/SIF/power_top_5_32_1_1_O_addr_type_L1_32_1_1_I_addr_type_L1_32_1_1_W_addr_type_L1_5_288_8_8_O_addr_type_L2_312_8_8_I_addr_type_L2_1728_8_8_W_addr_type_L2_5_8640_8_8_O_addr_type_L3_8640_8_8_I_addr_type_L3_55296_8_8_W_addr_type_L3_O_pa000000.v:3825) Routing edge or_tmp_242 in hierarchy topless_5comma_32comma_1comma_1comma_O_addr_type_L1comma_32comma_1comma_1comma_I_addr_type_L1comma_32comma_1comma_1comma_W_addr_type_L1comma_5comma_288comma_8comma_8comma_O_addr_type_L2comma_312comma_8comma_8comma_I_addr_type_L2c000003.
                  Please try 'help WRTL-WRE' for more detailed help.
     [WRTL-WRIEE] (no-source-file:0) Routing of edge or_tmp_242 completed and it is driven by user edge or_tmp_242.
                  Please try 'help WRTL-WRIEE' for more detailed help.
     [WRTL-WRGHE] (/users/students/r0678912/Downloads/zigzag/hls_impl/PE/Catapult/SIF/power_top_5_32_1_1_O_addr_type_L1_32_1_1_I_addr_type_L1_32_1_1_W_addr_type_L1_5_288_8_8_O_addr_type_L2_312_8_8_I_addr_type_L2_1728_8_8_W_addr_type_L2_5_8640_8_8_O_addr_type_L3_8640_8_8_I_addr_type_L3_55296_8_8_W_addr_type_L3_O_pa000000.v:1685) Ending routing of inst_cg_obs_topless_5comma_32comma_1comm gating node in hierarchy topless_5comma_32comma_1comma_1comma_O_addr_type_L1comma_32comma_1comma_1comma_I_addr_type_L1comma_32comma_1comma_1comma_W_addr_type_L1comma_5comma_288comma_8comma_8comma_O_addr_type_L2comma_312comma_8comma_8comma_I_addr_type_L2c000016.
                  Please try 'help WRTL-WRGHE' for more detailed help.
     [WRTL-WRGHB] (/users/students/r0678912/Downloads/zigzag/hls_impl/PE/Catapult/SIF/power_top_5_32_1_1_O_addr_type_L1_32_1_1_I_addr_type_L1_32_1_1_W_addr_type_L1_5_288_8_8_O_addr_type_L2_312_8_8_I_addr_type_L2_1728_8_8_W_addr_type_L2_5_8640_8_8_O_addr_type_L3_8640_8_8_I_addr_type_L3_55296_8_8_W_addr_type_L3_O_pa000000.v:1487) Starting routing of inst_cg_obs_topless_5comma_32comma_1comm gating node in hierarchy topless_5comma_32comma_1comma_1comma_O_addr_type_L1comma_32comma_1comma_1comma_I_addr_type_L1comma_32comma_1comma_1comma_W_addr_type_L1comma_5comma_288comma_8comma_8comma_O_addr_type_L2comma_312comma_8comma_8comma_I_addr_type_L2c000026 and language 0.
                  Please try 'help WRTL-WRGHB' for more detailed help.
     [WRTL-WRIEB] (no-source-file:0) Starting routing of edge reg_I_wr_data_rsci_irdy_run_psct_cse connected to port I_wr_data_rsci_oswt of gating hierarchy.
                  Please try 'help WRTL-WRIEB' for more detailed help.
     [WRTL-WRSIH] (no-source-file:0) Routing edge reg_I_wr_data_rsci_irdy_run_psct_cse in hierarchy topless_5comma_32comma_1comma_1comma_O_addr_type_L1comma_32comma_1comma_1comma_I_addr_type_L1comma_32comma_1comma_1comma_W_addr_type_L1comma_5comma_288comma_8comma_8comma_O_addr_type_L2comma_312comma_8comma_8comma_I_addr_type_L2c000026 and language 0.
                  Please try 'help WRTL-WRSIH' for more detailed help.
     [WRTL-WRPEP] (no-source-file:0) Starting routing hierarchical port and edge pair reg_I_wr_data_rsci_irdy_run_psct_cse and reg_I_wr_data_rsci_irdy_run_psct_cse in hierarchy topless_5comma_32comma_1comma_1comma_O_addr_type_L1comma_32comma_1comma_1comma_I_addr_type_L1comma_32comma_1comma_1comma_W_addr_type_L1comma_5comma_288comma_8comma_8comma_O_addr_type_L2comma_312comma_8comma_8comma_I_addr_type_L2c000026.
                  Please try 'help WRTL-WRPEP' for more detailed help.
     [WRTL-WRDP]  Declaring new port reg_I_wr_data_rsci_irdy_run_psct_cse with CPT name reg_I_wr_data_rsci_irdy_run_psct_cse in module topless_5comma_32comma_1comma_1comma_O_addr_type_L1comma_32comma_1comma_1comma_I_addr_type_L1comma_32comma_1comma_1comma_W_addr_type_L1comma_5comma_288comma_8comma_8comma_O_addr_type_L2comma_312comma_8comma_8comma_I_addr_type_L2c000026.
                  Please try 'help WRTL-WRDP' for more detailed help.
     [WRTL-WRHIP] Routing input port reg_I_wr_data_rsci_irdy_run_psct_cse .
                  Please try 'help WRTL-WRHIP' for more detailed help.
     [WRTL-WRPPE] (no-source-file:0) Ending routing hierarchical port and edge pair reg_I_wr_data_rsci_irdy_run_psct_cse and reg_I_wr_data_rsci_irdy_run_psct_cse in hierarchy 0.
                  Please try 'help WRTL-WRPPE' for more detailed help.
     [WRTL-WRSIH] (/users/students/r0678912/Downloads/zigzag/hls_impl/PE/Catapult/SIF/power_top_5_32_1_1_O_addr_type_L1_32_1_1_I_addr_type_L1_32_1_1_W_addr_type_L1_5_288_8_8_O_addr_type_L2_312_8_8_I_addr_type_L2_1728_8_8_W_addr_type_L2_5_8640_8_8_O_addr_type_L3_8640_8_8_I_addr_type_L3_55296_8_8_W_addr_type_L3_O_pa000000.v:2746) Routing edge I_wr_data_rsci_oswt in hierarchy topless_5comma_32comma_1comma_1comma_O_addr_type_L1comma_32comma_1comma_1comma_I_addr_type_L1comma_32comma_1comma_1comma_W_addr_type_L1comma_5comma_288comma_8comma_8comma_O_addr_type_L2comma_312comma_8comma_8comma_I_addr_type_L2c000007 and language 0.
                  Please try 'help WRTL-WRSIH' for more detailed help.
     [WRTL-WRPEP] (/users/students/r0678912/Downloads/zigzag/hls_impl/PE/Catapult/SIF/power_top_5_32_1_1_O_addr_type_L1_32_1_1_I_addr_type_L1_32_1_1_W_addr_type_L1_5_288_8_8_O_addr_type_L2_312_8_8_I_addr_type_L2_1728_8_8_W_addr_type_L2_5_8640_8_8_O_addr_type_L3_8640_8_8_I_addr_type_L3_55296_8_8_W_addr_type_L3_O_pa000000.v:2746) Starting routing hierarchical port and edge pair I_wr_data_rsci_oswt and I_wr_data_rsci_oswt in hierarchy topless_5comma_32comma_1comma_1comma_O_addr_type_L1comma_32comma_1comma_1comma_I_addr_type_L1comma_32comma_1comma_1comma_W_addr_type_L1comma_5comma_288comma_8comma_8comma_O_addr_type_L2comma_312comma_8comma_8comma_I_addr_type_L2c000007.
                  Please try 'help WRTL-WRPEP' for more detailed help.
     [WRTL-WRIEE] (no-source-file:0) Routing of edge reg_I_wr_data_rsci_irdy_run_psct_cse completed and it is driven by user edge reg_I_wr_data_rsci_irdy_run_psct_cse.
                  Please try 'help WRTL-WRIEE' for more detailed help.
     [WRTL-WRIEB] (no-source-file:0) Starting routing of edge fsm_output connected to port fsm_output of gating hierarchy.
                  Please try 'help WRTL-WRIEB' for more detailed help.
     [WRTL-WRSIH] (no-source-file:0) Routing edge fsm_output in hierarchy topless_5comma_32comma_1comma_1comma_O_addr_type_L1comma_32comma_1comma_1comma_I_addr_type_L1comma_32comma_1comma_1comma_W_addr_type_L1comma_5comma_288comma_8comma_8comma_O_addr_type_L2comma_312comma_8comma_8comma_I_addr_type_L2c000026 and language 0.
                  Please try 'help WRTL-WRSIH' for more detailed help.
     [WRTL-WRPEP] (no-source-file:0) Starting routing hierarchical port and edge pair fsm_output and fsm_output in hierarchy topless_5comma_32comma_1comma_1comma_O_addr_type_L1comma_32comma_1comma_1comma_I_addr_type_L1comma_32comma_1comma_1comma_W_addr_type_L1comma_5comma_288comma_8comma_8comma_O_addr_type_L2comma_312comma_8comma_8comma_I_addr_type_L2c000026.
                  Please try 'help WRTL-WRPEP' for more detailed help.
     [WRTL-WRDP]  Declaring new port fsm_output with CPT name fsm_output in module topless_5comma_32comma_1comma_1comma_O_addr_type_L1comma_32comma_1comma_1comma_I_addr_type_L1comma_32comma_1comma_1comma_W_addr_type_L1comma_5comma_288comma_8comma_8comma_O_addr_type_L2comma_312comma_8comma_8comma_I_addr_type_L2c000026.
                  Please try 'help WRTL-WRDP' for more detailed help.
     [WRTL-WRHIP] Routing input port fsm_output .
                  Please try 'help WRTL-WRHIP' for more detailed help.
     [WRTL-WRPPE] (no-source-file:0) Ending routing hierarchical port and edge pair fsm_output and fsm_output in hierarchy 0.
                  Please try 'help WRTL-WRPPE' for more detailed help.
     [WRTL-WRSIH] (no-source-file:0) Routing edge fsm_output in hierarchy topless_5comma_32comma_1comma_1comma_O_addr_type_L1comma_32comma_1comma_1comma_I_addr_type_L1comma_32comma_1comma_1comma_W_addr_type_L1comma_5comma_288comma_8comma_8comma_O_addr_type_L2comma_312comma_8comma_8comma_I_addr_type_L2c000007 and language 0.
                  Please try 'help WRTL-WRSIH' for more detailed help.
     [WRTL-WRPEP] (no-source-file:0) Starting routing hierarchical port and edge pair fsm_output and fsm_output in hierarchy topless_5comma_32comma_1comma_1comma_O_addr_type_L1comma_32comma_1comma_1comma_I_addr_type_L1comma_32comma_1comma_1comma_W_addr_type_L1comma_5comma_288comma_8comma_8comma_O_addr_type_L2comma_312comma_8comma_8comma_I_addr_type_L2c000007.
                  Please try 'help WRTL-WRPEP' for more detailed help.
     [WRTL-WRDP]  Declaring new port fsm_output with CPT name fsm_output in module topless_5comma_32comma_1comma_1comma_O_addr_type_L1comma_32comma_1comma_1comma_I_addr_type_L1comma_32comma_1comma_1comma_W_addr_type_L1comma_5comma_288comma_8comma_8comma_O_addr_type_L2comma_312comma_8comma_8comma_I_addr_type_L2c000007.
                  Please try 'help WRTL-WRDP' for more detailed help.
     [WRTL-WRHIP] Routing input port fsm_output .
                  Please try 'help WRTL-WRHIP' for more detailed help.
     [WRTL-WRPPE] (no-source-file:0) Ending routing hierarchical port and edge pair fsm_output and fsm_output in hierarchy 0.
                  Please try 'help WRTL-WRPPE' for more detailed help.
     [WRTL-WRSIH] (/users/students/r0678912/Downloads/zigzag/hls_impl/PE/Catapult/SIF/power_top_5_32_1_1_O_addr_type_L1_32_1_1_I_addr_type_L1_32_1_1_W_addr_type_L1_5_288_8_8_O_addr_type_L2_312_8_8_I_addr_type_L2_1728_8_8_W_addr_type_L2_5_8640_8_8_O_addr_type_L3_8640_8_8_I_addr_type_L3_55296_8_8_W_addr_type_L3_O_pa000000.v:3586) Routing edge fsm_output in hierarchy topless_5comma_32comma_1comma_1comma_O_addr_type_L1comma_32comma_1comma_1comma_I_addr_type_L1comma_32comma_1comma_1comma_W_addr_type_L1comma_5comma_288comma_8comma_8comma_O_addr_type_L2comma_312comma_8comma_8comma_I_addr_type_L2c000003 and language 0.
                  Please try 'help WRTL-WRSIH' for more detailed help.
     [WRTL-WRE]   (/users/students/r0678912/Downloads/zigzag/hls_impl/PE/Catapult/SIF/power_top_5_32_1_1_O_addr_type_L1_32_1_1_I_addr_type_L1_32_1_1_W_addr_type_L1_5_288_8_8_O_addr_type_L2_312_8_8_I_addr_type_L2_1728_8_8_W_addr_type_L2_5_8640_8_8_O_addr_type_L3_8640_8_8_I_addr_type_L3_55296_8_8_W_addr_type_L3_O_pa000000.v:3586) Routing edge fsm_output in hierarchy topless_5comma_32comma_1comma_1comma_O_addr_type_L1comma_32comma_1comma_1comma_I_addr_type_L1comma_32comma_1comma_1comma_W_addr_type_L1comma_5comma_288comma_8comma_8comma_O_addr_type_L2comma_312comma_8comma_8comma_I_addr_type_L2c000003.
                  Please try 'help WRTL-WRE' for more detailed help.
     [WRTL-WRIEE] (no-source-file:0) Routing of edge fsm_output completed and it is driven by user edge fsm_output.
                  Please try 'help WRTL-WRIEE' for more detailed help.
     [WRTL-WRIEB] (/users/students/r0678912/Downloads/zigzag/hls_impl/PE/Catapult/SIF/power_top_5_32_1_1_O_addr_type_L1_32_1_1_I_addr_type_L1_32_1_1_W_addr_type_L1_5_288_8_8_O_addr_type_L2_312_8_8_I_addr_type_L2_1728_8_8_W_addr_type_L2_5_8640_8_8_O_addr_type_L3_8640_8_8_I_addr_type_L3_55296_8_8_W_addr_type_L3_O_pa000000.v:1459) Starting routing of edge I_wr_data_rsci_biwt connected to port I_wr_data_rsci_biwt of gating hierarchy.
                  Please try 'help WRTL-WRIEB' for more detailed help.
     [WRTL-WRSIH] (/users/students/r0678912/Downloads/zigzag/hls_impl/PE/Catapult/SIF/power_top_5_32_1_1_O_addr_type_L1_32_1_1_I_addr_type_L1_32_1_1_W_addr_type_L1_5_288_8_8_O_addr_type_L2_312_8_8_I_addr_type_L2_1728_8_8_W_addr_type_L2_5_8640_8_8_O_addr_type_L3_8640_8_8_I_addr_type_L3_55296_8_8_W_addr_type_L3_O_pa000000.v:1459) Routing edge I_wr_data_rsci_biwt in hierarchy topless_5comma_32comma_1comma_1comma_O_addr_type_L1comma_32comma_1comma_1comma_I_addr_type_L1comma_32comma_1comma_1comma_W_addr_type_L1comma_5comma_288comma_8comma_8comma_O_addr_type_L2comma_312comma_8comma_8comma_I_addr_type_L2c000026 and language 0.
                  Please try 'help WRTL-WRSIH' for more detailed help.
     [WRTL-WRPEP] (/users/students/r0678912/Downloads/zigzag/hls_impl/PE/Catapult/SIF/power_top_5_32_1_1_O_addr_type_L1_32_1_1_I_addr_type_L1_32_1_1_W_addr_type_L1_5_288_8_8_O_addr_type_L2_312_8_8_I_addr_type_L2_1728_8_8_W_addr_type_L2_5_8640_8_8_O_addr_type_L3_8640_8_8_I_addr_type_L3_55296_8_8_W_addr_type_L3_O_pa000000.v:1459) Starting routing hierarchical port and edge pair I_wr_data_rsci_biwt and I_wr_data_rsci_biwt in hierarchy topless_5comma_32comma_1comma_1comma_O_addr_type_L1comma_32comma_1comma_1comma_I_addr_type_L1comma_32comma_1comma_1comma_W_addr_type_L1comma_5comma_288comma_8comma_8comma_O_addr_type_L2comma_312comma_8comma_8comma_I_addr_type_L2c000026.
                  Please try 'help WRTL-WRPEP' for more detailed help.
     [WRTL-WRIEE] (/users/students/r0678912/Downloads/zigzag/hls_impl/PE/Catapult/SIF/power_top_5_32_1_1_O_addr_type_L1_32_1_1_I_addr_type_L1_32_1_1_W_addr_type_L1_5_288_8_8_O_addr_type_L2_312_8_8_I_addr_type_L2_1728_8_8_W_addr_type_L2_5_8640_8_8_O_addr_type_L3_8640_8_8_I_addr_type_L3_55296_8_8_W_addr_type_L3_O_pa000000.v:1459) Routing of edge I_wr_data_rsci_biwt completed and it is driven by user edge I_wr_data_rsci_biwt.
                  Please try 'help WRTL-WRIEE' for more detailed help.
     [WRTL-WRIEB] (/users/students/r0678912/Downloads/zigzag/hls_impl/PE/Catapult/SIF/power_top_5_32_1_1_O_addr_type_L1_32_1_1_I_addr_type_L1_32_1_1_W_addr_type_L1_5_288_8_8_O_addr_type_L2_312_8_8_I_addr_type_L2_1728_8_8_W_addr_type_L2_5_8640_8_8_O_addr_type_L3_8640_8_8_I_addr_type_L3_55296_8_8_W_addr_type_L3_O_pa000000.v:1460) Starting routing of edge I_wr_data_rsci_bdwt connected to port I_wr_data_rsci_bdwt of gating hierarchy.
                  Please try 'help WRTL-WRIEB' for more detailed help.
     [WRTL-WRSIH] (/users/students/r0678912/Downloads/zigzag/hls_impl/PE/Catapult/SIF/power_top_5_32_1_1_O_addr_type_L1_32_1_1_I_addr_type_L1_32_1_1_W_addr_type_L1_5_288_8_8_O_addr_type_L2_312_8_8_I_addr_type_L2_1728_8_8_W_addr_type_L2_5_8640_8_8_O_addr_type_L3_8640_8_8_I_addr_type_L3_55296_8_8_W_addr_type_L3_O_pa000000.v:1460) Routing edge I_wr_data_rsci_bdwt in hierarchy topless_5comma_32comma_1comma_1comma_O_addr_type_L1comma_32comma_1comma_1comma_I_addr_type_L1comma_32comma_1comma_1comma_W_addr_type_L1comma_5comma_288comma_8comma_8comma_O_addr_type_L2comma_312comma_8comma_8comma_I_addr_type_L2c000026 and language 0.
                  Please try 'help WRTL-WRSIH' for more detailed help.
     [WRTL-WRPEP] (/users/students/r0678912/Downloads/zigzag/hls_impl/PE/Catapult/SIF/power_top_5_32_1_1_O_addr_type_L1_32_1_1_I_addr_type_L1_32_1_1_W_addr_type_L1_5_288_8_8_O_addr_type_L2_312_8_8_I_addr_type_L2_1728_8_8_W_addr_type_L2_5_8640_8_8_O_addr_type_L3_8640_8_8_I_addr_type_L3_55296_8_8_W_addr_type_L3_O_pa000000.v:1460) Starting routing hierarchical port and edge pair I_wr_data_rsci_bdwt and I_wr_data_rsci_bdwt in hierarchy topless_5comma_32comma_1comma_1comma_O_addr_type_L1comma_32comma_1comma_1comma_I_addr_type_L1comma_32comma_1comma_1comma_W_addr_type_L1comma_5comma_288comma_8comma_8comma_O_addr_type_L2comma_312comma_8comma_8comma_I_addr_type_L2c000026.
                  Please try 'help WRTL-WRPEP' for more detailed help.
     [WRTL-WRIEE] (/users/students/r0678912/Downloads/zigzag/hls_impl/PE/Catapult/SIF/power_top_5_32_1_1_O_addr_type_L1_32_1_1_I_addr_type_L1_32_1_1_W_addr_type_L1_5_288_8_8_O_addr_type_L2_312_8_8_I_addr_type_L2_1728_8_8_W_addr_type_L2_5_8640_8_8_O_addr_type_L3_8640_8_8_I_addr_type_L3_55296_8_8_W_addr_type_L3_O_pa000000.v:1460) Routing of edge I_wr_data_rsci_bdwt completed and it is driven by user edge I_wr_data_rsci_bdwt.
                  Please try 'help WRTL-WRIEE' for more detailed help.
     [WRTL-WRIEB] (/users/students/r0678912/Downloads/zigzag/hls_impl/PE/Catapult/SIF/power_top_5_32_1_1_O_addr_type_L1_32_1_1_I_addr_type_L1_32_1_1_W_addr_type_L1_5_288_8_8_O_addr_type_L2_312_8_8_I_addr_type_L2_1728_8_8_W_addr_type_L2_5_8640_8_8_O_addr_type_L3_8640_8_8_I_addr_type_L3_55296_8_8_W_addr_type_L3_O_pa000000.v:1479) Starting routing of edge I_wr_data_rsci_bcwt connected to port I_wr_data_rsci_bcwt of gating hierarchy.
                  Please try 'help WRTL-WRIEB' for more detailed help.
     [WRTL-WRSIH] (/users/students/r0678912/Downloads/zigzag/hls_impl/PE/Catapult/SIF/power_top_5_32_1_1_O_addr_type_L1_32_1_1_I_addr_type_L1_32_1_1_W_addr_type_L1_5_288_8_8_O_addr_type_L2_312_8_8_I_addr_type_L2_1728_8_8_W_addr_type_L2_5_8640_8_8_O_addr_type_L3_8640_8_8_I_addr_type_L3_55296_8_8_W_addr_type_L3_O_pa000000.v:1479) Routing edge I_wr_data_rsci_bcwt in hierarchy topless_5comma_32comma_1comma_1comma_O_addr_type_L1comma_32comma_1comma_1comma_I_addr_type_L1comma_32comma_1comma_1comma_W_addr_type_L1comma_5comma_288comma_8comma_8comma_O_addr_type_L2comma_312comma_8comma_8comma_I_addr_type_L2c000026 and language 0.
                  Please try 'help WRTL-WRSIH' for more detailed help.
     [WRTL-WRE]   (/users/students/r0678912/Downloads/zigzag/hls_impl/PE/Catapult/SIF/power_top_5_32_1_1_O_addr_type_L1_32_1_1_I_addr_type_L1_32_1_1_W_addr_type_L1_5_288_8_8_O_addr_type_L2_312_8_8_I_addr_type_L2_1728_8_8_W_addr_type_L2_5_8640_8_8_O_addr_type_L3_8640_8_8_I_addr_type_L3_55296_8_8_W_addr_type_L3_O_pa000000.v:1479) Routing edge I_wr_data_rsci_bcwt in hierarchy topless_5comma_32comma_1comma_1comma_O_addr_type_L1comma_32comma_1comma_1comma_I_addr_type_L1comma_32comma_1comma_1comma_W_addr_type_L1comma_5comma_288comma_8comma_8comma_O_addr_type_L2comma_312comma_8comma_8comma_I_addr_type_L2c000026.
                  Please try 'help WRTL-WRE' for more detailed help.
     [WRTL-WRIEE] (/users/students/r0678912/Downloads/zigzag/hls_impl/PE/Catapult/SIF/power_top_5_32_1_1_O_addr_type_L1_32_1_1_I_addr_type_L1_32_1_1_W_addr_type_L1_5_288_8_8_O_addr_type_L2_312_8_8_I_addr_type_L2_1728_8_8_W_addr_type_L2_5_8640_8_8_O_addr_type_L3_8640_8_8_I_addr_type_L3_55296_8_8_W_addr_type_L3_O_pa000000.v:1479) Routing of edge I_wr_data_rsci_bcwt completed and it is driven by user edge I_wr_data_rsci_bcwt.
                  Please try 'help WRTL-WRIEE' for more detailed help.
     [WRTL-WRIEB] (/users/students/r0678912/Downloads/zigzag/hls_impl/PE/Catapult/SIF/power_top_5_32_1_1_O_addr_type_L1_32_1_1_I_addr_type_L1_32_1_1_W_addr_type_L1_5_288_8_8_O_addr_type_L2_312_8_8_I_addr_type_L2_1728_8_8_W_addr_type_L2_5_8640_8_8_O_addr_type_L3_8640_8_8_I_addr_type_L3_55296_8_8_W_addr_type_L3_O_pa000000.v:1456) Starting routing of edge rst connected to port rst_3 of gating hierarchy.
                  Please try 'help WRTL-WRIEB' for more detailed help.
     [WRTL-WRSIH] (/users/students/r0678912/Downloads/zigzag/hls_impl/PE/Catapult/SIF/power_top_5_32_1_1_O_addr_type_L1_32_1_1_I_addr_type_L1_32_1_1_W_addr_type_L1_5_288_8_8_O_addr_type_L2_312_8_8_I_addr_type_L2_1728_8_8_W_addr_type_L2_5_8640_8_8_O_addr_type_L3_8640_8_8_I_addr_type_L3_55296_8_8_W_addr_type_L3_O_pa000000.v:1456) Routing edge rst in hierarchy topless_5comma_32comma_1comma_1comma_O_addr_type_L1comma_32comma_1comma_1comma_I_addr_type_L1comma_32comma_1comma_1comma_W_addr_type_L1comma_5comma_288comma_8comma_8comma_O_addr_type_L2comma_312comma_8comma_8comma_I_addr_type_L2c000026 and language 0.
                  Please try 'help WRTL-WRSIH' for more detailed help.
     [WRTL-WRPEP] (/users/students/r0678912/Downloads/zigzag/hls_impl/PE/Catapult/SIF/power_top_5_32_1_1_O_addr_type_L1_32_1_1_I_addr_type_L1_32_1_1_W_addr_type_L1_5_288_8_8_O_addr_type_L2_312_8_8_I_addr_type_L2_1728_8_8_W_addr_type_L2_5_8640_8_8_O_addr_type_L3_8640_8_8_I_addr_type_L3_55296_8_8_W_addr_type_L3_O_pa000000.v:1456) Starting routing hierarchical port and edge pair rst and rst in hierarchy topless_5comma_32comma_1comma_1comma_O_addr_type_L1comma_32comma_1comma_1comma_I_addr_type_L1comma_32comma_1comma_1comma_W_addr_type_L1comma_5comma_288comma_8comma_8comma_O_addr_type_L2comma_312comma_8comma_8comma_I_addr_type_L2c000026.
                  Please try 'help WRTL-WRPEP' for more detailed help.
     [WRTL-WRIEE] (/users/students/r0678912/Downloads/zigzag/hls_impl/PE/Catapult/SIF/power_top_5_32_1_1_O_addr_type_L1_32_1_1_I_addr_type_L1_32_1_1_W_addr_type_L1_5_288_8_8_O_addr_type_L2_312_8_8_I_addr_type_L2_1728_8_8_W_addr_type_L2_5_8640_8_8_O_addr_type_L3_8640_8_8_I_addr_type_L3_55296_8_8_W_addr_type_L3_O_pa000000.v:1456) Routing of edge rst completed and it is driven by user edge rst.
                  Please try 'help WRTL-WRIEE' for more detailed help.
     [WRTL-WRIEB] (no-source-file:0) Starting routing of edge run_wen connected to port run_wen_1 of gating hierarchy.
                  Please try 'help WRTL-WRIEB' for more detailed help.
     [WRTL-WRSIH] (no-source-file:0) Routing edge run_wen in hierarchy topless_5comma_32comma_1comma_1comma_O_addr_type_L1comma_32comma_1comma_1comma_I_addr_type_L1comma_32comma_1comma_1comma_W_addr_type_L1comma_5comma_288comma_8comma_8comma_O_addr_type_L2comma_312comma_8comma_8comma_I_addr_type_L2c000026 and language 0.
                  Please try 'help WRTL-WRSIH' for more detailed help.
     [WRTL-WRPEP] (no-source-file:0) Starting routing hierarchical port and edge pair run_wen and run_wen in hierarchy topless_5comma_32comma_1comma_1comma_O_addr_type_L1comma_32comma_1comma_1comma_I_addr_type_L1comma_32comma_1comma_1comma_W_addr_type_L1comma_5comma_288comma_8comma_8comma_O_addr_type_L2comma_312comma_8comma_8comma_I_addr_type_L2c000026.
                  Please try 'help WRTL-WRPEP' for more detailed help.
     [WRTL-WRDP]  Declaring new port run_wen with CPT name run_wen in module topless_5comma_32comma_1comma_1comma_O_addr_type_L1comma_32comma_1comma_1comma_I_addr_type_L1comma_32comma_1comma_1comma_W_addr_type_L1comma_5comma_288comma_8comma_8comma_O_addr_type_L2comma_312comma_8comma_8comma_I_addr_type_L2c000026.
                  Please try 'help WRTL-WRDP' for more detailed help.
     [WRTL-WRHIP] Routing input port run_wen .
                  Please try 'help WRTL-WRHIP' for more detailed help.
     [WRTL-WRPPE] (no-source-file:0) Ending routing hierarchical port and edge pair run_wen and run_wen in hierarchy 0.
                  Please try 'help WRTL-WRPPE' for more detailed help.
     [WRTL-WRSIH] (/users/students/r0678912/Downloads/zigzag/hls_impl/PE/Catapult/SIF/power_top_5_32_1_1_O_addr_type_L1_32_1_1_I_addr_type_L1_32_1_1_W_addr_type_L1_5_288_8_8_O_addr_type_L2_312_8_8_I_addr_type_L2_1728_8_8_W_addr_type_L2_5_8640_8_8_O_addr_type_L3_8640_8_8_I_addr_type_L3_55296_8_8_W_addr_type_L3_O_pa000000.v:2744) Routing edge run_wen in hierarchy topless_5comma_32comma_1comma_1comma_O_addr_type_L1comma_32comma_1comma_1comma_I_addr_type_L1comma_32comma_1comma_1comma_W_addr_type_L1comma_5comma_288comma_8comma_8comma_O_addr_type_L2comma_312comma_8comma_8comma_I_addr_type_L2c000007 and language 0.
                  Please try 'help WRTL-WRSIH' for more detailed help.
     [WRTL-WRPEP] (/users/students/r0678912/Downloads/zigzag/hls_impl/PE/Catapult/SIF/power_top_5_32_1_1_O_addr_type_L1_32_1_1_I_addr_type_L1_32_1_1_W_addr_type_L1_5_288_8_8_O_addr_type_L2_312_8_8_I_addr_type_L2_1728_8_8_W_addr_type_L2_5_8640_8_8_O_addr_type_L3_8640_8_8_I_addr_type_L3_55296_8_8_W_addr_type_L3_O_pa000000.v:2744) Starting routing hierarchical port and edge pair run_wen and run_wen in hierarchy topless_5comma_32comma_1comma_1comma_O_addr_type_L1comma_32comma_1comma_1comma_I_addr_type_L1comma_32comma_1comma_1comma_W_addr_type_L1comma_5comma_288comma_8comma_8comma_O_addr_type_L2comma_312comma_8comma_8comma_I_addr_type_L2c000007.
                  Please try 'help WRTL-WRPEP' for more detailed help.
     [WRTL-WRIEE] (no-source-file:0) Routing of edge run_wen completed and it is driven by user edge run_wen.
                  Please try 'help WRTL-WRIEE' for more detailed help.
     [WRTL-WRIEB] (no-source-file:0) Starting routing of edge and_tmp_80 connected to port and_tmp_80 of gating hierarchy.
                  Please try 'help WRTL-WRIEB' for more detailed help.
     [WRTL-WRSIH] (no-source-file:0) Routing edge and_tmp_80 in hierarchy topless_5comma_32comma_1comma_1comma_O_addr_type_L1comma_32comma_1comma_1comma_I_addr_type_L1comma_32comma_1comma_1comma_W_addr_type_L1comma_5comma_288comma_8comma_8comma_O_addr_type_L2comma_312comma_8comma_8comma_I_addr_type_L2c000026 and language 0.
                  Please try 'help WRTL-WRSIH' for more detailed help.
     [WRTL-WRPEP] (no-source-file:0) Starting routing hierarchical port and edge pair and_tmp_80 and and_tmp_80 in hierarchy topless_5comma_32comma_1comma_1comma_O_addr_type_L1comma_32comma_1comma_1comma_I_addr_type_L1comma_32comma_1comma_1comma_W_addr_type_L1comma_5comma_288comma_8comma_8comma_O_addr_type_L2comma_312comma_8comma_8comma_I_addr_type_L2c000026.
                  Please try 'help WRTL-WRPEP' for more detailed help.
     [WRTL-WRDP]  Declaring new port and_tmp_80 with CPT name and_tmp_80 in module topless_5comma_32comma_1comma_1comma_O_addr_type_L1comma_32comma_1comma_1comma_I_addr_type_L1comma_32comma_1comma_1comma_W_addr_type_L1comma_5comma_288comma_8comma_8comma_O_addr_type_L2comma_312comma_8comma_8comma_I_addr_type_L2c000026.
                  Please try 'help WRTL-WRDP' for more detailed help.
     [WRTL-WRHIP] Routing input port and_tmp_80 .
                  Please try 'help WRTL-WRHIP' for more detailed help.
     [WRTL-WRPPE] (no-source-file:0) Ending routing hierarchical port and edge pair and_tmp_80 and and_tmp_80 in hierarchy 0.
                  Please try 'help WRTL-WRPPE' for more detailed help.
     [WRTL-WRSIH] (no-source-file:0) Routing edge and_tmp_80 in hierarchy topless_5comma_32comma_1comma_1comma_O_addr_type_L1comma_32comma_1comma_1comma_I_addr_type_L1comma_32comma_1comma_1comma_W_addr_type_L1comma_5comma_288comma_8comma_8comma_O_addr_type_L2comma_312comma_8comma_8comma_I_addr_type_L2c000007 and language 0.
                  Please try 'help WRTL-WRSIH' for more detailed help.
     [WRTL-WRPEP] (no-source-file:0) Starting routing hierarchical port and edge pair and_tmp_80 and and_tmp_80 in hierarchy topless_5comma_32comma_1comma_1comma_O_addr_type_L1comma_32comma_1comma_1comma_I_addr_type_L1comma_32comma_1comma_1comma_W_addr_type_L1comma_5comma_288comma_8comma_8comma_O_addr_type_L2comma_312comma_8comma_8comma_I_addr_type_L2c000007.
                  Please try 'help WRTL-WRPEP' for more detailed help.
     [WRTL-WRDP]  Declaring new port and_tmp_80 with CPT name and_tmp_80 in module topless_5comma_32comma_1comma_1comma_O_addr_type_L1comma_32comma_1comma_1comma_I_addr_type_L1comma_32comma_1comma_1comma_W_addr_type_L1comma_5comma_288comma_8comma_8comma_O_addr_type_L2comma_312comma_8comma_8comma_I_addr_type_L2c000007.
                  Please try 'help WRTL-WRDP' for more detailed help.
     [WRTL-WRHIP] Routing input port and_tmp_80 .
                  Please try 'help WRTL-WRHIP' for more detailed help.
     [WRTL-WRPPE] (no-source-file:0) Ending routing hierarchical port and edge pair and_tmp_80 and and_tmp_80 in hierarchy 0.
                  Please try 'help WRTL-WRPPE' for more detailed help.
     [WRTL-WRSIH] (/users/students/r0678912/Downloads/zigzag/hls_impl/PE/Catapult/SIF/power_top_5_32_1_1_O_addr_type_L1_32_1_1_I_addr_type_L1_32_1_1_W_addr_type_L1_5_288_8_8_O_addr_type_L2_312_8_8_I_addr_type_L2_1728_8_8_W_addr_type_L2_5_8640_8_8_O_addr_type_L3_8640_8_8_I_addr_type_L3_55296_8_8_W_addr_type_L3_O_pa000000.v:3812) Routing edge and_tmp_80 in hierarchy topless_5comma_32comma_1comma_1comma_O_addr_type_L1comma_32comma_1comma_1comma_I_addr_type_L1comma_32comma_1comma_1comma_W_addr_type_L1comma_5comma_288comma_8comma_8comma_O_addr_type_L2comma_312comma_8comma_8comma_I_addr_type_L2c000003 and language 0.
                  Please try 'help WRTL-WRSIH' for more detailed help.
     [WRTL-WRE]   (/users/students/r0678912/Downloads/zigzag/hls_impl/PE/Catapult/SIF/power_top_5_32_1_1_O_addr_type_L1_32_1_1_I_addr_type_L1_32_1_1_W_addr_type_L1_5_288_8_8_O_addr_type_L2_312_8_8_I_addr_type_L2_1728_8_8_W_addr_type_L2_5_8640_8_8_O_addr_type_L3_8640_8_8_I_addr_type_L3_55296_8_8_W_addr_type_L3_O_pa000000.v:3812) Routing edge and_tmp_80 in hierarchy topless_5comma_32comma_1comma_1comma_O_addr_type_L1comma_32comma_1comma_1comma_I_addr_type_L1comma_32comma_1comma_1comma_W_addr_type_L1comma_5comma_288comma_8comma_8comma_O_addr_type_L2comma_312comma_8comma_8comma_I_addr_type_L2c000003.
                  Please try 'help WRTL-WRE' for more detailed help.
     [WRTL-WRIEE] (no-source-file:0) Routing of edge and_tmp_80 completed and it is driven by user edge and_tmp_80.
                  Please try 'help WRTL-WRIEE' for more detailed help.
     [WRTL-WRIEB] (no-source-file:0) Starting routing of edge mux_360_nl connected to port mux_360_nl of gating hierarchy.
                  Please try 'help WRTL-WRIEB' for more detailed help.
     [WRTL-WRSIH] (no-source-file:0) Routing edge mux_360_nl in hierarchy topless_5comma_32comma_1comma_1comma_O_addr_type_L1comma_32comma_1comma_1comma_I_addr_type_L1comma_32comma_1comma_1comma_W_addr_type_L1comma_5comma_288comma_8comma_8comma_O_addr_type_L2comma_312comma_8comma_8comma_I_addr_type_L2c000026 and language 0.
                  Please try 'help WRTL-WRSIH' for more detailed help.
     [WRTL-WRPEP] (no-source-file:0) Starting routing hierarchical port and edge pair mux_360_nl and mux_360_nl in hierarchy topless_5comma_32comma_1comma_1comma_O_addr_type_L1comma_32comma_1comma_1comma_I_addr_type_L1comma_32comma_1comma_1comma_W_addr_type_L1comma_5comma_288comma_8comma_8comma_O_addr_type_L2comma_312comma_8comma_8comma_I_addr_type_L2c000026.
                  Please try 'help WRTL-WRPEP' for more detailed help.
     [WRTL-WRDP]  Declaring new port mux_360_nl with CPT name mux_360_nl in module topless_5comma_32comma_1comma_1comma_O_addr_type_L1comma_32comma_1comma_1comma_I_addr_type_L1comma_32comma_1comma_1comma_W_addr_type_L1comma_5comma_288comma_8comma_8comma_O_addr_type_L2comma_312comma_8comma_8comma_I_addr_type_L2c000026.
                  Please try 'help WRTL-WRDP' for more detailed help.
     [WRTL-WRHIP] Routing input port mux_360_nl .
                  Please try 'help WRTL-WRHIP' for more detailed help.
     [WRTL-WRPPE] (no-source-file:0) Ending routing hierarchical port and edge pair mux_360_nl and mux_360_nl in hierarchy 0.
                  Please try 'help WRTL-WRPPE' for more detailed help.
     [WRTL-WRSIH] (no-source-file:0) Routing edge mux_360_nl in hierarchy topless_5comma_32comma_1comma_1comma_O_addr_type_L1comma_32comma_1comma_1comma_I_addr_type_L1comma_32comma_1comma_1comma_W_addr_type_L1comma_5comma_288comma_8comma_8comma_O_addr_type_L2comma_312comma_8comma_8comma_I_addr_type_L2c000007 and language 0.
                  Please try 'help WRTL-WRSIH' for more detailed help.
     [WRTL-WRPEP] (no-source-file:0) Starting routing hierarchical port and edge pair mux_360_nl and mux_360_nl in hierarchy topless_5comma_32comma_1comma_1comma_O_addr_type_L1comma_32comma_1comma_1comma_I_addr_type_L1comma_32comma_1comma_1comma_W_addr_type_L1comma_5comma_288comma_8comma_8comma_O_addr_type_L2comma_312comma_8comma_8comma_I_addr_type_L2c000007.
                  Please try 'help WRTL-WRPEP' for more detailed help.
     [WRTL-WRDP]  Declaring new port mux_360_nl with CPT name mux_360_nl in module topless_5comma_32comma_1comma_1comma_O_addr_type_L1comma_32comma_1comma_1comma_I_addr_type_L1comma_32comma_1comma_1comma_W_addr_type_L1comma_5comma_288comma_8comma_8comma_O_addr_type_L2comma_312comma_8comma_8comma_I_addr_type_L2c000007.
                  Please try 'help WRTL-WRDP' for more detailed help.
     [WRTL-WRHIP] Routing input port mux_360_nl .
                  Please try 'help WRTL-WRHIP' for more detailed help.
     [WRTL-WRPPE] (no-source-file:0) Ending routing hierarchical port and edge pair mux_360_nl and mux_360_nl in hierarchy 0.
                  Please try 'help WRTL-WRPPE' for more detailed help.
     [WRTL-WRSIH] (/users/students/r0678912/Downloads/zigzag/hls_impl/PE/Catapult/SIF/power_top_5_32_1_1_O_addr_type_L1_32_1_1_I_addr_type_L1_32_1_1_W_addr_type_L1_5_288_8_8_O_addr_type_L2_312_8_8_I_addr_type_L2_1728_8_8_W_addr_type_L2_5_8640_8_8_O_addr_type_L3_8640_8_8_I_addr_type_L3_55296_8_8_W_addr_type_L3_O_pa000000.v:4229) Routing edge mux_360_nl in hierarchy topless_5comma_32comma_1comma_1comma_O_addr_type_L1comma_32comma_1comma_1comma_I_addr_type_L1comma_32comma_1comma_1comma_W_addr_type_L1comma_5comma_288comma_8comma_8comma_O_addr_type_L2comma_312comma_8comma_8comma_I_addr_type_L2c000003 and language 0.
                  Please try 'help WRTL-WRSIH' for more detailed help.
     [WRTL-WRE]   (/users/students/r0678912/Downloads/zigzag/hls_impl/PE/Catapult/SIF/power_top_5_32_1_1_O_addr_type_L1_32_1_1_I_addr_type_L1_32_1_1_W_addr_type_L1_5_288_8_8_O_addr_type_L2_312_8_8_I_addr_type_L2_1728_8_8_W_addr_type_L2_5_8640_8_8_O_addr_type_L3_8640_8_8_I_addr_type_L3_55296_8_8_W_addr_type_L3_O_pa000000.v:4229) Routing edge mux_360_nl in hierarchy topless_5comma_32comma_1comma_1comma_O_addr_type_L1comma_32comma_1comma_1comma_I_addr_type_L1comma_32comma_1comma_1comma_W_addr_type_L1comma_5comma_288comma_8comma_8comma_O_addr_type_L2comma_312comma_8comma_8comma_I_addr_type_L2c000003.
                  Please try 'help WRTL-WRE' for more detailed help.
     [WRTL-WRIEE] (no-source-file:0) Routing of edge mux_360_nl completed and it is driven by user edge mux_360_nl.
                  Please try 'help WRTL-WRIEE' for more detailed help.
     [WRTL-WRGHE] (/users/students/r0678912/Downloads/zigzag/hls_impl/PE/Catapult/SIF/power_top_5_32_1_1_O_addr_type_L1_32_1_1_I_addr_type_L1_32_1_1_W_addr_type_L1_5_288_8_8_O_addr_type_L2_312_8_8_I_addr_type_L2_1728_8_8_W_addr_type_L2_5_8640_8_8_O_addr_type_L3_8640_8_8_I_addr_type_L3_55296_8_8_W_addr_type_L3_O_pa000000.v:1487) Ending routing of inst_cg_obs_topless_5comma_32comma_1comm gating node in hierarchy topless_5comma_32comma_1comma_1comma_O_addr_type_L1comma_32comma_1comma_1comma_I_addr_type_L1comma_32comma_1comma_1comma_W_addr_type_L1comma_5comma_288comma_8comma_8comma_O_addr_type_L2comma_312comma_8comma_8comma_I_addr_type_L2c000026.
                  Please try 'help WRTL-WRGHE' for more detailed help.
     [WRTL-WRGHB] (/users/students/r0678912/Downloads/zigzag/hls_impl/PE/Catapult/SIF/power_top_5_32_1_1_O_addr_type_L1_32_1_1_I_addr_type_L1_32_1_1_W_addr_type_L1_5_288_8_8_O_addr_type_L2_312_8_8_I_addr_type_L2_1728_8_8_W_addr_type_L2_5_8640_8_8_O_addr_type_L3_8640_8_8_I_addr_type_L3_55296_8_8_W_addr_type_L3_O_pa000000.v:1373) Starting routing of inst_cg_obs_topless_5comma_32comma_1comm gating node in hierarchy topless_5comma_32comma_1comma_1comma_O_addr_type_L1comma_32comma_1comma_1comma_I_addr_type_L1comma_32comma_1comma_1comma_W_addr_type_L1comma_5comma_288comma_8comma_8comma_O_addr_type_L2comma_312comma_8comma_8comma_I_addr_type_L2c000031 and language 0.
                  Please try 'help WRTL-WRGHB' for more detailed help.
     [WRTL-WRIEB] (/users/students/r0678912/Downloads/zigzag/hls_impl/PE/Catapult/SIF/power_top_5_32_1_1_O_addr_type_L1_32_1_1_I_addr_type_L1_32_1_1_W_addr_type_L1_5_288_8_8_O_addr_type_L2_312_8_8_I_addr_type_L2_1728_8_8_W_addr_type_L2_5_8640_8_8_O_addr_type_L3_8640_8_8_I_addr_type_L3_55296_8_8_W_addr_type_L3_O_pa000000.v:1342) Starting routing of edge rst connected to port rst of gating hierarchy.
                  Please try 'help WRTL-WRIEB' for more detailed help.
     [WRTL-WRSIH] (/users/students/r0678912/Downloads/zigzag/hls_impl/PE/Catapult/SIF/power_top_5_32_1_1_O_addr_type_L1_32_1_1_I_addr_type_L1_32_1_1_W_addr_type_L1_5_288_8_8_O_addr_type_L2_312_8_8_I_addr_type_L2_1728_8_8_W_addr_type_L2_5_8640_8_8_O_addr_type_L3_8640_8_8_I_addr_type_L3_55296_8_8_W_addr_type_L3_O_pa000000.v:1342) Routing edge rst in hierarchy topless_5comma_32comma_1comma_1comma_O_addr_type_L1comma_32comma_1comma_1comma_I_addr_type_L1comma_32comma_1comma_1comma_W_addr_type_L1comma_5comma_288comma_8comma_8comma_O_addr_type_L2comma_312comma_8comma_8comma_I_addr_type_L2c000031 and language 0.
                  Please try 'help WRTL-WRSIH' for more detailed help.
     [WRTL-WRPEP] (/users/students/r0678912/Downloads/zigzag/hls_impl/PE/Catapult/SIF/power_top_5_32_1_1_O_addr_type_L1_32_1_1_I_addr_type_L1_32_1_1_W_addr_type_L1_5_288_8_8_O_addr_type_L2_312_8_8_I_addr_type_L2_1728_8_8_W_addr_type_L2_5_8640_8_8_O_addr_type_L3_8640_8_8_I_addr_type_L3_55296_8_8_W_addr_type_L3_O_pa000000.v:1342) Starting routing hierarchical port and edge pair rst and rst in hierarchy topless_5comma_32comma_1comma_1comma_O_addr_type_L1comma_32comma_1comma_1comma_I_addr_type_L1comma_32comma_1comma_1comma_W_addr_type_L1comma_5comma_288comma_8comma_8comma_O_addr_type_L2comma_312comma_8comma_8comma_I_addr_type_L2c000031.
                  Please try 'help WRTL-WRPEP' for more detailed help.
     [WRTL-WRIEE] (/users/students/r0678912/Downloads/zigzag/hls_impl/PE/Catapult/SIF/power_top_5_32_1_1_O_addr_type_L1_32_1_1_I_addr_type_L1_32_1_1_W_addr_type_L1_5_288_8_8_O_addr_type_L2_312_8_8_I_addr_type_L2_1728_8_8_W_addr_type_L2_5_8640_8_8_O_addr_type_L3_8640_8_8_I_addr_type_L3_55296_8_8_W_addr_type_L3_O_pa000000.v:1342) Routing of edge rst completed and it is driven by user edge rst.
                  Please try 'help WRTL-WRIEE' for more detailed help.
     [WRTL-WRIEB] (/users/students/r0678912/Downloads/zigzag/hls_impl/PE/Catapult/SIF/power_top_5_32_1_1_O_addr_type_L1_32_1_1_I_addr_type_L1_32_1_1_W_addr_type_L1_5_288_8_8_O_addr_type_L2_312_8_8_I_addr_type_L2_1728_8_8_W_addr_type_L2_5_8640_8_8_O_addr_type_L3_8640_8_8_I_addr_type_L3_55296_8_8_W_addr_type_L3_O_pa000000.v:1347) Starting routing of edge W_wr_data_rsci_ivld connected to port W_wr_data_rsci_ivld of gating hierarchy.
                  Please try 'help WRTL-WRIEB' for more detailed help.
     [WRTL-WRSIH] (/users/students/r0678912/Downloads/zigzag/hls_impl/PE/Catapult/SIF/power_top_5_32_1_1_O_addr_type_L1_32_1_1_I_addr_type_L1_32_1_1_W_addr_type_L1_5_288_8_8_O_addr_type_L2_312_8_8_I_addr_type_L2_1728_8_8_W_addr_type_L2_5_8640_8_8_O_addr_type_L3_8640_8_8_I_addr_type_L3_55296_8_8_W_addr_type_L3_O_pa000000.v:1347) Routing edge W_wr_data_rsci_ivld in hierarchy topless_5comma_32comma_1comma_1comma_O_addr_type_L1comma_32comma_1comma_1comma_I_addr_type_L1comma_32comma_1comma_1comma_W_addr_type_L1comma_5comma_288comma_8comma_8comma_O_addr_type_L2comma_312comma_8comma_8comma_I_addr_type_L2c000031 and language 0.
                  Please try 'help WRTL-WRSIH' for more detailed help.
     [WRTL-WRPEP] (/users/students/r0678912/Downloads/zigzag/hls_impl/PE/Catapult/SIF/power_top_5_32_1_1_O_addr_type_L1_32_1_1_I_addr_type_L1_32_1_1_W_addr_type_L1_5_288_8_8_O_addr_type_L2_312_8_8_I_addr_type_L2_1728_8_8_W_addr_type_L2_5_8640_8_8_O_addr_type_L3_8640_8_8_I_addr_type_L3_55296_8_8_W_addr_type_L3_O_pa000000.v:1347) Starting routing hierarchical port and edge pair W_wr_data_rsci_ivld and W_wr_data_rsci_ivld in hierarchy topless_5comma_32comma_1comma_1comma_O_addr_type_L1comma_32comma_1comma_1comma_I_addr_type_L1comma_32comma_1comma_1comma_W_addr_type_L1comma_5comma_288comma_8comma_8comma_O_addr_type_L2comma_312comma_8comma_8comma_I_addr_type_L2c000031.
                  Please try 'help WRTL-WRPEP' for more detailed help.
     [WRTL-WRIEE] (/users/students/r0678912/Downloads/zigzag/hls_impl/PE/Catapult/SIF/power_top_5_32_1_1_O_addr_type_L1_32_1_1_I_addr_type_L1_32_1_1_W_addr_type_L1_5_288_8_8_O_addr_type_L2_312_8_8_I_addr_type_L2_1728_8_8_W_addr_type_L2_5_8640_8_8_O_addr_type_L3_8640_8_8_I_addr_type_L3_55296_8_8_W_addr_type_L3_O_pa000000.v:1347) Routing of edge W_wr_data_rsci_ivld completed and it is driven by user edge W_wr_data_rsci_ivld.
                  Please try 'help WRTL-WRIEE' for more detailed help.
     [WRTL-WRGHE] (/users/students/r0678912/Downloads/zigzag/hls_impl/PE/Catapult/SIF/power_top_5_32_1_1_O_addr_type_L1_32_1_1_I_addr_type_L1_32_1_1_W_addr_type_L1_5_288_8_8_O_addr_type_L2_312_8_8_I_addr_type_L2_1728_8_8_W_addr_type_L2_5_8640_8_8_O_addr_type_L3_8640_8_8_I_addr_type_L3_55296_8_8_W_addr_type_L3_O_pa000000.v:1373) Ending routing of inst_cg_obs_topless_5comma_32comma_1comm gating node in hierarchy topless_5comma_32comma_1comma_1comma_O_addr_type_L1comma_32comma_1comma_1comma_I_addr_type_L1comma_32comma_1comma_1comma_W_addr_type_L1comma_5comma_288comma_8comma_8comma_O_addr_type_L2comma_312comma_8comma_8comma_I_addr_type_L2c000031.
                  Please try 'help WRTL-WRGHE' for more detailed help.
     [WRTL-WRGHB] (/users/students/r0678912/Downloads/zigzag/hls_impl/PE/Catapult/SIF/power_top_5_32_1_1_O_addr_type_L1_32_1_1_I_addr_type_L1_32_1_1_W_addr_type_L1_5_288_8_8_O_addr_type_L2_312_8_8_I_addr_type_L2_1728_8_8_W_addr_type_L2_5_8640_8_8_O_addr_type_L3_8640_8_8_I_addr_type_L3_55296_8_8_W_addr_type_L3_O_pa000000.v:6568) Starting routing of inst_cg_obs_topless_5comma_32comma_1comm gating node in hierarchy topless_5comma_32comma_1comma_1comma_O_addr_type_L1comma_32comma_1comma_1comma_I_addr_type_L1comma_32comma_1comma_1comma_W_addr_type_L1comma_5comma_288comma_8comma_8comma_O_addr_type_L2comma_312comma_8comma_8comma_I_addr_type_L2c000003 and language 0.
                  Please try 'help WRTL-WRGHB' for more detailed help.
     [WRTL-WRIEB] (/users/students/r0678912/Downloads/zigzag/hls_impl/PE/Catapult/SIF/power_top_5_32_1_1_O_addr_type_L1_32_1_1_I_addr_type_L1_32_1_1_W_addr_type_L1_5_288_8_8_O_addr_type_L2_312_8_8_I_addr_type_L2_1728_8_8_W_addr_type_L2_5_8640_8_8_O_addr_type_L3_8640_8_8_I_addr_type_L3_55296_8_8_W_addr_type_L3_O_pa000000.v:3540) Starting routing of edge rst connected to port rst of gating hierarchy.
                  Please try 'help WRTL-WRIEB' for more detailed help.
     [WRTL-WRSIH] (/users/students/r0678912/Downloads/zigzag/hls_impl/PE/Catapult/SIF/power_top_5_32_1_1_O_addr_type_L1_32_1_1_I_addr_type_L1_32_1_1_W_addr_type_L1_5_288_8_8_O_addr_type_L2_312_8_8_I_addr_type_L2_1728_8_8_W_addr_type_L2_5_8640_8_8_O_addr_type_L3_8640_8_8_I_addr_type_L3_55296_8_8_W_addr_type_L3_O_pa000000.v:3540) Routing edge rst in hierarchy topless_5comma_32comma_1comma_1comma_O_addr_type_L1comma_32comma_1comma_1comma_I_addr_type_L1comma_32comma_1comma_1comma_W_addr_type_L1comma_5comma_288comma_8comma_8comma_O_addr_type_L2comma_312comma_8comma_8comma_I_addr_type_L2c000003 and language 0.
                  Please try 'help WRTL-WRSIH' for more detailed help.
     [WRTL-WRPEP] (/users/students/r0678912/Downloads/zigzag/hls_impl/PE/Catapult/SIF/power_top_5_32_1_1_O_addr_type_L1_32_1_1_I_addr_type_L1_32_1_1_W_addr_type_L1_5_288_8_8_O_addr_type_L2_312_8_8_I_addr_type_L2_1728_8_8_W_addr_type_L2_5_8640_8_8_O_addr_type_L3_8640_8_8_I_addr_type_L3_55296_8_8_W_addr_type_L3_O_pa000000.v:3540) Starting routing hierarchical port and edge pair rst and rst in hierarchy topless_5comma_32comma_1comma_1comma_O_addr_type_L1comma_32comma_1comma_1comma_I_addr_type_L1comma_32comma_1comma_1comma_W_addr_type_L1comma_5comma_288comma_8comma_8comma_O_addr_type_L2comma_312comma_8comma_8comma_I_addr_type_L2c000003.
                  Please try 'help WRTL-WRPEP' for more detailed help.
     [WRTL-WRIEE] (/users/students/r0678912/Downloads/zigzag/hls_impl/PE/Catapult/SIF/power_top_5_32_1_1_O_addr_type_L1_32_1_1_I_addr_type_L1_32_1_1_W_addr_type_L1_5_288_8_8_O_addr_type_L2_312_8_8_I_addr_type_L2_1728_8_8_W_addr_type_L2_5_8640_8_8_O_addr_type_L3_8640_8_8_I_addr_type_L3_55296_8_8_W_addr_type_L3_O_pa000000.v:3540) Routing of edge rst completed and it is driven by user edge rst.
                  Please try 'help WRTL-WRIEE' for more detailed help.
     [WRTL-WRIEB] (/users/students/r0678912/Downloads/zigzag/hls_impl/PE/Catapult/SIF/power_top_5_32_1_1_O_addr_type_L1_32_1_1_I_addr_type_L1_32_1_1_W_addr_type_L1_5_288_8_8_O_addr_type_L2_312_8_8_I_addr_type_L2_1728_8_8_W_addr_type_L2_5_8640_8_8_O_addr_type_L3_8640_8_8_I_addr_type_L3_55296_8_8_W_addr_type_L3_O_pa000000.v:3586) Starting routing of edge fsm_output connected to port fsm_output of gating hierarchy.
                  Please try 'help WRTL-WRIEB' for more detailed help.
     [WRTL-WRSIH] (/users/students/r0678912/Downloads/zigzag/hls_impl/PE/Catapult/SIF/power_top_5_32_1_1_O_addr_type_L1_32_1_1_I_addr_type_L1_32_1_1_W_addr_type_L1_5_288_8_8_O_addr_type_L2_312_8_8_I_addr_type_L2_1728_8_8_W_addr_type_L2_5_8640_8_8_O_addr_type_L3_8640_8_8_I_addr_type_L3_55296_8_8_W_addr_type_L3_O_pa000000.v:3586) Routing edge fsm_output in hierarchy topless_5comma_32comma_1comma_1comma_O_addr_type_L1comma_32comma_1comma_1comma_I_addr_type_L1comma_32comma_1comma_1comma_W_addr_type_L1comma_5comma_288comma_8comma_8comma_O_addr_type_L2comma_312comma_8comma_8comma_I_addr_type_L2c000003 and language 0.
                  Please try 'help WRTL-WRSIH' for more detailed help.
     [WRTL-WRE]   (/users/students/r0678912/Downloads/zigzag/hls_impl/PE/Catapult/SIF/power_top_5_32_1_1_O_addr_type_L1_32_1_1_I_addr_type_L1_32_1_1_W_addr_type_L1_5_288_8_8_O_addr_type_L2_312_8_8_I_addr_type_L2_1728_8_8_W_addr_type_L2_5_8640_8_8_O_addr_type_L3_8640_8_8_I_addr_type_L3_55296_8_8_W_addr_type_L3_O_pa000000.v:3586) Routing edge fsm_output in hierarchy topless_5comma_32comma_1comma_1comma_O_addr_type_L1comma_32comma_1comma_1comma_I_addr_type_L1comma_32comma_1comma_1comma_W_addr_type_L1comma_5comma_288comma_8comma_8comma_O_addr_type_L2comma_312comma_8comma_8comma_I_addr_type_L2c000003.
                  Please try 'help WRTL-WRE' for more detailed help.
     [WRTL-WRIEE] (/users/students/r0678912/Downloads/zigzag/hls_impl/PE/Catapult/SIF/power_top_5_32_1_1_O_addr_type_L1_32_1_1_I_addr_type_L1_32_1_1_W_addr_type_L1_5_288_8_8_O_addr_type_L2_312_8_8_I_addr_type_L2_1728_8_8_W_addr_type_L2_5_8640_8_8_O_addr_type_L3_8640_8_8_I_addr_type_L3_55296_8_8_W_addr_type_L3_O_pa000000.v:3586) Routing of edge fsm_output completed and it is driven by user edge fsm_output.
                  Please try 'help WRTL-WRIEE' for more detailed help.
     [WRTL-WRIEB] (/users/students/r0678912/Downloads/zigzag/hls_impl/PE/Catapult/SIF/power_top_5_32_1_1_O_addr_type_L1_32_1_1_I_addr_type_L1_32_1_1_W_addr_type_L1_5_288_8_8_O_addr_type_L2_312_8_8_I_addr_type_L2_1728_8_8_W_addr_type_L2_5_8640_8_8_O_addr_type_L3_8640_8_8_I_addr_type_L3_55296_8_8_W_addr_type_L3_O_pa000000.v:3876) Starting routing of edge land_9_lpi_1_dfm_1 connected to port land_9_lpi_1_dfm_1 of gating hierarchy.
                  Please try 'help WRTL-WRIEB' for more detailed help.
     [WRTL-WRSIH] (/users/students/r0678912/Downloads/zigzag/hls_impl/PE/Catapult/SIF/power_top_5_32_1_1_O_addr_type_L1_32_1_1_I_addr_type_L1_32_1_1_W_addr_type_L1_5_288_8_8_O_addr_type_L2_312_8_8_I_addr_type_L2_1728_8_8_W_addr_type_L2_5_8640_8_8_O_addr_type_L3_8640_8_8_I_addr_type_L3_55296_8_8_W_addr_type_L3_O_pa000000.v:3876) Routing edge land_9_lpi_1_dfm_1 in hierarchy topless_5comma_32comma_1comma_1comma_O_addr_type_L1comma_32comma_1comma_1comma_I_addr_type_L1comma_32comma_1comma_1comma_W_addr_type_L1comma_5comma_288comma_8comma_8comma_O_addr_type_L2comma_312comma_8comma_8comma_I_addr_type_L2c000003 and language 0.
                  Please try 'help WRTL-WRSIH' for more detailed help.
     [WRTL-WRE]   (/users/students/r0678912/Downloads/zigzag/hls_impl/PE/Catapult/SIF/power_top_5_32_1_1_O_addr_type_L1_32_1_1_I_addr_type_L1_32_1_1_W_addr_type_L1_5_288_8_8_O_addr_type_L2_312_8_8_I_addr_type_L2_1728_8_8_W_addr_type_L2_5_8640_8_8_O_addr_type_L3_8640_8_8_I_addr_type_L3_55296_8_8_W_addr_type_L3_O_pa000000.v:3876) Routing edge land_9_lpi_1_dfm_1 in hierarchy topless_5comma_32comma_1comma_1comma_O_addr_type_L1comma_32comma_1comma_1comma_I_addr_type_L1comma_32comma_1comma_1comma_W_addr_type_L1comma_5comma_288comma_8comma_8comma_O_addr_type_L2comma_312comma_8comma_8comma_I_addr_type_L2c000003.
                  Please try 'help WRTL-WRE' for more detailed help.
     [WRTL-WRIEE] (/users/students/r0678912/Downloads/zigzag/hls_impl/PE/Catapult/SIF/power_top_5_32_1_1_O_addr_type_L1_32_1_1_I_addr_type_L1_32_1_1_W_addr_type_L1_5_288_8_8_O_addr_type_L2_312_8_8_I_addr_type_L2_1728_8_8_W_addr_type_L2_5_8640_8_8_O_addr_type_L3_8640_8_8_I_addr_type_L3_55296_8_8_W_addr_type_L3_O_pa000000.v:3876) Routing of edge land_9_lpi_1_dfm_1 completed and it is driven by user edge land_9_lpi_1_dfm_1.
                  Please try 'help WRTL-WRIEE' for more detailed help.
     [WRTL-WRGHE] (/users/students/r0678912/Downloads/zigzag/hls_impl/PE/Catapult/SIF/power_top_5_32_1_1_O_addr_type_L1_32_1_1_I_addr_type_L1_32_1_1_W_addr_type_L1_5_288_8_8_O_addr_type_L2_312_8_8_I_addr_type_L2_1728_8_8_W_addr_type_L2_5_8640_8_8_O_addr_type_L3_8640_8_8_I_addr_type_L3_55296_8_8_W_addr_type_L3_O_pa000000.v:6568) Ending routing of inst_cg_obs_topless_5comma_32comma_1comm gating node in hierarchy topless_5comma_32comma_1comma_1comma_O_addr_type_L1comma_32comma_1comma_1comma_I_addr_type_L1comma_32comma_1comma_1comma_W_addr_type_L1comma_5comma_288comma_8comma_8comma_O_addr_type_L2comma_312comma_8comma_8comma_I_addr_type_L2c000003.
                  Please try 'help WRTL-WRGHE' for more detailed help.
     [PPRO-WUMFI] PowerPro-optimized module 'topless_5comma_32comma_1comma_1comma_O_addr_type_L1comma_32comma_1comma_1comma_I_addr_type_L1comma_32comma_1comma_1comma_W_addr_type_L1comma_5comma_288comma_8comma_8comma_O_addr_type_L2comma_312comma_8comma_8comma_I_addr_type_L2c000031' has been written into new file 'power_top_5_32_1_1_O_addr_type_L1_32_1_1_I_addr_type_L1_32_1_1_W_addr_type_L1_5_288_8_8_O_addr_type_L2_312_8_8_I_addr_type_L2_1728_8_8_W_addr_type_L2_5_8640_8_8_O_addr_type_L3_8640_8_8_I_addr_type_L3_55296_8_8_W_addr_type_L3_O_pa000000.v'.
