
New: /users/students/r0678912/Downloads/zigzag/hls_impl/PE/Catapult/SIF/calypto_opt_vhdl/iter_write_rtl/calypto_insert_stb_c/7/power_top_5_32_1_1_O_addr_type_L1_32_1_1_I_addr_type_L1_32_1_1_W_addr_type_L1_5_288_8_8_O_addr_type_L2_312_8_8_I_addr_type_L2_1728_8_8_W_addr_type_L2_5_8640_8_8_O_addr_type_L3_8640_8_8_I_addr_type_L3_55296_8_8_W_addr_type_L3_O_pa000000.vhdl
Old: /users/students/r0678912/Downloads/zigzag/hls_impl/PE/Catapult/SIF/power_top_5_32_1_1_O_addr_type_L1_32_1_1_I_addr_type_L1_32_1_1_W_addr_type_L1_5_288_8_8_O_addr_type_L2_312_8_8_I_addr_type_L2_1728_8_8_W_addr_type_L2_5_8640_8_8_O_addr_type_L3_8640_8_8_I_addr_type_L3_55296_8_8_W_addr_type_L3_O_pa000000.vhdl
1-1855 was 1-1855
1856-1857 new
1858-1867 was 1856-1865
1868-1869 was 1866-1867
1870-1878 new
1879-1881 was 1867-1869
1882-1883 new
1884-1891 was 1870-1877
1892 was 1878
1893-1900 new
1901-1940 was 1879-1918
1941-1951 new cginst top_5_32_1_1_O_addr_type_L1_32_1_1_I_addr_type_L1_32_1_1_W_addr_type_L1_5_288_8_8_O_addr_type_L2_312_8_8_I_addr_type_L2_1728_8_8_W_addr_type_L2_5_8640_8_8_O_addr_type_L3_8640_8_8_I_addr_type_L3_55296_8_8_W_addr_type_L3_O_partial_000001.PE.rf_5_32_32_32_1_1_1_1_1_1_O_partial_type_O_addr_type_L1_I_type_I_addr_type_L1_W_type_W_addr_type_L1_run_inst.rf_5_32_32_32_1_1_1_1_1_1_O_partial_type_O_addr_type_L1_I_type_I_addr_type_L1_W_type_W_addr_type_L1_run_I_wr_data_rsci_inst.rf_5_32_32_32_1_1_1_1_1_1_O_partial_type_O_addr_type_L1_I_type_I_addr_type_L1_W_type_W_addr_type_L1_run_I_wr_data_rsci_I_wr_data_wait_dp_inst.inst_cg_const_stb_topless_5comma_32comma
1952-1962 was 1919-1929
1963-1964 new
1965-1966 new
1967-1968 new
1969-1973 was 1930-1934
1974 new
1975 was 1935
1976 new
1977-1978 was 1936-1937
1979 new
1980 was 1938
1981 new
1982-3889 was 1939-3846
3890-3891 new
3892-3903 was 3847-3858
3904-3905 was 3859-3860
3906-3910 new
3911-3913 was 3860-3862
3914-3915 new
3916-3937 was 3863-3884
3938-3939 was 3885-3886
3940-3946 was 3887-3893
3947-3948 was 3894-3895
3949-3957 new
3958-3959 was 3895-3896
3960 was 3896 endreplicate
3961-3972 was 3885-3896
3973-3975 was 3896-3898
3976-3977 was 3899-3900
3978-3981 new
3982-4018 was 3901-3937
4019-4021 was 3938-3939
4022-4030 new
4031-4032 was 3939-3940
4033-4034 new
4035-4036 new
4037-5139 was 3941-5043
5140-5141 new
5142-5169 was 5044-5071
5170-5171 was 5072-5073
5172-5174 new
5175-5177 was 5073-5075
5178-5179 new
5180-6359 was 5076-6255
6360-6361 was 6256-6257
6362-6370 was 6258-6266
6371-6372 was 6267-6268
6373-6377 new
6378-6379 was 6268-6269
6380 was 6269 endreplicate
6381-6394 was 6256-6269
6395-6506 was 6269-6380
6507-6508 was 6381-6382
6509-6512 new
6513-6907 was 6383-6777
6908-6910 was 6778-6779
6911-6915 new
6916-9576 was 6779-9439
9577-9578 new
9579-10266 was 9440-10127
10267-10268 new
10269-10296 was 10128-10155
10297-10298 was 10156-10157
10299-10301 new
10302-10304 was 10157-10159
10305-10306 new
10307-10310 was 10160-10163
10311-10312 was 10164-10165
10313-10337 was 10166-10190
10338-10339 was 10191-10192
10340-10342 new
10343-10344 was 10192-10193
10345 was 10193 endreplicate
10346-10375 was 10164-10193
10376-10420 was 10193-10237
10421-10423 was 10238-10239
10424-10426 new
10427-10455 was 10239-10267
10456-10457 new
10458-10496 was 10268-10306
10497-10498 was 10307-10308
10499-10501 new
10502-10504 was 10308-10310
10505-10506 new
10507-10588 was 10311-10392
10589-10590 was 10393-10394
10591-10615 was 10395-10419
10616-10617 was 10420-10421
10618-10620 new
10621-10622 was 10421-10422
10623 was 10422 endreplicate
10624-10653 was 10393-10422
10654-10745 was 10422-10513
10746-10748 was 10514-10515
10749-10751 new
10752-10807 was 10515-10570
10808-10809 new
10810-10817 was 10571-10578
10818-10819 was 10579-10580
10820-10855 was 10581-10616
10856-10857 was 10617-10618
10858-10860 new
10861-10862 was 10618-10619
10863 was 10619 endreplicate
10864-10904 was 10579-10619
10905-10947 was 10619-10661
10948-10949 was 10662-10663
10950-10951 new
10952-10992 was 10664-10704
10993-10995 was 10705-10706
10996-10998 new
10999-11048 was 10706-10755
