+-----------------------------------------------------------------------------------+
|                                                                                   |
| Generated by PowerPro-10.3c_2/849904   (Jan 10 2020)  linux64  P2001101230        |
| on Tue Jul 13 11:48:55 2021.                                                      |
|                                                                                   |
| This document may be used and distributed without restriction provided that       |
| this copyright statement is not removed from the file and that any derivative     |
| work contains this copyright notice.                                              |
|                                                                                   |
+-----------------------------------------------------------------------------------+

     [WRTL-WRGHB] (/users/students/r0678912/Downloads/zigzag/hls_impl/PE/Catapult/SIF/power_top_5_32_1_1_O_addr_type_L1_32_1_1_I_addr_type_L1_32_1_1_W_addr_type_L1_5_288_8_8_O_addr_type_L2_312_8_8_I_addr_type_L2_1728_8_8_W_addr_type_L2_5_8640_8_8_O_addr_type_L3_8640_8_8_I_addr_type_L3_55296_8_8_W_addr_type_L3_O_pa000000.vhdl:1932) Starting routing of inst_cg_const_stb_topless_5comma_32comma gating node in hierarchy topless_5comma_32comma_1comma_1comma_O_addr_type_L1comma_32comma_1comma_1comma_I_addr_type_L1comma_32comma_1comma_1comma_W_addr_type_L1comma_5comma_288comma_8comma_8comma_O_addr_type_L2comma_312comma_8comma_8comma_I_addr_type_L2c000026 and language 3.
                  Please try 'help WRTL-WRGHB' for more detailed help.
     [WRTL-WRIEB] (/users/students/r0678912/Downloads/zigzag/hls_impl/PE/Catapult/SIF/power_top_5_32_1_1_O_addr_type_L1_32_1_1_I_addr_type_L1_32_1_1_W_addr_type_L1_5_288_8_8_O_addr_type_L2_312_8_8_I_addr_type_L2_1728_8_8_W_addr_type_L2_5_8640_8_8_O_addr_type_L3_8640_8_8_I_addr_type_L3_55296_8_8_W_addr_type_L3_O_pa000000.vhdl:1863) Starting routing of edge I_wr_data_rsci_biwt connected to port I_wr_data_rsci_biwt of gating hierarchy.
                  Please try 'help WRTL-WRIEB' for more detailed help.
     [WRTL-WRSIH] (/users/students/r0678912/Downloads/zigzag/hls_impl/PE/Catapult/SIF/power_top_5_32_1_1_O_addr_type_L1_32_1_1_I_addr_type_L1_32_1_1_W_addr_type_L1_5_288_8_8_O_addr_type_L2_312_8_8_I_addr_type_L2_1728_8_8_W_addr_type_L2_5_8640_8_8_O_addr_type_L3_8640_8_8_I_addr_type_L3_55296_8_8_W_addr_type_L3_O_pa000000.vhdl:1863) Routing edge I_wr_data_rsci_biwt in hierarchy topless_5comma_32comma_1comma_1comma_O_addr_type_L1comma_32comma_1comma_1comma_I_addr_type_L1comma_32comma_1comma_1comma_W_addr_type_L1comma_5comma_288comma_8comma_8comma_O_addr_type_L2comma_312comma_8comma_8comma_I_addr_type_L2c000026 and language 3.
                  Please try 'help WRTL-WRSIH' for more detailed help.
     [WRTL-WRPEP] (/users/students/r0678912/Downloads/zigzag/hls_impl/PE/Catapult/SIF/power_top_5_32_1_1_O_addr_type_L1_32_1_1_I_addr_type_L1_32_1_1_W_addr_type_L1_5_288_8_8_O_addr_type_L2_312_8_8_I_addr_type_L2_1728_8_8_W_addr_type_L2_5_8640_8_8_O_addr_type_L3_8640_8_8_I_addr_type_L3_55296_8_8_W_addr_type_L3_O_pa000000.vhdl:1863) Starting routing hierarchical port and edge pair I_wr_data_rsci_biwt and I_wr_data_rsci_biwt in hierarchy topless_5comma_32comma_1comma_1comma_O_addr_type_L1comma_32comma_1comma_1comma_I_addr_type_L1comma_32comma_1comma_1comma_W_addr_type_L1comma_5comma_288comma_8comma_8comma_O_addr_type_L2comma_312comma_8comma_8comma_I_addr_type_L2c000026.
                  Please try 'help WRTL-WRPEP' for more detailed help.
     [WRTL-WRDE]  (/users/students/r0678912/Downloads/zigzag/hls_impl/PE/Catapult/SIF/power_top_5_32_1_1_O_addr_type_L1_32_1_1_I_addr_type_L1_32_1_1_W_addr_type_L1_5_288_8_8_O_addr_type_L2_312_8_8_I_addr_type_L2_1728_8_8_W_addr_type_L2_5_8640_8_8_O_addr_type_L3_8640_8_8_I_addr_type_L3_55296_8_8_W_addr_type_L3_O_pa000000.vhdl:1863) Declaring new edge I_wr_data_rsci_biwt with CPT name I_wr_data_rsci_biwt_1 in module topless_5comma_32comma_1comma_1comma_O_addr_type_L1comma_32comma_1comma_1comma_I_addr_type_L1comma_32comma_1comma_1comma_W_addr_type_L1comma_5comma_288comma_8comma_8comma_O_addr_type_L2comma_312comma_8comma_8comma_I_addr_type_L2c000026.
                  Please try 'help WRTL-WRDE' for more detailed help.
     [WRTL-WRHIP] Routing input port I_wr_data_rsci_biwt .
                  Please try 'help WRTL-WRHIP' for more detailed help.
     [WRTL-WRPPE] (/users/students/r0678912/Downloads/zigzag/hls_impl/PE/Catapult/SIF/power_top_5_32_1_1_O_addr_type_L1_32_1_1_I_addr_type_L1_32_1_1_W_addr_type_L1_5_288_8_8_O_addr_type_L2_312_8_8_I_addr_type_L2_1728_8_8_W_addr_type_L2_5_8640_8_8_O_addr_type_L3_8640_8_8_I_addr_type_L3_55296_8_8_W_addr_type_L3_O_pa000000.vhdl:1863) Ending routing hierarchical port and edge pair I_wr_data_rsci_biwt and I_wr_data_rsci_biwt in hierarchy 1.
                  Please try 'help WRTL-WRPPE' for more detailed help.
     [WRTL-WRIEE] (/users/students/r0678912/Downloads/zigzag/hls_impl/PE/Catapult/SIF/power_top_5_32_1_1_O_addr_type_L1_32_1_1_I_addr_type_L1_32_1_1_W_addr_type_L1_5_288_8_8_O_addr_type_L2_312_8_8_I_addr_type_L2_1728_8_8_W_addr_type_L2_5_8640_8_8_O_addr_type_L3_8640_8_8_I_addr_type_L3_55296_8_8_W_addr_type_L3_O_pa000000.vhdl:1863) Routing of edge I_wr_data_rsci_biwt completed and it is driven by user edge I_wr_data_rsci_biwt_1.
                  Please try 'help WRTL-WRIEE' for more detailed help.
     [WRTL-WRIEB] (no-source-file:0) Starting routing of edge I_data_in_rsc_vld connected to port I_wr_data_rsc_vld of gating hierarchy.
                  Please try 'help WRTL-WRIEB' for more detailed help.
     [WRTL-WRSIH] (no-source-file:0) Routing edge I_data_in_rsc_vld in hierarchy topless_5comma_32comma_1comma_1comma_O_addr_type_L1comma_32comma_1comma_1comma_I_addr_type_L1comma_32comma_1comma_1comma_W_addr_type_L1comma_5comma_288comma_8comma_8comma_O_addr_type_L2comma_312comma_8comma_8comma_I_addr_type_L2c000026 and language 3.
                  Please try 'help WRTL-WRSIH' for more detailed help.
     [WRTL-WRPEP] (no-source-file:0) Starting routing hierarchical port and edge pair I_data_in_rsc_vld and I_data_in_rsc_vld in hierarchy topless_5comma_32comma_1comma_1comma_O_addr_type_L1comma_32comma_1comma_1comma_I_addr_type_L1comma_32comma_1comma_1comma_W_addr_type_L1comma_5comma_288comma_8comma_8comma_O_addr_type_L2comma_312comma_8comma_8comma_I_addr_type_L2c000026.
                  Please try 'help WRTL-WRPEP' for more detailed help.
     [WRTL-WRDP]  Declaring new port I_data_in_rsc_vld with CPT name I_data_in_rsc_vld in module topless_5comma_32comma_1comma_1comma_O_addr_type_L1comma_32comma_1comma_1comma_I_addr_type_L1comma_32comma_1comma_1comma_W_addr_type_L1comma_5comma_288comma_8comma_8comma_O_addr_type_L2comma_312comma_8comma_8comma_I_addr_type_L2c000026.
                  Please try 'help WRTL-WRDP' for more detailed help.
     [WRTL-WRHIP] Routing input port I_data_in_rsc_vld .
                  Please try 'help WRTL-WRHIP' for more detailed help.
     [WRTL-WRPPE] (no-source-file:0) Ending routing hierarchical port and edge pair I_data_in_rsc_vld and I_data_in_rsc_vld in hierarchy 0.
                  Please try 'help WRTL-WRPPE' for more detailed help.
     [WRTL-WRSIH] (/users/students/r0678912/Downloads/zigzag/hls_impl/PE/Catapult/SIF/power_top_5_32_1_1_O_addr_type_L1_32_1_1_I_addr_type_L1_32_1_1_W_addr_type_L1_5_288_8_8_O_addr_type_L2_312_8_8_I_addr_type_L2_1728_8_8_W_addr_type_L2_5_8640_8_8_O_addr_type_L3_8640_8_8_I_addr_type_L3_55296_8_8_W_addr_type_L3_O_pa000000.vhdl:3853) Routing edge I_wr_data_rsc_vld in hierarchy topless_5comma_32comma_1comma_1comma_O_addr_type_L1comma_32comma_1comma_1comma_I_addr_type_L1comma_32comma_1comma_1comma_W_addr_type_L1comma_5comma_288comma_8comma_8comma_O_addr_type_L2comma_312comma_8comma_8comma_I_addr_type_L2c000007 and language 3.
                  Please try 'help WRTL-WRSIH' for more detailed help.
     [WRTL-WRPEP] (/users/students/r0678912/Downloads/zigzag/hls_impl/PE/Catapult/SIF/power_top_5_32_1_1_O_addr_type_L1_32_1_1_I_addr_type_L1_32_1_1_W_addr_type_L1_5_288_8_8_O_addr_type_L2_312_8_8_I_addr_type_L2_1728_8_8_W_addr_type_L2_5_8640_8_8_O_addr_type_L3_8640_8_8_I_addr_type_L3_55296_8_8_W_addr_type_L3_O_pa000000.vhdl:3853) Starting routing hierarchical port and edge pair I_wr_data_rsc_vld and I_wr_data_rsc_vld in hierarchy topless_5comma_32comma_1comma_1comma_O_addr_type_L1comma_32comma_1comma_1comma_I_addr_type_L1comma_32comma_1comma_1comma_W_addr_type_L1comma_5comma_288comma_8comma_8comma_O_addr_type_L2comma_312comma_8comma_8comma_I_addr_type_L2c000007.
                  Please try 'help WRTL-WRPEP' for more detailed help.
     [WRTL-WRDE]  (/users/students/r0678912/Downloads/zigzag/hls_impl/PE/Catapult/SIF/power_top_5_32_1_1_O_addr_type_L1_32_1_1_I_addr_type_L1_32_1_1_W_addr_type_L1_5_288_8_8_O_addr_type_L2_312_8_8_I_addr_type_L2_1728_8_8_W_addr_type_L2_5_8640_8_8_O_addr_type_L3_8640_8_8_I_addr_type_L3_55296_8_8_W_addr_type_L3_O_pa000000.vhdl:3853) Declaring new edge I_wr_data_rsc_vld with CPT name I_wr_data_rsc_vld_1 in module topless_5comma_32comma_1comma_1comma_O_addr_type_L1comma_32comma_1comma_1comma_I_addr_type_L1comma_32comma_1comma_1comma_W_addr_type_L1comma_5comma_288comma_8comma_8comma_O_addr_type_L2comma_312comma_8comma_8comma_I_addr_type_L2c000007.
                  Please try 'help WRTL-WRDE' for more detailed help.
     [WRTL-WRHIP] Routing input port I_wr_data_rsc_vld .
                  Please try 'help WRTL-WRHIP' for more detailed help.
     [WRTL-WRPPE] (/users/students/r0678912/Downloads/zigzag/hls_impl/PE/Catapult/SIF/power_top_5_32_1_1_O_addr_type_L1_32_1_1_I_addr_type_L1_32_1_1_W_addr_type_L1_5_288_8_8_O_addr_type_L2_312_8_8_I_addr_type_L2_1728_8_8_W_addr_type_L2_5_8640_8_8_O_addr_type_L3_8640_8_8_I_addr_type_L3_55296_8_8_W_addr_type_L3_O_pa000000.vhdl:3853) Ending routing hierarchical port and edge pair I_wr_data_rsc_vld and I_wr_data_rsc_vld in hierarchy 1.
                  Please try 'help WRTL-WRPPE' for more detailed help.
     [WRTL-WRIEE] (no-source-file:0) Routing of edge I_data_in_rsc_vld completed and it is driven by user edge I_data_in_rsc_vld.
                  Please try 'help WRTL-WRIEE' for more detailed help.
     [WRTL-WRIEB] (no-source-file:0) Starting routing of edge I_data_in_rsc_dat connected to port I_wr_data_rsc_dat of gating hierarchy.
                  Please try 'help WRTL-WRIEB' for more detailed help.
     [WRTL-WRSIH] (no-source-file:0) Routing edge I_data_in_rsc_dat in hierarchy topless_5comma_32comma_1comma_1comma_O_addr_type_L1comma_32comma_1comma_1comma_I_addr_type_L1comma_32comma_1comma_1comma_W_addr_type_L1comma_5comma_288comma_8comma_8comma_O_addr_type_L2comma_312comma_8comma_8comma_I_addr_type_L2c000026 and language 3.
                  Please try 'help WRTL-WRSIH' for more detailed help.
     [WRTL-WRPEP] (no-source-file:0) Starting routing hierarchical port and edge pair I_data_in_rsc_dat and I_data_in_rsc_dat in hierarchy topless_5comma_32comma_1comma_1comma_O_addr_type_L1comma_32comma_1comma_1comma_I_addr_type_L1comma_32comma_1comma_1comma_W_addr_type_L1comma_5comma_288comma_8comma_8comma_O_addr_type_L2comma_312comma_8comma_8comma_I_addr_type_L2c000026.
                  Please try 'help WRTL-WRPEP' for more detailed help.
     [WRTL-WRDP]  Declaring new port I_data_in_rsc_dat with CPT name I_data_in_rsc_dat in module topless_5comma_32comma_1comma_1comma_O_addr_type_L1comma_32comma_1comma_1comma_I_addr_type_L1comma_32comma_1comma_1comma_W_addr_type_L1comma_5comma_288comma_8comma_8comma_O_addr_type_L2comma_312comma_8comma_8comma_I_addr_type_L2c000026.
                  Please try 'help WRTL-WRDP' for more detailed help.
     [WRTL-WRHIP] Routing input port I_data_in_rsc_dat .
                  Please try 'help WRTL-WRHIP' for more detailed help.
     [WRTL-WRPPE] (no-source-file:0) Ending routing hierarchical port and edge pair I_data_in_rsc_dat and I_data_in_rsc_dat in hierarchy 0.
                  Please try 'help WRTL-WRPPE' for more detailed help.
     [WRTL-WRSIH] (/users/students/r0678912/Downloads/zigzag/hls_impl/PE/Catapult/SIF/power_top_5_32_1_1_O_addr_type_L1_32_1_1_I_addr_type_L1_32_1_1_W_addr_type_L1_5_288_8_8_O_addr_type_L2_312_8_8_I_addr_type_L2_1728_8_8_W_addr_type_L2_5_8640_8_8_O_addr_type_L3_8640_8_8_I_addr_type_L3_55296_8_8_W_addr_type_L3_O_pa000000.vhdl:3852) Routing edge I_wr_data_rsc_dat in hierarchy topless_5comma_32comma_1comma_1comma_O_addr_type_L1comma_32comma_1comma_1comma_I_addr_type_L1comma_32comma_1comma_1comma_W_addr_type_L1comma_5comma_288comma_8comma_8comma_O_addr_type_L2comma_312comma_8comma_8comma_I_addr_type_L2c000007 and language 3.
                  Please try 'help WRTL-WRSIH' for more detailed help.
     [WRTL-WRPEP] (/users/students/r0678912/Downloads/zigzag/hls_impl/PE/Catapult/SIF/power_top_5_32_1_1_O_addr_type_L1_32_1_1_I_addr_type_L1_32_1_1_W_addr_type_L1_5_288_8_8_O_addr_type_L2_312_8_8_I_addr_type_L2_1728_8_8_W_addr_type_L2_5_8640_8_8_O_addr_type_L3_8640_8_8_I_addr_type_L3_55296_8_8_W_addr_type_L3_O_pa000000.vhdl:3852) Starting routing hierarchical port and edge pair I_wr_data_rsc_dat and I_wr_data_rsc_dat in hierarchy topless_5comma_32comma_1comma_1comma_O_addr_type_L1comma_32comma_1comma_1comma_I_addr_type_L1comma_32comma_1comma_1comma_W_addr_type_L1comma_5comma_288comma_8comma_8comma_O_addr_type_L2comma_312comma_8comma_8comma_I_addr_type_L2c000007.
                  Please try 'help WRTL-WRPEP' for more detailed help.
     [WRTL-WRDE]  (/users/students/r0678912/Downloads/zigzag/hls_impl/PE/Catapult/SIF/power_top_5_32_1_1_O_addr_type_L1_32_1_1_I_addr_type_L1_32_1_1_W_addr_type_L1_5_288_8_8_O_addr_type_L2_312_8_8_I_addr_type_L2_1728_8_8_W_addr_type_L2_5_8640_8_8_O_addr_type_L3_8640_8_8_I_addr_type_L3_55296_8_8_W_addr_type_L3_O_pa000000.vhdl:3852) Declaring new edge I_wr_data_rsc_dat with CPT name I_wr_data_rsc_dat_1 in module topless_5comma_32comma_1comma_1comma_O_addr_type_L1comma_32comma_1comma_1comma_I_addr_type_L1comma_32comma_1comma_1comma_W_addr_type_L1comma_5comma_288comma_8comma_8comma_O_addr_type_L2comma_312comma_8comma_8comma_I_addr_type_L2c000007.
                  Please try 'help WRTL-WRDE' for more detailed help.
     [WRTL-WRHIP] Routing input port I_wr_data_rsc_dat .
                  Please try 'help WRTL-WRHIP' for more detailed help.
     [WRTL-WRPPE] (/users/students/r0678912/Downloads/zigzag/hls_impl/PE/Catapult/SIF/power_top_5_32_1_1_O_addr_type_L1_32_1_1_I_addr_type_L1_32_1_1_W_addr_type_L1_5_288_8_8_O_addr_type_L2_312_8_8_I_addr_type_L2_1728_8_8_W_addr_type_L2_5_8640_8_8_O_addr_type_L3_8640_8_8_I_addr_type_L3_55296_8_8_W_addr_type_L3_O_pa000000.vhdl:3852) Ending routing hierarchical port and edge pair I_wr_data_rsc_dat and I_wr_data_rsc_dat in hierarchy 1.
                  Please try 'help WRTL-WRPPE' for more detailed help.
     [WRTL-WRIEE] (no-source-file:0) Routing of edge I_data_in_rsc_dat completed and it is driven by user edge I_data_in_rsc_dat.
                  Please try 'help WRTL-WRIEE' for more detailed help.
     [WRTL-WRIEB] (no-source-file:0) Starting routing of edge o connected to port o of gating hierarchy.
                  Please try 'help WRTL-WRIEB' for more detailed help.
     [WRTL-WRSIH] (no-source-file:0) Routing edge o in hierarchy topless_5comma_32comma_1comma_1comma_O_addr_type_L1comma_32comma_1comma_1comma_I_addr_type_L1comma_32comma_1comma_1comma_W_addr_type_L1comma_5comma_288comma_8comma_8comma_O_addr_type_L2comma_312comma_8comma_8comma_I_addr_type_L2c000026 and language 3.
                  Please try 'help WRTL-WRSIH' for more detailed help.
     [WRTL-WRPEP] (no-source-file:0) Starting routing hierarchical port and edge pair o and o in hierarchy topless_5comma_32comma_1comma_1comma_O_addr_type_L1comma_32comma_1comma_1comma_I_addr_type_L1comma_32comma_1comma_1comma_W_addr_type_L1comma_5comma_288comma_8comma_8comma_O_addr_type_L2comma_312comma_8comma_8comma_I_addr_type_L2c000026.
                  Please try 'help WRTL-WRPEP' for more detailed help.
     [WRTL-WRDP]  Declaring new port o with CPT name o in module topless_5comma_32comma_1comma_1comma_O_addr_type_L1comma_32comma_1comma_1comma_I_addr_type_L1comma_32comma_1comma_1comma_W_addr_type_L1comma_5comma_288comma_8comma_8comma_O_addr_type_L2comma_312comma_8comma_8comma_I_addr_type_L2c000026.
                  Please try 'help WRTL-WRDP' for more detailed help.
     [WRTL-WRHIP] Routing input port o .
                  Please try 'help WRTL-WRHIP' for more detailed help.
     [WRTL-WRPPE] (no-source-file:0) Ending routing hierarchical port and edge pair o and o in hierarchy 0.
                  Please try 'help WRTL-WRPPE' for more detailed help.
     [WRTL-WRSIH] (no-source-file:0) Routing edge o in hierarchy topless_5comma_32comma_1comma_1comma_O_addr_type_L1comma_32comma_1comma_1comma_I_addr_type_L1comma_32comma_1comma_1comma_W_addr_type_L1comma_5comma_288comma_8comma_8comma_O_addr_type_L2comma_312comma_8comma_8comma_I_addr_type_L2c000007 and language 3.
                  Please try 'help WRTL-WRSIH' for more detailed help.
     [WRTL-WRPEP] (no-source-file:0) Starting routing hierarchical port and edge pair o and o in hierarchy topless_5comma_32comma_1comma_1comma_O_addr_type_L1comma_32comma_1comma_1comma_I_addr_type_L1comma_32comma_1comma_1comma_W_addr_type_L1comma_5comma_288comma_8comma_8comma_O_addr_type_L2comma_312comma_8comma_8comma_I_addr_type_L2c000007.
                  Please try 'help WRTL-WRPEP' for more detailed help.
     [WRTL-WRDP]  Declaring new port o with CPT name o in module topless_5comma_32comma_1comma_1comma_O_addr_type_L1comma_32comma_1comma_1comma_I_addr_type_L1comma_32comma_1comma_1comma_W_addr_type_L1comma_5comma_288comma_8comma_8comma_O_addr_type_L2comma_312comma_8comma_8comma_I_addr_type_L2c000007.
                  Please try 'help WRTL-WRDP' for more detailed help.
     [WRTL-WRHIP] Routing input port o .
                  Please try 'help WRTL-WRHIP' for more detailed help.
     [WRTL-WRPPE] (no-source-file:0) Ending routing hierarchical port and edge pair o and o in hierarchy 0.
                  Please try 'help WRTL-WRPPE' for more detailed help.
     [WRTL-WRSIH] (/users/students/r0678912/Downloads/zigzag/hls_impl/PE/Catapult/SIF/power_top_5_32_1_1_O_addr_type_L1_32_1_1_I_addr_type_L1_32_1_1_W_addr_type_L1_5_288_8_8_O_addr_type_L2_312_8_8_I_addr_type_L2_1728_8_8_W_addr_type_L2_5_8640_8_8_O_addr_type_L3_8640_8_8_I_addr_type_L3_55296_8_8_W_addr_type_L3_O_pa000000.vhdl:8089) Routing edge o in hierarchy topless_5comma_32comma_1comma_1comma_O_addr_type_L1comma_32comma_1comma_1comma_I_addr_type_L1comma_32comma_1comma_1comma_W_addr_type_L1comma_5comma_288comma_8comma_8comma_O_addr_type_L2comma_312comma_8comma_8comma_I_addr_type_L2c000003 and language 3.
                  Please try 'help WRTL-WRSIH' for more detailed help.
     [WRTL-WRE]   (/users/students/r0678912/Downloads/zigzag/hls_impl/PE/Catapult/SIF/power_top_5_32_1_1_O_addr_type_L1_32_1_1_I_addr_type_L1_32_1_1_W_addr_type_L1_5_288_8_8_O_addr_type_L2_312_8_8_I_addr_type_L2_1728_8_8_W_addr_type_L2_5_8640_8_8_O_addr_type_L3_8640_8_8_I_addr_type_L3_55296_8_8_W_addr_type_L3_O_pa000000.vhdl:8089) Routing edge o in hierarchy topless_5comma_32comma_1comma_1comma_O_addr_type_L1comma_32comma_1comma_1comma_I_addr_type_L1comma_32comma_1comma_1comma_W_addr_type_L1comma_5comma_288comma_8comma_8comma_O_addr_type_L2comma_312comma_8comma_8comma_I_addr_type_L2c000003.
                  Please try 'help WRTL-WRE' for more detailed help.
     [WRTL-WRIEE] (no-source-file:0) Routing of edge o completed and it is driven by user edge o.
                  Please try 'help WRTL-WRIEE' for more detailed help.
     [WRTL-WRIEB] (no-source-file:0) Starting routing of edge ppro_reset_CLOCKclk_out_port connected to port ppro_reset_CLOCKclk_out_port of gating hierarchy.
                  Please try 'help WRTL-WRIEB' for more detailed help.
     [WRTL-WRSIH] (no-source-file:0) Routing edge ppro_reset_CLOCKclk_out_port in hierarchy topless_5comma_32comma_1comma_1comma_O_addr_type_L1comma_32comma_1comma_1comma_I_addr_type_L1comma_32comma_1comma_1comma_W_addr_type_L1comma_5comma_288comma_8comma_8comma_O_addr_type_L2comma_312comma_8comma_8comma_I_addr_type_L2c000026 and language 3.
                  Please try 'help WRTL-WRSIH' for more detailed help.
     [WRTL-WRPEP] (no-source-file:0) Starting routing hierarchical port and edge pair ppro_reset_CLOCKclk_out_port and ppro_reset_CLOCKclk_out_port in hierarchy topless_5comma_32comma_1comma_1comma_O_addr_type_L1comma_32comma_1comma_1comma_I_addr_type_L1comma_32comma_1comma_1comma_W_addr_type_L1comma_5comma_288comma_8comma_8comma_O_addr_type_L2comma_312comma_8comma_8comma_I_addr_type_L2c000026.
                  Please try 'help WRTL-WRPEP' for more detailed help.
     [WRTL-WRDP]  Declaring new port ppro_reset_CLOCKclk_out_port with CPT name ppro_reset_CLOCKclk_out_port in module topless_5comma_32comma_1comma_1comma_O_addr_type_L1comma_32comma_1comma_1comma_I_addr_type_L1comma_32comma_1comma_1comma_W_addr_type_L1comma_5comma_288comma_8comma_8comma_O_addr_type_L2comma_312comma_8comma_8comma_I_addr_type_L2c000026.
                  Please try 'help WRTL-WRDP' for more detailed help.
     [WRTL-WRHIP] Routing input port ppro_reset_CLOCKclk_out_port .
                  Please try 'help WRTL-WRHIP' for more detailed help.
     [WRTL-WRPPE] (no-source-file:0) Ending routing hierarchical port and edge pair ppro_reset_CLOCKclk_out_port and ppro_reset_CLOCKclk_out_port in hierarchy 0.
                  Please try 'help WRTL-WRPPE' for more detailed help.
     [WRTL-WRSIH] (no-source-file:0) Routing edge ppro_reset_CLOCKclk_out_port in hierarchy topless_5comma_32comma_1comma_1comma_O_addr_type_L1comma_32comma_1comma_1comma_I_addr_type_L1comma_32comma_1comma_1comma_W_addr_type_L1comma_5comma_288comma_8comma_8comma_O_addr_type_L2comma_312comma_8comma_8comma_I_addr_type_L2c000007 and language 3.
                  Please try 'help WRTL-WRSIH' for more detailed help.
     [WRTL-WRPEP] (no-source-file:0) Starting routing hierarchical port and edge pair ppro_reset_CLOCKclk_out_port and ppro_reset_CLOCKclk_out_port in hierarchy topless_5comma_32comma_1comma_1comma_O_addr_type_L1comma_32comma_1comma_1comma_I_addr_type_L1comma_32comma_1comma_1comma_W_addr_type_L1comma_5comma_288comma_8comma_8comma_O_addr_type_L2comma_312comma_8comma_8comma_I_addr_type_L2c000007.
                  Please try 'help WRTL-WRPEP' for more detailed help.
     [WRTL-WRDP]  Declaring new port ppro_reset_CLOCKclk_out_port with CPT name ppro_reset_CLOCKclk_out_port in module topless_5comma_32comma_1comma_1comma_O_addr_type_L1comma_32comma_1comma_1comma_I_addr_type_L1comma_32comma_1comma_1comma_W_addr_type_L1comma_5comma_288comma_8comma_8comma_O_addr_type_L2comma_312comma_8comma_8comma_I_addr_type_L2c000007.
                  Please try 'help WRTL-WRDP' for more detailed help.
     [WRTL-WRHIP] Routing input port ppro_reset_CLOCKclk_out_port .
                  Please try 'help WRTL-WRHIP' for more detailed help.
     [WRTL-WRPPE] (no-source-file:0) Ending routing hierarchical port and edge pair ppro_reset_CLOCKclk_out_port and ppro_reset_CLOCKclk_out_port in hierarchy 0.
                  Please try 'help WRTL-WRPPE' for more detailed help.
     [WRTL-WRSIH] (no-source-file:0) Routing edge ppro_reset_CLOCKclk_out_port in hierarchy topless_5comma_32comma_1comma_1comma_O_addr_type_L1comma_32comma_1comma_1comma_I_addr_type_L1comma_32comma_1comma_1comma_W_addr_type_L1comma_5comma_288comma_8comma_8comma_O_addr_type_L2comma_312comma_8comma_8comma_I_addr_type_L2c000003 and language 3.
                  Please try 'help WRTL-WRSIH' for more detailed help.
     [WRTL-WRPEP] (no-source-file:0) Starting routing hierarchical port and edge pair ppro_reset_CLOCKclk_out_port and ppro_reset_CLOCKclk_out_port in hierarchy topless_5comma_32comma_1comma_1comma_O_addr_type_L1comma_32comma_1comma_1comma_I_addr_type_L1comma_32comma_1comma_1comma_W_addr_type_L1comma_5comma_288comma_8comma_8comma_O_addr_type_L2comma_312comma_8comma_8comma_I_addr_type_L2c000003.
                  Please try 'help WRTL-WRPEP' for more detailed help.
     [WRTL-WRDP]  Declaring new port ppro_reset_CLOCKclk_out_port with CPT name ppro_reset_CLOCKclk_out_port in module topless_5comma_32comma_1comma_1comma_O_addr_type_L1comma_32comma_1comma_1comma_I_addr_type_L1comma_32comma_1comma_1comma_W_addr_type_L1comma_5comma_288comma_8comma_8comma_O_addr_type_L2comma_312comma_8comma_8comma_I_addr_type_L2c000003.
                  Please try 'help WRTL-WRDP' for more detailed help.
     [WRTL-WRDE]  (no-source-file:0) Declaring new edge ppro_reset_CLOCKclk_out_port with CPT name ppro_reset_CLOCKclk_out_port_1 in module topless_5comma_32comma_1comma_1comma_O_addr_type_L1comma_32comma_1comma_1comma_I_addr_type_L1comma_32comma_1comma_1comma_W_addr_type_L1comma_5comma_288comma_8comma_8comma_O_addr_type_L2comma_312comma_8comma_8comma_I_addr_type_L2c000003.
                  Please try 'help WRTL-WRDE' for more detailed help.
     [WRTL-WRHIP] Routing input port ppro_reset_CLOCKclk_out_port .
                  Please try 'help WRTL-WRHIP' for more detailed help.
     [WRTL-WRPPE] (no-source-file:0) Ending routing hierarchical port and edge pair ppro_reset_CLOCKclk_out_port and ppro_reset_CLOCKclk_out_port in hierarchy 1.
                  Please try 'help WRTL-WRPPE' for more detailed help.
     [WRTL-WRSIH] (no-source-file:0) Routing edge ppro_reset_CLOCKclk_out_port in hierarchy topless_5comma_32comma_1comma_1comma_O_addr_type_L1comma_32comma_1comma_1comma_I_addr_type_L1comma_32comma_1comma_1comma_W_addr_type_L1comma_5comma_288comma_8comma_8comma_O_addr_type_L2comma_312comma_8comma_8comma_I_addr_type_L2c000002 and language 3.
                  Please try 'help WRTL-WRSIH' for more detailed help.
     [WRTL-WRPEP] (no-source-file:0) Starting routing hierarchical port and edge pair ppro_reset_CLOCKclk_out_port and ppro_reset_CLOCKclk_out_port in hierarchy topless_5comma_32comma_1comma_1comma_O_addr_type_L1comma_32comma_1comma_1comma_I_addr_type_L1comma_32comma_1comma_1comma_W_addr_type_L1comma_5comma_288comma_8comma_8comma_O_addr_type_L2comma_312comma_8comma_8comma_I_addr_type_L2c000002.
                  Please try 'help WRTL-WRPEP' for more detailed help.
     [WRTL-WRDP]  Declaring new port ppro_reset_CLOCKclk_out_port with CPT name ppro_reset_CLOCKclk_out_port in module topless_5comma_32comma_1comma_1comma_O_addr_type_L1comma_32comma_1comma_1comma_I_addr_type_L1comma_32comma_1comma_1comma_W_addr_type_L1comma_5comma_288comma_8comma_8comma_O_addr_type_L2comma_312comma_8comma_8comma_I_addr_type_L2c000002.
                  Please try 'help WRTL-WRDP' for more detailed help.
     [WRTL-WRHIP] Routing input port ppro_reset_CLOCKclk_out_port .
                  Please try 'help WRTL-WRHIP' for more detailed help.
     [WRTL-WRPPE] (no-source-file:0) Ending routing hierarchical port and edge pair ppro_reset_CLOCKclk_out_port and ppro_reset_CLOCKclk_out_port in hierarchy 0.
                  Please try 'help WRTL-WRPPE' for more detailed help.
     [WRTL-WRSIH] (no-source-file:0) Routing edge ppro_reset_CLOCKclk_out_port in hierarchy topless_5comma_32comma_1comma_1comma_O_addr_type_L1comma_32comma_1comma_1comma_I_addr_type_L1comma_32comma_1comma_1comma_W_addr_type_L1comma_5comma_288comma_8comma_8comma_O_addr_type_L2comma_312comma_8comma_8comma_I_addr_type_L2c000000 and language 3.
                  Please try 'help WRTL-WRSIH' for more detailed help.
     [WRTL-WRPEP] (no-source-file:0) Starting routing hierarchical port and edge pair ppro_reset_CLOCKclk_out_port and ppro_reset_CLOCKclk_out_port in hierarchy topless_5comma_32comma_1comma_1comma_O_addr_type_L1comma_32comma_1comma_1comma_I_addr_type_L1comma_32comma_1comma_1comma_W_addr_type_L1comma_5comma_288comma_8comma_8comma_O_addr_type_L2comma_312comma_8comma_8comma_I_addr_type_L2c000000.
                  Please try 'help WRTL-WRPEP' for more detailed help.
     [WRTL-WRDP]  Declaring new port ppro_reset_CLOCKclk_out_port with CPT name ppro_reset_CLOCKclk_out_port in module topless_5comma_32comma_1comma_1comma_O_addr_type_L1comma_32comma_1comma_1comma_I_addr_type_L1comma_32comma_1comma_1comma_W_addr_type_L1comma_5comma_288comma_8comma_8comma_O_addr_type_L2comma_312comma_8comma_8comma_I_addr_type_L2c000000.
                  Please try 'help WRTL-WRDP' for more detailed help.
     [WRTL-WRHIP] Routing input port ppro_reset_CLOCKclk_out_port .
                  Please try 'help WRTL-WRHIP' for more detailed help.
     [WRTL-WRPPE] (no-source-file:0) Ending routing hierarchical port and edge pair ppro_reset_CLOCKclk_out_port and ppro_reset_CLOCKclk_out_port in hierarchy 0.
                  Please try 'help WRTL-WRPPE' for more detailed help.
     [WRTL-WRSIH] (no-source-file:0) Routing edge ppro_reset_CLOCKclk_out_port in hierarchy top_5_32_1_1_O_addr_type_L1_32_1_1_I_addr_type_L1_32_1_1_W_addr_type_L1_5_288_8_8_O_addr_type_L2_312_8_8_I_addr_type_L2_1728_8_8_W_addr_type_L2_5_8640_8_8_O_addr_type_L3_8640_8_8_I_addr_type_L3_55296_8_8_W_addr_type_L3_O_partial_000000 and language 3.
                  Please try 'help WRTL-WRSIH' for more detailed help.
     [WRTL-WRE]   (no-source-file:0) Routing edge ppro_reset_CLOCKclk_out_port in hierarchy top_5_32_1_1_O_addr_type_L1_32_1_1_I_addr_type_L1_32_1_1_W_addr_type_L1_5_288_8_8_O_addr_type_L2_312_8_8_I_addr_type_L2_1728_8_8_W_addr_type_L2_5_8640_8_8_O_addr_type_L3_8640_8_8_I_addr_type_L3_55296_8_8_W_addr_type_L3_O_partial_000000.
                  Please try 'help WRTL-WRE' for more detailed help.
     [WRTL-WRIEE] (no-source-file:0) Routing of edge ppro_reset_CLOCKclk_out_port completed and it is driven by user edge ppro_reset_CLOCKclk_out_port.
                  Please try 'help WRTL-WRIEE' for more detailed help.
     [WRTL-WRIEB] (/users/students/r0678912/Downloads/zigzag/hls_impl/PE/Catapult/SIF/power_top_5_32_1_1_O_addr_type_L1_32_1_1_I_addr_type_L1_32_1_1_W_addr_type_L1_5_288_8_8_O_addr_type_L2_312_8_8_I_addr_type_L2_1728_8_8_W_addr_type_L2_5_8640_8_8_O_addr_type_L3_8640_8_8_I_addr_type_L3_55296_8_8_W_addr_type_L3_O_pa000000.vhdl:1859) Starting routing of edge clk connected to port clk of gating hierarchy.
                  Please try 'help WRTL-WRIEB' for more detailed help.
     [WRTL-WRSIH] (/users/students/r0678912/Downloads/zigzag/hls_impl/PE/Catapult/SIF/power_top_5_32_1_1_O_addr_type_L1_32_1_1_I_addr_type_L1_32_1_1_W_addr_type_L1_5_288_8_8_O_addr_type_L2_312_8_8_I_addr_type_L2_1728_8_8_W_addr_type_L2_5_8640_8_8_O_addr_type_L3_8640_8_8_I_addr_type_L3_55296_8_8_W_addr_type_L3_O_pa000000.vhdl:1859) Routing edge clk in hierarchy topless_5comma_32comma_1comma_1comma_O_addr_type_L1comma_32comma_1comma_1comma_I_addr_type_L1comma_32comma_1comma_1comma_W_addr_type_L1comma_5comma_288comma_8comma_8comma_O_addr_type_L2comma_312comma_8comma_8comma_I_addr_type_L2c000026 and language 3.
                  Please try 'help WRTL-WRSIH' for more detailed help.
     [WRTL-WRPEP] (/users/students/r0678912/Downloads/zigzag/hls_impl/PE/Catapult/SIF/power_top_5_32_1_1_O_addr_type_L1_32_1_1_I_addr_type_L1_32_1_1_W_addr_type_L1_5_288_8_8_O_addr_type_L2_312_8_8_I_addr_type_L2_1728_8_8_W_addr_type_L2_5_8640_8_8_O_addr_type_L3_8640_8_8_I_addr_type_L3_55296_8_8_W_addr_type_L3_O_pa000000.vhdl:1859) Starting routing hierarchical port and edge pair clk and clk in hierarchy topless_5comma_32comma_1comma_1comma_O_addr_type_L1comma_32comma_1comma_1comma_I_addr_type_L1comma_32comma_1comma_1comma_W_addr_type_L1comma_5comma_288comma_8comma_8comma_O_addr_type_L2comma_312comma_8comma_8comma_I_addr_type_L2c000026.
                  Please try 'help WRTL-WRPEP' for more detailed help.
     [WRTL-WRDE]  (/users/students/r0678912/Downloads/zigzag/hls_impl/PE/Catapult/SIF/power_top_5_32_1_1_O_addr_type_L1_32_1_1_I_addr_type_L1_32_1_1_W_addr_type_L1_5_288_8_8_O_addr_type_L2_312_8_8_I_addr_type_L2_1728_8_8_W_addr_type_L2_5_8640_8_8_O_addr_type_L3_8640_8_8_I_addr_type_L3_55296_8_8_W_addr_type_L3_O_pa000000.vhdl:1859) Declaring new edge clk with CPT name clk_1 in module topless_5comma_32comma_1comma_1comma_O_addr_type_L1comma_32comma_1comma_1comma_I_addr_type_L1comma_32comma_1comma_1comma_W_addr_type_L1comma_5comma_288comma_8comma_8comma_O_addr_type_L2comma_312comma_8comma_8comma_I_addr_type_L2c000026.
                  Please try 'help WRTL-WRDE' for more detailed help.
     [WRTL-WRHIP] Routing input port clk .
                  Please try 'help WRTL-WRHIP' for more detailed help.
     [WRTL-WRPPE] (/users/students/r0678912/Downloads/zigzag/hls_impl/PE/Catapult/SIF/power_top_5_32_1_1_O_addr_type_L1_32_1_1_I_addr_type_L1_32_1_1_W_addr_type_L1_5_288_8_8_O_addr_type_L2_312_8_8_I_addr_type_L2_1728_8_8_W_addr_type_L2_5_8640_8_8_O_addr_type_L3_8640_8_8_I_addr_type_L3_55296_8_8_W_addr_type_L3_O_pa000000.vhdl:1859) Ending routing hierarchical port and edge pair clk and clk in hierarchy 1.
                  Please try 'help WRTL-WRPPE' for more detailed help.
     [WRTL-WRIEE] (/users/students/r0678912/Downloads/zigzag/hls_impl/PE/Catapult/SIF/power_top_5_32_1_1_O_addr_type_L1_32_1_1_I_addr_type_L1_32_1_1_W_addr_type_L1_5_288_8_8_O_addr_type_L2_312_8_8_I_addr_type_L2_1728_8_8_W_addr_type_L2_5_8640_8_8_O_addr_type_L3_8640_8_8_I_addr_type_L3_55296_8_8_W_addr_type_L3_O_pa000000.vhdl:1859) Routing of edge clk completed and it is driven by user edge clk_1.
                  Please try 'help WRTL-WRIEE' for more detailed help.
     [WRTL-WRIEB] (/users/students/r0678912/Downloads/zigzag/hls_impl/PE/Catapult/SIF/power_top_5_32_1_1_O_addr_type_L1_32_1_1_I_addr_type_L1_32_1_1_W_addr_type_L1_5_288_8_8_O_addr_type_L2_312_8_8_I_addr_type_L2_1728_8_8_W_addr_type_L2_5_8640_8_8_O_addr_type_L3_8640_8_8_I_addr_type_L3_55296_8_8_W_addr_type_L3_O_pa000000.vhdl:1860) Starting routing of edge rst connected to port rst of gating hierarchy.
                  Please try 'help WRTL-WRIEB' for more detailed help.
     [WRTL-WRSIH] (/users/students/r0678912/Downloads/zigzag/hls_impl/PE/Catapult/SIF/power_top_5_32_1_1_O_addr_type_L1_32_1_1_I_addr_type_L1_32_1_1_W_addr_type_L1_5_288_8_8_O_addr_type_L2_312_8_8_I_addr_type_L2_1728_8_8_W_addr_type_L2_5_8640_8_8_O_addr_type_L3_8640_8_8_I_addr_type_L3_55296_8_8_W_addr_type_L3_O_pa000000.vhdl:1860) Routing edge rst in hierarchy topless_5comma_32comma_1comma_1comma_O_addr_type_L1comma_32comma_1comma_1comma_I_addr_type_L1comma_32comma_1comma_1comma_W_addr_type_L1comma_5comma_288comma_8comma_8comma_O_addr_type_L2comma_312comma_8comma_8comma_I_addr_type_L2c000026 and language 3.
                  Please try 'help WRTL-WRSIH' for more detailed help.
     [WRTL-WRPEP] (/users/students/r0678912/Downloads/zigzag/hls_impl/PE/Catapult/SIF/power_top_5_32_1_1_O_addr_type_L1_32_1_1_I_addr_type_L1_32_1_1_W_addr_type_L1_5_288_8_8_O_addr_type_L2_312_8_8_I_addr_type_L2_1728_8_8_W_addr_type_L2_5_8640_8_8_O_addr_type_L3_8640_8_8_I_addr_type_L3_55296_8_8_W_addr_type_L3_O_pa000000.vhdl:1860) Starting routing hierarchical port and edge pair rst and rst in hierarchy topless_5comma_32comma_1comma_1comma_O_addr_type_L1comma_32comma_1comma_1comma_I_addr_type_L1comma_32comma_1comma_1comma_W_addr_type_L1comma_5comma_288comma_8comma_8comma_O_addr_type_L2comma_312comma_8comma_8comma_I_addr_type_L2c000026.
                  Please try 'help WRTL-WRPEP' for more detailed help.
     [WRTL-WRDE]  (/users/students/r0678912/Downloads/zigzag/hls_impl/PE/Catapult/SIF/power_top_5_32_1_1_O_addr_type_L1_32_1_1_I_addr_type_L1_32_1_1_W_addr_type_L1_5_288_8_8_O_addr_type_L2_312_8_8_I_addr_type_L2_1728_8_8_W_addr_type_L2_5_8640_8_8_O_addr_type_L3_8640_8_8_I_addr_type_L3_55296_8_8_W_addr_type_L3_O_pa000000.vhdl:1860) Declaring new edge rst with CPT name rst_1 in module topless_5comma_32comma_1comma_1comma_O_addr_type_L1comma_32comma_1comma_1comma_I_addr_type_L1comma_32comma_1comma_1comma_W_addr_type_L1comma_5comma_288comma_8comma_8comma_O_addr_type_L2comma_312comma_8comma_8comma_I_addr_type_L2c000026.
                  Please try 'help WRTL-WRDE' for more detailed help.
     [WRTL-WRHIP] Routing input port rst .
                  Please try 'help WRTL-WRHIP' for more detailed help.
     [WRTL-WRPPE] (/users/students/r0678912/Downloads/zigzag/hls_impl/PE/Catapult/SIF/power_top_5_32_1_1_O_addr_type_L1_32_1_1_I_addr_type_L1_32_1_1_W_addr_type_L1_5_288_8_8_O_addr_type_L2_312_8_8_I_addr_type_L2_1728_8_8_W_addr_type_L2_5_8640_8_8_O_addr_type_L3_8640_8_8_I_addr_type_L3_55296_8_8_W_addr_type_L3_O_pa000000.vhdl:1860) Ending routing hierarchical port and edge pair rst and rst in hierarchy 1.
                  Please try 'help WRTL-WRPPE' for more detailed help.
     [WRTL-WRIEE] (/users/students/r0678912/Downloads/zigzag/hls_impl/PE/Catapult/SIF/power_top_5_32_1_1_O_addr_type_L1_32_1_1_I_addr_type_L1_32_1_1_W_addr_type_L1_5_288_8_8_O_addr_type_L2_312_8_8_I_addr_type_L2_1728_8_8_W_addr_type_L2_5_8640_8_8_O_addr_type_L3_8640_8_8_I_addr_type_L3_55296_8_8_W_addr_type_L3_O_pa000000.vhdl:1860) Routing of edge rst completed and it is driven by user edge rst_1.
                  Please try 'help WRTL-WRIEE' for more detailed help.
     [WRTL-WRGHE] (/users/students/r0678912/Downloads/zigzag/hls_impl/PE/Catapult/SIF/power_top_5_32_1_1_O_addr_type_L1_32_1_1_I_addr_type_L1_32_1_1_W_addr_type_L1_5_288_8_8_O_addr_type_L2_312_8_8_I_addr_type_L2_1728_8_8_W_addr_type_L2_5_8640_8_8_O_addr_type_L3_8640_8_8_I_addr_type_L3_55296_8_8_W_addr_type_L3_O_pa000000.vhdl:1932) Ending routing of inst_cg_const_stb_topless_5comma_32comma gating node in hierarchy topless_5comma_32comma_1comma_1comma_O_addr_type_L1comma_32comma_1comma_1comma_I_addr_type_L1comma_32comma_1comma_1comma_W_addr_type_L1comma_5comma_288comma_8comma_8comma_O_addr_type_L2comma_312comma_8comma_8comma_I_addr_type_L2c000026.
                  Please try 'help WRTL-WRGHE' for more detailed help.
     [PPRO-WUMFI] PowerPro-optimized module 'topless_5comma_32comma_1comma_1comma_O_addr_type_L1comma_32comma_1comma_1comma_I_addr_type_L1comma_32comma_1comma_1comma_W_addr_type_L1comma_5comma_288comma_8comma_8comma_O_addr_type_L2comma_312comma_8comma_8comma_I_addr_type_L2c000078' has been written into new file 'power_top_5_32_1_1_O_addr_type_L1_32_1_1_I_addr_type_L1_32_1_1_W_addr_type_L1_5_288_8_8_O_addr_type_L2_312_8_8_I_addr_type_L2_1728_8_8_W_addr_type_L2_5_8640_8_8_O_addr_type_L3_8640_8_8_I_addr_type_L3_55296_8_8_W_addr_type_L3_O_pa000000.vhdl'.
