
New: /users/students/r0678912/Downloads/zigzag/hls_impl/PE/Catapult/SIF/calypto_opt_vhdl/iter_write_rtl/calypto_insert_obs/4/power_top_5_32_1_1_O_addr_type_L1_32_1_1_I_addr_type_L1_32_1_1_W_addr_type_L1_5_288_8_8_O_addr_type_L2_312_8_8_I_addr_type_L2_1728_8_8_W_addr_type_L2_5_8640_8_8_O_addr_type_L3_8640_8_8_I_addr_type_L3_55296_8_8_W_addr_type_L3_O_pa000000.vhdl
Old: /users/students/r0678912/Downloads/zigzag/hls_impl/PE/Catapult/SIF/power_top_5_32_1_1_O_addr_type_L1_32_1_1_I_addr_type_L1_32_1_1_W_addr_type_L1_5_288_8_8_O_addr_type_L2_312_8_8_I_addr_type_L2_1728_8_8_W_addr_type_L2_5_8640_8_8_O_addr_type_L3_8640_8_8_I_addr_type_L3_55296_8_8_W_addr_type_L3_O_pa000000.vhdl
1-5043 was 1-5043
5044-5045 new
5046-5077 was 5044-5075
5078-5079 new
5080-6384 was 5076-6380
6385-6386 was 6381-6382
6387-6394 new
6395-7707 was 6383-7695
7708-7714 new cginst top_5_32_1_1_O_addr_type_L1_32_1_1_I_addr_type_L1_32_1_1_W_addr_type_L1_5_288_8_8_O_addr_type_L2_312_8_8_I_addr_type_L2_1728_8_8_W_addr_type_L2_5_8640_8_8_O_addr_type_L3_8640_8_8_I_addr_type_L3_55296_8_8_W_addr_type_L3_O_partial_000001.PE.rf_5_32_32_32_1_1_1_1_1_1_O_partial_type_O_addr_type_L1_I_type_I_addr_type_L1_W_type_W_addr_type_L1_run_inst.inst_cg_obs_topless_5comma_32comma_1comm
7715-8885 was 7696-8866
8886 new
8887 was 8867
8888 new
8889 was 8868
8890 new
8891 was 8869
8892 new
8893-9462 was 8870-9439
9463-9464 new
9465-9466 new
9467-9468 new
9469-10156 was 9440-10127
10157-10158 new
10159-10190 was 10128-10159
10191-10192 new
10193-10196 was 10160-10163
10197-10198 was 10164-10165
10199-10224 was 10166-10191
10225-10226 was 10192-10193
10227 was 10193 endreplicate
10228-10257 was 10164-10193
10258-10332 was 10193-10267
10333-10334 new
10335-10377 was 10268-10310
10378-10379 new
10380-10461 was 10311-10392
10462-10463 was 10393-10394
10464-10489 was 10395-10420
10490-10491 was 10421-10422
10492 was 10422 endreplicate
10493-10522 was 10393-10422
10523-10671 was 10422-10570
10672-10673 new
10674-10681 was 10571-10578
10682-10683 was 10579-10580
10684-10720 was 10581-10617
10721-10722 was 10618-10619
10723 was 10619 endreplicate
10724-10764 was 10579-10619
10765-10901 was 10619-10755
