+-----------------------------------------------------------------------------------+
|                                                                                   |
| Generated by PowerPro-10.3c_2/849904   (Jan 10 2020)  linux64  P2001101230        |
| on Tue Jul 13 11:48:20 2021.                                                      |
|                                                                                   |
| This document may be used and distributed without restriction provided that       |
| this copyright statement is not removed from the file and that any derivative     |
| work contains this copyright notice.                                              |
|                                                                                   |
+-----------------------------------------------------------------------------------+

     [WRTL-WRGHB] (/users/students/r0678912/Downloads/zigzag/hls_impl/PE/Catapult/SIF/power_top_5_32_1_1_O_addr_type_L1_32_1_1_I_addr_type_L1_32_1_1_W_addr_type_L1_5_288_8_8_O_addr_type_L2_312_8_8_I_addr_type_L2_1728_8_8_W_addr_type_L2_5_8640_8_8_O_addr_type_L3_8640_8_8_I_addr_type_L3_55296_8_8_W_addr_type_L3_O_pa000000.vhdl:8865) Starting routing of inst_cg_obs_topless_5comma_32comma_1comm gating node in hierarchy topless_5comma_32comma_1comma_1comma_O_addr_type_L1comma_32comma_1comma_1comma_I_addr_type_L1comma_32comma_1comma_1comma_W_addr_type_L1comma_5comma_288comma_8comma_8comma_O_addr_type_L2comma_312comma_8comma_8comma_I_addr_type_L2c000003 and language 3.
                  Please try 'help WRTL-WRGHB' for more detailed help.
     [WRTL-WRIEB] (/users/students/r0678912/Downloads/zigzag/hls_impl/PE/Catapult/SIF/power_top_5_32_1_1_O_addr_type_L1_32_1_1_I_addr_type_L1_32_1_1_W_addr_type_L1_5_288_8_8_O_addr_type_L2_312_8_8_I_addr_type_L2_1728_8_8_W_addr_type_L2_5_8640_8_8_O_addr_type_L3_8640_8_8_I_addr_type_L3_55296_8_8_W_addr_type_L3_O_pa000000.vhdl:5048) Starting routing of edge rst connected to port rst of gating hierarchy.
                  Please try 'help WRTL-WRIEB' for more detailed help.
     [WRTL-WRSIH] (/users/students/r0678912/Downloads/zigzag/hls_impl/PE/Catapult/SIF/power_top_5_32_1_1_O_addr_type_L1_32_1_1_I_addr_type_L1_32_1_1_W_addr_type_L1_5_288_8_8_O_addr_type_L2_312_8_8_I_addr_type_L2_1728_8_8_W_addr_type_L2_5_8640_8_8_O_addr_type_L3_8640_8_8_I_addr_type_L3_55296_8_8_W_addr_type_L3_O_pa000000.vhdl:5048) Routing edge rst in hierarchy topless_5comma_32comma_1comma_1comma_O_addr_type_L1comma_32comma_1comma_1comma_I_addr_type_L1comma_32comma_1comma_1comma_W_addr_type_L1comma_5comma_288comma_8comma_8comma_O_addr_type_L2comma_312comma_8comma_8comma_I_addr_type_L2c000003 and language 3.
                  Please try 'help WRTL-WRSIH' for more detailed help.
     [WRTL-WRPEP] (/users/students/r0678912/Downloads/zigzag/hls_impl/PE/Catapult/SIF/power_top_5_32_1_1_O_addr_type_L1_32_1_1_I_addr_type_L1_32_1_1_W_addr_type_L1_5_288_8_8_O_addr_type_L2_312_8_8_I_addr_type_L2_1728_8_8_W_addr_type_L2_5_8640_8_8_O_addr_type_L3_8640_8_8_I_addr_type_L3_55296_8_8_W_addr_type_L3_O_pa000000.vhdl:5048) Starting routing hierarchical port and edge pair rst and rst in hierarchy topless_5comma_32comma_1comma_1comma_O_addr_type_L1comma_32comma_1comma_1comma_I_addr_type_L1comma_32comma_1comma_1comma_W_addr_type_L1comma_5comma_288comma_8comma_8comma_O_addr_type_L2comma_312comma_8comma_8comma_I_addr_type_L2c000003.
                  Please try 'help WRTL-WRPEP' for more detailed help.
     [WRTL-WRDE]  (/users/students/r0678912/Downloads/zigzag/hls_impl/PE/Catapult/SIF/power_top_5_32_1_1_O_addr_type_L1_32_1_1_I_addr_type_L1_32_1_1_W_addr_type_L1_5_288_8_8_O_addr_type_L2_312_8_8_I_addr_type_L2_1728_8_8_W_addr_type_L2_5_8640_8_8_O_addr_type_L3_8640_8_8_I_addr_type_L3_55296_8_8_W_addr_type_L3_O_pa000000.vhdl:5048) Declaring new edge rst with CPT name rst_1 in module topless_5comma_32comma_1comma_1comma_O_addr_type_L1comma_32comma_1comma_1comma_I_addr_type_L1comma_32comma_1comma_1comma_W_addr_type_L1comma_5comma_288comma_8comma_8comma_O_addr_type_L2comma_312comma_8comma_8comma_I_addr_type_L2c000003.
                  Please try 'help WRTL-WRDE' for more detailed help.
     [WRTL-WRHIP] Routing input port rst .
                  Please try 'help WRTL-WRHIP' for more detailed help.
     [WRTL-WRPPE] (/users/students/r0678912/Downloads/zigzag/hls_impl/PE/Catapult/SIF/power_top_5_32_1_1_O_addr_type_L1_32_1_1_I_addr_type_L1_32_1_1_W_addr_type_L1_5_288_8_8_O_addr_type_L2_312_8_8_I_addr_type_L2_1728_8_8_W_addr_type_L2_5_8640_8_8_O_addr_type_L3_8640_8_8_I_addr_type_L3_55296_8_8_W_addr_type_L3_O_pa000000.vhdl:5048) Ending routing hierarchical port and edge pair rst and rst in hierarchy 1.
                  Please try 'help WRTL-WRPPE' for more detailed help.
     [WRTL-WRIEE] (/users/students/r0678912/Downloads/zigzag/hls_impl/PE/Catapult/SIF/power_top_5_32_1_1_O_addr_type_L1_32_1_1_I_addr_type_L1_32_1_1_W_addr_type_L1_5_288_8_8_O_addr_type_L2_312_8_8_I_addr_type_L2_1728_8_8_W_addr_type_L2_5_8640_8_8_O_addr_type_L3_8640_8_8_I_addr_type_L3_55296_8_8_W_addr_type_L3_O_pa000000.vhdl:5048) Routing of edge rst completed and it is driven by user edge rst_1.
                  Please try 'help WRTL-WRIEE' for more detailed help.
     [WRTL-WRIEB] (/users/students/r0678912/Downloads/zigzag/hls_impl/PE/Catapult/SIF/power_top_5_32_1_1_O_addr_type_L1_32_1_1_I_addr_type_L1_32_1_1_W_addr_type_L1_5_288_8_8_O_addr_type_L2_312_8_8_I_addr_type_L2_1728_8_8_W_addr_type_L2_5_8640_8_8_O_addr_type_L3_8640_8_8_I_addr_type_L3_55296_8_8_W_addr_type_L3_O_pa000000.vhdl:6381) Starting routing of edge rf_5_32_32_32_1_1_1_1_1_1_O_partial_type_O_addr_type_L1_I_type_I_addr_type_L1_W_type_W_addr_type_L1_run_run_fsm_inst_fsm_output connected to port fsm_output of gating hierarchy.
                  Please try 'help WRTL-WRIEB' for more detailed help.
     [WRTL-WRSIH] (/users/students/r0678912/Downloads/zigzag/hls_impl/PE/Catapult/SIF/power_top_5_32_1_1_O_addr_type_L1_32_1_1_I_addr_type_L1_32_1_1_W_addr_type_L1_5_288_8_8_O_addr_type_L2_312_8_8_I_addr_type_L2_1728_8_8_W_addr_type_L2_5_8640_8_8_O_addr_type_L3_8640_8_8_I_addr_type_L3_55296_8_8_W_addr_type_L3_O_pa000000.vhdl:6381) Routing edge rf_5_32_32_32_1_1_1_1_1_1_O_partial_type_O_addr_type_L1_I_type_I_addr_type_L1_W_type_W_addr_type_L1_run_run_fsm_inst_fsm_output in hierarchy topless_5comma_32comma_1comma_1comma_O_addr_type_L1comma_32comma_1comma_1comma_I_addr_type_L1comma_32comma_1comma_1comma_W_addr_type_L1comma_5comma_288comma_8comma_8comma_O_addr_type_L2comma_312comma_8comma_8comma_I_addr_type_L2c000003 and language 3.
                  Please try 'help WRTL-WRSIH' for more detailed help.
     [WRTL-WRE]   (/users/students/r0678912/Downloads/zigzag/hls_impl/PE/Catapult/SIF/power_top_5_32_1_1_O_addr_type_L1_32_1_1_I_addr_type_L1_32_1_1_W_addr_type_L1_5_288_8_8_O_addr_type_L2_312_8_8_I_addr_type_L2_1728_8_8_W_addr_type_L2_5_8640_8_8_O_addr_type_L3_8640_8_8_I_addr_type_L3_55296_8_8_W_addr_type_L3_O_pa000000.vhdl:6381) Routing edge rf_5_32_32_32_1_1_1_1_1_1_O_partial_type_O_addr_type_L1_I_type_I_addr_type_L1_W_type_W_addr_type_L1_run_run_fsm_inst_fsm_output in hierarchy topless_5comma_32comma_1comma_1comma_O_addr_type_L1comma_32comma_1comma_1comma_I_addr_type_L1comma_32comma_1comma_1comma_W_addr_type_L1comma_5comma_288comma_8comma_8comma_O_addr_type_L2comma_312comma_8comma_8comma_I_addr_type_L2c000003.
                  Please try 'help WRTL-WRE' for more detailed help.
     [WRTL-WRIEE] (/users/students/r0678912/Downloads/zigzag/hls_impl/PE/Catapult/SIF/power_top_5_32_1_1_O_addr_type_L1_32_1_1_I_addr_type_L1_32_1_1_W_addr_type_L1_5_288_8_8_O_addr_type_L2_312_8_8_I_addr_type_L2_1728_8_8_W_addr_type_L2_5_8640_8_8_O_addr_type_L3_8640_8_8_I_addr_type_L3_55296_8_8_W_addr_type_L3_O_pa000000.vhdl:6381) Routing of edge rf_5_32_32_32_1_1_1_1_1_1_O_partial_type_O_addr_type_L1_I_type_I_addr_type_L1_W_type_W_addr_type_L1_run_run_fsm_inst_fsm_output completed and it is driven by user edge rf_5_32_32_32_1_1_1_1_1_1_O_partial_type_O_addr_type_L1_I_type_I_addr_type_L1_W_type_W_addr_type_L1_run_run_fsm_inst_fsm_output_1.
                  Please try 'help WRTL-WRIEE' for more detailed help.
     [WRTL-WRIEB] (/users/students/r0678912/Downloads/zigzag/hls_impl/PE/Catapult/SIF/power_top_5_32_1_1_O_addr_type_L1_32_1_1_I_addr_type_L1_32_1_1_W_addr_type_L1_5_288_8_8_O_addr_type_L2_312_8_8_I_addr_type_L2_1728_8_8_W_addr_type_L2_5_8640_8_8_O_addr_type_L3_8640_8_8_I_addr_type_L3_55296_8_8_W_addr_type_L3_O_pa000000.vhdl:5390) Starting routing of edge land_9_lpi_1_dfm_1 connected to port land_9_lpi_1_dfm_1 of gating hierarchy.
                  Please try 'help WRTL-WRIEB' for more detailed help.
     [WRTL-WRSIH] (/users/students/r0678912/Downloads/zigzag/hls_impl/PE/Catapult/SIF/power_top_5_32_1_1_O_addr_type_L1_32_1_1_I_addr_type_L1_32_1_1_W_addr_type_L1_5_288_8_8_O_addr_type_L2_312_8_8_I_addr_type_L2_1728_8_8_W_addr_type_L2_5_8640_8_8_O_addr_type_L3_8640_8_8_I_addr_type_L3_55296_8_8_W_addr_type_L3_O_pa000000.vhdl:5390) Routing edge land_9_lpi_1_dfm_1 in hierarchy topless_5comma_32comma_1comma_1comma_O_addr_type_L1comma_32comma_1comma_1comma_I_addr_type_L1comma_32comma_1comma_1comma_W_addr_type_L1comma_5comma_288comma_8comma_8comma_O_addr_type_L2comma_312comma_8comma_8comma_I_addr_type_L2c000003 and language 3.
                  Please try 'help WRTL-WRSIH' for more detailed help.
     [WRTL-WRE]   (/users/students/r0678912/Downloads/zigzag/hls_impl/PE/Catapult/SIF/power_top_5_32_1_1_O_addr_type_L1_32_1_1_I_addr_type_L1_32_1_1_W_addr_type_L1_5_288_8_8_O_addr_type_L2_312_8_8_I_addr_type_L2_1728_8_8_W_addr_type_L2_5_8640_8_8_O_addr_type_L3_8640_8_8_I_addr_type_L3_55296_8_8_W_addr_type_L3_O_pa000000.vhdl:5390) Routing edge land_9_lpi_1_dfm_1 in hierarchy topless_5comma_32comma_1comma_1comma_O_addr_type_L1comma_32comma_1comma_1comma_I_addr_type_L1comma_32comma_1comma_1comma_W_addr_type_L1comma_5comma_288comma_8comma_8comma_O_addr_type_L2comma_312comma_8comma_8comma_I_addr_type_L2c000003.
                  Please try 'help WRTL-WRE' for more detailed help.
     [WRTL-WRIEE] (/users/students/r0678912/Downloads/zigzag/hls_impl/PE/Catapult/SIF/power_top_5_32_1_1_O_addr_type_L1_32_1_1_I_addr_type_L1_32_1_1_W_addr_type_L1_5_288_8_8_O_addr_type_L2_312_8_8_I_addr_type_L2_1728_8_8_W_addr_type_L2_5_8640_8_8_O_addr_type_L3_8640_8_8_I_addr_type_L3_55296_8_8_W_addr_type_L3_O_pa000000.vhdl:5390) Routing of edge land_9_lpi_1_dfm_1 completed and it is driven by user edge land_9_lpi_1_dfm_1_2.
                  Please try 'help WRTL-WRIEE' for more detailed help.
     [WRTL-WRGHE] (/users/students/r0678912/Downloads/zigzag/hls_impl/PE/Catapult/SIF/power_top_5_32_1_1_O_addr_type_L1_32_1_1_I_addr_type_L1_32_1_1_W_addr_type_L1_5_288_8_8_O_addr_type_L2_312_8_8_I_addr_type_L2_1728_8_8_W_addr_type_L2_5_8640_8_8_O_addr_type_L3_8640_8_8_I_addr_type_L3_55296_8_8_W_addr_type_L3_O_pa000000.vhdl:8865) Ending routing of inst_cg_obs_topless_5comma_32comma_1comm gating node in hierarchy topless_5comma_32comma_1comma_1comma_O_addr_type_L1comma_32comma_1comma_1comma_I_addr_type_L1comma_32comma_1comma_1comma_W_addr_type_L1comma_5comma_288comma_8comma_8comma_O_addr_type_L2comma_312comma_8comma_8comma_I_addr_type_L2c000003.
                  Please try 'help WRTL-WRGHE' for more detailed help.
     [PPRO-WUMFI] PowerPro-optimized module 'topless_5comma_32comma_1comma_1comma_O_addr_type_L1comma_32comma_1comma_1comma_I_addr_type_L1comma_32comma_1comma_1comma_W_addr_type_L1comma_5comma_288comma_8comma_8comma_O_addr_type_L2comma_312comma_8comma_8comma_I_addr_type_L2c000078' has been written into new file 'power_top_5_32_1_1_O_addr_type_L1_32_1_1_I_addr_type_L1_32_1_1_W_addr_type_L1_5_288_8_8_O_addr_type_L2_312_8_8_I_addr_type_L2_1728_8_8_W_addr_type_L2_5_8640_8_8_O_addr_type_L3_8640_8_8_I_addr_type_L3_55296_8_8_W_addr_type_L3_O_pa000000.vhdl'.
