+-----------------------------------------------------------------------------------+
|                                                                                   |
| Generated by PowerPro-10.3c_2/849904   (Jan 10 2020)  linux64  P2001101230        |
| on Tue Jul 13 11:49:33 2021.                                                      |
|                                                                                   |
| This document may be used and distributed without restriction provided that       |
| this copyright statement is not removed from the file and that any derivative     |
| work contains this copyright notice.                                              |
|                                                                                   |
+-----------------------------------------------------------------------------------+

Time        6 s. : ---> Starting HS::MCH solver for 8 problem(s) for unlimited time.
Time        6 s. : <--- Finished HS::MCH solver with result {UNKNOWN UNKNOWN UNKNOWN FALSIFIED UNKNOWN UNKNOWN UNKNOWN FALSIFIED}
Time        6 s. : ---> Starting HS::WLS solver for 6 problem(s) for unlimited time.
Time        6 s. : <--- Finished HS::WLS solver with result {UNKNOWN UNKNOWN UNKNOWN UNKNOWN UNKNOWN UNKNOWN}
Time        6 s. : ---> Starting HS::BLS solver for 6 problem(s) for unlimited time.
Time        7 s. : <--- Finished HS::BLS solver with result {PROVEN PROVEN PROVEN PROVEN PROVEN PROVEN}
Time        7 s. : ---> Starting HS::MCH solver for unlimited time.
Time        7 s. : <--- Finished HS::MCH solver with result {FALSIFIED}
Time        7 s. : ---> Starting HS::MCH solver for unlimited time.
Time        7 s. : <--- Finished HS::MCH solver with result {FALSIFIED}
Time        7 s. : ---> Starting HS::MCH solver for unlimited time.
Time        7 s. : <--- Finished HS::MCH solver with result {FALSIFIED}
Time        7 s. : ---> Starting HS::MCH solver for unlimited time.
Time        7 s. : <--- Finished HS::MCH solver with result {FALSIFIED}
Time        7 s. : ---> Starting HS::MCH solver for unlimited time.
Time        7 s. : <--- Finished HS::MCH solver with result {FALSIFIED}
Time        7 s. : ---> Starting HS::MCH solver for unlimited time.
Time        7 s. : <--- Finished HS::MCH solver with result {UNKNOWN}
Time        7 s. : ---> Starting HS::WLS solver for unlimited time.
Time        7 s. : <--- Finished HS::WLS solver with result {UNKNOWN}
Time        7 s. : ---> Starting HS::BLS solver for unlimited time.
Time        7 s. : <--- Finished HS::BLS solver with result {PROVEN}
Time        7 s. : ---> Starting HS::MCH solver for 9 problem(s) for unlimited time.
Time        7 s. : <--- Finished HS::MCH solver with result {FALSIFIED FALSIFIED FALSIFIED FALSIFIED FALSIFIED FALSIFIED FALSIFIED FALSIFIED FALSIFIED}
Time        7 s. : ---> Starting HS::MCH solver for unlimited time.
Time        7 s. : <--- Finished HS::MCH solver with result {FALSIFIED}
Time        7 s. : ---> Starting HS::MCH solver for unlimited time.
Time        7 s. : <--- Finished HS::MCH solver with result {FALSIFIED}
Time        7 s. : ---> Starting HS::MCH solver for unlimited time.
Time        7 s. : <--- Finished HS::MCH solver with result {FALSIFIED}
Time        7 s. : ---> Starting HS::MCH solver for unlimited time.
Time        7 s. : <--- Finished HS::MCH solver with result {UNKNOWN}
Time        7 s. : ---> Starting HS::WLS solver for unlimited time.
Time        7 s. : <--- Finished HS::WLS solver with result {UNKNOWN}
Time        7 s. : ---> Starting HS::BLS solver for unlimited time.
Time        7 s. : <--- Finished HS::BLS solver with result {PROVEN}
Time        7 s. : ---> Starting HS::MCH solver for unlimited time.
Time        7 s. : <--- Finished HS::MCH solver with result {FALSIFIED}
Time        7 s. : ---> Starting HS::MCH solver for unlimited time.
Time        7 s. : <--- Finished HS::MCH solver with result {FALSIFIED}
Time        7 s. : ---> Starting HS::MCH solver for unlimited time.
Time        7 s. : <--- Finished HS::MCH solver with result {UNKNOWN}
Time        7 s. : ---> Starting HS::WLS solver for unlimited time.
Time        7 s. : <--- Finished HS::WLS solver with result {UNKNOWN}
Time        7 s. : ---> Starting HS::BLS solver for unlimited time.
Time        7 s. : <--- Finished HS::BLS solver with result {PROVEN}
Time        7 s. : ---> Starting HS::MCH solver for unlimited time.
Time        7 s. : <--- Finished HS::MCH solver with result {FALSIFIED}
Time        7 s. : ---> Starting HS::MCH solver for unlimited time.
Time        7 s. : <--- Finished HS::MCH solver with result {FALSIFIED}
Time        7 s. : ---> Starting HS::MCH solver for unlimited time.
Time        7 s. : <--- Finished HS::MCH solver with result {FALSIFIED}
Time        7 s. : ---> Starting HS::MCH solver for unlimited time.
Time        7 s. : <--- Finished HS::MCH solver with result {FALSIFIED}
Time        7 s. : ---> Starting HS::MCH solver for unlimited time.
Time        7 s. : <--- Finished HS::MCH solver with result {UNKNOWN}
Time        7 s. : ---> Starting HS::WLS solver for unlimited time.
Time        7 s. : <--- Finished HS::WLS solver with result {UNKNOWN}
Time        7 s. : ---> Starting HS::BLS solver for unlimited time.
Time        8 s. : <--- Finished HS::BLS solver with result {FALSIFIED}
Time        8 s. : ---> Starting HS::MCH solver for 6 problem(s) for unlimited time.
Time        8 s. : <--- Finished HS::MCH solver with result {FALSIFIED FALSIFIED FALSIFIED FALSIFIED FALSIFIED FALSIFIED}
Time        8 s. : ---> Starting HS::MCH solver for unlimited time.
Time        8 s. : <--- Finished HS::MCH solver with result {FALSIFIED}
Time        8 s. : ---> Starting HS::MCH solver for 6 problem(s) for unlimited time.
Time        8 s. : <--- Finished HS::MCH solver with result {FALSIFIED FALSIFIED FALSIFIED FALSIFIED FALSIFIED FALSIFIED}
Time        8 s. : ---> Starting HS::MCH solver for unlimited time.
Time        8 s. : <--- Finished HS::MCH solver with result {UNKNOWN}
Time        8 s. : ---> Starting HS::WLS solver for unlimited time.
Time        8 s. : <--- Finished HS::WLS solver with result {UNKNOWN}
Time        8 s. : ---> Starting HS::BLS solver for unlimited time.
Time        8 s. : <--- Finished HS::BLS solver with result {FALSIFIED}
Time        8 s. : ---> Starting HS::MCH solver for 6 problem(s) for unlimited time.
Time        8 s. : <--- Finished HS::MCH solver with result {FALSIFIED FALSIFIED FALSIFIED FALSIFIED FALSIFIED FALSIFIED}
Time        8 s. : ---> Starting HS::MCH solver for unlimited time.
Time        8 s. : <--- Finished HS::MCH solver with result {FALSIFIED}
Time        8 s. : ---> Starting HS::MCH solver for 6 problem(s) for unlimited time.
Time        8 s. : <--- Finished HS::MCH solver with result {FALSIFIED FALSIFIED FALSIFIED FALSIFIED FALSIFIED FALSIFIED}
Time        8 s. : ---> Starting HS::MCH solver for unlimited time.
Time        8 s. : <--- Finished HS::MCH solver with result {FALSIFIED}
Time        8 s. : ---> Starting HS::MCH solver for 6 problem(s) for unlimited time.
Time        8 s. : <--- Finished HS::MCH solver with result {FALSIFIED FALSIFIED FALSIFIED FALSIFIED FALSIFIED FALSIFIED}
Time        9 s. : ---> Starting HS::MCH solver for unlimited time.
Time        9 s. : <--- Finished HS::MCH solver with result {FALSIFIED}
Time        9 s. : ---> Starting HS::MCH solver for 6 problem(s) for unlimited time.
Time        9 s. : <--- Finished HS::MCH solver with result {FALSIFIED FALSIFIED FALSIFIED FALSIFIED FALSIFIED FALSIFIED}
Time        9 s. : ---> Starting HS::MCH solver for unlimited time.
Time        9 s. : <--- Finished HS::MCH solver with result {FALSIFIED}
Time        9 s. : ---> Starting HS::MCH solver for 6 problem(s) for unlimited time.
Time        9 s. : <--- Finished HS::MCH solver with result {FALSIFIED FALSIFIED FALSIFIED FALSIFIED FALSIFIED FALSIFIED}
Time        9 s. : ---> Starting HS::MCH solver for unlimited time.
Time        9 s. : <--- Finished HS::MCH solver with result {FALSIFIED}
Time        9 s. : ---> Starting HS::MCH solver for 6 problem(s) for unlimited time.
Time        9 s. : <--- Finished HS::MCH solver with result {FALSIFIED FALSIFIED FALSIFIED FALSIFIED FALSIFIED FALSIFIED}
Time        9 s. : ---> Starting HS::MCH solver for unlimited time.
Time        9 s. : <--- Finished HS::MCH solver with result {FALSIFIED}
Time        9 s. : ---> Starting HS::MCH solver for 6 problem(s) for unlimited time.
Time        9 s. : <--- Finished HS::MCH solver with result {FALSIFIED FALSIFIED FALSIFIED FALSIFIED FALSIFIED FALSIFIED}
Time        9 s. : ---> Starting HS::MCH solver for unlimited time.
Time        9 s. : <--- Finished HS::MCH solver with result {UNKNOWN}
Time        9 s. : ---> Starting HS::WLS solver for unlimited time.
Time        9 s. : <--- Finished HS::WLS solver with result {UNKNOWN}
Time        9 s. : ---> Starting HS::BLS solver for unlimited time.
Time        9 s. : <--- Finished HS::BLS solver with result {FALSIFIED}
Time        9 s. : ---> Starting HS::MCH solver for 6 problem(s) for unlimited time.
Time        9 s. : <--- Finished HS::MCH solver with result {FALSIFIED FALSIFIED FALSIFIED FALSIFIED FALSIFIED FALSIFIED}
Time       10 s. : ---> Starting HS::MCH solver for unlimited time.
Time       10 s. : <--- Finished HS::MCH solver with result {UNKNOWN}
Time       10 s. : ---> Starting HS::WLS solver for unlimited time.
Time       10 s. : <--- Finished HS::WLS solver with result {UNKNOWN}
Time       10 s. : ---> Starting HS::BLS solver for unlimited time.
Time       10 s. : <--- Finished HS::BLS solver with result {FALSIFIED}
Time       10 s. : ---> Starting HS::MCH solver for 6 problem(s) for unlimited time.
Time       10 s. : <--- Finished HS::MCH solver with result {FALSIFIED FALSIFIED FALSIFIED FALSIFIED FALSIFIED FALSIFIED}
Time       10 s. : ---> Starting HS::MCH solver for unlimited time.
Time       10 s. : <--- Finished HS::MCH solver with result {FALSIFIED}
Time       10 s. : ---> Starting HS::MCH solver for 6 problem(s) for unlimited time.
Time       10 s. : <--- Finished HS::MCH solver with result {FALSIFIED FALSIFIED FALSIFIED FALSIFIED FALSIFIED FALSIFIED}
Time       10 s. : ---> Starting HS::MCH solver for unlimited time.
Time       10 s. : <--- Finished HS::MCH solver with result {FALSIFIED}
Time       10 s. : ---> Starting HS::MCH solver for 6 problem(s) for unlimited time.
Time       10 s. : <--- Finished HS::MCH solver with result {FALSIFIED FALSIFIED FALSIFIED FALSIFIED FALSIFIED FALSIFIED}
Time       10 s. : ---> Starting HS::MCH solver for unlimited time.
Time       10 s. : <--- Finished HS::MCH solver with result {FALSIFIED}
Time       10 s. : ---> Starting HS::MCH solver for 6 problem(s) for unlimited time.
Time       10 s. : <--- Finished HS::MCH solver with result {FALSIFIED FALSIFIED FALSIFIED FALSIFIED FALSIFIED FALSIFIED}
Time       10 s. : ---> Starting HS::MCH solver for unlimited time.
Time       10 s. : <--- Finished HS::MCH solver with result {FALSIFIED}
Time       10 s. : ---> Starting HS::MCH solver for 6 problem(s) for unlimited time.
Time       10 s. : <--- Finished HS::MCH solver with result {FALSIFIED FALSIFIED FALSIFIED FALSIFIED FALSIFIED FALSIFIED}
Time       11 s. : ---> Starting HS::MCH solver for unlimited time.
Time       11 s. : <--- Finished HS::MCH solver with result {FALSIFIED}
Time       11 s. : ---> Starting HS::MCH solver for 6 problem(s) for unlimited time.
Time       11 s. : <--- Finished HS::MCH solver with result {FALSIFIED FALSIFIED FALSIFIED FALSIFIED FALSIFIED FALSIFIED}
Time       11 s. : ---> Starting HS::MCH solver for unlimited time.
Time       11 s. : <--- Finished HS::MCH solver with result {FALSIFIED}
Time       11 s. : ---> Starting HS::MCH solver for 7 problem(s) for unlimited time.
Time       11 s. : <--- Finished HS::MCH solver with result {FALSIFIED FALSIFIED FALSIFIED FALSIFIED FALSIFIED FALSIFIED FALSIFIED}
Time       11 s. : ---> Starting HS::MCH solver for unlimited time.
Time       11 s. : <--- Finished HS::MCH solver with result {FALSIFIED}
Time       11 s. : ---> Starting HS::MCH solver for 6 problem(s) for unlimited time.
Time       11 s. : <--- Finished HS::MCH solver with result {FALSIFIED FALSIFIED FALSIFIED FALSIFIED FALSIFIED FALSIFIED}
Time       11 s. : ---> Starting HS::MCH solver for unlimited time.
Time       11 s. : <--- Finished HS::MCH solver with result {FALSIFIED}
Time       11 s. : ---> Starting HS::MCH solver for unlimited time.
Time       12 s. : <--- Finished HS::MCH solver with result {FALSIFIED}
Time       12 s. : ---> Starting HS::MCH solver for 6 problem(s) for unlimited time.
Time       12 s. : <--- Finished HS::MCH solver with result {FALSIFIED FALSIFIED FALSIFIED FALSIFIED FALSIFIED FALSIFIED}
Time       12 s. : ---> Starting HS::MCH solver for unlimited time.
Time       12 s. : <--- Finished HS::MCH solver with result {FALSIFIED}
Time       12 s. : ---> Starting HS::MCH solver for unlimited time.
Time       12 s. : <--- Finished HS::MCH solver with result {FALSIFIED}
Time       12 s. : ---> Starting HS::MCH solver for unlimited time.
Time       12 s. : <--- Finished HS::MCH solver with result {UNKNOWN}
Time       12 s. : ---> Starting HS::WLS solver for unlimited time.
Time       12 s. : <--- Finished HS::WLS solver with result {UNKNOWN}
Time       12 s. : ---> Starting HS::BLS solver for unlimited time.
Time       12 s. : <--- Finished HS::BLS solver with result {FALSIFIED}
Time       12 s. : ---> Starting HS::MCH solver for unlimited time.
Time       12 s. : <--- Finished HS::MCH solver with result {FALSIFIED}
Time       12 s. : ---> Starting HS::MCH solver for unlimited time.
Time       13 s. : <--- Finished HS::MCH solver with result {UNKNOWN}
Time       13 s. : ---> Starting HS::WLS solver for unlimited time.
Time       13 s. : <--- Finished HS::WLS solver with result {UNKNOWN}
Time       13 s. : ---> Starting HS::BLS solver for unlimited time.
Time       13 s. : <--- Finished HS::BLS solver with result {FALSIFIED}
Time       13 s. : ---> Starting HS::MCH solver for unlimited time.
Time       13 s. : <--- Finished HS::MCH solver with result {UNKNOWN}
Time       13 s. : ---> Starting HS::WLS solver for unlimited time.
Time       13 s. : <--- Finished HS::WLS solver with result {UNKNOWN}
Time       13 s. : ---> Starting HS::BLS solver for unlimited time.
Time       13 s. : <--- Finished HS::BLS solver with result {FALSIFIED}
Time       13 s. : ---> Starting HS::MCH solver for unlimited time.
Time       13 s. : <--- Finished HS::MCH solver with result {UNKNOWN}
Time       13 s. : ---> Starting HS::WLS solver for unlimited time.
Time       13 s. : <--- Finished HS::WLS solver with result {UNKNOWN}
Time       13 s. : ---> Starting HS::BLS solver for unlimited time.
Time       13 s. : <--- Finished HS::BLS solver with result {FALSIFIED}
Time       14 s. : ---> Starting HS::MCH solver for unlimited time.
Time       14 s. : <--- Finished HS::MCH solver with result {UNKNOWN}
Time       14 s. : ---> Starting HS::WLS solver for unlimited time.
Time       14 s. : <--- Finished HS::WLS solver with result {UNKNOWN}
Time       14 s. : ---> Starting HS::BLS solver for unlimited time.
Time       14 s. : <--- Finished HS::BLS solver with result {FALSIFIED}
Time       14 s. : ---> Starting HS::MCH solver for unlimited time.
Time       14 s. : <--- Finished HS::MCH solver with result {UNKNOWN}
Time       14 s. : ---> Starting HS::WLS solver for unlimited time.
Time       14 s. : <--- Finished HS::WLS solver with result {UNKNOWN}
Time       14 s. : ---> Starting HS::BLS solver for unlimited time.
Time       14 s. : <--- Finished HS::BLS solver with result {FALSIFIED}
Time       14 s. : ---> Starting HS::MCH solver for unlimited time.
Time       14 s. : <--- Finished HS::MCH solver with result {FALSIFIED}
Time       14 s. : ---> Starting HS::MCH solver for unlimited time.
Time       14 s. : <--- Finished HS::MCH solver with result {UNKNOWN}
Time       14 s. : ---> Starting HS::WLS solver for unlimited time.
Time       14 s. : <--- Finished HS::WLS solver with result {UNKNOWN}
Time       14 s. : ---> Starting HS::BLS solver for unlimited time.
Time       15 s. : <--- Finished HS::BLS solver with result {FALSIFIED}
Time       15 s. : ---> Starting HS::MCH solver for unlimited time.
Time       15 s. : <--- Finished HS::MCH solver with result {UNKNOWN}
Time       15 s. : ---> Starting HS::WLS solver for unlimited time.
Time       15 s. : <--- Finished HS::WLS solver with result {UNKNOWN}
Time       15 s. : ---> Starting HS::BLS solver for unlimited time.
Time       15 s. : <--- Finished HS::BLS solver with result {FALSIFIED}
Time       15 s. : ---> Starting HS::MCH solver for unlimited time.
Time       15 s. : <--- Finished HS::MCH solver with result {UNKNOWN}
Time       15 s. : ---> Starting HS::WLS solver for unlimited time.
Time       15 s. : <--- Finished HS::WLS solver with result {UNKNOWN}
Time       15 s. : ---> Starting HS::BLS solver for unlimited time.
Time       15 s. : <--- Finished HS::BLS solver with result {FALSIFIED}
Time       15 s. : ---> Starting HS::MCH solver for unlimited time.
Time       16 s. : <--- Finished HS::MCH solver with result {UNKNOWN}
Time       16 s. : ---> Starting HS::WLS solver for unlimited time.
Time       16 s. : <--- Finished HS::WLS solver with result {UNKNOWN}
Time       16 s. : ---> Starting HS::BLS solver for unlimited time.
Time       16 s. : <--- Finished HS::BLS solver with result {FALSIFIED}
Time       16 s. : ---> Starting HS::MCH solver for unlimited time.
Time       16 s. : <--- Finished HS::MCH solver with result {UNKNOWN}
Time       16 s. : ---> Starting HS::WLS solver for unlimited time.
Time       16 s. : <--- Finished HS::WLS solver with result {UNKNOWN}
Time       16 s. : ---> Starting HS::BLS solver for unlimited time.
Time       16 s. : <--- Finished HS::BLS solver with result {FALSIFIED}
Time       16 s. : ---> Starting HS::MCH solver for unlimited time.
Time       16 s. : <--- Finished HS::MCH solver with result {FALSIFIED}
Time       16 s. : ---> Starting HS::MCH solver for unlimited time.
Time       16 s. : <--- Finished HS::MCH solver with result {FALSIFIED}
Time       16 s. : ---> Starting HS::MCH solver for 7 problem(s) for unlimited time.
Time       16 s. : <--- Finished HS::MCH solver with result {FALSIFIED FALSIFIED FALSIFIED FALSIFIED FALSIFIED FALSIFIED FALSIFIED}
Time       17 s. : ---> Starting HS::MCH solver for 2 problem(s) for unlimited time.
Time       17 s. : <--- Finished HS::MCH solver with result {FALSIFIED FALSIFIED}
Time       17 s. : ---> Starting HS::MCH solver for unlimited time.
Time       17 s. : <--- Finished HS::MCH solver with result {FALSIFIED}
Time       17 s. : ---> Starting HS::MCH solver for 4 problem(s) for unlimited time.
Time       17 s. : <--- Finished HS::MCH solver with result {FALSIFIED FALSIFIED FALSIFIED FALSIFIED}
Time       17 s. : ---> Starting HS::MCH solver for unlimited time.
Time       17 s. : <--- Finished HS::MCH solver with result {FALSIFIED}
Time       17 s. : ---> Starting HS::MCH solver for unlimited time.
Time       17 s. : <--- Finished HS::MCH solver with result {UNKNOWN}
Time       17 s. : ---> Starting HS::WLS solver for unlimited time.
Time       17 s. : <--- Finished HS::WLS solver with result {UNKNOWN}
Time       17 s. : ---> Starting HS::BLS solver for unlimited time.
Time       17 s. : <--- Finished HS::BLS solver with result {PROVEN}
Time       17 s. : ---> Starting HS::MCH solver for unlimited time.
Time       17 s. : <--- Finished HS::MCH solver with result {FALSIFIED}
Time       17 s. : ---> Starting HS::MCH solver for unlimited time.
Time       17 s. : <--- Finished HS::MCH solver with result {FALSIFIED}
Time       17 s. : ---> Starting HS::MCH solver for 9 problem(s) for unlimited time.
Time       17 s. : <--- Finished HS::MCH solver with result {FALSIFIED FALSIFIED FALSIFIED FALSIFIED UNKNOWN FALSIFIED FALSIFIED FALSIFIED FALSIFIED}
Time       17 s. : ---> Starting HS::WLS solver for unlimited time.
Time       17 s. : <--- Finished HS::WLS solver with result {UNKNOWN}
Time       17 s. : ---> Starting HS::BLS solver for unlimited time.
Time       17 s. : <--- Finished HS::BLS solver with result {FALSIFIED}
Time       17 s. : ---> Starting HS::MCH solver for unlimited time.
Time       17 s. : <--- Finished HS::MCH solver with result {UNKNOWN}
Time       17 s. : ---> Starting HS::WLS solver for unlimited time.
Time       17 s. : <--- Finished HS::WLS solver with result {UNKNOWN}
Time       17 s. : ---> Starting HS::BLS solver for unlimited time.
Time       17 s. : <--- Finished HS::BLS solver with result {PROVEN}
Time       18 s. : ---> Starting HS::MCH solver for unlimited time.
Time       18 s. : <--- Finished HS::MCH solver with result {UNKNOWN}
Time       18 s. : ---> Starting HS::WLS solver for unlimited time.
Time       18 s. : <--- Finished HS::WLS solver with result {UNKNOWN}
Time       18 s. : ---> Starting HS::BLS solver for unlimited time.
Time       18 s. : <--- Finished HS::BLS solver with result {PROVEN}
Time       18 s. : ---> Starting HS::MCH solver for unlimited time.
Time       18 s. : <--- Finished HS::MCH solver with result {UNKNOWN}
Time       18 s. : ---> Starting HS::WLS solver for unlimited time.
Time       18 s. : <--- Finished HS::WLS solver with result {UNKNOWN}
Time       18 s. : ---> Starting HS::BLS solver for unlimited time.
Time       18 s. : <--- Finished HS::BLS solver with result {PROVEN}
Time       18 s. : ---> Starting HS::MCH solver for unlimited time.
Time       18 s. : <--- Finished HS::MCH solver with result {FALSIFIED}
Time       18 s. : ---> Starting HS::MCH solver for 4 problem(s) for unlimited time.
Time       18 s. : <--- Finished HS::MCH solver with result {FALSIFIED FALSIFIED FALSIFIED FALSIFIED}
Time       18 s. : ---> Starting HS::MCH solver for unlimited time.
Time       18 s. : <--- Finished HS::MCH solver with result {FALSIFIED}
Time       18 s. : ---> Starting HS::MCH solver for unlimited time.
Time       18 s. : <--- Finished HS::MCH solver with result {FALSIFIED}
Time       18 s. : ---> Starting HS::MCH solver for unlimited time.
Time       18 s. : <--- Finished HS::MCH solver with result {FALSIFIED}
Time       18 s. : ---> Starting HS::MCH solver for unlimited time.
Time       18 s. : <--- Finished HS::MCH solver with result {UNKNOWN}
Time       18 s. : ---> Starting HS::WLS solver for unlimited time.
Time       18 s. : <--- Finished HS::WLS solver with result {UNKNOWN}
Time       18 s. : ---> Starting HS::BLS solver for unlimited time.
Time       18 s. : <--- Finished HS::BLS solver with result {PROVEN}
Time       18 s. : ---> Starting HS::MCH solver for unlimited time.
Time       18 s. : <--- Finished HS::MCH solver with result {FALSIFIED}
Time       18 s. : ---> Starting HS::MCH solver for unlimited time.
Time       18 s. : <--- Finished HS::MCH solver with result {UNKNOWN}
Time       18 s. : ---> Starting HS::WLS solver for unlimited time.
Time       18 s. : <--- Finished HS::WLS solver with result {UNKNOWN}
Time       18 s. : ---> Starting HS::BLS solver for unlimited time.
Time       18 s. : <--- Finished HS::BLS solver with result {PROVEN}
Time       18 s. : ---> Starting HS::MCH solver for unlimited time.
Time       18 s. : <--- Finished HS::MCH solver with result {UNKNOWN}
Time       18 s. : ---> Starting HS::WLS solver for unlimited time.
Time       18 s. : <--- Finished HS::WLS solver with result {UNKNOWN}
Time       18 s. : ---> Starting HS::BLS solver for unlimited time.
Time       18 s. : <--- Finished HS::BLS solver with result {PROVEN}
Time       19 s. : ---> Starting HS::MCH solver for unlimited time.
Time       19 s. : <--- Finished HS::MCH solver with result {FALSIFIED}
Time       19 s. : ---> Starting HS::MCH solver for 4 problem(s) for unlimited time.
Time       19 s. : <--- Finished HS::MCH solver with result {FALSIFIED FALSIFIED FALSIFIED FALSIFIED}
Time       19 s. : ---> Starting HS::MCH solver for unlimited time.
Time       19 s. : <--- Finished HS::MCH solver with result {FALSIFIED}
Time       19 s. : ---> Starting HS::MCH solver for unlimited time.
Time       19 s. : <--- Finished HS::MCH solver with result {FALSIFIED}
Time       19 s. : ---> Starting HS::MCH solver for unlimited time.
Time       19 s. : <--- Finished HS::MCH solver with result {FALSIFIED}
Time       19 s. : ---> Starting HS::MCH solver for unlimited time.
Time       19 s. : <--- Finished HS::MCH solver with result {UNKNOWN}
Time       19 s. : ---> Starting HS::WLS solver for unlimited time.
Time       19 s. : <--- Finished HS::WLS solver with result {UNKNOWN}
Time       19 s. : ---> Starting HS::BLS solver for unlimited time.
Time       19 s. : <--- Finished HS::BLS solver with result {PROVEN}
Time       19 s. : ---> Starting HS::MCH solver for unlimited time.
Time       19 s. : <--- Finished HS::MCH solver with result {FALSIFIED}
Time       19 s. : ---> Starting HS::MCH solver for 16 problem(s) for unlimited time.
Time       19 s. : <--- Finished HS::MCH solver with result {FALSIFIED FALSIFIED FALSIFIED FALSIFIED FALSIFIED FALSIFIED FALSIFIED FALSIFIED FALSIFIED FALSIFIED FALSIFIED FALSIFIED FALSIFIED FALSIFIED FALSIFIED FALSIFIED}
Time       20 s. : ---> Starting HS::MCH solver for unlimited time.
Time       20 s. : <--- Finished HS::MCH solver with result {UNKNOWN}
Time       20 s. : ---> Starting HS::WLS solver for unlimited time.
Time       20 s. : <--- Finished HS::WLS solver with result {UNKNOWN}
Time       20 s. : ---> Starting HS::BLS solver for unlimited time.
Time       20 s. : <--- Finished HS::BLS solver with result {PROVEN}
Time       20 s. : ---> Starting HS::MCH solver for unlimited time.
Time       20 s. : <--- Finished HS::MCH solver with result {UNKNOWN}
Time       20 s. : ---> Starting HS::WLS solver for unlimited time.
Time       20 s. : <--- Finished HS::WLS solver with result {UNKNOWN}
Time       20 s. : ---> Starting HS::BLS solver for unlimited time.
Time       20 s. : <--- Finished HS::BLS solver with result {PROVEN}
Time       20 s. : ---> Starting HS::MCH solver for unlimited time.
Time       20 s. : <--- Finished HS::MCH solver with result {FALSIFIED}
Time       21 s. : ---> Starting HS::MCH solver for unlimited time.
Time       21 s. : <--- Finished HS::MCH solver with result {UNKNOWN}
Time       21 s. : ---> Starting HS::WLS solver for unlimited time.
Time       21 s. : <--- Finished HS::WLS solver with result {UNKNOWN}
Time       21 s. : ---> Starting HS::BLS solver for unlimited time.
Time       21 s. : <--- Finished HS::BLS solver with result {PROVEN}
Time       21 s. : ---> Starting HS::MCH solver for unlimited time.
Time       21 s. : <--- Finished HS::MCH solver with result {FALSIFIED}
Time       21 s. : ---> Starting HS::MCH solver for 8 problem(s) for unlimited time.
Time       22 s. : <--- Finished HS::MCH solver with result {FALSIFIED FALSIFIED FALSIFIED FALSIFIED FALSIFIED FALSIFIED UNKNOWN FALSIFIED}
Time       22 s. : ---> Starting HS::WLS solver for unlimited time.
Time       22 s. : <--- Finished HS::WLS solver with result {UNKNOWN}
Time       22 s. : ---> Starting HS::BLS solver for unlimited time.
Time       22 s. : <--- Finished HS::BLS solver with result {FALSIFIED}
Time       22 s. : ---> Starting HS::MCH solver for unlimited time.
Time       22 s. : <--- Finished HS::MCH solver with result {FALSIFIED}
Time       22 s. : ---> Starting HS::MCH solver for unlimited time.
Time       22 s. : <--- Finished HS::MCH solver with result {FALSIFIED}
Time       22 s. : ---> Starting HS::MCH solver for 9 problem(s) for unlimited time.
Time       22 s. : <--- Finished HS::MCH solver with result {FALSIFIED UNKNOWN FALSIFIED FALSIFIED FALSIFIED FALSIFIED UNKNOWN UNKNOWN UNKNOWN}
Time       22 s. : ---> Starting HS::WLS solver for 4 problem(s) for unlimited time.
Time       22 s. : <--- Finished HS::WLS solver with result {UNKNOWN UNKNOWN UNKNOWN UNKNOWN}
Time       22 s. : ---> Starting HS::BLS solver for 4 problem(s) for unlimited time.
Time       22 s. : <--- Finished HS::BLS solver with result {PROVEN PROVEN PROVEN PROVEN}
Time       22 s. : ---> Starting HS::MCH solver for unlimited time.
Time       22 s. : <--- Finished HS::MCH solver with result {FALSIFIED}
Time       22 s. : ---> Starting HS::MCH solver for unlimited time.
Time       22 s. : <--- Finished HS::MCH solver with result {FALSIFIED}
Time       22 s. : ---> Starting HS::MCH solver for unlimited time.
Time       22 s. : <--- Finished HS::MCH solver with result {UNKNOWN}
Time       22 s. : ---> Starting HS::WLS solver for unlimited time.
Time       22 s. : <--- Finished HS::WLS solver with result {UNKNOWN}
Time       22 s. : ---> Starting HS::BLS solver for unlimited time.
Time       22 s. : <--- Finished HS::BLS solver with result {PROVEN}
Time       22 s. : ---> Starting HS::MCH solver for unlimited time.
Time       22 s. : <--- Finished HS::MCH solver with result {FALSIFIED}
Time       23 s. : ---> Starting HS::MCH solver for unlimited time.
Time       23 s. : <--- Finished HS::MCH solver with result {FALSIFIED}
Time       23 s. : ---> Starting HS::MCH solver for unlimited time.
Time       23 s. : <--- Finished HS::MCH solver with result {FALSIFIED}
Time       24 s. : ---> Starting HS::MCH solver for unlimited time.
Time       24 s. : <--- Finished HS::MCH solver with result {FALSIFIED}
Time       24 s. : ---> Starting HS::MCH solver for 9 problem(s) for unlimited time.
Time       24 s. : <--- Finished HS::MCH solver with result {FALSIFIED FALSIFIED FALSIFIED FALSIFIED FALSIFIED FALSIFIED FALSIFIED FALSIFIED FALSIFIED}
Time       24 s. : ---> Starting HS::MCH solver for 17 problem(s) for unlimited time.
Time       24 s. : <--- Finished HS::MCH solver with result {UNKNOWN FALSIFIED FALSIFIED FALSIFIED FALSIFIED UNKNOWN UNKNOWN FALSIFIED FALSIFIED FALSIFIED FALSIFIED FALSIFIED FALSIFIED FALSIFIED FALSIFIED FALSIFIED FALSIFIED}
Time       24 s. : ---> Starting HS::WLS solver for 3 problem(s) for unlimited time.
Time       24 s. : <--- Finished HS::WLS solver with result {UNKNOWN UNKNOWN UNKNOWN}
Time       24 s. : ---> Starting HS::BLS solver for 3 problem(s) for unlimited time.
Time       25 s. : <--- Finished HS::BLS solver with result {FALSIFIED FALSIFIED FALSIFIED}
Time       25 s. : ---> Starting HS::MCH solver for unlimited time.
Time       25 s. : <--- Finished HS::MCH solver with result {FALSIFIED}
Time       25 s. : ---> Starting HS::MCH solver for unlimited time.
Time       25 s. : <--- Finished HS::MCH solver with result {FALSIFIED}
Time       25 s. : ---> Starting HS::MCH solver for unlimited time.
Time       25 s. : <--- Finished HS::MCH solver with result {FALSIFIED}
Time       25 s. : ---> Starting HS::MCH solver for unlimited time.
Time       25 s. : <--- Finished HS::MCH solver with result {FALSIFIED}
Time       25 s. : ---> Starting HS::MCH solver for unlimited time.
Time       25 s. : <--- Finished HS::MCH solver with result {FALSIFIED}
Time       25 s. : ---> Starting HS::MCH solver for unlimited time.
Time       25 s. : <--- Finished HS::MCH solver with result {FALSIFIED}
Time       25 s. : ---> Starting HS::MCH solver for unlimited time.
Time       25 s. : <--- Finished HS::MCH solver with result {FALSIFIED}
Time       25 s. : ---> Starting HS::MCH solver for 4 problem(s) for unlimited time.
Time       25 s. : <--- Finished HS::MCH solver with result {FALSIFIED FALSIFIED UNKNOWN UNKNOWN}
Time       25 s. : ---> Starting HS::WLS solver for 2 problem(s) for unlimited time.
Time       25 s. : <--- Finished HS::WLS solver with result {UNKNOWN UNKNOWN}
Time       25 s. : ---> Starting HS::BLS solver for 2 problem(s) for unlimited time.
Time       25 s. : <--- Finished HS::BLS solver with result {PROVEN PROVEN}
Time       26 s. : ---> Starting HS::MCH solver for unlimited time.
Time       26 s. : <--- Finished HS::MCH solver with result {FALSIFIED}
Time       26 s. : ---> Starting HS::MCH solver for unlimited time.
Time       26 s. : <--- Finished HS::MCH solver with result {FALSIFIED}
Time       26 s. : ---> Starting HS::MCH solver for unlimited time.
Time       26 s. : <--- Finished HS::MCH solver with result {FALSIFIED}
Time       26 s. : ---> Starting HS::MCH solver for unlimited time.
Time       26 s. : <--- Finished HS::MCH solver with result {FALSIFIED}
Time       26 s. : ---> Starting HS::MCH solver for 8 problem(s) for unlimited time.
Time       27 s. : <--- Finished HS::MCH solver with result {FALSIFIED FALSIFIED FALSIFIED FALSIFIED FALSIFIED FALSIFIED FALSIFIED FALSIFIED}
Time       27 s. : ---> Starting HS::MCH solver for 9 problem(s) for unlimited time.
Time       27 s. : <--- Finished HS::MCH solver with result {FALSIFIED FALSIFIED FALSIFIED FALSIFIED FALSIFIED FALSIFIED FALSIFIED FALSIFIED FALSIFIED}
Time       27 s. : ---> Starting HS::MCH solver for unlimited time.
Time       27 s. : <--- Finished HS::MCH solver with result {UNKNOWN}
Time       27 s. : ---> Starting HS::WLS solver for unlimited time.
Time       27 s. : <--- Finished HS::WLS solver with result {UNKNOWN}
Time       27 s. : ---> Starting HS::BLS solver for unlimited time.
Time       27 s. : <--- Finished HS::BLS solver with result {FALSIFIED}
Time       27 s. : ---> Starting HS::MCH solver for 7 problem(s) for unlimited time.
Time       27 s. : <--- Finished HS::MCH solver with result {FALSIFIED FALSIFIED FALSIFIED FALSIFIED UNKNOWN FALSIFIED FALSIFIED}
Time       27 s. : ---> Starting HS::WLS solver for unlimited time.
Time       27 s. : <--- Finished HS::WLS solver with result {UNKNOWN}
Time       27 s. : ---> Starting HS::BLS solver for unlimited time.
Time       27 s. : <--- Finished HS::BLS solver with result {FALSIFIED}
Time       28 s. : ---> Starting HS::MCH solver for unlimited time.
Time       28 s. : <--- Finished HS::MCH solver with result {FALSIFIED}
Time       28 s. : ---> Starting HS::MCH solver for 7 problem(s) for unlimited time.
Time       28 s. : <--- Finished HS::MCH solver with result {FALSIFIED FALSIFIED FALSIFIED FALSIFIED FALSIFIED FALSIFIED FALSIFIED}
Time       28 s. : ---> Starting HS::MCH solver for unlimited time.
Time       28 s. : <--- Finished HS::MCH solver with result {FALSIFIED}
Time       28 s. : ---> Starting HS::MCH solver for 5 problem(s) for unlimited time.
Time       28 s. : <--- Finished HS::MCH solver with result {FALSIFIED FALSIFIED FALSIFIED FALSIFIED FALSIFIED}
Time       28 s. : ---> Starting HS::MCH solver for unlimited time.
Time       28 s. : <--- Finished HS::MCH solver with result {FALSIFIED}
Time       28 s. : ---> Starting HS::MCH solver for unlimited time.
Time       28 s. : <--- Finished HS::MCH solver with result {FALSIFIED}
Time       28 s. : ---> Starting HS::MCH solver for unlimited time.
Time       28 s. : <--- Finished HS::MCH solver with result {FALSIFIED}
Time       28 s. : ---> Starting HS::MCH solver for unlimited time.
Time       28 s. : <--- Finished HS::MCH solver with result {FALSIFIED}
Time       28 s. : ---> Starting HS::MCH solver for unlimited time.
Time       28 s. : <--- Finished HS::MCH solver with result {FALSIFIED}
Time       28 s. : ---> Starting HS::MCH solver for 2 problem(s) for unlimited time.
Time       28 s. : <--- Finished HS::MCH solver with result {FALSIFIED FALSIFIED}
Time       29 s. : ---> Starting HS::MCH solver for unlimited time.
Time       29 s. : <--- Finished HS::MCH solver with result {FALSIFIED}
Time       29 s. : ---> Starting HS::MCH solver for unlimited time.
Time       29 s. : <--- Finished HS::MCH solver with result {FALSIFIED}
Time       29 s. : ---> Starting HS::MCH solver for unlimited time.
Time       29 s. : <--- Finished HS::MCH solver with result {FALSIFIED}
Time       29 s. : ---> Starting HS::MCH solver for unlimited time.
Time       29 s. : <--- Finished HS::MCH solver with result {FALSIFIED}
Time       29 s. : ---> Starting HS::MCH solver for unlimited time.
Time       29 s. : <--- Finished HS::MCH solver with result {FALSIFIED}
Time       37 s. : ---> Starting HS::MCH solver for unlimited time.
Time       37 s. : <--- Finished HS::MCH solver with result {FALSIFIED}
Time       37 s. : ---> Starting HS::MCH solver for unlimited time.
Time       37 s. : <--- Finished HS::MCH solver with result {FALSIFIED}
Time       37 s. : ---> Starting HS::MCH solver for unlimited time.
Time       37 s. : <--- Finished HS::MCH solver with result {FALSIFIED}
Time       37 s. : ---> Starting HS::MCH solver for unlimited time.
Time       37 s. : <--- Finished HS::MCH solver with result {FALSIFIED}
Time       37 s. : ---> Starting HS::MCH solver for unlimited time.
Time       37 s. : <--- Finished HS::MCH solver with result {FALSIFIED}
Time       37 s. : ---> Starting HS::MCH solver for unlimited time.
Time       37 s. : <--- Finished HS::MCH solver with result {FALSIFIED}
Time       37 s. : ---> Starting HS::MCH solver for unlimited time.
Time       37 s. : <--- Finished HS::MCH solver with result {FALSIFIED}
Time       37 s. : ---> Starting HS::MCH solver for unlimited time.
Time       37 s. : <--- Finished HS::MCH solver with result {FALSIFIED}
Time       37 s. : ---> Starting HS::MCH solver for unlimited time.
Time       37 s. : <--- Finished HS::MCH solver with result {FALSIFIED}
Time       37 s. : ---> Starting HS::MCH solver for unlimited time.
Time       37 s. : <--- Finished HS::MCH solver with result {FALSIFIED}
Time       37 s. : ---> Starting HS::MCH solver for unlimited time.
Time       37 s. : <--- Finished HS::MCH solver with result {FALSIFIED}
Time       37 s. : ---> Starting HS::MCH solver for unlimited time.
Time       37 s. : <--- Finished HS::MCH solver with result {FALSIFIED}
Time       37 s. : ---> Starting HS::MCH solver for unlimited time.
Time       37 s. : <--- Finished HS::MCH solver with result {FALSIFIED}
Time       37 s. : ---> Starting HS::MCH solver for unlimited time.
Time       37 s. : <--- Finished HS::MCH solver with result {FALSIFIED}
Time       37 s. : ---> Starting HS::MCH solver for unlimited time.
Time       37 s. : <--- Finished HS::MCH solver with result {FALSIFIED}
Time       37 s. : ---> Starting HS::MCH solver for unlimited time.
Time       37 s. : <--- Finished HS::MCH solver with result {FALSIFIED}
Time       37 s. : ---> Starting HS::MCH solver for unlimited time.
Time       37 s. : <--- Finished HS::MCH solver with result {FALSIFIED}
Time       37 s. : ---> Starting HS::MCH solver for unlimited time.
Time       37 s. : <--- Finished HS::MCH solver with result {FALSIFIED}
Time       37 s. : ---> Starting HS::MCH solver for unlimited time.
Time       37 s. : <--- Finished HS::MCH solver with result {FALSIFIED}
Time       37 s. : ---> Starting HS::MCH solver for unlimited time.
Time       37 s. : <--- Finished HS::MCH solver with result {FALSIFIED}
Time       37 s. : ---> Starting HS::MCH solver for unlimited time.
Time       37 s. : <--- Finished HS::MCH solver with result {FALSIFIED}
Time       37 s. : ---> Starting HS::MCH solver for unlimited time.
Time       37 s. : <--- Finished HS::MCH solver with result {FALSIFIED}
Time       37 s. : ---> Starting HS::MCH solver for unlimited time.
Time       37 s. : <--- Finished HS::MCH solver with result {FALSIFIED}
Time       37 s. : ---> Starting HS::MCH solver for unlimited time.
Time       37 s. : <--- Finished HS::MCH solver with result {FALSIFIED}
Time       37 s. : ---> Starting HS::MCH solver for unlimited time.
Time       37 s. : <--- Finished HS::MCH solver with result {FALSIFIED}
Time       37 s. : ---> Starting HS::MCH solver for unlimited time.
Time       37 s. : <--- Finished HS::MCH solver with result {FALSIFIED}
Time       37 s. : ---> Starting HS::MCH solver for unlimited time.
Time       37 s. : <--- Finished HS::MCH solver with result {FALSIFIED}
Time       37 s. : ---> Starting HS::MCH solver for unlimited time.
Time       37 s. : <--- Finished HS::MCH solver with result {FALSIFIED}
Time       37 s. : ---> Starting HS::MCH solver for unlimited time.
Time       37 s. : <--- Finished HS::MCH solver with result {FALSIFIED}
Time       37 s. : ---> Starting HS::MCH solver for unlimited time.
Time       37 s. : <--- Finished HS::MCH solver with result {FALSIFIED}
Time       37 s. : ---> Starting HS::MCH solver for unlimited time.
Time       37 s. : <--- Finished HS::MCH solver with result {FALSIFIED}
Time       37 s. : ---> Starting HS::MCH solver for unlimited time.
Time       37 s. : <--- Finished HS::MCH solver with result {FALSIFIED}
Time       37 s. : ---> Starting HS::MCH solver for unlimited time.
Time       37 s. : <--- Finished HS::MCH solver with result {FALSIFIED}
Time       37 s. : ---> Starting HS::MCH solver for unlimited time.
Time       37 s. : <--- Finished HS::MCH solver with result {FALSIFIED}
Time       37 s. : ---> Starting HS::MCH solver for unlimited time.
Time       37 s. : <--- Finished HS::MCH solver with result {FALSIFIED}
Time       37 s. : ---> Starting HS::MCH solver for unlimited time.
Time       37 s. : <--- Finished HS::MCH solver with result {FALSIFIED}
Time       37 s. : ---> Starting HS::MCH solver for unlimited time.
Time       37 s. : <--- Finished HS::MCH solver with result {FALSIFIED}
Time       37 s. : ---> Starting HS::MCH solver for unlimited time.
Time       37 s. : <--- Finished HS::MCH solver with result {FALSIFIED}
Time       37 s. : ---> Starting HS::MCH solver for unlimited time.
Time       37 s. : <--- Finished HS::MCH solver with result {FALSIFIED}
Time       37 s. : ---> Starting HS::MCH solver for unlimited time.
Time       37 s. : <--- Finished HS::MCH solver with result {FALSIFIED}
Time       37 s. : ---> Starting HS::MCH solver for unlimited time.
Time       37 s. : <--- Finished HS::MCH solver with result {FALSIFIED}
Time       37 s. : ---> Starting HS::MCH solver for unlimited time.
Time       37 s. : <--- Finished HS::MCH solver with result {FALSIFIED}
Time       37 s. : ---> Starting HS::MCH solver for unlimited time.
Time       37 s. : <--- Finished HS::MCH solver with result {FALSIFIED}
Time       37 s. : ---> Starting HS::MCH solver for unlimited time.
Time       37 s. : <--- Finished HS::MCH solver with result {FALSIFIED}
Time       37 s. : ---> Starting HS::MCH solver for unlimited time.
Time       37 s. : <--- Finished HS::MCH solver with result {FALSIFIED}
Time       37 s. : ---> Starting HS::MCH solver for unlimited time.
Time       37 s. : <--- Finished HS::MCH solver with result {FALSIFIED}
Time       37 s. : ---> Starting HS::MCH solver for unlimited time.
Time       37 s. : <--- Finished HS::MCH solver with result {FALSIFIED}
Time       37 s. : ---> Starting HS::MCH solver for unlimited time.
Time       37 s. : <--- Finished HS::MCH solver with result {FALSIFIED}
Time       37 s. : ---> Starting HS::MCH solver for unlimited time.
Time       37 s. : <--- Finished HS::MCH solver with result {FALSIFIED}
Time       37 s. : ---> Starting HS::MCH solver for unlimited time.
Time       37 s. : <--- Finished HS::MCH solver with result {FALSIFIED}
Time       37 s. : ---> Starting HS::MCH solver for unlimited time.
Time       37 s. : <--- Finished HS::MCH solver with result {FALSIFIED}
Time       37 s. : ---> Starting HS::MCH solver for unlimited time.
Time       37 s. : <--- Finished HS::MCH solver with result {FALSIFIED}
Time       37 s. : ---> Starting HS::MCH solver for unlimited time.
Time       37 s. : <--- Finished HS::MCH solver with result {FALSIFIED}
Time       37 s. : ---> Starting HS::MCH solver for unlimited time.
Time       37 s. : <--- Finished HS::MCH solver with result {FALSIFIED}
Time       37 s. : ---> Starting HS::MCH solver for unlimited time.
Time       37 s. : <--- Finished HS::MCH solver with result {FALSIFIED}
Time       37 s. : ---> Starting HS::MCH solver for unlimited time.
Time       37 s. : <--- Finished HS::MCH solver with result {FALSIFIED}
Time       37 s. : ---> Starting HS::MCH solver for unlimited time.
Time       37 s. : <--- Finished HS::MCH solver with result {FALSIFIED}
Time       37 s. : ---> Starting HS::MCH solver for unlimited time.
Time       37 s. : <--- Finished HS::MCH solver with result {FALSIFIED}
Time       37 s. : ---> Starting HS::MCH solver for unlimited time.
Time       37 s. : <--- Finished HS::MCH solver with result {FALSIFIED}
Time       37 s. : ---> Starting HS::MCH solver for unlimited time.
Time       37 s. : <--- Finished HS::MCH solver with result {FALSIFIED}
Time       37 s. : ---> Starting HS::MCH solver for unlimited time.
Time       37 s. : <--- Finished HS::MCH solver with result {FALSIFIED}
Time       37 s. : ---> Starting HS::MCH solver for unlimited time.
Time       37 s. : <--- Finished HS::MCH solver with result {FALSIFIED}
Time       37 s. : ---> Starting HS::MCH solver for unlimited time.
Time       37 s. : <--- Finished HS::MCH solver with result {FALSIFIED}
Time       37 s. : ---> Starting HS::MCH solver for unlimited time.
Time       37 s. : <--- Finished HS::MCH solver with result {FALSIFIED}
Time       37 s. : ---> Starting HS::MCH solver for unlimited time.
Time       37 s. : <--- Finished HS::MCH solver with result {FALSIFIED}
Time       37 s. : ---> Starting HS::MCH solver for unlimited time.
Time       37 s. : <--- Finished HS::MCH solver with result {FALSIFIED}
Time       37 s. : ---> Starting HS::MCH solver for unlimited time.
Time       37 s. : <--- Finished HS::MCH solver with result {FALSIFIED}
Time       37 s. : ---> Starting HS::MCH solver for unlimited time.
Time       37 s. : <--- Finished HS::MCH solver with result {FALSIFIED}
Time       37 s. : ---> Starting HS::MCH solver for unlimited time.
Time       37 s. : <--- Finished HS::MCH solver with result {FALSIFIED}
Time       37 s. : ---> Starting HS::MCH solver for unlimited time.
Time       37 s. : <--- Finished HS::MCH solver with result {FALSIFIED}
Time       37 s. : ---> Starting HS::MCH solver for unlimited time.
Time       37 s. : <--- Finished HS::MCH solver with result {FALSIFIED}
Time       37 s. : ---> Starting HS::MCH solver for unlimited time.
Time       37 s. : <--- Finished HS::MCH solver with result {FALSIFIED}
Time       37 s. : ---> Starting HS::MCH solver for unlimited time.
Time       37 s. : <--- Finished HS::MCH solver with result {FALSIFIED}
Time       37 s. : ---> Starting HS::MCH solver for unlimited time.
Time       37 s. : <--- Finished HS::MCH solver with result {FALSIFIED}
Time       37 s. : ---> Starting HS::MCH solver for unlimited time.
Time       37 s. : <--- Finished HS::MCH solver with result {FALSIFIED}
Time       37 s. : ---> Starting HS::MCH solver for unlimited time.
Time       37 s. : <--- Finished HS::MCH solver with result {FALSIFIED}
Time       37 s. : ---> Starting HS::MCH solver for unlimited time.
Time       37 s. : <--- Finished HS::MCH solver with result {FALSIFIED}
Time       37 s. : ---> Starting HS::MCH solver for unlimited time.
Time       37 s. : <--- Finished HS::MCH solver with result {FALSIFIED}
Time       37 s. : ---> Starting HS::MCH solver for unlimited time.
Time       37 s. : <--- Finished HS::MCH solver with result {FALSIFIED}
Time       37 s. : ---> Starting HS::MCH solver for unlimited time.
Time       37 s. : <--- Finished HS::MCH solver with result {FALSIFIED}
Time       37 s. : ---> Starting HS::MCH solver for unlimited time.
Time       37 s. : <--- Finished HS::MCH solver with result {FALSIFIED}
Time       37 s. : ---> Starting HS::MCH solver for unlimited time.
Time       37 s. : <--- Finished HS::MCH solver with result {FALSIFIED}
Time       37 s. : ---> Starting HS::MCH solver for unlimited time.
Time       37 s. : <--- Finished HS::MCH solver with result {FALSIFIED}
Time       37 s. : ---> Starting HS::MCH solver for unlimited time.
Time       37 s. : <--- Finished HS::MCH solver with result {FALSIFIED}
Time       37 s. : ---> Starting HS::MCH solver for unlimited time.
Time       37 s. : <--- Finished HS::MCH solver with result {FALSIFIED}
Time       37 s. : ---> Starting HS::MCH solver for unlimited time.
Time       37 s. : <--- Finished HS::MCH solver with result {FALSIFIED}
Time       37 s. : ---> Starting HS::MCH solver for unlimited time.
Time       37 s. : <--- Finished HS::MCH solver with result {FALSIFIED}
Time       37 s. : ---> Starting HS::MCH solver for unlimited time.
Time       37 s. : <--- Finished HS::MCH solver with result {FALSIFIED}
Time       37 s. : ---> Starting HS::MCH solver for unlimited time.
Time       37 s. : <--- Finished HS::MCH solver with result {FALSIFIED}
Time       37 s. : ---> Starting HS::MCH solver for unlimited time.
Time       37 s. : <--- Finished HS::MCH solver with result {FALSIFIED}
Time       37 s. : ---> Starting HS::MCH solver for unlimited time.
Time       37 s. : <--- Finished HS::MCH solver with result {FALSIFIED}
Time       37 s. : ---> Starting HS::MCH solver for unlimited time.
Time       37 s. : <--- Finished HS::MCH solver with result {FALSIFIED}
Time       37 s. : ---> Starting HS::MCH solver for unlimited time.
Time       37 s. : <--- Finished HS::MCH solver with result {FALSIFIED}
Time       38 s. : ---> Starting HS::MCH solver for unlimited time.
Time       38 s. : <--- Finished HS::MCH solver with result {FALSIFIED}
Time       38 s. : ---> Starting HS::MCH solver for unlimited time.
Time       38 s. : <--- Finished HS::MCH solver with result {UNKNOWN}
Time       38 s. : ---> Starting HS::WLS solver for unlimited time.
Time       38 s. : <--- Finished HS::WLS solver with result {UNKNOWN}
Time       38 s. : ---> Starting HS::BLS solver for unlimited time.
Time       38 s. : <--- Finished HS::BLS solver with result {FALSIFIED}
Time       38 s. : ---> Starting HS::MCH solver for unlimited time.
Time       38 s. : <--- Finished HS::MCH solver with result {UNKNOWN}
Time       38 s. : ---> Starting HS::WLS solver for unlimited time.
Time       38 s. : <--- Finished HS::WLS solver with result {UNKNOWN}
Time       38 s. : ---> Starting HS::BLS solver for unlimited time.
Time       38 s. : <--- Finished HS::BLS solver with result {FALSIFIED}
Time       38 s. : ---> Starting HS::MCH solver for unlimited time.
Time       38 s. : <--- Finished HS::MCH solver with result {FALSIFIED}
Time       38 s. : ---> Starting HS::MCH solver for unlimited time.
Time       38 s. : <--- Finished HS::MCH solver with result {FALSIFIED}
Time       38 s. : ---> Starting HS::MCH solver for unlimited time.
Time       38 s. : <--- Finished HS::MCH solver with result {FALSIFIED}
Time       39 s. : ---> Starting HS::MCH solver for unlimited time.
Time       39 s. : <--- Finished HS::MCH solver with result {FALSIFIED}
Time       39 s. : ---> Starting HS::MCH solver for unlimited time.
Time       39 s. : <--- Finished HS::MCH solver with result {FALSIFIED}
Time       39 s. : ---> Starting HS::MCH solver for unlimited time.
Time       39 s. : <--- Finished HS::MCH solver with result {UNKNOWN}
Time       39 s. : ---> Starting HS::WLS solver for unlimited time.
Time       39 s. : <--- Finished HS::WLS solver with result {UNKNOWN}
Time       39 s. : ---> Starting HS::BLS solver for unlimited time.
Time       39 s. : <--- Finished HS::BLS solver with result {FALSIFIED}
Time       39 s. : ---> Starting HS::MCH solver for unlimited time.
Time       39 s. : <--- Finished HS::MCH solver with result {UNKNOWN}
Time       39 s. : ---> Starting HS::WLS solver for unlimited time.
Time       39 s. : <--- Finished HS::WLS solver with result {UNKNOWN}
Time       39 s. : ---> Starting HS::BLS solver for unlimited time.
Time       39 s. : <--- Finished HS::BLS solver with result {FALSIFIED}
Time       39 s. : ---> Starting HS::MCH solver for unlimited time.
Time       39 s. : <--- Finished HS::MCH solver with result {UNKNOWN}
Time       39 s. : ---> Starting HS::WLS solver for unlimited time.
Time       39 s. : <--- Finished HS::WLS solver with result {UNKNOWN}
Time       39 s. : ---> Starting HS::BLS solver for unlimited time.
Time       39 s. : <--- Finished HS::BLS solver with result {FALSIFIED}
Time       40 s. : ---> Starting HS::MCH solver for unlimited time.
Time       40 s. : <--- Finished HS::MCH solver with result {UNKNOWN}
Time       40 s. : ---> Starting HS::WLS solver for unlimited time.
Time       40 s. : <--- Finished HS::WLS solver with result {UNKNOWN}
Time       40 s. : ---> Starting HS::BLS solver for unlimited time.
Time       40 s. : <--- Finished HS::BLS solver with result {FALSIFIED}
Time       40 s. : ---> Starting HS::MCH solver for unlimited time.
Time       40 s. : <--- Finished HS::MCH solver with result {UNKNOWN}
Time       40 s. : ---> Starting HS::WLS solver for unlimited time.
Time       40 s. : <--- Finished HS::WLS solver with result {UNKNOWN}
Time       40 s. : ---> Starting HS::BLS solver for unlimited time.
Time       40 s. : <--- Finished HS::BLS solver with result {FALSIFIED}
Time       40 s. : ---> Starting HS::MCH solver for unlimited time.
Time       40 s. : <--- Finished HS::MCH solver with result {UNKNOWN}
Time       40 s. : ---> Starting HS::WLS solver for unlimited time.
Time       40 s. : <--- Finished HS::WLS solver with result {UNKNOWN}
Time       40 s. : ---> Starting HS::BLS solver for unlimited time.
Time       40 s. : <--- Finished HS::BLS solver with result {FALSIFIED}
Time       40 s. : ---> Starting HS::MCH solver for unlimited time.
Time       40 s. : <--- Finished HS::MCH solver with result {UNKNOWN}
Time       40 s. : ---> Starting HS::WLS solver for unlimited time.
Time       40 s. : <--- Finished HS::WLS solver with result {UNKNOWN}
Time       40 s. : ---> Starting HS::BLS solver for unlimited time.
Time       40 s. : <--- Finished HS::BLS solver with result {FALSIFIED}
Time       40 s. : ---> Starting HS::MCH solver for unlimited time.
Time       40 s. : <--- Finished HS::MCH solver with result {UNKNOWN}
Time       40 s. : ---> Starting HS::WLS solver for unlimited time.
Time       40 s. : <--- Finished HS::WLS solver with result {UNKNOWN}
Time       40 s. : ---> Starting HS::BLS solver for unlimited time.
Time       40 s. : <--- Finished HS::BLS solver with result {FALSIFIED}
Time       40 s. : ---> Starting HS::MCH solver for unlimited time.
Time       40 s. : <--- Finished HS::MCH solver with result {UNKNOWN}
Time       40 s. : ---> Starting HS::WLS solver for unlimited time.
Time       40 s. : <--- Finished HS::WLS solver with result {UNKNOWN}
Time       40 s. : ---> Starting HS::BLS solver for unlimited time.
Time       41 s. : <--- Finished HS::BLS solver with result {FALSIFIED}
Time       41 s. : ---> Starting HS::MCH solver for unlimited time.
Time       41 s. : <--- Finished HS::MCH solver with result {UNKNOWN}
Time       41 s. : ---> Starting HS::WLS solver for unlimited time.
Time       41 s. : <--- Finished HS::WLS solver with result {UNKNOWN}
Time       41 s. : ---> Starting HS::BLS solver for unlimited time.
Time       41 s. : <--- Finished HS::BLS solver with result {FALSIFIED}
Time       41 s. : ---> Starting HS::MCH solver for unlimited time.
Time       41 s. : <--- Finished HS::MCH solver with result {UNKNOWN}
Time       41 s. : ---> Starting HS::WLS solver for unlimited time.
Time       41 s. : <--- Finished HS::WLS solver with result {UNKNOWN}
Time       41 s. : ---> Starting HS::BLS solver for unlimited time.
Time       41 s. : <--- Finished HS::BLS solver with result {FALSIFIED}
Time       41 s. : ---> Starting HS::MCH solver for unlimited time.
Time       41 s. : <--- Finished HS::MCH solver with result {UNKNOWN}
Time       41 s. : ---> Starting HS::WLS solver for unlimited time.
Time       41 s. : <--- Finished HS::WLS solver with result {UNKNOWN}
Time       41 s. : ---> Starting HS::BLS solver for unlimited time.
Time       41 s. : <--- Finished HS::BLS solver with result {FALSIFIED}
Time       41 s. : ---> Starting HS::MCH solver for unlimited time.
Time       41 s. : <--- Finished HS::MCH solver with result {UNKNOWN}
Time       41 s. : ---> Starting HS::WLS solver for unlimited time.
Time       41 s. : <--- Finished HS::WLS solver with result {UNKNOWN}
Time       41 s. : ---> Starting HS::BLS solver for unlimited time.
Time       41 s. : <--- Finished HS::BLS solver with result {FALSIFIED}
Time       41 s. : ---> Starting HS::MCH solver for unlimited time.
Time       41 s. : <--- Finished HS::MCH solver with result {UNKNOWN}
Time       41 s. : ---> Starting HS::WLS solver for unlimited time.
Time       41 s. : <--- Finished HS::WLS solver with result {UNKNOWN}
Time       41 s. : ---> Starting HS::BLS solver for unlimited time.
Time       42 s. : <--- Finished HS::BLS solver with result {FALSIFIED}
Time       42 s. : ---> Starting HS::MCH solver for unlimited time.
Time       42 s. : <--- Finished HS::MCH solver with result {UNKNOWN}
Time       42 s. : ---> Starting HS::WLS solver for unlimited time.
Time       42 s. : <--- Finished HS::WLS solver with result {UNKNOWN}
Time       42 s. : ---> Starting HS::BLS solver for unlimited time.
Time       42 s. : <--- Finished HS::BLS solver with result {FALSIFIED}
Time       42 s. : ---> Starting HS::MCH solver for unlimited time.
Time       42 s. : <--- Finished HS::MCH solver with result {UNKNOWN}
Time       42 s. : ---> Starting HS::WLS solver for unlimited time.
Time       42 s. : <--- Finished HS::WLS solver with result {UNKNOWN}
Time       42 s. : ---> Starting HS::BLS solver for unlimited time.
Time       42 s. : <--- Finished HS::BLS solver with result {FALSIFIED}
Time       42 s. : ---> Starting HS::MCH solver for unlimited time.
Time       42 s. : <--- Finished HS::MCH solver with result {UNKNOWN}
Time       42 s. : ---> Starting HS::WLS solver for unlimited time.
Time       42 s. : <--- Finished HS::WLS solver with result {UNKNOWN}
Time       42 s. : ---> Starting HS::BLS solver for unlimited time.
Time       42 s. : <--- Finished HS::BLS solver with result {FALSIFIED}
Time       42 s. : ---> Starting HS::MCH solver for unlimited time.
Time       42 s. : <--- Finished HS::MCH solver with result {FALSIFIED}
Time       42 s. : ---> Starting HS::MCH solver for unlimited time.
Time       42 s. : <--- Finished HS::MCH solver with result {FALSIFIED}
Time       42 s. : ---> Starting HS::MCH solver for unlimited time.
Time       42 s. : <--- Finished HS::MCH solver with result {FALSIFIED}
Time       42 s. : ---> Starting HS::MCH solver for unlimited time.
Time       42 s. : <--- Finished HS::MCH solver with result {FALSIFIED}
Time       42 s. : ---> Starting HS::MCH solver for unlimited time.
Time       42 s. : <--- Finished HS::MCH solver with result {FALSIFIED}
Time       42 s. : ---> Starting HS::MCH solver for unlimited time.
Time       42 s. : <--- Finished HS::MCH solver with result {FALSIFIED}
Time       42 s. : ---> Starting HS::MCH solver for unlimited time.
Time       42 s. : <--- Finished HS::MCH solver with result {FALSIFIED}
Time       43 s. : ---> Starting HS::MCH solver for unlimited time.
Time       43 s. : <--- Finished HS::MCH solver with result {UNKNOWN}
Time       43 s. : ---> Starting HS::WLS solver for unlimited time.
Time       43 s. : <--- Finished HS::WLS solver with result {UNKNOWN}
Time       43 s. : ---> Starting HS::BLS solver for unlimited time.
Time       43 s. : <--- Finished HS::BLS solver with result {FALSIFIED}
Time       43 s. : ---> Starting HS::MCH solver for unlimited time.
Time       43 s. : <--- Finished HS::MCH solver with result {FALSIFIED}
Time       43 s. : ---> Starting HS::MCH solver for unlimited time.
Time       43 s. : <--- Finished HS::MCH solver with result {FALSIFIED}
Time       54 s. : ---> Starting HS::MCH solver for unlimited time.
Time       54 s. : <--- Finished HS::MCH solver with result {FALSIFIED}
Time       54 s. : ---> Starting HS::MCH solver for unlimited time.
Time       54 s. : <--- Finished HS::MCH solver with result {FALSIFIED}
