[0 sec] RunProgram: {
id                       = 
absorb_qor_file          = 1
absorb_resource_stats    = 0
absorb_runtime           = 0
program_name             = /esat/micas-data/software/Mentor/catapult_10.5c/pkgs/cds_ppro/rls/platform/common/prof/proc_info
args                     = {3179129, .stack_trace.log, 600}
background               = 1
cache_input_filenames    = {}
logfile                  = 
cache_output_filenames   = {}
platform                 = 64
pwd                      = 
qorfile                  = 
stderr                   = /dev/null
stdout                   = /dev/null
tclscript                = 
timeout                  = 0
memlimit                 = 0
transfer_globals         = 0
transfer_globals_filename= 
workdir                  = }

[0 sec] Spawn: /esat/micas-data/software/Mentor/catapult_10.5c/pkgs/cds_ppro/rls/platform/common/prof/proc_info in /users/students/r0678912/Downloads/zigzag/hls_impl/PE/Catapult/SIF/calypto_opt_v
[0 sec] Spawn: pid=3179163 for /esat/micas-data/software/Mentor/catapult_10.5c/pkgs/cds_ppro/rls/platform/common/prof/proc_info
[0 sec] RunProgram: background job detached
[8 sec] RunProgram: {
id                       = bls
absorb_qor_file          = 1
absorb_resource_stats    = 0
absorb_runtime           = 1
program_name             = /esat/micas-data/software/Mentor/catapult_10.5c/pkgs/cds_ppro/rls/platform/linux64/bin/abc_12aug15
args                     = {-s, -f, /users/students/r0678912/Downloads/zigzag/hls_impl/PE/Catapult/SIF/calypto_opt_v/.sat_script}
background               = 0
cache_input_filenames    = {.sat_0.bench}
logfile                  = 
cache_output_filenames   = {.sat_output, .sat_counter_example}
platform                 = 64
pwd                      = 
qorfile                  = 
stderr                   = /users/students/r0678912/Downloads/zigzag/hls_impl/PE/Catapult/SIF/calypto_opt_v/.stderr
stdout                   = /users/students/r0678912/Downloads/zigzag/hls_impl/PE/Catapult/SIF/calypto_opt_v/.stdout
tclscript                = 
timeout                  = 0
memlimit                 = 0
transfer_globals         = 0
transfer_globals_filename= 
workdir                  = }

[8 sec] Spawn: /esat/micas-data/software/Mentor/catapult_10.5c/pkgs/cds_ppro/rls/platform/linux64/bin/abc_12aug15 in /users/students/r0678912/Downloads/zigzag/hls_impl/PE/Catapult/SIF/calypto_opt_v
[8 sec] Spawn: pid=3179267 for /esat/micas-data/software/Mentor/catapult_10.5c/pkgs/cds_ppro/rls/platform/linux64/bin/abc_12aug15
[8 sec] RunProgram: ErrorCode=(0,0)
[8 sec] AbsorbRuntime: from rusage, 0.056041u 0.007043s
[8 sec] RunProgram: {
id                       = bls
absorb_qor_file          = 1
absorb_resource_stats    = 0
absorb_runtime           = 1
program_name             = /esat/micas-data/software/Mentor/catapult_10.5c/pkgs/cds_ppro/rls/platform/linux64/bin/abc_12aug15
args                     = {-s, -f, /users/students/r0678912/Downloads/zigzag/hls_impl/PE/Catapult/SIF/calypto_opt_v/.sat_script}
background               = 0
cache_input_filenames    = {.sat_0.bench}
logfile                  = 
cache_output_filenames   = {.sat_output, .sat_counter_example}
platform                 = 64
pwd                      = 
qorfile                  = 
stderr                   = /users/students/r0678912/Downloads/zigzag/hls_impl/PE/Catapult/SIF/calypto_opt_v/.stderr
stdout                   = /users/students/r0678912/Downloads/zigzag/hls_impl/PE/Catapult/SIF/calypto_opt_v/.stdout
tclscript                = 
timeout                  = 0
memlimit                 = 0
transfer_globals         = 0
transfer_globals_filename= 
workdir                  = }

[8 sec] Spawn: /esat/micas-data/software/Mentor/catapult_10.5c/pkgs/cds_ppro/rls/platform/linux64/bin/abc_12aug15 in /users/students/r0678912/Downloads/zigzag/hls_impl/PE/Catapult/SIF/calypto_opt_v
[8 sec] Spawn: pid=3179268 for /esat/micas-data/software/Mentor/catapult_10.5c/pkgs/cds_ppro/rls/platform/linux64/bin/abc_12aug15
[8 sec] RunProgram: ErrorCode=(0,0)
[8 sec] AbsorbRuntime: from rusage, 0.052249u 0.007815s
[8 sec] RunProgram: {
id                       = bls
absorb_qor_file          = 1
absorb_resource_stats    = 0
absorb_runtime           = 1
program_name             = /esat/micas-data/software/Mentor/catapult_10.5c/pkgs/cds_ppro/rls/platform/linux64/bin/abc_12aug15
args                     = {-s, -f, /users/students/r0678912/Downloads/zigzag/hls_impl/PE/Catapult/SIF/calypto_opt_v/.sat_script}
background               = 0
cache_input_filenames    = {.sat_0.bench}
logfile                  = 
cache_output_filenames   = {.sat_output, .sat_counter_example}
platform                 = 64
pwd                      = 
qorfile                  = 
stderr                   = /users/students/r0678912/Downloads/zigzag/hls_impl/PE/Catapult/SIF/calypto_opt_v/.stderr
stdout                   = /users/students/r0678912/Downloads/zigzag/hls_impl/PE/Catapult/SIF/calypto_opt_v/.stdout
tclscript                = 
timeout                  = 0
memlimit                 = 0
transfer_globals         = 0
transfer_globals_filename= 
workdir                  = }

[8 sec] Spawn: /esat/micas-data/software/Mentor/catapult_10.5c/pkgs/cds_ppro/rls/platform/linux64/bin/abc_12aug15 in /users/students/r0678912/Downloads/zigzag/hls_impl/PE/Catapult/SIF/calypto_opt_v
[8 sec] Spawn: pid=3179269 for /esat/micas-data/software/Mentor/catapult_10.5c/pkgs/cds_ppro/rls/platform/linux64/bin/abc_12aug15
[8 sec] RunProgram: ErrorCode=(0,0)
[8 sec] AbsorbRuntime: from rusage, 0.052395u 0.007757s
[8 sec] RunProgram: {
id                       = bls
absorb_qor_file          = 1
absorb_resource_stats    = 0
absorb_runtime           = 1
program_name             = /esat/micas-data/software/Mentor/catapult_10.5c/pkgs/cds_ppro/rls/platform/linux64/bin/abc_12aug15
args                     = {-s, -f, /users/students/r0678912/Downloads/zigzag/hls_impl/PE/Catapult/SIF/calypto_opt_v/.sat_script}
background               = 0
cache_input_filenames    = {.sat_0.bench}
logfile                  = 
cache_output_filenames   = {.sat_output, .sat_counter_example}
platform                 = 64
pwd                      = 
qorfile                  = 
stderr                   = /users/students/r0678912/Downloads/zigzag/hls_impl/PE/Catapult/SIF/calypto_opt_v/.stderr
stdout                   = /users/students/r0678912/Downloads/zigzag/hls_impl/PE/Catapult/SIF/calypto_opt_v/.stdout
tclscript                = 
timeout                  = 0
memlimit                 = 0
transfer_globals         = 0
transfer_globals_filename= 
workdir                  = }

[8 sec] Spawn: /esat/micas-data/software/Mentor/catapult_10.5c/pkgs/cds_ppro/rls/platform/linux64/bin/abc_12aug15 in /users/students/r0678912/Downloads/zigzag/hls_impl/PE/Catapult/SIF/calypto_opt_v
[8 sec] Spawn: pid=3179270 for /esat/micas-data/software/Mentor/catapult_10.5c/pkgs/cds_ppro/rls/platform/linux64/bin/abc_12aug15
[8 sec] RunProgram: ErrorCode=(0,0)
[8 sec] AbsorbRuntime: from rusage, 0.030262u 0.005997s
[8 sec] RunProgram: {
id                       = bls
absorb_qor_file          = 1
absorb_resource_stats    = 0
absorb_runtime           = 1
program_name             = /esat/micas-data/software/Mentor/catapult_10.5c/pkgs/cds_ppro/rls/platform/linux64/bin/abc_12aug15
args                     = {-s, -f, /users/students/r0678912/Downloads/zigzag/hls_impl/PE/Catapult/SIF/calypto_opt_v/.sat_script}
background               = 0
cache_input_filenames    = {.sat_0.bench}
logfile                  = 
cache_output_filenames   = {.sat_output, .sat_counter_example}
platform                 = 64
pwd                      = 
qorfile                  = 
stderr                   = /users/students/r0678912/Downloads/zigzag/hls_impl/PE/Catapult/SIF/calypto_opt_v/.stderr
stdout                   = /users/students/r0678912/Downloads/zigzag/hls_impl/PE/Catapult/SIF/calypto_opt_v/.stdout
tclscript                = 
timeout                  = 0
memlimit                 = 0
transfer_globals         = 0
transfer_globals_filename= 
workdir                  = }

[8 sec] Spawn: /esat/micas-data/software/Mentor/catapult_10.5c/pkgs/cds_ppro/rls/platform/linux64/bin/abc_12aug15 in /users/students/r0678912/Downloads/zigzag/hls_impl/PE/Catapult/SIF/calypto_opt_v
[8 sec] Spawn: pid=3179271 for /esat/micas-data/software/Mentor/catapult_10.5c/pkgs/cds_ppro/rls/platform/linux64/bin/abc_12aug15
[8 sec] RunProgram: ErrorCode=(0,0)
[8 sec] AbsorbRuntime: from rusage, 0.053237u 0.009512s
[8 sec] RunProgram: {
id                       = bls
absorb_qor_file          = 1
absorb_resource_stats    = 0
absorb_runtime           = 1
program_name             = /esat/micas-data/software/Mentor/catapult_10.5c/pkgs/cds_ppro/rls/platform/linux64/bin/abc_12aug15
args                     = {-s, -f, /users/students/r0678912/Downloads/zigzag/hls_impl/PE/Catapult/SIF/calypto_opt_v/.sat_script}
background               = 0
cache_input_filenames    = {.sat_0.bench}
logfile                  = 
cache_output_filenames   = {.sat_output, .sat_counter_example}
platform                 = 64
pwd                      = 
qorfile                  = 
stderr                   = /users/students/r0678912/Downloads/zigzag/hls_impl/PE/Catapult/SIF/calypto_opt_v/.stderr
stdout                   = /users/students/r0678912/Downloads/zigzag/hls_impl/PE/Catapult/SIF/calypto_opt_v/.stdout
tclscript                = 
timeout                  = 0
memlimit                 = 0
transfer_globals         = 0
transfer_globals_filename= 
workdir                  = }

[8 sec] Spawn: /esat/micas-data/software/Mentor/catapult_10.5c/pkgs/cds_ppro/rls/platform/linux64/bin/abc_12aug15 in /users/students/r0678912/Downloads/zigzag/hls_impl/PE/Catapult/SIF/calypto_opt_v
[8 sec] Spawn: pid=3179272 for /esat/micas-data/software/Mentor/catapult_10.5c/pkgs/cds_ppro/rls/platform/linux64/bin/abc_12aug15
[8 sec] RunProgram: ErrorCode=(0,0)
[8 sec] AbsorbRuntime: from rusage, 0.029969u 0.007232s
[9 sec] RunProgram: {
id                       = bls
absorb_qor_file          = 1
absorb_resource_stats    = 0
absorb_runtime           = 1
program_name             = /esat/micas-data/software/Mentor/catapult_10.5c/pkgs/cds_ppro/rls/platform/linux64/bin/abc_12aug15
args                     = {-s, -f, /users/students/r0678912/Downloads/zigzag/hls_impl/PE/Catapult/SIF/calypto_opt_v/.sat_script}
background               = 0
cache_input_filenames    = {.sat_0.bench}
logfile                  = 
cache_output_filenames   = {.sat_output, .sat_counter_example}
platform                 = 64
pwd                      = 
qorfile                  = 
stderr                   = /users/students/r0678912/Downloads/zigzag/hls_impl/PE/Catapult/SIF/calypto_opt_v/.stderr
stdout                   = /users/students/r0678912/Downloads/zigzag/hls_impl/PE/Catapult/SIF/calypto_opt_v/.stdout
tclscript                = 
timeout                  = 0
memlimit                 = 0
transfer_globals         = 0
transfer_globals_filename= 
workdir                  = }

[9 sec] Spawn: /esat/micas-data/software/Mentor/catapult_10.5c/pkgs/cds_ppro/rls/platform/linux64/bin/abc_12aug15 in /users/students/r0678912/Downloads/zigzag/hls_impl/PE/Catapult/SIF/calypto_opt_v
[9 sec] Spawn: pid=3179273 for /esat/micas-data/software/Mentor/catapult_10.5c/pkgs/cds_ppro/rls/platform/linux64/bin/abc_12aug15
[9 sec] RunProgram: ErrorCode=(0,0)
[9 sec] AbsorbRuntime: from rusage, 0.03246u 0.005536s
[9 sec] RunProgram: {
id                       = bls
absorb_qor_file          = 1
absorb_resource_stats    = 0
absorb_runtime           = 1
program_name             = /esat/micas-data/software/Mentor/catapult_10.5c/pkgs/cds_ppro/rls/platform/linux64/bin/abc_12aug15
args                     = {-s, -f, /users/students/r0678912/Downloads/zigzag/hls_impl/PE/Catapult/SIF/calypto_opt_v/.sat_script}
background               = 0
cache_input_filenames    = {.sat_0.bench}
logfile                  = 
cache_output_filenames   = {.sat_output, .sat_counter_example}
platform                 = 64
pwd                      = 
qorfile                  = 
stderr                   = /users/students/r0678912/Downloads/zigzag/hls_impl/PE/Catapult/SIF/calypto_opt_v/.stderr
stdout                   = /users/students/r0678912/Downloads/zigzag/hls_impl/PE/Catapult/SIF/calypto_opt_v/.stdout
tclscript                = 
timeout                  = 0
memlimit                 = 0
transfer_globals         = 0
transfer_globals_filename= 
workdir                  = }

[9 sec] Spawn: /esat/micas-data/software/Mentor/catapult_10.5c/pkgs/cds_ppro/rls/platform/linux64/bin/abc_12aug15 in /users/students/r0678912/Downloads/zigzag/hls_impl/PE/Catapult/SIF/calypto_opt_v
[9 sec] Spawn: pid=3179274 for /esat/micas-data/software/Mentor/catapult_10.5c/pkgs/cds_ppro/rls/platform/linux64/bin/abc_12aug15
[9 sec] RunProgram: ErrorCode=(0,0)
[9 sec] AbsorbRuntime: from rusage, 0.055501u 0.005043s
[9 sec] RunProgram: {
id                       = bls
absorb_qor_file          = 1
absorb_resource_stats    = 0
absorb_runtime           = 1
program_name             = /esat/micas-data/software/Mentor/catapult_10.5c/pkgs/cds_ppro/rls/platform/linux64/bin/abc_12aug15
args                     = {-s, -f, /users/students/r0678912/Downloads/zigzag/hls_impl/PE/Catapult/SIF/calypto_opt_v/.sat_script}
background               = 0
cache_input_filenames    = {.sat_0.bench}
logfile                  = 
cache_output_filenames   = {.sat_output, .sat_counter_example}
platform                 = 64
pwd                      = 
qorfile                  = 
stderr                   = /users/students/r0678912/Downloads/zigzag/hls_impl/PE/Catapult/SIF/calypto_opt_v/.stderr
stdout                   = /users/students/r0678912/Downloads/zigzag/hls_impl/PE/Catapult/SIF/calypto_opt_v/.stdout
tclscript                = 
timeout                  = 0
memlimit                 = 0
transfer_globals         = 0
transfer_globals_filename= 
workdir                  = }

[9 sec] Spawn: /esat/micas-data/software/Mentor/catapult_10.5c/pkgs/cds_ppro/rls/platform/linux64/bin/abc_12aug15 in /users/students/r0678912/Downloads/zigzag/hls_impl/PE/Catapult/SIF/calypto_opt_v
[9 sec] Spawn: pid=3179275 for /esat/micas-data/software/Mentor/catapult_10.5c/pkgs/cds_ppro/rls/platform/linux64/bin/abc_12aug15
[9 sec] RunProgram: ErrorCode=(0,0)
[9 sec] AbsorbRuntime: from rusage, 0.054629u 0.008018s
[10 sec] RunProgram: {
id                       = bls
absorb_qor_file          = 1
absorb_resource_stats    = 0
absorb_runtime           = 1
program_name             = /esat/micas-data/software/Mentor/catapult_10.5c/pkgs/cds_ppro/rls/platform/linux64/bin/abc_12aug15
args                     = {-s, -f, /users/students/r0678912/Downloads/zigzag/hls_impl/PE/Catapult/SIF/calypto_opt_v/.sat_script}
background               = 0
cache_input_filenames    = {.sat_0.bench}
logfile                  = 
cache_output_filenames   = {.sat_output, .sat_counter_example}
platform                 = 64
pwd                      = 
qorfile                  = 
stderr                   = /users/students/r0678912/Downloads/zigzag/hls_impl/PE/Catapult/SIF/calypto_opt_v/.stderr
stdout                   = /users/students/r0678912/Downloads/zigzag/hls_impl/PE/Catapult/SIF/calypto_opt_v/.stdout
tclscript                = 
timeout                  = 0
memlimit                 = 0
transfer_globals         = 0
transfer_globals_filename= 
workdir                  = }

[10 sec] Spawn: /esat/micas-data/software/Mentor/catapult_10.5c/pkgs/cds_ppro/rls/platform/linux64/bin/abc_12aug15 in /users/students/r0678912/Downloads/zigzag/hls_impl/PE/Catapult/SIF/calypto_opt_v
[10 sec] Spawn: pid=3179276 for /esat/micas-data/software/Mentor/catapult_10.5c/pkgs/cds_ppro/rls/platform/linux64/bin/abc_12aug15
[10 sec] RunProgram: ErrorCode=(0,0)
[10 sec] AbsorbRuntime: from rusage, 0.054876u 0.007719s
[11 sec] RunProgram: {
id                       = bls
absorb_qor_file          = 1
absorb_resource_stats    = 0
absorb_runtime           = 1
program_name             = /esat/micas-data/software/Mentor/catapult_10.5c/pkgs/cds_ppro/rls/platform/linux64/bin/abc_12aug15
args                     = {-s, -f, /users/students/r0678912/Downloads/zigzag/hls_impl/PE/Catapult/SIF/calypto_opt_v/.sat_script}
background               = 0
cache_input_filenames    = {.sat_0.bench}
logfile                  = 
cache_output_filenames   = {.sat_output, .sat_counter_example}
platform                 = 64
pwd                      = 
qorfile                  = 
stderr                   = /users/students/r0678912/Downloads/zigzag/hls_impl/PE/Catapult/SIF/calypto_opt_v/.stderr
stdout                   = /users/students/r0678912/Downloads/zigzag/hls_impl/PE/Catapult/SIF/calypto_opt_v/.stdout
tclscript                = 
timeout                  = 0
memlimit                 = 0
transfer_globals         = 0
transfer_globals_filename= 
workdir                  = }

[11 sec] Spawn: /esat/micas-data/software/Mentor/catapult_10.5c/pkgs/cds_ppro/rls/platform/linux64/bin/abc_12aug15 in /users/students/r0678912/Downloads/zigzag/hls_impl/PE/Catapult/SIF/calypto_opt_v
[11 sec] Spawn: pid=3179277 for /esat/micas-data/software/Mentor/catapult_10.5c/pkgs/cds_ppro/rls/platform/linux64/bin/abc_12aug15
[11 sec] RunProgram: ErrorCode=(0,0)
[11 sec] AbsorbRuntime: from rusage, 0.054362u 0.008653s
[12 sec] RunProgram: {
id                       = bls
absorb_qor_file          = 1
absorb_resource_stats    = 0
absorb_runtime           = 1
program_name             = /esat/micas-data/software/Mentor/catapult_10.5c/pkgs/cds_ppro/rls/platform/linux64/bin/abc_12aug15
args                     = {-s, -f, /users/students/r0678912/Downloads/zigzag/hls_impl/PE/Catapult/SIF/calypto_opt_v/.sat_script}
background               = 0
cache_input_filenames    = {.sat_0.bench}
logfile                  = 
cache_output_filenames   = {.sat_output, .sat_counter_example}
platform                 = 64
pwd                      = 
qorfile                  = 
stderr                   = /users/students/r0678912/Downloads/zigzag/hls_impl/PE/Catapult/SIF/calypto_opt_v/.stderr
stdout                   = /users/students/r0678912/Downloads/zigzag/hls_impl/PE/Catapult/SIF/calypto_opt_v/.stdout
tclscript                = 
timeout                  = 0
memlimit                 = 0
transfer_globals         = 0
transfer_globals_filename= 
workdir                  = }

[12 sec] Spawn: /esat/micas-data/software/Mentor/catapult_10.5c/pkgs/cds_ppro/rls/platform/linux64/bin/abc_12aug15 in /users/students/r0678912/Downloads/zigzag/hls_impl/PE/Catapult/SIF/calypto_opt_v
[12 sec] Spawn: pid=3179278 for /esat/micas-data/software/Mentor/catapult_10.5c/pkgs/cds_ppro/rls/platform/linux64/bin/abc_12aug15
[12 sec] RunProgram: ErrorCode=(0,0)
[12 sec] AbsorbRuntime: from rusage, 0.056482u 0.009565s
[14 sec] RunProgram: {
id                       = bls
absorb_qor_file          = 1
absorb_resource_stats    = 0
absorb_runtime           = 1
program_name             = /esat/micas-data/software/Mentor/catapult_10.5c/pkgs/cds_ppro/rls/platform/linux64/bin/abc_12aug15
args                     = {-s, -f, /users/students/r0678912/Downloads/zigzag/hls_impl/PE/Catapult/SIF/calypto_opt_v/.sat_script}
background               = 0
cache_input_filenames    = {.sat_0.bench}
logfile                  = 
cache_output_filenames   = {.sat_output, .sat_counter_example}
platform                 = 64
pwd                      = 
qorfile                  = 
stderr                   = /users/students/r0678912/Downloads/zigzag/hls_impl/PE/Catapult/SIF/calypto_opt_v/.stderr
stdout                   = /users/students/r0678912/Downloads/zigzag/hls_impl/PE/Catapult/SIF/calypto_opt_v/.stdout
tclscript                = 
timeout                  = 0
memlimit                 = 0
transfer_globals         = 0
transfer_globals_filename= 
workdir                  = }

[14 sec] Spawn: /esat/micas-data/software/Mentor/catapult_10.5c/pkgs/cds_ppro/rls/platform/linux64/bin/abc_12aug15 in /users/students/r0678912/Downloads/zigzag/hls_impl/PE/Catapult/SIF/calypto_opt_v
[14 sec] Spawn: pid=3179279 for /esat/micas-data/software/Mentor/catapult_10.5c/pkgs/cds_ppro/rls/platform/linux64/bin/abc_12aug15
[14 sec] RunProgram: ErrorCode=(0,0)
[14 sec] AbsorbRuntime: from rusage, 0.061503u 0.00878s
[15 sec] RunProgram: {
id                       = bls
absorb_qor_file          = 1
absorb_resource_stats    = 0
absorb_runtime           = 1
program_name             = /esat/micas-data/software/Mentor/catapult_10.5c/pkgs/cds_ppro/rls/platform/linux64/bin/abc_12aug15
args                     = {-s, -f, /users/students/r0678912/Downloads/zigzag/hls_impl/PE/Catapult/SIF/calypto_opt_v/.sat_script}
background               = 0
cache_input_filenames    = {.sat_0.bench}
logfile                  = 
cache_output_filenames   = {.sat_output, .sat_counter_example}
platform                 = 64
pwd                      = 
qorfile                  = 
stderr                   = /users/students/r0678912/Downloads/zigzag/hls_impl/PE/Catapult/SIF/calypto_opt_v/.stderr
stdout                   = /users/students/r0678912/Downloads/zigzag/hls_impl/PE/Catapult/SIF/calypto_opt_v/.stdout
tclscript                = 
timeout                  = 0
memlimit                 = 0
transfer_globals         = 0
transfer_globals_filename= 
workdir                  = }

[15 sec] Spawn: /esat/micas-data/software/Mentor/catapult_10.5c/pkgs/cds_ppro/rls/platform/linux64/bin/abc_12aug15 in /users/students/r0678912/Downloads/zigzag/hls_impl/PE/Catapult/SIF/calypto_opt_v
[15 sec] Spawn: pid=3179280 for /esat/micas-data/software/Mentor/catapult_10.5c/pkgs/cds_ppro/rls/platform/linux64/bin/abc_12aug15
[15 sec] RunProgram: ErrorCode=(0,0)
[15 sec] AbsorbRuntime: from rusage, 0.054706u 0.009801s
[15 sec] RunProgram: {
id                       = bls
absorb_qor_file          = 1
absorb_resource_stats    = 0
absorb_runtime           = 1
program_name             = /esat/micas-data/software/Mentor/catapult_10.5c/pkgs/cds_ppro/rls/platform/linux64/bin/abc_12aug15
args                     = {-s, -f, /users/students/r0678912/Downloads/zigzag/hls_impl/PE/Catapult/SIF/calypto_opt_v/.sat_script}
background               = 0
cache_input_filenames    = {.sat_0.bench}
logfile                  = 
cache_output_filenames   = {.sat_output, .sat_counter_example}
platform                 = 64
pwd                      = 
qorfile                  = 
stderr                   = /users/students/r0678912/Downloads/zigzag/hls_impl/PE/Catapult/SIF/calypto_opt_v/.stderr
stdout                   = /users/students/r0678912/Downloads/zigzag/hls_impl/PE/Catapult/SIF/calypto_opt_v/.stdout
tclscript                = 
timeout                  = 0
memlimit                 = 0
transfer_globals         = 0
transfer_globals_filename= 
workdir                  = }

[15 sec] Spawn: /esat/micas-data/software/Mentor/catapult_10.5c/pkgs/cds_ppro/rls/platform/linux64/bin/abc_12aug15 in /users/students/r0678912/Downloads/zigzag/hls_impl/PE/Catapult/SIF/calypto_opt_v
[15 sec] Spawn: pid=3179281 for /esat/micas-data/software/Mentor/catapult_10.5c/pkgs/cds_ppro/rls/platform/linux64/bin/abc_12aug15
[15 sec] RunProgram: ErrorCode=(0,0)
[15 sec] AbsorbRuntime: from rusage, 0.055967u 0.007647s
[15 sec] RunProgram: {
id                       = bls
absorb_qor_file          = 1
absorb_resource_stats    = 0
absorb_runtime           = 1
program_name             = /esat/micas-data/software/Mentor/catapult_10.5c/pkgs/cds_ppro/rls/platform/linux64/bin/abc_12aug15
args                     = {-s, -f, /users/students/r0678912/Downloads/zigzag/hls_impl/PE/Catapult/SIF/calypto_opt_v/.sat_script}
background               = 0
cache_input_filenames    = {.sat_0.bench}
logfile                  = 
cache_output_filenames   = {.sat_output, .sat_counter_example}
platform                 = 64
pwd                      = 
qorfile                  = 
stderr                   = /users/students/r0678912/Downloads/zigzag/hls_impl/PE/Catapult/SIF/calypto_opt_v/.stderr
stdout                   = /users/students/r0678912/Downloads/zigzag/hls_impl/PE/Catapult/SIF/calypto_opt_v/.stdout
tclscript                = 
timeout                  = 0
memlimit                 = 0
transfer_globals         = 0
transfer_globals_filename= 
workdir                  = }

[15 sec] Spawn: /esat/micas-data/software/Mentor/catapult_10.5c/pkgs/cds_ppro/rls/platform/linux64/bin/abc_12aug15 in /users/students/r0678912/Downloads/zigzag/hls_impl/PE/Catapult/SIF/calypto_opt_v
[15 sec] Spawn: pid=3179283 for /esat/micas-data/software/Mentor/catapult_10.5c/pkgs/cds_ppro/rls/platform/linux64/bin/abc_12aug15
[15 sec] RunProgram: ErrorCode=(0,0)
[15 sec] AbsorbRuntime: from rusage, 0.054166u 0.008176s
[16 sec] RunProgram: {
id                       = bls
absorb_qor_file          = 1
absorb_resource_stats    = 0
absorb_runtime           = 1
program_name             = /esat/micas-data/software/Mentor/catapult_10.5c/pkgs/cds_ppro/rls/platform/linux64/bin/abc_12aug15
args                     = {-s, -f, /users/students/r0678912/Downloads/zigzag/hls_impl/PE/Catapult/SIF/calypto_opt_v/.sat_script}
background               = 0
cache_input_filenames    = {.sat_0.bench}
logfile                  = 
cache_output_filenames   = {.sat_output, .sat_counter_example}
platform                 = 64
pwd                      = 
qorfile                  = 
stderr                   = /users/students/r0678912/Downloads/zigzag/hls_impl/PE/Catapult/SIF/calypto_opt_v/.stderr
stdout                   = /users/students/r0678912/Downloads/zigzag/hls_impl/PE/Catapult/SIF/calypto_opt_v/.stdout
tclscript                = 
timeout                  = 0
memlimit                 = 0
transfer_globals         = 0
transfer_globals_filename= 
workdir                  = }

[16 sec] Spawn: /esat/micas-data/software/Mentor/catapult_10.5c/pkgs/cds_ppro/rls/platform/linux64/bin/abc_12aug15 in /users/students/r0678912/Downloads/zigzag/hls_impl/PE/Catapult/SIF/calypto_opt_v
[16 sec] Spawn: pid=3179284 for /esat/micas-data/software/Mentor/catapult_10.5c/pkgs/cds_ppro/rls/platform/linux64/bin/abc_12aug15
[16 sec] RunProgram: ErrorCode=(0,0)
[16 sec] AbsorbRuntime: from rusage, 0.054994u 0.007644s
[16 sec] RunProgram: {
id                       = bls
absorb_qor_file          = 1
absorb_resource_stats    = 0
absorb_runtime           = 1
program_name             = /esat/micas-data/software/Mentor/catapult_10.5c/pkgs/cds_ppro/rls/platform/linux64/bin/abc_12aug15
args                     = {-s, -f, /users/students/r0678912/Downloads/zigzag/hls_impl/PE/Catapult/SIF/calypto_opt_v/.sat_script}
background               = 0
cache_input_filenames    = {.sat_0.bench}
logfile                  = 
cache_output_filenames   = {.sat_output, .sat_counter_example}
platform                 = 64
pwd                      = 
qorfile                  = 
stderr                   = /users/students/r0678912/Downloads/zigzag/hls_impl/PE/Catapult/SIF/calypto_opt_v/.stderr
stdout                   = /users/students/r0678912/Downloads/zigzag/hls_impl/PE/Catapult/SIF/calypto_opt_v/.stdout
tclscript                = 
timeout                  = 0
memlimit                 = 0
transfer_globals         = 0
transfer_globals_filename= 
workdir                  = }

[16 sec] Spawn: /esat/micas-data/software/Mentor/catapult_10.5c/pkgs/cds_ppro/rls/platform/linux64/bin/abc_12aug15 in /users/students/r0678912/Downloads/zigzag/hls_impl/PE/Catapult/SIF/calypto_opt_v
[16 sec] Spawn: pid=3179285 for /esat/micas-data/software/Mentor/catapult_10.5c/pkgs/cds_ppro/rls/platform/linux64/bin/abc_12aug15
[16 sec] RunProgram: ErrorCode=(0,0)
[16 sec] AbsorbRuntime: from rusage, 0.060569u 0.009091s
[17 sec] RunProgram: {
id                       = bls
absorb_qor_file          = 1
absorb_resource_stats    = 0
absorb_runtime           = 1
program_name             = /esat/micas-data/software/Mentor/catapult_10.5c/pkgs/cds_ppro/rls/platform/linux64/bin/abc_12aug15
args                     = {-s, -f, /users/students/r0678912/Downloads/zigzag/hls_impl/PE/Catapult/SIF/calypto_opt_v/.sat_script}
background               = 0
cache_input_filenames    = {.sat_0.bench}
logfile                  = 
cache_output_filenames   = {.sat_output, .sat_counter_example}
platform                 = 64
pwd                      = 
qorfile                  = 
stderr                   = /users/students/r0678912/Downloads/zigzag/hls_impl/PE/Catapult/SIF/calypto_opt_v/.stderr
stdout                   = /users/students/r0678912/Downloads/zigzag/hls_impl/PE/Catapult/SIF/calypto_opt_v/.stdout
tclscript                = 
timeout                  = 0
memlimit                 = 0
transfer_globals         = 0
transfer_globals_filename= 
workdir                  = }

[17 sec] Spawn: /esat/micas-data/software/Mentor/catapult_10.5c/pkgs/cds_ppro/rls/platform/linux64/bin/abc_12aug15 in /users/students/r0678912/Downloads/zigzag/hls_impl/PE/Catapult/SIF/calypto_opt_v
[17 sec] Spawn: pid=3179286 for /esat/micas-data/software/Mentor/catapult_10.5c/pkgs/cds_ppro/rls/platform/linux64/bin/abc_12aug15
[17 sec] RunProgram: ErrorCode=(0,0)
[17 sec] AbsorbRuntime: from rusage, 0.054684u 0.009027s
[17 sec] RunProgram: {
id                       = bls
absorb_qor_file          = 1
absorb_resource_stats    = 0
absorb_runtime           = 1
program_name             = /esat/micas-data/software/Mentor/catapult_10.5c/pkgs/cds_ppro/rls/platform/linux64/bin/abc_12aug15
args                     = {-s, -f, /users/students/r0678912/Downloads/zigzag/hls_impl/PE/Catapult/SIF/calypto_opt_v/.sat_script}
background               = 0
cache_input_filenames    = {.sat_0.bench}
logfile                  = 
cache_output_filenames   = {.sat_output, .sat_counter_example}
platform                 = 64
pwd                      = 
qorfile                  = 
stderr                   = /users/students/r0678912/Downloads/zigzag/hls_impl/PE/Catapult/SIF/calypto_opt_v/.stderr
stdout                   = /users/students/r0678912/Downloads/zigzag/hls_impl/PE/Catapult/SIF/calypto_opt_v/.stdout
tclscript                = 
timeout                  = 0
memlimit                 = 0
transfer_globals         = 0
transfer_globals_filename= 
workdir                  = }

[17 sec] Spawn: /esat/micas-data/software/Mentor/catapult_10.5c/pkgs/cds_ppro/rls/platform/linux64/bin/abc_12aug15 in /users/students/r0678912/Downloads/zigzag/hls_impl/PE/Catapult/SIF/calypto_opt_v
[17 sec] Spawn: pid=3179287 for /esat/micas-data/software/Mentor/catapult_10.5c/pkgs/cds_ppro/rls/platform/linux64/bin/abc_12aug15
[17 sec] RunProgram: ErrorCode=(0,0)
[17 sec] AbsorbRuntime: from rusage, 0.056139u 0.007014s
[17 sec] RunProgram: {
id                       = bls
absorb_qor_file          = 1
absorb_resource_stats    = 0
absorb_runtime           = 1
program_name             = /esat/micas-data/software/Mentor/catapult_10.5c/pkgs/cds_ppro/rls/platform/linux64/bin/abc_12aug15
args                     = {-s, -f, /users/students/r0678912/Downloads/zigzag/hls_impl/PE/Catapult/SIF/calypto_opt_v/.sat_script}
background               = 0
cache_input_filenames    = {.sat_0.bench}
logfile                  = 
cache_output_filenames   = {.sat_output, .sat_counter_example}
platform                 = 64
pwd                      = 
qorfile                  = 
stderr                   = /users/students/r0678912/Downloads/zigzag/hls_impl/PE/Catapult/SIF/calypto_opt_v/.stderr
stdout                   = /users/students/r0678912/Downloads/zigzag/hls_impl/PE/Catapult/SIF/calypto_opt_v/.stdout
tclscript                = 
timeout                  = 0
memlimit                 = 0
transfer_globals         = 0
transfer_globals_filename= 
workdir                  = }

[17 sec] Spawn: /esat/micas-data/software/Mentor/catapult_10.5c/pkgs/cds_ppro/rls/platform/linux64/bin/abc_12aug15 in /users/students/r0678912/Downloads/zigzag/hls_impl/PE/Catapult/SIF/calypto_opt_v
[17 sec] Spawn: pid=3179289 for /esat/micas-data/software/Mentor/catapult_10.5c/pkgs/cds_ppro/rls/platform/linux64/bin/abc_12aug15
[17 sec] RunProgram: ErrorCode=(0,0)
[17 sec] AbsorbRuntime: from rusage, 0.054994u 0.007998s
[18 sec] RunProgram: {
id                       = bls
absorb_qor_file          = 1
absorb_resource_stats    = 0
absorb_runtime           = 1
program_name             = /esat/micas-data/software/Mentor/catapult_10.5c/pkgs/cds_ppro/rls/platform/linux64/bin/abc_12aug15
args                     = {-s, -f, /users/students/r0678912/Downloads/zigzag/hls_impl/PE/Catapult/SIF/calypto_opt_v/.sat_script}
background               = 0
cache_input_filenames    = {.sat_0.bench}
logfile                  = 
cache_output_filenames   = {.sat_output, .sat_counter_example}
platform                 = 64
pwd                      = 
qorfile                  = 
stderr                   = /users/students/r0678912/Downloads/zigzag/hls_impl/PE/Catapult/SIF/calypto_opt_v/.stderr
stdout                   = /users/students/r0678912/Downloads/zigzag/hls_impl/PE/Catapult/SIF/calypto_opt_v/.stdout
tclscript                = 
timeout                  = 0
memlimit                 = 0
transfer_globals         = 0
transfer_globals_filename= 
workdir                  = }

[18 sec] Spawn: /esat/micas-data/software/Mentor/catapult_10.5c/pkgs/cds_ppro/rls/platform/linux64/bin/abc_12aug15 in /users/students/r0678912/Downloads/zigzag/hls_impl/PE/Catapult/SIF/calypto_opt_v
[18 sec] Spawn: pid=3179290 for /esat/micas-data/software/Mentor/catapult_10.5c/pkgs/cds_ppro/rls/platform/linux64/bin/abc_12aug15
[18 sec] RunProgram: ErrorCode=(0,0)
[18 sec] AbsorbRuntime: from rusage, 0.053158u 0.009028s
[18 sec] RunProgram: {
id                       = bls
absorb_qor_file          = 1
absorb_resource_stats    = 0
absorb_runtime           = 1
program_name             = /esat/micas-data/software/Mentor/catapult_10.5c/pkgs/cds_ppro/rls/platform/linux64/bin/abc_12aug15
args                     = {-s, -f, /users/students/r0678912/Downloads/zigzag/hls_impl/PE/Catapult/SIF/calypto_opt_v/.sat_script}
background               = 0
cache_input_filenames    = {.sat_0.bench}
logfile                  = 
cache_output_filenames   = {.sat_output, .sat_counter_example}
platform                 = 64
pwd                      = 
qorfile                  = 
stderr                   = /users/students/r0678912/Downloads/zigzag/hls_impl/PE/Catapult/SIF/calypto_opt_v/.stderr
stdout                   = /users/students/r0678912/Downloads/zigzag/hls_impl/PE/Catapult/SIF/calypto_opt_v/.stdout
tclscript                = 
timeout                  = 0
memlimit                 = 0
transfer_globals         = 0
transfer_globals_filename= 
workdir                  = }

[18 sec] Spawn: /esat/micas-data/software/Mentor/catapult_10.5c/pkgs/cds_ppro/rls/platform/linux64/bin/abc_12aug15 in /users/students/r0678912/Downloads/zigzag/hls_impl/PE/Catapult/SIF/calypto_opt_v
[18 sec] Spawn: pid=3179291 for /esat/micas-data/software/Mentor/catapult_10.5c/pkgs/cds_ppro/rls/platform/linux64/bin/abc_12aug15
[18 sec] RunProgram: ErrorCode=(0,0)
[18 sec] AbsorbRuntime: from rusage, 0.060729u 0.008889s
[19 sec] RunProgram: {
id                       = bls
absorb_qor_file          = 1
absorb_resource_stats    = 0
absorb_runtime           = 1
program_name             = /esat/micas-data/software/Mentor/catapult_10.5c/pkgs/cds_ppro/rls/platform/linux64/bin/abc_12aug15
args                     = {-s, -f, /users/students/r0678912/Downloads/zigzag/hls_impl/PE/Catapult/SIF/calypto_opt_v/.sat_script}
background               = 0
cache_input_filenames    = {.sat_0.bench}
logfile                  = 
cache_output_filenames   = {.sat_output, .sat_counter_example}
platform                 = 64
pwd                      = 
qorfile                  = 
stderr                   = /users/students/r0678912/Downloads/zigzag/hls_impl/PE/Catapult/SIF/calypto_opt_v/.stderr
stdout                   = /users/students/r0678912/Downloads/zigzag/hls_impl/PE/Catapult/SIF/calypto_opt_v/.stdout
tclscript                = 
timeout                  = 0
memlimit                 = 0
transfer_globals         = 0
transfer_globals_filename= 
workdir                  = }

[19 sec] Spawn: /esat/micas-data/software/Mentor/catapult_10.5c/pkgs/cds_ppro/rls/platform/linux64/bin/abc_12aug15 in /users/students/r0678912/Downloads/zigzag/hls_impl/PE/Catapult/SIF/calypto_opt_v
[19 sec] Spawn: pid=3179292 for /esat/micas-data/software/Mentor/catapult_10.5c/pkgs/cds_ppro/rls/platform/linux64/bin/abc_12aug15
[19 sec] RunProgram: ErrorCode=(0,0)
[19 sec] AbsorbRuntime: from rusage, 0.031374u 0.006731s
[19 sec] RunProgram: {
id                       = bls
absorb_qor_file          = 1
absorb_resource_stats    = 0
absorb_runtime           = 1
program_name             = /esat/micas-data/software/Mentor/catapult_10.5c/pkgs/cds_ppro/rls/platform/linux64/bin/abc_12aug15
args                     = {-s, -f, /users/students/r0678912/Downloads/zigzag/hls_impl/PE/Catapult/SIF/calypto_opt_v/.sat_script}
background               = 0
cache_input_filenames    = {.sat_0.bench}
logfile                  = 
cache_output_filenames   = {.sat_output, .sat_counter_example}
platform                 = 64
pwd                      = 
qorfile                  = 
stderr                   = /users/students/r0678912/Downloads/zigzag/hls_impl/PE/Catapult/SIF/calypto_opt_v/.stderr
stdout                   = /users/students/r0678912/Downloads/zigzag/hls_impl/PE/Catapult/SIF/calypto_opt_v/.stdout
tclscript                = 
timeout                  = 0
memlimit                 = 0
transfer_globals         = 0
transfer_globals_filename= 
workdir                  = }

[19 sec] Spawn: /esat/micas-data/software/Mentor/catapult_10.5c/pkgs/cds_ppro/rls/platform/linux64/bin/abc_12aug15 in /users/students/r0678912/Downloads/zigzag/hls_impl/PE/Catapult/SIF/calypto_opt_v
[19 sec] Spawn: pid=3179293 for /esat/micas-data/software/Mentor/catapult_10.5c/pkgs/cds_ppro/rls/platform/linux64/bin/abc_12aug15
[19 sec] RunProgram: ErrorCode=(0,0)
[19 sec] AbsorbRuntime: from rusage, 0.051199u 0.010829s
[20 sec] RunProgram: {
id                       = bls
absorb_qor_file          = 1
absorb_resource_stats    = 0
absorb_runtime           = 1
program_name             = /esat/micas-data/software/Mentor/catapult_10.5c/pkgs/cds_ppro/rls/platform/linux64/bin/abc_12aug15
args                     = {-s, -f, /users/students/r0678912/Downloads/zigzag/hls_impl/PE/Catapult/SIF/calypto_opt_v/.sat_script}
background               = 0
cache_input_filenames    = {.sat_0.bench}
logfile                  = 
cache_output_filenames   = {.sat_output, .sat_counter_example}
platform                 = 64
pwd                      = 
qorfile                  = 
stderr                   = /users/students/r0678912/Downloads/zigzag/hls_impl/PE/Catapult/SIF/calypto_opt_v/.stderr
stdout                   = /users/students/r0678912/Downloads/zigzag/hls_impl/PE/Catapult/SIF/calypto_opt_v/.stdout
tclscript                = 
timeout                  = 0
memlimit                 = 0
transfer_globals         = 0
transfer_globals_filename= 
workdir                  = }

[20 sec] Spawn: /esat/micas-data/software/Mentor/catapult_10.5c/pkgs/cds_ppro/rls/platform/linux64/bin/abc_12aug15 in /users/students/r0678912/Downloads/zigzag/hls_impl/PE/Catapult/SIF/calypto_opt_v
[20 sec] Spawn: pid=3179294 for /esat/micas-data/software/Mentor/catapult_10.5c/pkgs/cds_ppro/rls/platform/linux64/bin/abc_12aug15
[20 sec] RunProgram: ErrorCode=(0,0)
[20 sec] AbsorbRuntime: from rusage, 0.061604u 0.006615s
[20 sec] RunProgram: {
id                       = bls
absorb_qor_file          = 1
absorb_resource_stats    = 0
absorb_runtime           = 1
program_name             = /esat/micas-data/software/Mentor/catapult_10.5c/pkgs/cds_ppro/rls/platform/linux64/bin/abc_12aug15
args                     = {-s, -f, /users/students/r0678912/Downloads/zigzag/hls_impl/PE/Catapult/SIF/calypto_opt_v/.sat_script}
background               = 0
cache_input_filenames    = {.sat_0.bench}
logfile                  = 
cache_output_filenames   = {.sat_output, .sat_counter_example}
platform                 = 64
pwd                      = 
qorfile                  = 
stderr                   = /users/students/r0678912/Downloads/zigzag/hls_impl/PE/Catapult/SIF/calypto_opt_v/.stderr
stdout                   = /users/students/r0678912/Downloads/zigzag/hls_impl/PE/Catapult/SIF/calypto_opt_v/.stdout
tclscript                = 
timeout                  = 0
memlimit                 = 0
transfer_globals         = 0
transfer_globals_filename= 
workdir                  = }

[20 sec] Spawn: /esat/micas-data/software/Mentor/catapult_10.5c/pkgs/cds_ppro/rls/platform/linux64/bin/abc_12aug15 in /users/students/r0678912/Downloads/zigzag/hls_impl/PE/Catapult/SIF/calypto_opt_v
[20 sec] Spawn: pid=3179295 for /esat/micas-data/software/Mentor/catapult_10.5c/pkgs/cds_ppro/rls/platform/linux64/bin/abc_12aug15
[20 sec] RunProgram: ErrorCode=(0,0)
[20 sec] AbsorbRuntime: from rusage, 0.05366u 0.008087s
[20 sec] RunProgram: {
id                       = bls
absorb_qor_file          = 1
absorb_resource_stats    = 0
absorb_runtime           = 1
program_name             = /esat/micas-data/software/Mentor/catapult_10.5c/pkgs/cds_ppro/rls/platform/linux64/bin/abc_12aug15
args                     = {-s, -f, /users/students/r0678912/Downloads/zigzag/hls_impl/PE/Catapult/SIF/calypto_opt_v/.sat_script}
background               = 0
cache_input_filenames    = {.sat_0.bench}
logfile                  = 
cache_output_filenames   = {.sat_output, .sat_counter_example}
platform                 = 64
pwd                      = 
qorfile                  = 
stderr                   = /users/students/r0678912/Downloads/zigzag/hls_impl/PE/Catapult/SIF/calypto_opt_v/.stderr
stdout                   = /users/students/r0678912/Downloads/zigzag/hls_impl/PE/Catapult/SIF/calypto_opt_v/.stdout
tclscript                = 
timeout                  = 0
memlimit                 = 0
transfer_globals         = 0
transfer_globals_filename= 
workdir                  = }

[20 sec] Spawn: /esat/micas-data/software/Mentor/catapult_10.5c/pkgs/cds_ppro/rls/platform/linux64/bin/abc_12aug15 in /users/students/r0678912/Downloads/zigzag/hls_impl/PE/Catapult/SIF/calypto_opt_v
[20 sec] Spawn: pid=3179296 for /esat/micas-data/software/Mentor/catapult_10.5c/pkgs/cds_ppro/rls/platform/linux64/bin/abc_12aug15
[20 sec] RunProgram: ErrorCode=(0,0)
[20 sec] AbsorbRuntime: from rusage, 0.06055u 0.006156s
[20 sec] RunProgram: {
id                       = bls
absorb_qor_file          = 1
absorb_resource_stats    = 0
absorb_runtime           = 1
program_name             = /esat/micas-data/software/Mentor/catapult_10.5c/pkgs/cds_ppro/rls/platform/linux64/bin/abc_12aug15
args                     = {-s, -f, /users/students/r0678912/Downloads/zigzag/hls_impl/PE/Catapult/SIF/calypto_opt_v/.sat_script}
background               = 0
cache_input_filenames    = {.sat_0.bench}
logfile                  = 
cache_output_filenames   = {.sat_output, .sat_counter_example}
platform                 = 64
pwd                      = 
qorfile                  = 
stderr                   = /users/students/r0678912/Downloads/zigzag/hls_impl/PE/Catapult/SIF/calypto_opt_v/.stderr
stdout                   = /users/students/r0678912/Downloads/zigzag/hls_impl/PE/Catapult/SIF/calypto_opt_v/.stdout
tclscript                = 
timeout                  = 0
memlimit                 = 0
transfer_globals         = 0
transfer_globals_filename= 
workdir                  = }

[20 sec] Spawn: /esat/micas-data/software/Mentor/catapult_10.5c/pkgs/cds_ppro/rls/platform/linux64/bin/abc_12aug15 in /users/students/r0678912/Downloads/zigzag/hls_impl/PE/Catapult/SIF/calypto_opt_v
[20 sec] Spawn: pid=3179297 for /esat/micas-data/software/Mentor/catapult_10.5c/pkgs/cds_ppro/rls/platform/linux64/bin/abc_12aug15
[20 sec] RunProgram: ErrorCode=(0,0)
[20 sec] AbsorbRuntime: from rusage, 0.055693u 0.005151s
[21 sec] RunProgram: {
id                       = bls
absorb_qor_file          = 1
absorb_resource_stats    = 0
absorb_runtime           = 1
program_name             = /esat/micas-data/software/Mentor/catapult_10.5c/pkgs/cds_ppro/rls/platform/linux64/bin/abc_12aug15
args                     = {-s, -f, /users/students/r0678912/Downloads/zigzag/hls_impl/PE/Catapult/SIF/calypto_opt_v/.sat_script}
background               = 0
cache_input_filenames    = {.sat_0.bench}
logfile                  = 
cache_output_filenames   = {.sat_output, .sat_counter_example}
platform                 = 64
pwd                      = 
qorfile                  = 
stderr                   = /users/students/r0678912/Downloads/zigzag/hls_impl/PE/Catapult/SIF/calypto_opt_v/.stderr
stdout                   = /users/students/r0678912/Downloads/zigzag/hls_impl/PE/Catapult/SIF/calypto_opt_v/.stdout
tclscript                = 
timeout                  = 0
memlimit                 = 0
transfer_globals         = 0
transfer_globals_filename= 
workdir                  = }

[21 sec] Spawn: /esat/micas-data/software/Mentor/catapult_10.5c/pkgs/cds_ppro/rls/platform/linux64/bin/abc_12aug15 in /users/students/r0678912/Downloads/zigzag/hls_impl/PE/Catapult/SIF/calypto_opt_v
[21 sec] Spawn: pid=3179298 for /esat/micas-data/software/Mentor/catapult_10.5c/pkgs/cds_ppro/rls/platform/linux64/bin/abc_12aug15
[21 sec] RunProgram: ErrorCode=(0,0)
[21 sec] AbsorbRuntime: from rusage, 0.05216u 0.008019s
[21 sec] RunProgram: {
id                       = bls
absorb_qor_file          = 1
absorb_resource_stats    = 0
absorb_runtime           = 1
program_name             = /esat/micas-data/software/Mentor/catapult_10.5c/pkgs/cds_ppro/rls/platform/linux64/bin/abc_12aug15
args                     = {-s, -f, /users/students/r0678912/Downloads/zigzag/hls_impl/PE/Catapult/SIF/calypto_opt_v/.sat_script}
background               = 0
cache_input_filenames    = {.sat_0.bench}
logfile                  = 
cache_output_filenames   = {.sat_output, .sat_counter_example}
platform                 = 64
pwd                      = 
qorfile                  = 
stderr                   = /users/students/r0678912/Downloads/zigzag/hls_impl/PE/Catapult/SIF/calypto_opt_v/.stderr
stdout                   = /users/students/r0678912/Downloads/zigzag/hls_impl/PE/Catapult/SIF/calypto_opt_v/.stdout
tclscript                = 
timeout                  = 0
memlimit                 = 0
transfer_globals         = 0
transfer_globals_filename= 
workdir                  = }

[21 sec] Spawn: /esat/micas-data/software/Mentor/catapult_10.5c/pkgs/cds_ppro/rls/platform/linux64/bin/abc_12aug15 in /users/students/r0678912/Downloads/zigzag/hls_impl/PE/Catapult/SIF/calypto_opt_v
[21 sec] Spawn: pid=3179299 for /esat/micas-data/software/Mentor/catapult_10.5c/pkgs/cds_ppro/rls/platform/linux64/bin/abc_12aug15
[21 sec] RunProgram: ErrorCode=(0,0)
[21 sec] AbsorbRuntime: from rusage, 0.054959u 0.007118s
[21 sec] RunProgram: {
id                       = bls
absorb_qor_file          = 1
absorb_resource_stats    = 0
absorb_runtime           = 1
program_name             = /esat/micas-data/software/Mentor/catapult_10.5c/pkgs/cds_ppro/rls/platform/linux64/bin/abc_12aug15
args                     = {-s, -f, /users/students/r0678912/Downloads/zigzag/hls_impl/PE/Catapult/SIF/calypto_opt_v/.sat_script}
background               = 0
cache_input_filenames    = {.sat_0.bench}
logfile                  = 
cache_output_filenames   = {.sat_output, .sat_counter_example}
platform                 = 64
pwd                      = 
qorfile                  = 
stderr                   = /users/students/r0678912/Downloads/zigzag/hls_impl/PE/Catapult/SIF/calypto_opt_v/.stderr
stdout                   = /users/students/r0678912/Downloads/zigzag/hls_impl/PE/Catapult/SIF/calypto_opt_v/.stdout
tclscript                = 
timeout                  = 0
memlimit                 = 0
transfer_globals         = 0
transfer_globals_filename= 
workdir                  = }

[21 sec] Spawn: /esat/micas-data/software/Mentor/catapult_10.5c/pkgs/cds_ppro/rls/platform/linux64/bin/abc_12aug15 in /users/students/r0678912/Downloads/zigzag/hls_impl/PE/Catapult/SIF/calypto_opt_v
[21 sec] Spawn: pid=3179300 for /esat/micas-data/software/Mentor/catapult_10.5c/pkgs/cds_ppro/rls/platform/linux64/bin/abc_12aug15
[21 sec] RunProgram: ErrorCode=(0,0)
[21 sec] AbsorbRuntime: from rusage, 0.052391u 0.009587s
[22 sec] RunProgram: {
id                       = bls
absorb_qor_file          = 1
absorb_resource_stats    = 0
absorb_runtime           = 1
program_name             = /esat/micas-data/software/Mentor/catapult_10.5c/pkgs/cds_ppro/rls/platform/linux64/bin/abc_12aug15
args                     = {-s, -f, /users/students/r0678912/Downloads/zigzag/hls_impl/PE/Catapult/SIF/calypto_opt_v/.sat_script}
background               = 0
cache_input_filenames    = {.sat_0.bench}
logfile                  = 
cache_output_filenames   = {.sat_output, .sat_counter_example}
platform                 = 64
pwd                      = 
qorfile                  = 
stderr                   = /users/students/r0678912/Downloads/zigzag/hls_impl/PE/Catapult/SIF/calypto_opt_v/.stderr
stdout                   = /users/students/r0678912/Downloads/zigzag/hls_impl/PE/Catapult/SIF/calypto_opt_v/.stdout
tclscript                = 
timeout                  = 0
memlimit                 = 0
transfer_globals         = 0
transfer_globals_filename= 
workdir                  = }

[22 sec] Spawn: /esat/micas-data/software/Mentor/catapult_10.5c/pkgs/cds_ppro/rls/platform/linux64/bin/abc_12aug15 in /users/students/r0678912/Downloads/zigzag/hls_impl/PE/Catapult/SIF/calypto_opt_v
[22 sec] Spawn: pid=3179301 for /esat/micas-data/software/Mentor/catapult_10.5c/pkgs/cds_ppro/rls/platform/linux64/bin/abc_12aug15
[22 sec] RunProgram: ErrorCode=(0,0)
[22 sec] AbsorbRuntime: from rusage, 0.053491u 0.010744s
[23 sec] RunProgram: {
id                       = bls
absorb_qor_file          = 1
absorb_resource_stats    = 0
absorb_runtime           = 1
program_name             = /esat/micas-data/software/Mentor/catapult_10.5c/pkgs/cds_ppro/rls/platform/linux64/bin/abc_12aug15
args                     = {-s, -f, /users/students/r0678912/Downloads/zigzag/hls_impl/PE/Catapult/SIF/calypto_opt_v/.sat_script}
background               = 0
cache_input_filenames    = {.sat_0.bench}
logfile                  = 
cache_output_filenames   = {.sat_output, .sat_counter_example}
platform                 = 64
pwd                      = 
qorfile                  = 
stderr                   = /users/students/r0678912/Downloads/zigzag/hls_impl/PE/Catapult/SIF/calypto_opt_v/.stderr
stdout                   = /users/students/r0678912/Downloads/zigzag/hls_impl/PE/Catapult/SIF/calypto_opt_v/.stdout
tclscript                = 
timeout                  = 0
memlimit                 = 0
transfer_globals         = 0
transfer_globals_filename= 
workdir                  = }

[23 sec] Spawn: /esat/micas-data/software/Mentor/catapult_10.5c/pkgs/cds_ppro/rls/platform/linux64/bin/abc_12aug15 in /users/students/r0678912/Downloads/zigzag/hls_impl/PE/Catapult/SIF/calypto_opt_v
[23 sec] Spawn: pid=3179309 for /esat/micas-data/software/Mentor/catapult_10.5c/pkgs/cds_ppro/rls/platform/linux64/bin/abc_12aug15
[23 sec] RunProgram: ErrorCode=(0,0)
[23 sec] AbsorbRuntime: from rusage, 0.056801u 0.005074s
[24 sec] RunProgram: {
id                       = bls
absorb_qor_file          = 1
absorb_resource_stats    = 0
absorb_runtime           = 1
program_name             = /esat/micas-data/software/Mentor/catapult_10.5c/pkgs/cds_ppro/rls/platform/linux64/bin/abc_12aug15
args                     = {-s, -f, /users/students/r0678912/Downloads/zigzag/hls_impl/PE/Catapult/SIF/calypto_opt_v/.sat_script}
background               = 0
cache_input_filenames    = {.sat_0.bench}
logfile                  = 
cache_output_filenames   = {.sat_output, .sat_counter_example}
platform                 = 64
pwd                      = 
qorfile                  = 
stderr                   = /users/students/r0678912/Downloads/zigzag/hls_impl/PE/Catapult/SIF/calypto_opt_v/.stderr
stdout                   = /users/students/r0678912/Downloads/zigzag/hls_impl/PE/Catapult/SIF/calypto_opt_v/.stdout
tclscript                = 
timeout                  = 0
memlimit                 = 0
transfer_globals         = 0
transfer_globals_filename= 
workdir                  = }

[24 sec] Spawn: /esat/micas-data/software/Mentor/catapult_10.5c/pkgs/cds_ppro/rls/platform/linux64/bin/abc_12aug15 in /users/students/r0678912/Downloads/zigzag/hls_impl/PE/Catapult/SIF/calypto_opt_v
[24 sec] Spawn: pid=3179310 for /esat/micas-data/software/Mentor/catapult_10.5c/pkgs/cds_ppro/rls/platform/linux64/bin/abc_12aug15
[24 sec] RunProgram: ErrorCode=(0,0)
[24 sec] AbsorbRuntime: from rusage, 0.054517u 0.007012s
[24 sec] RunProgram: {
id                       = bls
absorb_qor_file          = 1
absorb_resource_stats    = 0
absorb_runtime           = 1
program_name             = /esat/micas-data/software/Mentor/catapult_10.5c/pkgs/cds_ppro/rls/platform/linux64/bin/abc_12aug15
args                     = {-s, -f, /users/students/r0678912/Downloads/zigzag/hls_impl/PE/Catapult/SIF/calypto_opt_v/.sat_script}
background               = 0
cache_input_filenames    = {.sat_0.bench}
logfile                  = 
cache_output_filenames   = {.sat_output, .sat_counter_example}
platform                 = 64
pwd                      = 
qorfile                  = 
stderr                   = /users/students/r0678912/Downloads/zigzag/hls_impl/PE/Catapult/SIF/calypto_opt_v/.stderr
stdout                   = /users/students/r0678912/Downloads/zigzag/hls_impl/PE/Catapult/SIF/calypto_opt_v/.stdout
tclscript                = 
timeout                  = 0
memlimit                 = 0
transfer_globals         = 0
transfer_globals_filename= 
workdir                  = }

[24 sec] Spawn: /esat/micas-data/software/Mentor/catapult_10.5c/pkgs/cds_ppro/rls/platform/linux64/bin/abc_12aug15 in /users/students/r0678912/Downloads/zigzag/hls_impl/PE/Catapult/SIF/calypto_opt_v
[24 sec] Spawn: pid=3179312 for /esat/micas-data/software/Mentor/catapult_10.5c/pkgs/cds_ppro/rls/platform/linux64/bin/abc_12aug15
[24 sec] RunProgram: ErrorCode=(0,0)
[24 sec] AbsorbRuntime: from rusage, 0.0568u 0.006079s
[24 sec] RunProgram: {
id                       = bls
absorb_qor_file          = 1
absorb_resource_stats    = 0
absorb_runtime           = 1
program_name             = /esat/micas-data/software/Mentor/catapult_10.5c/pkgs/cds_ppro/rls/platform/linux64/bin/abc_12aug15
args                     = {-s, -f, /users/students/r0678912/Downloads/zigzag/hls_impl/PE/Catapult/SIF/calypto_opt_v/.sat_script}
background               = 0
cache_input_filenames    = {.sat_0.bench}
logfile                  = 
cache_output_filenames   = {.sat_output, .sat_counter_example}
platform                 = 64
pwd                      = 
qorfile                  = 
stderr                   = /users/students/r0678912/Downloads/zigzag/hls_impl/PE/Catapult/SIF/calypto_opt_v/.stderr
stdout                   = /users/students/r0678912/Downloads/zigzag/hls_impl/PE/Catapult/SIF/calypto_opt_v/.stdout
tclscript                = 
timeout                  = 0
memlimit                 = 0
transfer_globals         = 0
transfer_globals_filename= 
workdir                  = }

[24 sec] Spawn: /esat/micas-data/software/Mentor/catapult_10.5c/pkgs/cds_ppro/rls/platform/linux64/bin/abc_12aug15 in /users/students/r0678912/Downloads/zigzag/hls_impl/PE/Catapult/SIF/calypto_opt_v
[24 sec] Spawn: pid=3179313 for /esat/micas-data/software/Mentor/catapult_10.5c/pkgs/cds_ppro/rls/platform/linux64/bin/abc_12aug15
[24 sec] RunProgram: ErrorCode=(0,0)
[24 sec] AbsorbRuntime: from rusage, 0.055241u 0.005561s
[25 sec] RunProgram: {
id                       = bls
absorb_qor_file          = 1
absorb_resource_stats    = 0
absorb_runtime           = 1
program_name             = /esat/micas-data/software/Mentor/catapult_10.5c/pkgs/cds_ppro/rls/platform/linux64/bin/abc_12aug15
args                     = {-s, -f, /users/students/r0678912/Downloads/zigzag/hls_impl/PE/Catapult/SIF/calypto_opt_v/.sat_script}
background               = 0
cache_input_filenames    = {.sat_0.bench}
logfile                  = 
cache_output_filenames   = {.sat_output, .sat_counter_example}
platform                 = 64
pwd                      = 
qorfile                  = 
stderr                   = /users/students/r0678912/Downloads/zigzag/hls_impl/PE/Catapult/SIF/calypto_opt_v/.stderr
stdout                   = /users/students/r0678912/Downloads/zigzag/hls_impl/PE/Catapult/SIF/calypto_opt_v/.stdout
tclscript                = 
timeout                  = 0
memlimit                 = 0
transfer_globals         = 0
transfer_globals_filename= 
workdir                  = }

[25 sec] Spawn: /esat/micas-data/software/Mentor/catapult_10.5c/pkgs/cds_ppro/rls/platform/linux64/bin/abc_12aug15 in /users/students/r0678912/Downloads/zigzag/hls_impl/PE/Catapult/SIF/calypto_opt_v
[25 sec] Spawn: pid=3179314 for /esat/micas-data/software/Mentor/catapult_10.5c/pkgs/cds_ppro/rls/platform/linux64/bin/abc_12aug15
[25 sec] RunProgram: ErrorCode=(0,0)
[25 sec] AbsorbRuntime: from rusage, 0.061572u 0.00596s
[25 sec] RunProgram: {
id                       = bls
absorb_qor_file          = 1
absorb_resource_stats    = 0
absorb_runtime           = 1
program_name             = /esat/micas-data/software/Mentor/catapult_10.5c/pkgs/cds_ppro/rls/platform/linux64/bin/abc_12aug15
args                     = {-s, -f, /users/students/r0678912/Downloads/zigzag/hls_impl/PE/Catapult/SIF/calypto_opt_v/.sat_script}
background               = 0
cache_input_filenames    = {.sat_0.bench}
logfile                  = 
cache_output_filenames   = {.sat_output, .sat_counter_example}
platform                 = 64
pwd                      = 
qorfile                  = 
stderr                   = /users/students/r0678912/Downloads/zigzag/hls_impl/PE/Catapult/SIF/calypto_opt_v/.stderr
stdout                   = /users/students/r0678912/Downloads/zigzag/hls_impl/PE/Catapult/SIF/calypto_opt_v/.stdout
tclscript                = 
timeout                  = 0
memlimit                 = 0
transfer_globals         = 0
transfer_globals_filename= 
workdir                  = }

[25 sec] Spawn: /esat/micas-data/software/Mentor/catapult_10.5c/pkgs/cds_ppro/rls/platform/linux64/bin/abc_12aug15 in /users/students/r0678912/Downloads/zigzag/hls_impl/PE/Catapult/SIF/calypto_opt_v
[25 sec] Spawn: pid=3179315 for /esat/micas-data/software/Mentor/catapult_10.5c/pkgs/cds_ppro/rls/platform/linux64/bin/abc_12aug15
[25 sec] RunProgram: ErrorCode=(0,0)
[25 sec] AbsorbRuntime: from rusage, 0.055166u 0.006495s
[25 sec] RunProgram: {
id                       = bls
absorb_qor_file          = 1
absorb_resource_stats    = 0
absorb_runtime           = 1
program_name             = /esat/micas-data/software/Mentor/catapult_10.5c/pkgs/cds_ppro/rls/platform/linux64/bin/abc_12aug15
args                     = {-s, -f, /users/students/r0678912/Downloads/zigzag/hls_impl/PE/Catapult/SIF/calypto_opt_v/.sat_script}
background               = 0
cache_input_filenames    = {.sat_0.bench}
logfile                  = 
cache_output_filenames   = {.sat_output, .sat_counter_example}
platform                 = 64
pwd                      = 
qorfile                  = 
stderr                   = /users/students/r0678912/Downloads/zigzag/hls_impl/PE/Catapult/SIF/calypto_opt_v/.stderr
stdout                   = /users/students/r0678912/Downloads/zigzag/hls_impl/PE/Catapult/SIF/calypto_opt_v/.stdout
tclscript                = 
timeout                  = 0
memlimit                 = 0
transfer_globals         = 0
transfer_globals_filename= 
workdir                  = }

[25 sec] Spawn: /esat/micas-data/software/Mentor/catapult_10.5c/pkgs/cds_ppro/rls/platform/linux64/bin/abc_12aug15 in /users/students/r0678912/Downloads/zigzag/hls_impl/PE/Catapult/SIF/calypto_opt_v
[25 sec] Spawn: pid=3179316 for /esat/micas-data/software/Mentor/catapult_10.5c/pkgs/cds_ppro/rls/platform/linux64/bin/abc_12aug15
[25 sec] RunProgram: ErrorCode=(0,0)
[25 sec] AbsorbRuntime: from rusage, 0.049232u 0.012374s
[28 sec] RunProgram: {
id                       = bls
absorb_qor_file          = 1
absorb_resource_stats    = 0
absorb_runtime           = 1
program_name             = /esat/micas-data/software/Mentor/catapult_10.5c/pkgs/cds_ppro/rls/platform/linux64/bin/abc_12aug15
args                     = {-s, -f, /users/students/r0678912/Downloads/zigzag/hls_impl/PE/Catapult/SIF/calypto_opt_v/.sat_script}
background               = 0
cache_input_filenames    = {.sat_0.bench}
logfile                  = 
cache_output_filenames   = {.sat_output, .sat_counter_example}
platform                 = 64
pwd                      = 
qorfile                  = 
stderr                   = /users/students/r0678912/Downloads/zigzag/hls_impl/PE/Catapult/SIF/calypto_opt_v/.stderr
stdout                   = /users/students/r0678912/Downloads/zigzag/hls_impl/PE/Catapult/SIF/calypto_opt_v/.stdout
tclscript                = 
timeout                  = 0
memlimit                 = 0
transfer_globals         = 0
transfer_globals_filename= 
workdir                  = }

[28 sec] Spawn: /esat/micas-data/software/Mentor/catapult_10.5c/pkgs/cds_ppro/rls/platform/linux64/bin/abc_12aug15 in /users/students/r0678912/Downloads/zigzag/hls_impl/PE/Catapult/SIF/calypto_opt_v
[28 sec] Spawn: pid=3179320 for /esat/micas-data/software/Mentor/catapult_10.5c/pkgs/cds_ppro/rls/platform/linux64/bin/abc_12aug15
[28 sec] RunProgram: ErrorCode=(0,0)
[28 sec] AbsorbRuntime: from rusage, 0.06085u 0.006162s
[28 sec] RunProgram: {
id                       = bls
absorb_qor_file          = 1
absorb_resource_stats    = 0
absorb_runtime           = 1
program_name             = /esat/micas-data/software/Mentor/catapult_10.5c/pkgs/cds_ppro/rls/platform/linux64/bin/abc_12aug15
args                     = {-s, -f, /users/students/r0678912/Downloads/zigzag/hls_impl/PE/Catapult/SIF/calypto_opt_v/.sat_script}
background               = 0
cache_input_filenames    = {.sat_0.bench}
logfile                  = 
cache_output_filenames   = {.sat_output, .sat_counter_example}
platform                 = 64
pwd                      = 
qorfile                  = 
stderr                   = /users/students/r0678912/Downloads/zigzag/hls_impl/PE/Catapult/SIF/calypto_opt_v/.stderr
stdout                   = /users/students/r0678912/Downloads/zigzag/hls_impl/PE/Catapult/SIF/calypto_opt_v/.stdout
tclscript                = 
timeout                  = 0
memlimit                 = 0
transfer_globals         = 0
transfer_globals_filename= 
workdir                  = }

[28 sec] Spawn: /esat/micas-data/software/Mentor/catapult_10.5c/pkgs/cds_ppro/rls/platform/linux64/bin/abc_12aug15 in /users/students/r0678912/Downloads/zigzag/hls_impl/PE/Catapult/SIF/calypto_opt_v
[28 sec] Spawn: pid=3179321 for /esat/micas-data/software/Mentor/catapult_10.5c/pkgs/cds_ppro/rls/platform/linux64/bin/abc_12aug15
[28 sec] RunProgram: ErrorCode=(0,0)
[28 sec] AbsorbRuntime: from rusage, 0.056112u 0.005489s
[29 sec] RunProgram: {
id                       = bls
absorb_qor_file          = 1
absorb_resource_stats    = 0
absorb_runtime           = 1
program_name             = /esat/micas-data/software/Mentor/catapult_10.5c/pkgs/cds_ppro/rls/platform/linux64/bin/abc_12aug15
args                     = {-s, -f, /users/students/r0678912/Downloads/zigzag/hls_impl/PE/Catapult/SIF/calypto_opt_v/.sat_script}
background               = 0
cache_input_filenames    = {.sat_0.bench}
logfile                  = 
cache_output_filenames   = {.sat_output, .sat_counter_example}
platform                 = 64
pwd                      = 
qorfile                  = 
stderr                   = /users/students/r0678912/Downloads/zigzag/hls_impl/PE/Catapult/SIF/calypto_opt_v/.stderr
stdout                   = /users/students/r0678912/Downloads/zigzag/hls_impl/PE/Catapult/SIF/calypto_opt_v/.stdout
tclscript                = 
timeout                  = 0
memlimit                 = 0
transfer_globals         = 0
transfer_globals_filename= 
workdir                  = }

[29 sec] Spawn: /esat/micas-data/software/Mentor/catapult_10.5c/pkgs/cds_ppro/rls/platform/linux64/bin/abc_12aug15 in /users/students/r0678912/Downloads/zigzag/hls_impl/PE/Catapult/SIF/calypto_opt_v
[29 sec] Spawn: pid=3179328 for /esat/micas-data/software/Mentor/catapult_10.5c/pkgs/cds_ppro/rls/platform/linux64/bin/abc_12aug15
[30 sec] RunProgram: ErrorCode=(0,0)
[30 sec] AbsorbRuntime: from rusage, 0.052822u 0.010752s
[32 sec] RunSLECFromPowerPro: 
[32 sec] RunProgram: {
id                       = 
absorb_qor_file          = 1
absorb_resource_stats    = 1
absorb_runtime           = 1
program_name             = powerpro
args                     = {/users/students/r0678912/Downloads/zigzag/hls_impl/PE/Catapult/SIF/calypto_opt_v/iter_write_rtl/calypto_insert_obs/0/build.tcl, -slec, -workdir, /users/students/r0678912/Downloads/zigzag/hls_impl/PE/Catapult/SIF/calypto_opt_v/iter_write_rtl/calypto_insert_obs/0/build, -logfile, build.log, -e, set_global exit_on_error 1; set_global __exit_after_tcl_script_because 1, -license_daemon, mgcld, -mgls_license_file, }
background               = 0
cache_input_filenames    = {}
logfile                  = build.log
cache_output_filenames   = {}
platform                 = 64
pwd                      = 
qorfile                  = 
stderr                   = build.stderr
stdout                   = build.stdout
tclscript                = /users/students/r0678912/Downloads/zigzag/hls_impl/PE/Catapult/SIF/calypto_opt_v/iter_write_rtl/calypto_insert_obs/0/build.tcl
timeout                  = 0
memlimit                 = 0
transfer_globals         = 0
transfer_globals_filename= 
workdir                  = /users/students/r0678912/Downloads/zigzag/hls_impl/PE/Catapult/SIF/calypto_opt_v/iter_write_rtl/calypto_insert_obs/0/build}

[32 sec] Spawn: /esat/micas-data/software/Mentor/catapult_10.5c/pkgs/cds_ppro/rls/platform/linux64/bin/powerpro in /users/students/r0678912/Downloads/zigzag/hls_impl/PE/Catapult/SIF/calypto_opt_v
[32 sec] Spawn: pid=3179350 for /esat/micas-data/software/Mentor/catapult_10.5c/pkgs/cds_ppro/rls/platform/linux64/bin/powerpro
[34 sec] RunProgram: ErrorCode=(0,0)
[34 sec] ReadExitQORFile: from /users/students/r0678912/Downloads/zigzag/hls_impl/PE/Catapult/SIF/calypto_opt_v///users/students/r0678912/Downloads/zigzag/hls_impl/PE/Catapult/SIF/calypto_opt_v/iter_write_rtl/calypto_insert_obs/0/build/.qor, cpu=1, optimalcpu=1
[34 sec] AbsorbRuntime: from qor, cpu=1, optimal_cpu=1
[41 sec] RunProgram: {
id                       = bls
absorb_qor_file          = 1
absorb_resource_stats    = 0
absorb_runtime           = 1
program_name             = /esat/micas-data/software/Mentor/catapult_10.5c/pkgs/cds_ppro/rls/platform/linux64/bin/abc_12aug15
args                     = {-s, -f, /users/students/r0678912/Downloads/zigzag/hls_impl/PE/Catapult/SIF/calypto_opt_v/.sat_script}
background               = 0
cache_input_filenames    = {.sat_0.bench}
logfile                  = 
cache_output_filenames   = {.sat_output, .sat_counter_example}
platform                 = 64
pwd                      = 
qorfile                  = 
stderr                   = /users/students/r0678912/Downloads/zigzag/hls_impl/PE/Catapult/SIF/calypto_opt_v/.stderr
stdout                   = /users/students/r0678912/Downloads/zigzag/hls_impl/PE/Catapult/SIF/calypto_opt_v/.stdout
tclscript                = 
timeout                  = 0
memlimit                 = 0
transfer_globals         = 0
transfer_globals_filename= 
workdir                  = }

[41 sec] Spawn: /esat/micas-data/software/Mentor/catapult_10.5c/pkgs/cds_ppro/rls/platform/linux64/bin/abc_12aug15 in /users/students/r0678912/Downloads/zigzag/hls_impl/PE/Catapult/SIF/calypto_opt_v
[41 sec] Spawn: pid=3179423 for /esat/micas-data/software/Mentor/catapult_10.5c/pkgs/cds_ppro/rls/platform/linux64/bin/abc_12aug15
[41 sec] RunProgram: ErrorCode=(0,0)
[41 sec] AbsorbRuntime: from rusage, 0.052365u 0.01014s
[42 sec] RunProgram: {
id                       = bls
absorb_qor_file          = 1
absorb_resource_stats    = 0
absorb_runtime           = 1
program_name             = /esat/micas-data/software/Mentor/catapult_10.5c/pkgs/cds_ppro/rls/platform/linux64/bin/abc_12aug15
args                     = {-s, -f, /users/students/r0678912/Downloads/zigzag/hls_impl/PE/Catapult/SIF/calypto_opt_v/.sat_script}
background               = 0
cache_input_filenames    = {.sat_0.bench}
logfile                  = 
cache_output_filenames   = {.sat_output, .sat_counter_example}
platform                 = 64
pwd                      = 
qorfile                  = 
stderr                   = /users/students/r0678912/Downloads/zigzag/hls_impl/PE/Catapult/SIF/calypto_opt_v/.stderr
stdout                   = /users/students/r0678912/Downloads/zigzag/hls_impl/PE/Catapult/SIF/calypto_opt_v/.stdout
tclscript                = 
timeout                  = 0
memlimit                 = 0
transfer_globals         = 0
transfer_globals_filename= 
workdir                  = }

[42 sec] Spawn: /esat/micas-data/software/Mentor/catapult_10.5c/pkgs/cds_ppro/rls/platform/linux64/bin/abc_12aug15 in /users/students/r0678912/Downloads/zigzag/hls_impl/PE/Catapult/SIF/calypto_opt_v
[42 sec] Spawn: pid=3179424 for /esat/micas-data/software/Mentor/catapult_10.5c/pkgs/cds_ppro/rls/platform/linux64/bin/abc_12aug15
[42 sec] RunProgram: ErrorCode=(0,0)
[42 sec] AbsorbRuntime: from rusage, 0.053791u 0.007964s
[43 sec] RunProgram: {
id                       = bls
absorb_qor_file          = 1
absorb_resource_stats    = 0
absorb_runtime           = 1
program_name             = /esat/micas-data/software/Mentor/catapult_10.5c/pkgs/cds_ppro/rls/platform/linux64/bin/abc_12aug15
args                     = {-s, -f, /users/students/r0678912/Downloads/zigzag/hls_impl/PE/Catapult/SIF/calypto_opt_v/.sat_script}
background               = 0
cache_input_filenames    = {.sat_0.bench}
logfile                  = 
cache_output_filenames   = {.sat_output, .sat_counter_example}
platform                 = 64
pwd                      = 
qorfile                  = 
stderr                   = /users/students/r0678912/Downloads/zigzag/hls_impl/PE/Catapult/SIF/calypto_opt_v/.stderr
stdout                   = /users/students/r0678912/Downloads/zigzag/hls_impl/PE/Catapult/SIF/calypto_opt_v/.stdout
tclscript                = 
timeout                  = 0
memlimit                 = 0
transfer_globals         = 0
transfer_globals_filename= 
workdir                  = }

[43 sec] Spawn: /esat/micas-data/software/Mentor/catapult_10.5c/pkgs/cds_ppro/rls/platform/linux64/bin/abc_12aug15 in /users/students/r0678912/Downloads/zigzag/hls_impl/PE/Catapult/SIF/calypto_opt_v
[43 sec] Spawn: pid=3179425 for /esat/micas-data/software/Mentor/catapult_10.5c/pkgs/cds_ppro/rls/platform/linux64/bin/abc_12aug15
[43 sec] RunProgram: ErrorCode=(0,0)
[43 sec] AbsorbRuntime: from rusage, 0.052083u 0.010728s
[43 sec] RunProgram: {
id                       = bls
absorb_qor_file          = 1
absorb_resource_stats    = 0
absorb_runtime           = 1
program_name             = /esat/micas-data/software/Mentor/catapult_10.5c/pkgs/cds_ppro/rls/platform/linux64/bin/abc_12aug15
args                     = {-s, -f, /users/students/r0678912/Downloads/zigzag/hls_impl/PE/Catapult/SIF/calypto_opt_v/.sat_script}
background               = 0
cache_input_filenames    = {.sat_0.bench}
logfile                  = 
cache_output_filenames   = {.sat_output, .sat_counter_example}
platform                 = 64
pwd                      = 
qorfile                  = 
stderr                   = /users/students/r0678912/Downloads/zigzag/hls_impl/PE/Catapult/SIF/calypto_opt_v/.stderr
stdout                   = /users/students/r0678912/Downloads/zigzag/hls_impl/PE/Catapult/SIF/calypto_opt_v/.stdout
tclscript                = 
timeout                  = 0
memlimit                 = 0
transfer_globals         = 0
transfer_globals_filename= 
workdir                  = }

[43 sec] Spawn: /esat/micas-data/software/Mentor/catapult_10.5c/pkgs/cds_ppro/rls/platform/linux64/bin/abc_12aug15 in /users/students/r0678912/Downloads/zigzag/hls_impl/PE/Catapult/SIF/calypto_opt_v
[43 sec] Spawn: pid=3179426 for /esat/micas-data/software/Mentor/catapult_10.5c/pkgs/cds_ppro/rls/platform/linux64/bin/abc_12aug15
[43 sec] RunProgram: ErrorCode=(0,0)
[43 sec] AbsorbRuntime: from rusage, 0.051238u 0.009041s
[43 sec] RunProgram: {
id                       = bls
absorb_qor_file          = 1
absorb_resource_stats    = 0
absorb_runtime           = 1
program_name             = /esat/micas-data/software/Mentor/catapult_10.5c/pkgs/cds_ppro/rls/platform/linux64/bin/abc_12aug15
args                     = {-s, -f, /users/students/r0678912/Downloads/zigzag/hls_impl/PE/Catapult/SIF/calypto_opt_v/.sat_script}
background               = 0
cache_input_filenames    = {.sat_0.bench}
logfile                  = 
cache_output_filenames   = {.sat_output, .sat_counter_example}
platform                 = 64
pwd                      = 
qorfile                  = 
stderr                   = /users/students/r0678912/Downloads/zigzag/hls_impl/PE/Catapult/SIF/calypto_opt_v/.stderr
stdout                   = /users/students/r0678912/Downloads/zigzag/hls_impl/PE/Catapult/SIF/calypto_opt_v/.stdout
tclscript                = 
timeout                  = 0
memlimit                 = 0
transfer_globals         = 0
transfer_globals_filename= 
workdir                  = }

[43 sec] Spawn: /esat/micas-data/software/Mentor/catapult_10.5c/pkgs/cds_ppro/rls/platform/linux64/bin/abc_12aug15 in /users/students/r0678912/Downloads/zigzag/hls_impl/PE/Catapult/SIF/calypto_opt_v
[43 sec] Spawn: pid=3179427 for /esat/micas-data/software/Mentor/catapult_10.5c/pkgs/cds_ppro/rls/platform/linux64/bin/abc_12aug15
[43 sec] RunProgram: ErrorCode=(0,0)
[43 sec] AbsorbRuntime: from rusage, 0.053817u 0.00771s
[43 sec] RunProgram: {
id                       = bls
absorb_qor_file          = 1
absorb_resource_stats    = 0
absorb_runtime           = 1
program_name             = /esat/micas-data/software/Mentor/catapult_10.5c/pkgs/cds_ppro/rls/platform/linux64/bin/abc_12aug15
args                     = {-s, -f, /users/students/r0678912/Downloads/zigzag/hls_impl/PE/Catapult/SIF/calypto_opt_v/.sat_script}
background               = 0
cache_input_filenames    = {.sat_0.bench}
logfile                  = 
cache_output_filenames   = {.sat_output, .sat_counter_example}
platform                 = 64
pwd                      = 
qorfile                  = 
stderr                   = /users/students/r0678912/Downloads/zigzag/hls_impl/PE/Catapult/SIF/calypto_opt_v/.stderr
stdout                   = /users/students/r0678912/Downloads/zigzag/hls_impl/PE/Catapult/SIF/calypto_opt_v/.stdout
tclscript                = 
timeout                  = 0
memlimit                 = 0
transfer_globals         = 0
transfer_globals_filename= 
workdir                  = }

[43 sec] Spawn: /esat/micas-data/software/Mentor/catapult_10.5c/pkgs/cds_ppro/rls/platform/linux64/bin/abc_12aug15 in /users/students/r0678912/Downloads/zigzag/hls_impl/PE/Catapult/SIF/calypto_opt_v
[43 sec] Spawn: pid=3179429 for /esat/micas-data/software/Mentor/catapult_10.5c/pkgs/cds_ppro/rls/platform/linux64/bin/abc_12aug15
[43 sec] RunProgram: ErrorCode=(0,0)
[43 sec] AbsorbRuntime: from rusage, 0.056048u 0.004078s
[44 sec] RunProgram: {
id                       = bls
absorb_qor_file          = 1
absorb_resource_stats    = 0
absorb_runtime           = 1
program_name             = /esat/micas-data/software/Mentor/catapult_10.5c/pkgs/cds_ppro/rls/platform/linux64/bin/abc_12aug15
args                     = {-s, -f, /users/students/r0678912/Downloads/zigzag/hls_impl/PE/Catapult/SIF/calypto_opt_v/.sat_script}
background               = 0
cache_input_filenames    = {.sat_0.bench}
logfile                  = 
cache_output_filenames   = {.sat_output, .sat_counter_example}
platform                 = 64
pwd                      = 
qorfile                  = 
stderr                   = /users/students/r0678912/Downloads/zigzag/hls_impl/PE/Catapult/SIF/calypto_opt_v/.stderr
stdout                   = /users/students/r0678912/Downloads/zigzag/hls_impl/PE/Catapult/SIF/calypto_opt_v/.stdout
tclscript                = 
timeout                  = 0
memlimit                 = 0
transfer_globals         = 0
transfer_globals_filename= 
workdir                  = }

[44 sec] Spawn: /esat/micas-data/software/Mentor/catapult_10.5c/pkgs/cds_ppro/rls/platform/linux64/bin/abc_12aug15 in /users/students/r0678912/Downloads/zigzag/hls_impl/PE/Catapult/SIF/calypto_opt_v
[44 sec] Spawn: pid=3179430 for /esat/micas-data/software/Mentor/catapult_10.5c/pkgs/cds_ppro/rls/platform/linux64/bin/abc_12aug15
[44 sec] RunProgram: ErrorCode=(0,0)
[44 sec] AbsorbRuntime: from rusage, 0.057759u 0.009706s
[44 sec] RunProgram: {
id                       = bls
absorb_qor_file          = 1
absorb_resource_stats    = 0
absorb_runtime           = 1
program_name             = /esat/micas-data/software/Mentor/catapult_10.5c/pkgs/cds_ppro/rls/platform/linux64/bin/abc_12aug15
args                     = {-s, -f, /users/students/r0678912/Downloads/zigzag/hls_impl/PE/Catapult/SIF/calypto_opt_v/.sat_script}
background               = 0
cache_input_filenames    = {.sat_0.bench}
logfile                  = 
cache_output_filenames   = {.sat_output, .sat_counter_example}
platform                 = 64
pwd                      = 
qorfile                  = 
stderr                   = /users/students/r0678912/Downloads/zigzag/hls_impl/PE/Catapult/SIF/calypto_opt_v/.stderr
stdout                   = /users/students/r0678912/Downloads/zigzag/hls_impl/PE/Catapult/SIF/calypto_opt_v/.stdout
tclscript                = 
timeout                  = 0
memlimit                 = 0
transfer_globals         = 0
transfer_globals_filename= 
workdir                  = }

[44 sec] Spawn: /esat/micas-data/software/Mentor/catapult_10.5c/pkgs/cds_ppro/rls/platform/linux64/bin/abc_12aug15 in /users/students/r0678912/Downloads/zigzag/hls_impl/PE/Catapult/SIF/calypto_opt_v
[44 sec] Spawn: pid=3179431 for /esat/micas-data/software/Mentor/catapult_10.5c/pkgs/cds_ppro/rls/platform/linux64/bin/abc_12aug15
[44 sec] RunProgram: ErrorCode=(0,0)
[44 sec] AbsorbRuntime: from rusage, 0.055192u 0.007018s
[44 sec] RunProgram: {
id                       = bls
absorb_qor_file          = 1
absorb_resource_stats    = 0
absorb_runtime           = 1
program_name             = /esat/micas-data/software/Mentor/catapult_10.5c/pkgs/cds_ppro/rls/platform/linux64/bin/abc_12aug15
args                     = {-s, -f, /users/students/r0678912/Downloads/zigzag/hls_impl/PE/Catapult/SIF/calypto_opt_v/.sat_script}
background               = 0
cache_input_filenames    = {.sat_0.bench}
logfile                  = 
cache_output_filenames   = {.sat_output, .sat_counter_example}
platform                 = 64
pwd                      = 
qorfile                  = 
stderr                   = /users/students/r0678912/Downloads/zigzag/hls_impl/PE/Catapult/SIF/calypto_opt_v/.stderr
stdout                   = /users/students/r0678912/Downloads/zigzag/hls_impl/PE/Catapult/SIF/calypto_opt_v/.stdout
tclscript                = 
timeout                  = 0
memlimit                 = 0
transfer_globals         = 0
transfer_globals_filename= 
workdir                  = }

[44 sec] Spawn: /esat/micas-data/software/Mentor/catapult_10.5c/pkgs/cds_ppro/rls/platform/linux64/bin/abc_12aug15 in /users/students/r0678912/Downloads/zigzag/hls_impl/PE/Catapult/SIF/calypto_opt_v
[44 sec] Spawn: pid=3179432 for /esat/micas-data/software/Mentor/catapult_10.5c/pkgs/cds_ppro/rls/platform/linux64/bin/abc_12aug15
[44 sec] RunProgram: ErrorCode=(0,0)
[44 sec] AbsorbRuntime: from rusage, 0.053894u 0.007473s
[44 sec] RunProgram: {
id                       = bls
absorb_qor_file          = 1
absorb_resource_stats    = 0
absorb_runtime           = 1
program_name             = /esat/micas-data/software/Mentor/catapult_10.5c/pkgs/cds_ppro/rls/platform/linux64/bin/abc_12aug15
args                     = {-s, -f, /users/students/r0678912/Downloads/zigzag/hls_impl/PE/Catapult/SIF/calypto_opt_v/.sat_script}
background               = 0
cache_input_filenames    = {.sat_0.bench}
logfile                  = 
cache_output_filenames   = {.sat_output, .sat_counter_example}
platform                 = 64
pwd                      = 
qorfile                  = 
stderr                   = /users/students/r0678912/Downloads/zigzag/hls_impl/PE/Catapult/SIF/calypto_opt_v/.stderr
stdout                   = /users/students/r0678912/Downloads/zigzag/hls_impl/PE/Catapult/SIF/calypto_opt_v/.stdout
tclscript                = 
timeout                  = 0
memlimit                 = 0
transfer_globals         = 0
transfer_globals_filename= 
workdir                  = }

[44 sec] Spawn: /esat/micas-data/software/Mentor/catapult_10.5c/pkgs/cds_ppro/rls/platform/linux64/bin/abc_12aug15 in /users/students/r0678912/Downloads/zigzag/hls_impl/PE/Catapult/SIF/calypto_opt_v
[44 sec] Spawn: pid=3179433 for /esat/micas-data/software/Mentor/catapult_10.5c/pkgs/cds_ppro/rls/platform/linux64/bin/abc_12aug15
[44 sec] RunProgram: ErrorCode=(0,0)
[44 sec] AbsorbRuntime: from rusage, 0.054512u 0.008435s
[44 sec] RunProgram: {
id                       = bls
absorb_qor_file          = 1
absorb_resource_stats    = 0
absorb_runtime           = 1
program_name             = /esat/micas-data/software/Mentor/catapult_10.5c/pkgs/cds_ppro/rls/platform/linux64/bin/abc_12aug15
args                     = {-s, -f, /users/students/r0678912/Downloads/zigzag/hls_impl/PE/Catapult/SIF/calypto_opt_v/.sat_script}
background               = 0
cache_input_filenames    = {.sat_0.bench}
logfile                  = 
cache_output_filenames   = {.sat_output, .sat_counter_example}
platform                 = 64
pwd                      = 
qorfile                  = 
stderr                   = /users/students/r0678912/Downloads/zigzag/hls_impl/PE/Catapult/SIF/calypto_opt_v/.stderr
stdout                   = /users/students/r0678912/Downloads/zigzag/hls_impl/PE/Catapult/SIF/calypto_opt_v/.stdout
tclscript                = 
timeout                  = 0
memlimit                 = 0
transfer_globals         = 0
transfer_globals_filename= 
workdir                  = }

[44 sec] Spawn: /esat/micas-data/software/Mentor/catapult_10.5c/pkgs/cds_ppro/rls/platform/linux64/bin/abc_12aug15 in /users/students/r0678912/Downloads/zigzag/hls_impl/PE/Catapult/SIF/calypto_opt_v
[44 sec] Spawn: pid=3179434 for /esat/micas-data/software/Mentor/catapult_10.5c/pkgs/cds_ppro/rls/platform/linux64/bin/abc_12aug15
[44 sec] RunProgram: ErrorCode=(0,0)
[44 sec] AbsorbRuntime: from rusage, 0.052949u 0.007734s
[45 sec] RunProgram: {
id                       = bls
absorb_qor_file          = 1
absorb_resource_stats    = 0
absorb_runtime           = 1
program_name             = /esat/micas-data/software/Mentor/catapult_10.5c/pkgs/cds_ppro/rls/platform/linux64/bin/abc_12aug15
args                     = {-s, -f, /users/students/r0678912/Downloads/zigzag/hls_impl/PE/Catapult/SIF/calypto_opt_v/.sat_script}
background               = 0
cache_input_filenames    = {.sat_0.bench}
logfile                  = 
cache_output_filenames   = {.sat_output, .sat_counter_example}
platform                 = 64
pwd                      = 
qorfile                  = 
stderr                   = /users/students/r0678912/Downloads/zigzag/hls_impl/PE/Catapult/SIF/calypto_opt_v/.stderr
stdout                   = /users/students/r0678912/Downloads/zigzag/hls_impl/PE/Catapult/SIF/calypto_opt_v/.stdout
tclscript                = 
timeout                  = 0
memlimit                 = 0
transfer_globals         = 0
transfer_globals_filename= 
workdir                  = }

[45 sec] Spawn: /esat/micas-data/software/Mentor/catapult_10.5c/pkgs/cds_ppro/rls/platform/linux64/bin/abc_12aug15 in /users/students/r0678912/Downloads/zigzag/hls_impl/PE/Catapult/SIF/calypto_opt_v
[45 sec] Spawn: pid=3179435 for /esat/micas-data/software/Mentor/catapult_10.5c/pkgs/cds_ppro/rls/platform/linux64/bin/abc_12aug15
[45 sec] RunProgram: ErrorCode=(0,0)
[45 sec] AbsorbRuntime: from rusage, 0.056266u 0.006584s
[45 sec] RunProgram: {
id                       = bls
absorb_qor_file          = 1
absorb_resource_stats    = 0
absorb_runtime           = 1
program_name             = /esat/micas-data/software/Mentor/catapult_10.5c/pkgs/cds_ppro/rls/platform/linux64/bin/abc_12aug15
args                     = {-s, -f, /users/students/r0678912/Downloads/zigzag/hls_impl/PE/Catapult/SIF/calypto_opt_v/.sat_script}
background               = 0
cache_input_filenames    = {.sat_0.bench}
logfile                  = 
cache_output_filenames   = {.sat_output, .sat_counter_example}
platform                 = 64
pwd                      = 
qorfile                  = 
stderr                   = /users/students/r0678912/Downloads/zigzag/hls_impl/PE/Catapult/SIF/calypto_opt_v/.stderr
stdout                   = /users/students/r0678912/Downloads/zigzag/hls_impl/PE/Catapult/SIF/calypto_opt_v/.stdout
tclscript                = 
timeout                  = 0
memlimit                 = 0
transfer_globals         = 0
transfer_globals_filename= 
workdir                  = }

[45 sec] Spawn: /esat/micas-data/software/Mentor/catapult_10.5c/pkgs/cds_ppro/rls/platform/linux64/bin/abc_12aug15 in /users/students/r0678912/Downloads/zigzag/hls_impl/PE/Catapult/SIF/calypto_opt_v
[45 sec] Spawn: pid=3179436 for /esat/micas-data/software/Mentor/catapult_10.5c/pkgs/cds_ppro/rls/platform/linux64/bin/abc_12aug15
[45 sec] RunProgram: ErrorCode=(0,0)
[45 sec] AbsorbRuntime: from rusage, 0.05335u 0.008202s
[45 sec] RunProgram: {
id                       = bls
absorb_qor_file          = 1
absorb_resource_stats    = 0
absorb_runtime           = 1
program_name             = /esat/micas-data/software/Mentor/catapult_10.5c/pkgs/cds_ppro/rls/platform/linux64/bin/abc_12aug15
args                     = {-s, -f, /users/students/r0678912/Downloads/zigzag/hls_impl/PE/Catapult/SIF/calypto_opt_v/.sat_script}
background               = 0
cache_input_filenames    = {.sat_0.bench}
logfile                  = 
cache_output_filenames   = {.sat_output, .sat_counter_example}
platform                 = 64
pwd                      = 
qorfile                  = 
stderr                   = /users/students/r0678912/Downloads/zigzag/hls_impl/PE/Catapult/SIF/calypto_opt_v/.stderr
stdout                   = /users/students/r0678912/Downloads/zigzag/hls_impl/PE/Catapult/SIF/calypto_opt_v/.stdout
tclscript                = 
timeout                  = 0
memlimit                 = 0
transfer_globals         = 0
transfer_globals_filename= 
workdir                  = }

[45 sec] Spawn: /esat/micas-data/software/Mentor/catapult_10.5c/pkgs/cds_ppro/rls/platform/linux64/bin/abc_12aug15 in /users/students/r0678912/Downloads/zigzag/hls_impl/PE/Catapult/SIF/calypto_opt_v
[45 sec] Spawn: pid=3179437 for /esat/micas-data/software/Mentor/catapult_10.5c/pkgs/cds_ppro/rls/platform/linux64/bin/abc_12aug15
[45 sec] RunProgram: ErrorCode=(0,0)
[45 sec] AbsorbRuntime: from rusage, 0.04965u 0.010487s
[45 sec] RunProgram: {
id                       = bls
absorb_qor_file          = 1
absorb_resource_stats    = 0
absorb_runtime           = 1
program_name             = /esat/micas-data/software/Mentor/catapult_10.5c/pkgs/cds_ppro/rls/platform/linux64/bin/abc_12aug15
args                     = {-s, -f, /users/students/r0678912/Downloads/zigzag/hls_impl/PE/Catapult/SIF/calypto_opt_v/.sat_script}
background               = 0
cache_input_filenames    = {.sat_0.bench}
logfile                  = 
cache_output_filenames   = {.sat_output, .sat_counter_example}
platform                 = 64
pwd                      = 
qorfile                  = 
stderr                   = /users/students/r0678912/Downloads/zigzag/hls_impl/PE/Catapult/SIF/calypto_opt_v/.stderr
stdout                   = /users/students/r0678912/Downloads/zigzag/hls_impl/PE/Catapult/SIF/calypto_opt_v/.stdout
tclscript                = 
timeout                  = 0
memlimit                 = 0
transfer_globals         = 0
transfer_globals_filename= 
workdir                  = }

[45 sec] Spawn: /esat/micas-data/software/Mentor/catapult_10.5c/pkgs/cds_ppro/rls/platform/linux64/bin/abc_12aug15 in /users/students/r0678912/Downloads/zigzag/hls_impl/PE/Catapult/SIF/calypto_opt_v
[45 sec] Spawn: pid=3179438 for /esat/micas-data/software/Mentor/catapult_10.5c/pkgs/cds_ppro/rls/platform/linux64/bin/abc_12aug15
[45 sec] RunProgram: ErrorCode=(0,0)
[45 sec] AbsorbRuntime: from rusage, 0.052376u 0.009046s
[45 sec] RunProgram: {
id                       = bls
absorb_qor_file          = 1
absorb_resource_stats    = 0
absorb_runtime           = 1
program_name             = /esat/micas-data/software/Mentor/catapult_10.5c/pkgs/cds_ppro/rls/platform/linux64/bin/abc_12aug15
args                     = {-s, -f, /users/students/r0678912/Downloads/zigzag/hls_impl/PE/Catapult/SIF/calypto_opt_v/.sat_script}
background               = 0
cache_input_filenames    = {.sat_0.bench}
logfile                  = 
cache_output_filenames   = {.sat_output, .sat_counter_example}
platform                 = 64
pwd                      = 
qorfile                  = 
stderr                   = /users/students/r0678912/Downloads/zigzag/hls_impl/PE/Catapult/SIF/calypto_opt_v/.stderr
stdout                   = /users/students/r0678912/Downloads/zigzag/hls_impl/PE/Catapult/SIF/calypto_opt_v/.stdout
tclscript                = 
timeout                  = 0
memlimit                 = 0
transfer_globals         = 0
transfer_globals_filename= 
workdir                  = }

[45 sec] Spawn: /esat/micas-data/software/Mentor/catapult_10.5c/pkgs/cds_ppro/rls/platform/linux64/bin/abc_12aug15 in /users/students/r0678912/Downloads/zigzag/hls_impl/PE/Catapult/SIF/calypto_opt_v
[45 sec] Spawn: pid=3179439 for /esat/micas-data/software/Mentor/catapult_10.5c/pkgs/cds_ppro/rls/platform/linux64/bin/abc_12aug15
[45 sec] RunProgram: ErrorCode=(0,0)
[45 sec] AbsorbRuntime: from rusage, 0.050504u 0.009892s
[46 sec] RunProgram: {
id                       = bls
absorb_qor_file          = 1
absorb_resource_stats    = 0
absorb_runtime           = 1
program_name             = /esat/micas-data/software/Mentor/catapult_10.5c/pkgs/cds_ppro/rls/platform/linux64/bin/abc_12aug15
args                     = {-s, -f, /users/students/r0678912/Downloads/zigzag/hls_impl/PE/Catapult/SIF/calypto_opt_v/.sat_script}
background               = 0
cache_input_filenames    = {.sat_0.bench}
logfile                  = 
cache_output_filenames   = {.sat_output, .sat_counter_example}
platform                 = 64
pwd                      = 
qorfile                  = 
stderr                   = /users/students/r0678912/Downloads/zigzag/hls_impl/PE/Catapult/SIF/calypto_opt_v/.stderr
stdout                   = /users/students/r0678912/Downloads/zigzag/hls_impl/PE/Catapult/SIF/calypto_opt_v/.stdout
tclscript                = 
timeout                  = 0
memlimit                 = 0
transfer_globals         = 0
transfer_globals_filename= 
workdir                  = }

[46 sec] Spawn: /esat/micas-data/software/Mentor/catapult_10.5c/pkgs/cds_ppro/rls/platform/linux64/bin/abc_12aug15 in /users/students/r0678912/Downloads/zigzag/hls_impl/PE/Catapult/SIF/calypto_opt_v
[46 sec] Spawn: pid=3179440 for /esat/micas-data/software/Mentor/catapult_10.5c/pkgs/cds_ppro/rls/platform/linux64/bin/abc_12aug15
[46 sec] RunProgram: ErrorCode=(0,0)
[46 sec] AbsorbRuntime: from rusage, 0.056189u 0.008001s
[46 sec] RunProgram: {
id                       = bls
absorb_qor_file          = 1
absorb_resource_stats    = 0
absorb_runtime           = 1
program_name             = /esat/micas-data/software/Mentor/catapult_10.5c/pkgs/cds_ppro/rls/platform/linux64/bin/abc_12aug15
args                     = {-s, -f, /users/students/r0678912/Downloads/zigzag/hls_impl/PE/Catapult/SIF/calypto_opt_v/.sat_script}
background               = 0
cache_input_filenames    = {.sat_0.bench}
logfile                  = 
cache_output_filenames   = {.sat_output, .sat_counter_example}
platform                 = 64
pwd                      = 
qorfile                  = 
stderr                   = /users/students/r0678912/Downloads/zigzag/hls_impl/PE/Catapult/SIF/calypto_opt_v/.stderr
stdout                   = /users/students/r0678912/Downloads/zigzag/hls_impl/PE/Catapult/SIF/calypto_opt_v/.stdout
tclscript                = 
timeout                  = 0
memlimit                 = 0
transfer_globals         = 0
transfer_globals_filename= 
workdir                  = }

[46 sec] Spawn: /esat/micas-data/software/Mentor/catapult_10.5c/pkgs/cds_ppro/rls/platform/linux64/bin/abc_12aug15 in /users/students/r0678912/Downloads/zigzag/hls_impl/PE/Catapult/SIF/calypto_opt_v
[46 sec] Spawn: pid=3179441 for /esat/micas-data/software/Mentor/catapult_10.5c/pkgs/cds_ppro/rls/platform/linux64/bin/abc_12aug15
[46 sec] RunProgram: ErrorCode=(0,0)
[46 sec] AbsorbRuntime: from rusage, 0.0514u 0.010332s
[46 sec] RunProgram: {
id                       = bls
absorb_qor_file          = 1
absorb_resource_stats    = 0
absorb_runtime           = 1
program_name             = /esat/micas-data/software/Mentor/catapult_10.5c/pkgs/cds_ppro/rls/platform/linux64/bin/abc_12aug15
args                     = {-s, -f, /users/students/r0678912/Downloads/zigzag/hls_impl/PE/Catapult/SIF/calypto_opt_v/.sat_script}
background               = 0
cache_input_filenames    = {.sat_0.bench}
logfile                  = 
cache_output_filenames   = {.sat_output, .sat_counter_example}
platform                 = 64
pwd                      = 
qorfile                  = 
stderr                   = /users/students/r0678912/Downloads/zigzag/hls_impl/PE/Catapult/SIF/calypto_opt_v/.stderr
stdout                   = /users/students/r0678912/Downloads/zigzag/hls_impl/PE/Catapult/SIF/calypto_opt_v/.stdout
tclscript                = 
timeout                  = 0
memlimit                 = 0
transfer_globals         = 0
transfer_globals_filename= 
workdir                  = }

[46 sec] Spawn: /esat/micas-data/software/Mentor/catapult_10.5c/pkgs/cds_ppro/rls/platform/linux64/bin/abc_12aug15 in /users/students/r0678912/Downloads/zigzag/hls_impl/PE/Catapult/SIF/calypto_opt_v
[46 sec] Spawn: pid=3179442 for /esat/micas-data/software/Mentor/catapult_10.5c/pkgs/cds_ppro/rls/platform/linux64/bin/abc_12aug15
[46 sec] RunProgram: ErrorCode=(0,0)
[46 sec] AbsorbRuntime: from rusage, 0.049667u 0.010396s
[47 sec] RunProgram: {
id                       = bls
absorb_qor_file          = 1
absorb_resource_stats    = 0
absorb_runtime           = 1
program_name             = /esat/micas-data/software/Mentor/catapult_10.5c/pkgs/cds_ppro/rls/platform/linux64/bin/abc_12aug15
args                     = {-s, -f, /users/students/r0678912/Downloads/zigzag/hls_impl/PE/Catapult/SIF/calypto_opt_v/.sat_script}
background               = 0
cache_input_filenames    = {.sat_0.bench}
logfile                  = 
cache_output_filenames   = {.sat_output, .sat_counter_example}
platform                 = 64
pwd                      = 
qorfile                  = 
stderr                   = /users/students/r0678912/Downloads/zigzag/hls_impl/PE/Catapult/SIF/calypto_opt_v/.stderr
stdout                   = /users/students/r0678912/Downloads/zigzag/hls_impl/PE/Catapult/SIF/calypto_opt_v/.stdout
tclscript                = 
timeout                  = 0
memlimit                 = 0
transfer_globals         = 0
transfer_globals_filename= 
workdir                  = }

[47 sec] Spawn: /esat/micas-data/software/Mentor/catapult_10.5c/pkgs/cds_ppro/rls/platform/linux64/bin/abc_12aug15 in /users/students/r0678912/Downloads/zigzag/hls_impl/PE/Catapult/SIF/calypto_opt_v
[47 sec] Spawn: pid=3179443 for /esat/micas-data/software/Mentor/catapult_10.5c/pkgs/cds_ppro/rls/platform/linux64/bin/abc_12aug15
[47 sec] RunProgram: ErrorCode=(0,0)
[47 sec] AbsorbRuntime: from rusage, 0.029343u 0.009099s
[51 sec] RunSLECFromPowerPro: 
[51 sec] RunProgram: {
id                       = 
absorb_qor_file          = 1
absorb_resource_stats    = 1
absorb_runtime           = 1
program_name             = powerpro
args                     = {/users/students/r0678912/Downloads/zigzag/hls_impl/PE/Catapult/SIF/calypto_opt_v/iter_write_rtl/calypto_insert_stb_c/0/build.tcl, -slec, -workdir, /users/students/r0678912/Downloads/zigzag/hls_impl/PE/Catapult/SIF/calypto_opt_v/iter_write_rtl/calypto_insert_stb_c/0/build, -logfile, build.log, -e, set_global exit_on_error 1; set_global __exit_after_tcl_script_because 1, -license_daemon, mgcld, -mgls_license_file, }
background               = 0
cache_input_filenames    = {}
logfile                  = build.log
cache_output_filenames   = {}
platform                 = 64
pwd                      = 
qorfile                  = 
stderr                   = build.stderr
stdout                   = build.stdout
tclscript                = /users/students/r0678912/Downloads/zigzag/hls_impl/PE/Catapult/SIF/calypto_opt_v/iter_write_rtl/calypto_insert_stb_c/0/build.tcl
timeout                  = 0
memlimit                 = 0
transfer_globals         = 0
transfer_globals_filename= 
workdir                  = /users/students/r0678912/Downloads/zigzag/hls_impl/PE/Catapult/SIF/calypto_opt_v/iter_write_rtl/calypto_insert_stb_c/0/build}

[51 sec] Spawn: /esat/micas-data/software/Mentor/catapult_10.5c/pkgs/cds_ppro/rls/platform/linux64/bin/powerpro in /users/students/r0678912/Downloads/zigzag/hls_impl/PE/Catapult/SIF/calypto_opt_v
[51 sec] Spawn: pid=3179453 for /esat/micas-data/software/Mentor/catapult_10.5c/pkgs/cds_ppro/rls/platform/linux64/bin/powerpro
[52 sec] RunProgram: ErrorCode=(0,0)
[52 sec] ReadExitQORFile: from /users/students/r0678912/Downloads/zigzag/hls_impl/PE/Catapult/SIF/calypto_opt_v///users/students/r0678912/Downloads/zigzag/hls_impl/PE/Catapult/SIF/calypto_opt_v/iter_write_rtl/calypto_insert_stb_c/0/build/.qor, cpu=1, optimalcpu=1
[52 sec] AbsorbRuntime: from qor, cpu=1, optimal_cpu=1
