[0 sec] RunProgram: {
id                       = 
absorb_qor_file          = 1
absorb_resource_stats    = 0
absorb_runtime           = 0
program_name             = /esat/micas-data/software/Mentor/catapult_10.5c/pkgs/cds_ppro/rls/platform/common/prof/proc_info
args                     = {3179453, .stack_trace.log, 600}
background               = 1
cache_input_filenames    = {}
logfile                  = 
cache_output_filenames   = {}
platform                 = 64
pwd                      = 
qorfile                  = 
stderr                   = /dev/null
stdout                   = /dev/null
tclscript                = 
timeout                  = 0
memlimit                 = 0
transfer_globals         = 0
transfer_globals_filename= 
workdir                  = }

[0 sec] Spawn: /esat/micas-data/software/Mentor/catapult_10.5c/pkgs/cds_ppro/rls/platform/common/prof/proc_info in /users/students/r0678912/Downloads/zigzag/hls_impl/PE/Catapult/SIF/calypto_opt_v/iter_write_rtl/calypto_insert_stb_c/0/build
[0 sec] Spawn: pid=3179487 for /esat/micas-data/software/Mentor/catapult_10.5c/pkgs/cds_ppro/rls/platform/common/prof/proc_info
[0 sec] RunProgram: background job detached
