# vsim -t ps -wlf ./Catapult/SIF/scverify/prepwr_top_5_32_1_1_O_addr_type_L1_32_1_1_I_addr_type_L1_32_1_1_W_addr_type_L1_5_288_8_8_O_addr_type_L2_312_8_8_I_addr_type_L2_1728_8_8_W_addr_type_L2_5_8640_8_8_O_addr_type_L3_8640_8_8_I_addr_type_L3_55296_8_8_W_addr_type_L3_O_p000000_v_msim/vsim.wlf -l ./Catapult/SIF/scverify/prepwr_top_5_32_1_1_O_addr_type_L1_32_1_1_I_addr_type_L1_32_1_1_W_addr_type_L1_5_288_8_8_O_addr_type_L2_312_8_8_I_addr_type_L2_1728_8_8_W_addr_type_L2_5_8640_8_8_O_addr_type_L3_8640_8_8_I_addr_type_L3_55296_8_8_W_addr_type_L3_O_p000000_v_msim/sim.log -L ./Catapult/SIF/scverify/prepwr_top_5_32_1_1_O_addr_type_L1_32_1_1_I_addr_type_L1_32_1_1_W_addr_type_L1_5_288_8_8_O_addr_type_L2_312_8_8_I_addr_type_L2_1728_8_8_W_addr_type_L2_5_8640_8_8_O_addr_type_L3_8640_8_8_I_addr_type_L3_55296_8_8_W_addr_type_L3_O_p000000_v_msim/work -L ./Catapult/SIF/scverify/prepwr_top_5_32_1_1_O_addr_type_L1_32_1_1_I_addr_type_L1_32_1_1_W_addr_type_L1_5_288_8_8_O_addr_type_L2_312_8_8_I_addr_type_L2_1728_8_8_W_addr_type_L2_5_8640_8_8_O_addr_type_L3_8640_8_8_I_addr_type_L3_55296_8_8_W_addr_type_L3_O_p000000_v_msim/mgc_hls scverify_top_opt -c -do "do {./Catapult/SIF/scverify/prepwr_top_5_32_1_1_O_addr_type_L1_32_1_1_I_addr_type_L1_32_1_1_W_addr_type_L1_5_288_8_8_O_addr_type_L2_312_8_8_I_addr_type_L2_1728_8_8_W_addr_type_L2_5_8640_8_8_O_addr_type_L3_8640_8_8_I_addr_type_L3_55296_8_8_W_addr_type_L3_O_p000000_v_msim/scverify_msim_wave.tcl}" 
# Start time: 11:46:13 on Jul 13,2021
# //  Questa Sim-64
# //  Version 2020.4 linux_x86_64 Oct 13 2020
# //
# //  Copyright 1991-2020 Mentor Graphics Corporation
# //  All Rights Reserved.
# //
# //  QuestaSim and its associated documentation contain trade
# //  secrets and commercial or financial information that are the property of
# //  Mentor Graphics Corporation and are privileged, confidential,
# //  and exempt from disclosure under the Freedom of Information Act,
# //  5 U.S.C. Section 552. Furthermore, this information
# //  is prohibited from disclosure under the Trade Secrets Act,
# //  18 U.S.C. Section 1905.
# //
# Loading /users/students/r0678912/Downloads/zigzag/hls_impl/PE/Catapult/SIF/scverify/prepwr_top_5_32_1_1_O_addr_type_L1_32_1_1_I_addr_type_L1_32_1_1_W_addr_type_L1_5_288_8_8_O_addr_type_L2_312_8_8_I_addr_type_L2_1728_8_8_W_addr_type_L2_5_8640_8_8_O_addr_type_L3_8640_8_8_I_addr_type_L3_55296_8_8_W_addr_type_L3_O_p000000_v_msim/work/_sc/linux_x86_64_gcc-7.4.0/systemc.so
# Loading /users/students/r0678912/Downloads/zigzag/hls_impl/PE/Catapult/SIF/scverify/prepwr_top_5_32_1_1_O_addr_type_L1_32_1_1_I_addr_type_L1_32_1_1_W_addr_type_L1_5_288_8_8_O_addr_type_L2_312_8_8_I_addr_type_L2_1728_8_8_W_addr_type_L2_5_8640_8_8_O_addr_type_L3_8640_8_8_I_addr_type_L3_55296_8_8_W_addr_type_L3_O_p000000_v_msim/work.scverify_top
# Info: CCS_CLK_CTOR: Clock 'clk' - Using default clock period '10 ns'
# Loading work.top_5_32_1_1_O_addr_type_L1_32_1_1_I_addr_type_L1_32_1_1_W_addr_type_L1_5_288_8_8_O_addr_type_L2_312_8_8_I_addr_type_L2_1728_8_8_W_addr_type_L2_5_8640_8_8_O_addr_type_L3_8640_8_8_I_addr_type_L3_55296_8_8_W_addr_type_L3_O_partial_000000(fast)
# ** Note: (vsim-17423) SystemC IEEE 1666 deprecated warnings are suppressed by default. Enable the 'ScShowIeeeDeprecationWarnings' modelsim.ini variable to get more information about the suppressed warnings.
# Loading work.topless_5comma_32comma_1comma_1comma_O_addr_type_L1comma_32comma_1comma_1comma_I_addr_type_L1comma_32comma_1comma_1comma_W_addr_type_L1comma_5comma_288comma_8comma_8comma_O_addr_type_L2comma_312comma_8comma_8comma_I_addr_type_L2c000000(fast)
# Loading work.topless_5comma_32comma_1comma_1comma_O_addr_type_L1comma_32comma_1comma_1comma_I_addr_type_L1comma_32comma_1comma_1comma_W_addr_type_L1comma_5comma_288comma_8comma_8comma_O_addr_type_L2comma_312comma_8comma_8comma_I_addr_type_L2c000001(fast)
# Loading work.topless_5comma_32comma_1comma_1comma_O_addr_type_L1comma_32comma_1comma_1comma_I_addr_type_L1comma_32comma_1comma_1comma_W_addr_type_L1comma_5comma_288comma_8comma_8comma_O_addr_type_L2comma_312comma_8comma_8comma_I_addr_type_L2c000155(fast)
# Loading work.topless_5comma_32comma_1comma_1comma_O_addr_type_L1comma_32comma_1comma_1comma_I_addr_type_L1comma_32comma_1comma_1comma_W_addr_type_L1comma_5comma_288comma_8comma_8comma_O_addr_type_L2comma_312comma_8comma_8comma_I_addr_type_L2c000154(fast)
# Loading ./Catapult/SIF/scverify/prepwr_top_5_32_1_1_O_addr_type_L1_32_1_1_I_addr_type_L1_32_1_1_W_addr_type_L1_5_288_8_8_O_addr_type_L2_312_8_8_I_addr_type_L2_1728_8_8_W_addr_type_L2_5_8640_8_8_O_addr_type_L3_8640_8_8_I_addr_type_L3_55296_8_8_W_addr_type_L3_O_p000000_v_msim/mgc_hls.topless_5comma_32comma_1comma_1comma_O_addr_type_L1comma_32comma_1comma_1comma_I_addr_type_L1comma_32comma_1comma_1comma_W_addr_type_L1comma_5comma_288comma_8comma_8comma_O_addr_type_L2comma_312comma_8comma_8comma_I_addr_type_L2c000152(fast)
# Loading ./Catapult/SIF/scverify/prepwr_top_5_32_1_1_O_addr_type_L1_32_1_1_I_addr_type_L1_32_1_1_W_addr_type_L1_5_288_8_8_O_addr_type_L2_312_8_8_I_addr_type_L2_1728_8_8_W_addr_type_L2_5_8640_8_8_O_addr_type_L3_8640_8_8_I_addr_type_L3_55296_8_8_W_addr_type_L3_O_p000000_v_msim/mgc_hls.topless_5comma_32comma_1comma_1comma_O_addr_type_L1comma_32comma_1comma_1comma_I_addr_type_L1comma_32comma_1comma_1comma_W_addr_type_L1comma_5comma_288comma_8comma_8comma_O_addr_type_L2comma_312comma_8comma_8comma_I_addr_type_L2c000152(fast__1)
# Loading ./Catapult/SIF/scverify/prepwr_top_5_32_1_1_O_addr_type_L1_32_1_1_I_addr_type_L1_32_1_1_W_addr_type_L1_5_288_8_8_O_addr_type_L2_312_8_8_I_addr_type_L2_1728_8_8_W_addr_type_L2_5_8640_8_8_O_addr_type_L3_8640_8_8_I_addr_type_L3_55296_8_8_W_addr_type_L3_O_p000000_v_msim/mgc_hls.topless_5comma_32comma_1comma_1comma_O_addr_type_L1comma_32comma_1comma_1comma_I_addr_type_L1comma_32comma_1comma_1comma_W_addr_type_L1comma_5comma_288comma_8comma_8comma_O_addr_type_L2comma_312comma_8comma_8comma_I_addr_type_L2c000153(fast)
# Loading ./Catapult/SIF/scverify/prepwr_top_5_32_1_1_O_addr_type_L1_32_1_1_I_addr_type_L1_32_1_1_W_addr_type_L1_5_288_8_8_O_addr_type_L2_312_8_8_I_addr_type_L2_1728_8_8_W_addr_type_L2_5_8640_8_8_O_addr_type_L3_8640_8_8_I_addr_type_L3_55296_8_8_W_addr_type_L3_O_p000000_v_msim/mgc_hls.topless_5comma_32comma_1comma_1comma_O_addr_type_L1comma_32comma_1comma_1comma_I_addr_type_L1comma_32comma_1comma_1comma_W_addr_type_L1comma_5comma_288comma_8comma_8comma_O_addr_type_L2comma_312comma_8comma_8comma_I_addr_type_L2c000153(fast__1)
# Loading ./Catapult/SIF/scverify/prepwr_top_5_32_1_1_O_addr_type_L1_32_1_1_I_addr_type_L1_32_1_1_W_addr_type_L1_5_288_8_8_O_addr_type_L2_312_8_8_I_addr_type_L2_1728_8_8_W_addr_type_L2_5_8640_8_8_O_addr_type_L3_8640_8_8_I_addr_type_L3_55296_8_8_W_addr_type_L3_O_p000000_v_msim/mgc_hls.topless_5comma_32comma_1comma_1comma_O_addr_type_L1comma_32comma_1comma_1comma_I_addr_type_L1comma_32comma_1comma_1comma_W_addr_type_L1comma_5comma_288comma_8comma_8comma_O_addr_type_L2comma_312comma_8comma_8comma_I_addr_type_L2c000152(fast__2)
# Loading ./Catapult/SIF/scverify/prepwr_top_5_32_1_1_O_addr_type_L1_32_1_1_I_addr_type_L1_32_1_1_W_addr_type_L1_5_288_8_8_O_addr_type_L2_312_8_8_I_addr_type_L2_1728_8_8_W_addr_type_L2_5_8640_8_8_O_addr_type_L3_8640_8_8_I_addr_type_L3_55296_8_8_W_addr_type_L3_O_p000000_v_msim/mgc_hls.topless_5comma_32comma_1comma_1comma_O_addr_type_L1comma_32comma_1comma_1comma_I_addr_type_L1comma_32comma_1comma_1comma_W_addr_type_L1comma_5comma_288comma_8comma_8comma_O_addr_type_L2comma_312comma_8comma_8comma_I_addr_type_L2c000153(fast__2)
# Loading ./Catapult/SIF/scverify/prepwr_top_5_32_1_1_O_addr_type_L1_32_1_1_I_addr_type_L1_32_1_1_W_addr_type_L1_5_288_8_8_O_addr_type_L2_312_8_8_I_addr_type_L2_1728_8_8_W_addr_type_L2_5_8640_8_8_O_addr_type_L3_8640_8_8_I_addr_type_L3_55296_8_8_W_addr_type_L3_O_p000000_v_msim/mgc_hls.topless_5comma_32comma_1comma_1comma_O_addr_type_L1comma_32comma_1comma_1comma_I_addr_type_L1comma_32comma_1comma_1comma_W_addr_type_L1comma_5comma_288comma_8comma_8comma_O_addr_type_L2comma_312comma_8comma_8comma_I_addr_type_L2c000152(fast__3)
# Loading work.topless_5comma_32comma_1comma_1comma_O_addr_type_L1comma_32comma_1comma_1comma_I_addr_type_L1comma_32comma_1comma_1comma_W_addr_type_L1comma_5comma_288comma_8comma_8comma_O_addr_type_L2comma_312comma_8comma_8comma_I_addr_type_L2c000157(fast)
# Loading work.topless_5comma_32comma_1comma_1comma_O_addr_type_L1comma_32comma_1comma_1comma_I_addr_type_L1comma_32comma_1comma_1comma_W_addr_type_L1comma_5comma_288comma_8comma_8comma_O_addr_type_L2comma_312comma_8comma_8comma_I_addr_type_L2c000156(fast)
# Loading ./Catapult/SIF/scverify/prepwr_top_5_32_1_1_O_addr_type_L1_32_1_1_I_addr_type_L1_32_1_1_W_addr_type_L1_5_288_8_8_O_addr_type_L2_312_8_8_I_addr_type_L2_1728_8_8_W_addr_type_L2_5_8640_8_8_O_addr_type_L3_8640_8_8_I_addr_type_L3_55296_8_8_W_addr_type_L3_O_p000000_v_msim/mgc_hls.topless_5comma_32comma_1comma_1comma_O_addr_type_L1comma_32comma_1comma_1comma_I_addr_type_L1comma_32comma_1comma_1comma_W_addr_type_L1comma_5comma_288comma_8comma_8comma_O_addr_type_L2comma_312comma_8comma_8comma_I_addr_type_L2c000152(fast__4)
# Loading ./Catapult/SIF/scverify/prepwr_top_5_32_1_1_O_addr_type_L1_32_1_1_I_addr_type_L1_32_1_1_W_addr_type_L1_5_288_8_8_O_addr_type_L2_312_8_8_I_addr_type_L2_1728_8_8_W_addr_type_L2_5_8640_8_8_O_addr_type_L3_8640_8_8_I_addr_type_L3_55296_8_8_W_addr_type_L3_O_p000000_v_msim/mgc_hls.topless_5comma_32comma_1comma_1comma_O_addr_type_L1comma_32comma_1comma_1comma_I_addr_type_L1comma_32comma_1comma_1comma_W_addr_type_L1comma_5comma_288comma_8comma_8comma_O_addr_type_L2comma_312comma_8comma_8comma_I_addr_type_L2c000153(fast__3)
# Loading ./Catapult/SIF/scverify/prepwr_top_5_32_1_1_O_addr_type_L1_32_1_1_I_addr_type_L1_32_1_1_W_addr_type_L1_5_288_8_8_O_addr_type_L2_312_8_8_I_addr_type_L2_1728_8_8_W_addr_type_L2_5_8640_8_8_O_addr_type_L3_8640_8_8_I_addr_type_L3_55296_8_8_W_addr_type_L3_O_p000000_v_msim/mgc_hls.topless_5comma_32comma_1comma_1comma_O_addr_type_L1comma_32comma_1comma_1comma_I_addr_type_L1comma_32comma_1comma_1comma_W_addr_type_L1comma_5comma_288comma_8comma_8comma_O_addr_type_L2comma_312comma_8comma_8comma_I_addr_type_L2c000153(fast__4)
# Loading ./Catapult/SIF/scverify/prepwr_top_5_32_1_1_O_addr_type_L1_32_1_1_I_addr_type_L1_32_1_1_W_addr_type_L1_5_288_8_8_O_addr_type_L2_312_8_8_I_addr_type_L2_1728_8_8_W_addr_type_L2_5_8640_8_8_O_addr_type_L3_8640_8_8_I_addr_type_L3_55296_8_8_W_addr_type_L3_O_p000000_v_msim/mgc_hls.topless_5comma_32comma_1comma_1comma_O_addr_type_L1comma_32comma_1comma_1comma_I_addr_type_L1comma_32comma_1comma_1comma_W_addr_type_L1comma_5comma_288comma_8comma_8comma_O_addr_type_L2comma_312comma_8comma_8comma_I_addr_type_L2c000152(fast__5)
# Loading ./Catapult/SIF/scverify/prepwr_top_5_32_1_1_O_addr_type_L1_32_1_1_I_addr_type_L1_32_1_1_W_addr_type_L1_5_288_8_8_O_addr_type_L2_312_8_8_I_addr_type_L2_1728_8_8_W_addr_type_L2_5_8640_8_8_O_addr_type_L3_8640_8_8_I_addr_type_L3_55296_8_8_W_addr_type_L3_O_p000000_v_msim/mgc_hls.topless_5comma_32comma_1comma_1comma_O_addr_type_L1comma_32comma_1comma_1comma_I_addr_type_L1comma_32comma_1comma_1comma_W_addr_type_L1comma_5comma_288comma_8comma_8comma_O_addr_type_L2comma_312comma_8comma_8comma_I_addr_type_L2c000153(fast__5)
# Loading work.topless_5comma_32comma_1comma_1comma_O_addr_type_L1comma_32comma_1comma_1comma_I_addr_type_L1comma_32comma_1comma_1comma_W_addr_type_L1comma_5comma_288comma_8comma_8comma_O_addr_type_L2comma_312comma_8comma_8comma_I_addr_type_L2c000159(fast)
# Loading work.topless_5comma_32comma_1comma_1comma_O_addr_type_L1comma_32comma_1comma_1comma_I_addr_type_L1comma_32comma_1comma_1comma_W_addr_type_L1comma_5comma_288comma_8comma_8comma_O_addr_type_L2comma_312comma_8comma_8comma_I_addr_type_L2c000158(fast)
# Loading ./Catapult/SIF/scverify/prepwr_top_5_32_1_1_O_addr_type_L1_32_1_1_I_addr_type_L1_32_1_1_W_addr_type_L1_5_288_8_8_O_addr_type_L2_312_8_8_I_addr_type_L2_1728_8_8_W_addr_type_L2_5_8640_8_8_O_addr_type_L3_8640_8_8_I_addr_type_L3_55296_8_8_W_addr_type_L3_O_p000000_v_msim/mgc_hls.topless_5comma_32comma_1comma_1comma_O_addr_type_L1comma_32comma_1comma_1comma_I_addr_type_L1comma_32comma_1comma_1comma_W_addr_type_L1comma_5comma_288comma_8comma_8comma_O_addr_type_L2comma_312comma_8comma_8comma_I_addr_type_L2c000152(fast__6)
# Loading ./Catapult/SIF/scverify/prepwr_top_5_32_1_1_O_addr_type_L1_32_1_1_I_addr_type_L1_32_1_1_W_addr_type_L1_5_288_8_8_O_addr_type_L2_312_8_8_I_addr_type_L2_1728_8_8_W_addr_type_L2_5_8640_8_8_O_addr_type_L3_8640_8_8_I_addr_type_L3_55296_8_8_W_addr_type_L3_O_p000000_v_msim/mgc_hls.topless_5comma_32comma_1comma_1comma_O_addr_type_L1comma_32comma_1comma_1comma_I_addr_type_L1comma_32comma_1comma_1comma_W_addr_type_L1comma_5comma_288comma_8comma_8comma_O_addr_type_L2comma_312comma_8comma_8comma_I_addr_type_L2c000153(fast__6)
# Loading ./Catapult/SIF/scverify/prepwr_top_5_32_1_1_O_addr_type_L1_32_1_1_I_addr_type_L1_32_1_1_W_addr_type_L1_5_288_8_8_O_addr_type_L2_312_8_8_I_addr_type_L2_1728_8_8_W_addr_type_L2_5_8640_8_8_O_addr_type_L3_8640_8_8_I_addr_type_L3_55296_8_8_W_addr_type_L3_O_p000000_v_msim/mgc_hls.topless_5comma_32comma_1comma_1comma_O_addr_type_L1comma_32comma_1comma_1comma_I_addr_type_L1comma_32comma_1comma_1comma_W_addr_type_L1comma_5comma_288comma_8comma_8comma_O_addr_type_L2comma_312comma_8comma_8comma_I_addr_type_L2c000153(fast__7)
# Loading ./Catapult/SIF/scverify/prepwr_top_5_32_1_1_O_addr_type_L1_32_1_1_I_addr_type_L1_32_1_1_W_addr_type_L1_5_288_8_8_O_addr_type_L2_312_8_8_I_addr_type_L2_1728_8_8_W_addr_type_L2_5_8640_8_8_O_addr_type_L3_8640_8_8_I_addr_type_L3_55296_8_8_W_addr_type_L3_O_p000000_v_msim/mgc_hls.topless_5comma_32comma_1comma_1comma_O_addr_type_L1comma_32comma_1comma_1comma_I_addr_type_L1comma_32comma_1comma_1comma_W_addr_type_L1comma_5comma_288comma_8comma_8comma_O_addr_type_L2comma_312comma_8comma_8comma_I_addr_type_L2c000152(fast__7)
# Loading ./Catapult/SIF/scverify/prepwr_top_5_32_1_1_O_addr_type_L1_32_1_1_I_addr_type_L1_32_1_1_W_addr_type_L1_5_288_8_8_O_addr_type_L2_312_8_8_I_addr_type_L2_1728_8_8_W_addr_type_L2_5_8640_8_8_O_addr_type_L3_8640_8_8_I_addr_type_L3_55296_8_8_W_addr_type_L3_O_p000000_v_msim/mgc_hls.topless_5comma_32comma_1comma_1comma_O_addr_type_L1comma_32comma_1comma_1comma_I_addr_type_L1comma_32comma_1comma_1comma_W_addr_type_L1comma_5comma_288comma_8comma_8comma_O_addr_type_L2comma_312comma_8comma_8comma_I_addr_type_L2c000153(fast__8)
# Loading work.topless_5comma_32comma_1comma_1comma_O_addr_type_L1comma_32comma_1comma_1comma_I_addr_type_L1comma_32comma_1comma_1comma_W_addr_type_L1comma_5comma_288comma_8comma_8comma_O_addr_type_L2comma_312comma_8comma_8comma_I_addr_type_L2c000161(fast)
# Loading work.topless_5comma_32comma_1comma_1comma_O_addr_type_L1comma_32comma_1comma_1comma_I_addr_type_L1comma_32comma_1comma_1comma_W_addr_type_L1comma_5comma_288comma_8comma_8comma_O_addr_type_L2comma_312comma_8comma_8comma_I_addr_type_L2c000160(fast)
# Loading ./Catapult/SIF/scverify/prepwr_top_5_32_1_1_O_addr_type_L1_32_1_1_I_addr_type_L1_32_1_1_W_addr_type_L1_5_288_8_8_O_addr_type_L2_312_8_8_I_addr_type_L2_1728_8_8_W_addr_type_L2_5_8640_8_8_O_addr_type_L3_8640_8_8_I_addr_type_L3_55296_8_8_W_addr_type_L3_O_p000000_v_msim/mgc_hls.topless_5comma_32comma_1comma_1comma_O_addr_type_L1comma_32comma_1comma_1comma_I_addr_type_L1comma_32comma_1comma_1comma_W_addr_type_L1comma_5comma_288comma_8comma_8comma_O_addr_type_L2comma_312comma_8comma_8comma_I_addr_type_L2c000152(fast__8)
# Loading ./Catapult/SIF/scverify/prepwr_top_5_32_1_1_O_addr_type_L1_32_1_1_I_addr_type_L1_32_1_1_W_addr_type_L1_5_288_8_8_O_addr_type_L2_312_8_8_I_addr_type_L2_1728_8_8_W_addr_type_L2_5_8640_8_8_O_addr_type_L3_8640_8_8_I_addr_type_L3_55296_8_8_W_addr_type_L3_O_p000000_v_msim/mgc_hls.topless_5comma_32comma_1comma_1comma_O_addr_type_L1comma_32comma_1comma_1comma_I_addr_type_L1comma_32comma_1comma_1comma_W_addr_type_L1comma_5comma_288comma_8comma_8comma_O_addr_type_L2comma_312comma_8comma_8comma_I_addr_type_L2c000153(fast__9)
# Loading ./Catapult/SIF/scverify/prepwr_top_5_32_1_1_O_addr_type_L1_32_1_1_I_addr_type_L1_32_1_1_W_addr_type_L1_5_288_8_8_O_addr_type_L2_312_8_8_I_addr_type_L2_1728_8_8_W_addr_type_L2_5_8640_8_8_O_addr_type_L3_8640_8_8_I_addr_type_L3_55296_8_8_W_addr_type_L3_O_p000000_v_msim/mgc_hls.topless_5comma_32comma_1comma_1comma_O_addr_type_L1comma_32comma_1comma_1comma_I_addr_type_L1comma_32comma_1comma_1comma_W_addr_type_L1comma_5comma_288comma_8comma_8comma_O_addr_type_L2comma_312comma_8comma_8comma_I_addr_type_L2c000153(fast__10)
# Loading ./Catapult/SIF/scverify/prepwr_top_5_32_1_1_O_addr_type_L1_32_1_1_I_addr_type_L1_32_1_1_W_addr_type_L1_5_288_8_8_O_addr_type_L2_312_8_8_I_addr_type_L2_1728_8_8_W_addr_type_L2_5_8640_8_8_O_addr_type_L3_8640_8_8_I_addr_type_L3_55296_8_8_W_addr_type_L3_O_p000000_v_msim/mgc_hls.topless_5comma_32comma_1comma_1comma_O_addr_type_L1comma_32comma_1comma_1comma_I_addr_type_L1comma_32comma_1comma_1comma_W_addr_type_L1comma_5comma_288comma_8comma_8comma_O_addr_type_L2comma_312comma_8comma_8comma_I_addr_type_L2c000152(fast__9)
# Loading ./Catapult/SIF/scverify/prepwr_top_5_32_1_1_O_addr_type_L1_32_1_1_I_addr_type_L1_32_1_1_W_addr_type_L1_5_288_8_8_O_addr_type_L2_312_8_8_I_addr_type_L2_1728_8_8_W_addr_type_L2_5_8640_8_8_O_addr_type_L3_8640_8_8_I_addr_type_L3_55296_8_8_W_addr_type_L3_O_p000000_v_msim/mgc_hls.topless_5comma_32comma_1comma_1comma_O_addr_type_L1comma_32comma_1comma_1comma_I_addr_type_L1comma_32comma_1comma_1comma_W_addr_type_L1comma_5comma_288comma_8comma_8comma_O_addr_type_L2comma_312comma_8comma_8comma_I_addr_type_L2c000153(fast__11)
# Loading work.topless_5comma_32comma_1comma_1comma_O_addr_type_L1comma_32comma_1comma_1comma_I_addr_type_L1comma_32comma_1comma_1comma_W_addr_type_L1comma_5comma_288comma_8comma_8comma_O_addr_type_L2comma_312comma_8comma_8comma_I_addr_type_L2c000163(fast)
# Loading work.topless_5comma_32comma_1comma_1comma_O_addr_type_L1comma_32comma_1comma_1comma_I_addr_type_L1comma_32comma_1comma_1comma_W_addr_type_L1comma_5comma_288comma_8comma_8comma_O_addr_type_L2comma_312comma_8comma_8comma_I_addr_type_L2c000162(fast)
# Loading ./Catapult/SIF/scverify/prepwr_top_5_32_1_1_O_addr_type_L1_32_1_1_I_addr_type_L1_32_1_1_W_addr_type_L1_5_288_8_8_O_addr_type_L2_312_8_8_I_addr_type_L2_1728_8_8_W_addr_type_L2_5_8640_8_8_O_addr_type_L3_8640_8_8_I_addr_type_L3_55296_8_8_W_addr_type_L3_O_p000000_v_msim/mgc_hls.topless_5comma_32comma_1comma_1comma_O_addr_type_L1comma_32comma_1comma_1comma_I_addr_type_L1comma_32comma_1comma_1comma_W_addr_type_L1comma_5comma_288comma_8comma_8comma_O_addr_type_L2comma_312comma_8comma_8comma_I_addr_type_L2c000152(fast__10)
# Loading ./Catapult/SIF/scverify/prepwr_top_5_32_1_1_O_addr_type_L1_32_1_1_I_addr_type_L1_32_1_1_W_addr_type_L1_5_288_8_8_O_addr_type_L2_312_8_8_I_addr_type_L2_1728_8_8_W_addr_type_L2_5_8640_8_8_O_addr_type_L3_8640_8_8_I_addr_type_L3_55296_8_8_W_addr_type_L3_O_p000000_v_msim/mgc_hls.topless_5comma_32comma_1comma_1comma_O_addr_type_L1comma_32comma_1comma_1comma_I_addr_type_L1comma_32comma_1comma_1comma_W_addr_type_L1comma_5comma_288comma_8comma_8comma_O_addr_type_L2comma_312comma_8comma_8comma_I_addr_type_L2c000153(fast__12)
# Loading ./Catapult/SIF/scverify/prepwr_top_5_32_1_1_O_addr_type_L1_32_1_1_I_addr_type_L1_32_1_1_W_addr_type_L1_5_288_8_8_O_addr_type_L2_312_8_8_I_addr_type_L2_1728_8_8_W_addr_type_L2_5_8640_8_8_O_addr_type_L3_8640_8_8_I_addr_type_L3_55296_8_8_W_addr_type_L3_O_p000000_v_msim/mgc_hls.topless_5comma_32comma_1comma_1comma_O_addr_type_L1comma_32comma_1comma_1comma_I_addr_type_L1comma_32comma_1comma_1comma_W_addr_type_L1comma_5comma_288comma_8comma_8comma_O_addr_type_L2comma_312comma_8comma_8comma_I_addr_type_L2c000153(fast__13)
# Loading ./Catapult/SIF/scverify/prepwr_top_5_32_1_1_O_addr_type_L1_32_1_1_I_addr_type_L1_32_1_1_W_addr_type_L1_5_288_8_8_O_addr_type_L2_312_8_8_I_addr_type_L2_1728_8_8_W_addr_type_L2_5_8640_8_8_O_addr_type_L3_8640_8_8_I_addr_type_L3_55296_8_8_W_addr_type_L3_O_p000000_v_msim/mgc_hls.topless_5comma_32comma_1comma_1comma_O_addr_type_L1comma_32comma_1comma_1comma_I_addr_type_L1comma_32comma_1comma_1comma_W_addr_type_L1comma_5comma_288comma_8comma_8comma_O_addr_type_L2comma_312comma_8comma_8comma_I_addr_type_L2c000153(fast__14)
# Loading work.topless_5comma_32comma_1comma_1comma_O_addr_type_L1comma_32comma_1comma_1comma_I_addr_type_L1comma_32comma_1comma_1comma_W_addr_type_L1comma_5comma_288comma_8comma_8comma_O_addr_type_L2comma_312comma_8comma_8comma_I_addr_type_L2c000064(fast)
# Loading work.topless_5comma_32comma_1comma_1comma_O_addr_type_L1comma_32comma_1comma_1comma_I_addr_type_L1comma_32comma_1comma_1comma_W_addr_type_L1comma_5comma_288comma_8comma_8comma_O_addr_type_L2comma_312comma_8comma_8comma_I_addr_type_L2c000066(fast)
# Loading work.topless_5comma_32comma_1comma_1comma_O_addr_type_L1comma_32comma_1comma_1comma_I_addr_type_L1comma_32comma_1comma_1comma_W_addr_type_L1comma_5comma_288comma_8comma_8comma_O_addr_type_L2comma_312comma_8comma_8comma_I_addr_type_L2c000149(fast)
# Loading work.topless_5comma_32comma_1comma_1comma_O_addr_type_L1comma_32comma_1comma_1comma_I_addr_type_L1comma_32comma_1comma_1comma_W_addr_type_L1comma_5comma_288comma_8comma_8comma_O_addr_type_L2comma_312comma_8comma_8comma_I_addr_type_L2c000079(fast)
# Loading work.topless_5comma_32comma_1comma_1comma_O_addr_type_L1comma_32comma_1comma_1comma_I_addr_type_L1comma_32comma_1comma_1comma_W_addr_type_L1comma_5comma_288comma_8comma_8comma_O_addr_type_L2comma_312comma_8comma_8comma_I_addr_type_L2c000080(fast)
# Loading work.topless_5comma_32comma_1comma_1comma_O_addr_type_L1comma_32comma_1comma_1comma_I_addr_type_L1comma_32comma_1comma_1comma_W_addr_type_L1comma_5comma_288comma_8comma_8comma_O_addr_type_L2comma_312comma_8comma_8comma_I_addr_type_L2c000067(fast)
# Loading work.topless_5comma_32comma_1comma_1comma_O_addr_type_L1comma_32comma_1comma_1comma_I_addr_type_L1comma_32comma_1comma_1comma_W_addr_type_L1comma_5comma_288comma_8comma_8comma_O_addr_type_L2comma_312comma_8comma_8comma_I_addr_type_L2c000150(fast)
# Loading work.topless_5comma_32comma_1comma_1comma_O_addr_type_L1comma_32comma_1comma_1comma_I_addr_type_L1comma_32comma_1comma_1comma_W_addr_type_L1comma_5comma_288comma_8comma_8comma_O_addr_type_L2comma_312comma_8comma_8comma_I_addr_type_L2c000084(fast)
# Loading work.topless_5comma_32comma_1comma_1comma_O_addr_type_L1comma_32comma_1comma_1comma_I_addr_type_L1comma_32comma_1comma_1comma_W_addr_type_L1comma_5comma_288comma_8comma_8comma_O_addr_type_L2comma_312comma_8comma_8comma_I_addr_type_L2c000085(fast)
# Loading work.topless_5comma_32comma_1comma_1comma_O_addr_type_L1comma_32comma_1comma_1comma_I_addr_type_L1comma_32comma_1comma_1comma_W_addr_type_L1comma_5comma_288comma_8comma_8comma_O_addr_type_L2comma_312comma_8comma_8comma_I_addr_type_L2c000068(fast)
# Loading work.topless_5comma_32comma_1comma_1comma_O_addr_type_L1comma_32comma_1comma_1comma_I_addr_type_L1comma_32comma_1comma_1comma_W_addr_type_L1comma_5comma_288comma_8comma_8comma_O_addr_type_L2comma_312comma_8comma_8comma_I_addr_type_L2c000150(fast__1)
# Loading work.topless_5comma_32comma_1comma_1comma_O_addr_type_L1comma_32comma_1comma_1comma_I_addr_type_L1comma_32comma_1comma_1comma_W_addr_type_L1comma_5comma_288comma_8comma_8comma_O_addr_type_L2comma_312comma_8comma_8comma_I_addr_type_L2c000089(fast)
# Loading work.topless_5comma_32comma_1comma_1comma_O_addr_type_L1comma_32comma_1comma_1comma_I_addr_type_L1comma_32comma_1comma_1comma_W_addr_type_L1comma_5comma_288comma_8comma_8comma_O_addr_type_L2comma_312comma_8comma_8comma_I_addr_type_L2c000090(fast)
# Loading work.topless_5comma_32comma_1comma_1comma_O_addr_type_L1comma_32comma_1comma_1comma_I_addr_type_L1comma_32comma_1comma_1comma_W_addr_type_L1comma_5comma_288comma_8comma_8comma_O_addr_type_L2comma_312comma_8comma_8comma_I_addr_type_L2c000069(fast)
# Loading work.topless_5comma_32comma_1comma_1comma_O_addr_type_L1comma_32comma_1comma_1comma_I_addr_type_L1comma_32comma_1comma_1comma_W_addr_type_L1comma_5comma_288comma_8comma_8comma_O_addr_type_L2comma_312comma_8comma_8comma_I_addr_type_L2c000150(fast__2)
# Loading work.topless_5comma_32comma_1comma_1comma_O_addr_type_L1comma_32comma_1comma_1comma_I_addr_type_L1comma_32comma_1comma_1comma_W_addr_type_L1comma_5comma_288comma_8comma_8comma_O_addr_type_L2comma_312comma_8comma_8comma_I_addr_type_L2c000094(fast)
# Loading work.topless_5comma_32comma_1comma_1comma_O_addr_type_L1comma_32comma_1comma_1comma_I_addr_type_L1comma_32comma_1comma_1comma_W_addr_type_L1comma_5comma_288comma_8comma_8comma_O_addr_type_L2comma_312comma_8comma_8comma_I_addr_type_L2c000095(fast)
# Loading work.topless_5comma_32comma_1comma_1comma_O_addr_type_L1comma_32comma_1comma_1comma_I_addr_type_L1comma_32comma_1comma_1comma_W_addr_type_L1comma_5comma_288comma_8comma_8comma_O_addr_type_L2comma_312comma_8comma_8comma_I_addr_type_L2c000070(fast)
# Loading work.topless_5comma_32comma_1comma_1comma_O_addr_type_L1comma_32comma_1comma_1comma_I_addr_type_L1comma_32comma_1comma_1comma_W_addr_type_L1comma_5comma_288comma_8comma_8comma_O_addr_type_L2comma_312comma_8comma_8comma_I_addr_type_L2c000150(fast__3)
# Loading work.topless_5comma_32comma_1comma_1comma_O_addr_type_L1comma_32comma_1comma_1comma_I_addr_type_L1comma_32comma_1comma_1comma_W_addr_type_L1comma_5comma_288comma_8comma_8comma_O_addr_type_L2comma_312comma_8comma_8comma_I_addr_type_L2c000099(fast)
# Loading work.topless_5comma_32comma_1comma_1comma_O_addr_type_L1comma_32comma_1comma_1comma_I_addr_type_L1comma_32comma_1comma_1comma_W_addr_type_L1comma_5comma_288comma_8comma_8comma_O_addr_type_L2comma_312comma_8comma_8comma_I_addr_type_L2c000100(fast)
# Loading work.topless_5comma_32comma_1comma_1comma_O_addr_type_L1comma_32comma_1comma_1comma_I_addr_type_L1comma_32comma_1comma_1comma_W_addr_type_L1comma_5comma_288comma_8comma_8comma_O_addr_type_L2comma_312comma_8comma_8comma_I_addr_type_L2c000071(fast)
# Loading work.topless_5comma_32comma_1comma_1comma_O_addr_type_L1comma_32comma_1comma_1comma_I_addr_type_L1comma_32comma_1comma_1comma_W_addr_type_L1comma_5comma_288comma_8comma_8comma_O_addr_type_L2comma_312comma_8comma_8comma_I_addr_type_L2c000150(fast__4)
# Loading work.topless_5comma_32comma_1comma_1comma_O_addr_type_L1comma_32comma_1comma_1comma_I_addr_type_L1comma_32comma_1comma_1comma_W_addr_type_L1comma_5comma_288comma_8comma_8comma_O_addr_type_L2comma_312comma_8comma_8comma_I_addr_type_L2c000104(fast)
# Loading work.topless_5comma_32comma_1comma_1comma_O_addr_type_L1comma_32comma_1comma_1comma_I_addr_type_L1comma_32comma_1comma_1comma_W_addr_type_L1comma_5comma_288comma_8comma_8comma_O_addr_type_L2comma_312comma_8comma_8comma_I_addr_type_L2c000105(fast)
# Loading work.topless_5comma_32comma_1comma_1comma_O_addr_type_L1comma_32comma_1comma_1comma_I_addr_type_L1comma_32comma_1comma_1comma_W_addr_type_L1comma_5comma_288comma_8comma_8comma_O_addr_type_L2comma_312comma_8comma_8comma_I_addr_type_L2c000072(fast)
# Loading work.topless_5comma_32comma_1comma_1comma_O_addr_type_L1comma_32comma_1comma_1comma_I_addr_type_L1comma_32comma_1comma_1comma_W_addr_type_L1comma_5comma_288comma_8comma_8comma_O_addr_type_L2comma_312comma_8comma_8comma_I_addr_type_L2c000150(fast__5)
# Loading work.topless_5comma_32comma_1comma_1comma_O_addr_type_L1comma_32comma_1comma_1comma_I_addr_type_L1comma_32comma_1comma_1comma_W_addr_type_L1comma_5comma_288comma_8comma_8comma_O_addr_type_L2comma_312comma_8comma_8comma_I_addr_type_L2c000109(fast)
# Loading work.topless_5comma_32comma_1comma_1comma_O_addr_type_L1comma_32comma_1comma_1comma_I_addr_type_L1comma_32comma_1comma_1comma_W_addr_type_L1comma_5comma_288comma_8comma_8comma_O_addr_type_L2comma_312comma_8comma_8comma_I_addr_type_L2c000110(fast)
# Loading work.topless_5comma_32comma_1comma_1comma_O_addr_type_L1comma_32comma_1comma_1comma_I_addr_type_L1comma_32comma_1comma_1comma_W_addr_type_L1comma_5comma_288comma_8comma_8comma_O_addr_type_L2comma_312comma_8comma_8comma_I_addr_type_L2c000073(fast)
# Loading work.topless_5comma_32comma_1comma_1comma_O_addr_type_L1comma_32comma_1comma_1comma_I_addr_type_L1comma_32comma_1comma_1comma_W_addr_type_L1comma_5comma_288comma_8comma_8comma_O_addr_type_L2comma_312comma_8comma_8comma_I_addr_type_L2c000150(fast__6)
# Loading work.topless_5comma_32comma_1comma_1comma_O_addr_type_L1comma_32comma_1comma_1comma_I_addr_type_L1comma_32comma_1comma_1comma_W_addr_type_L1comma_5comma_288comma_8comma_8comma_O_addr_type_L2comma_312comma_8comma_8comma_I_addr_type_L2c000114(fast)
# Loading work.topless_5comma_32comma_1comma_1comma_O_addr_type_L1comma_32comma_1comma_1comma_I_addr_type_L1comma_32comma_1comma_1comma_W_addr_type_L1comma_5comma_288comma_8comma_8comma_O_addr_type_L2comma_312comma_8comma_8comma_I_addr_type_L2c000115(fast)
# Loading work.topless_5comma_32comma_1comma_1comma_O_addr_type_L1comma_32comma_1comma_1comma_I_addr_type_L1comma_32comma_1comma_1comma_W_addr_type_L1comma_5comma_288comma_8comma_8comma_O_addr_type_L2comma_312comma_8comma_8comma_I_addr_type_L2c000074(fast)
# Loading work.topless_5comma_32comma_1comma_1comma_O_addr_type_L1comma_32comma_1comma_1comma_I_addr_type_L1comma_32comma_1comma_1comma_W_addr_type_L1comma_5comma_288comma_8comma_8comma_O_addr_type_L2comma_312comma_8comma_8comma_I_addr_type_L2c000150(fast__7)
# Loading work.topless_5comma_32comma_1comma_1comma_O_addr_type_L1comma_32comma_1comma_1comma_I_addr_type_L1comma_32comma_1comma_1comma_W_addr_type_L1comma_5comma_288comma_8comma_8comma_O_addr_type_L2comma_312comma_8comma_8comma_I_addr_type_L2c000119(fast)
# Loading work.topless_5comma_32comma_1comma_1comma_O_addr_type_L1comma_32comma_1comma_1comma_I_addr_type_L1comma_32comma_1comma_1comma_W_addr_type_L1comma_5comma_288comma_8comma_8comma_O_addr_type_L2comma_312comma_8comma_8comma_I_addr_type_L2c000120(fast)
# Loading work.topless_5comma_32comma_1comma_1comma_O_addr_type_L1comma_32comma_1comma_1comma_I_addr_type_L1comma_32comma_1comma_1comma_W_addr_type_L1comma_5comma_288comma_8comma_8comma_O_addr_type_L2comma_312comma_8comma_8comma_I_addr_type_L2c000075(fast)
# Loading work.topless_5comma_32comma_1comma_1comma_O_addr_type_L1comma_32comma_1comma_1comma_I_addr_type_L1comma_32comma_1comma_1comma_W_addr_type_L1comma_5comma_288comma_8comma_8comma_O_addr_type_L2comma_312comma_8comma_8comma_I_addr_type_L2c000150(fast__8)
# Loading work.topless_5comma_32comma_1comma_1comma_O_addr_type_L1comma_32comma_1comma_1comma_I_addr_type_L1comma_32comma_1comma_1comma_W_addr_type_L1comma_5comma_288comma_8comma_8comma_O_addr_type_L2comma_312comma_8comma_8comma_I_addr_type_L2c000124(fast)
# Loading work.topless_5comma_32comma_1comma_1comma_O_addr_type_L1comma_32comma_1comma_1comma_I_addr_type_L1comma_32comma_1comma_1comma_W_addr_type_L1comma_5comma_288comma_8comma_8comma_O_addr_type_L2comma_312comma_8comma_8comma_I_addr_type_L2c000125(fast)
# Loading work.topless_5comma_32comma_1comma_1comma_O_addr_type_L1comma_32comma_1comma_1comma_I_addr_type_L1comma_32comma_1comma_1comma_W_addr_type_L1comma_5comma_288comma_8comma_8comma_O_addr_type_L2comma_312comma_8comma_8comma_I_addr_type_L2c000076(fast)
# Loading work.topless_5comma_32comma_1comma_1comma_O_addr_type_L1comma_32comma_1comma_1comma_I_addr_type_L1comma_32comma_1comma_1comma_W_addr_type_L1comma_5comma_288comma_8comma_8comma_O_addr_type_L2comma_312comma_8comma_8comma_I_addr_type_L2c000077(fast)
# Loading work.topless_5comma_32comma_1comma_1comma_O_addr_type_L1comma_32comma_1comma_1comma_I_addr_type_L1comma_32comma_1comma_1comma_W_addr_type_L1comma_5comma_288comma_8comma_8comma_O_addr_type_L2comma_312comma_8comma_8comma_I_addr_type_L2c000078(fast)
# Loading work.topless_5comma_32comma_1comma_1comma_O_addr_type_L1comma_32comma_1comma_1comma_I_addr_type_L1comma_32comma_1comma_1comma_W_addr_type_L1comma_5comma_288comma_8comma_8comma_O_addr_type_L2comma_312comma_8comma_8comma_I_addr_type_L2c000002(fast)
# Loading work.topless_5comma_32comma_1comma_1comma_O_addr_type_L1comma_32comma_1comma_1comma_I_addr_type_L1comma_32comma_1comma_1comma_W_addr_type_L1comma_5comma_288comma_8comma_8comma_O_addr_type_L2comma_312comma_8comma_8comma_I_addr_type_L2c000003(fast)
# Loading work.topless_5comma_32comma_1comma_1comma_O_addr_type_L1comma_32comma_1comma_1comma_I_addr_type_L1comma_32comma_1comma_1comma_W_addr_type_L1comma_5comma_288comma_8comma_8comma_O_addr_type_L2comma_312comma_8comma_8comma_I_addr_type_L2c000151(fast)
# Loading work.topless_5comma_32comma_1comma_1comma_O_addr_type_L1comma_32comma_1comma_1comma_I_addr_type_L1comma_32comma_1comma_1comma_W_addr_type_L1comma_5comma_288comma_8comma_8comma_O_addr_type_L2comma_312comma_8comma_8comma_I_addr_type_L2c000005(fast)
# Loading work.topless_5comma_32comma_1comma_1comma_O_addr_type_L1comma_32comma_1comma_1comma_I_addr_type_L1comma_32comma_1comma_1comma_W_addr_type_L1comma_5comma_288comma_8comma_8comma_O_addr_type_L2comma_312comma_8comma_8comma_I_addr_type_L2c000149(fast__1)
# Loading work.topless_5comma_32comma_1comma_1comma_O_addr_type_L1comma_32comma_1comma_1comma_I_addr_type_L1comma_32comma_1comma_1comma_W_addr_type_L1comma_5comma_288comma_8comma_8comma_O_addr_type_L2comma_312comma_8comma_8comma_I_addr_type_L2c000015(fast)
# Loading work.topless_5comma_32comma_1comma_1comma_O_addr_type_L1comma_32comma_1comma_1comma_I_addr_type_L1comma_32comma_1comma_1comma_W_addr_type_L1comma_5comma_288comma_8comma_8comma_O_addr_type_L2comma_312comma_8comma_8comma_I_addr_type_L2c000016(fast)
# Loading work.topless_5comma_32comma_1comma_1comma_O_addr_type_L1comma_32comma_1comma_1comma_I_addr_type_L1comma_32comma_1comma_1comma_W_addr_type_L1comma_5comma_288comma_8comma_8comma_O_addr_type_L2comma_312comma_8comma_8comma_I_addr_type_L2c000006(fast)
# Loading work.topless_5comma_32comma_1comma_1comma_O_addr_type_L1comma_32comma_1comma_1comma_I_addr_type_L1comma_32comma_1comma_1comma_W_addr_type_L1comma_5comma_288comma_8comma_8comma_O_addr_type_L2comma_312comma_8comma_8comma_I_addr_type_L2c000150(fast__9)
# Loading work.topless_5comma_32comma_1comma_1comma_O_addr_type_L1comma_32comma_1comma_1comma_I_addr_type_L1comma_32comma_1comma_1comma_W_addr_type_L1comma_5comma_288comma_8comma_8comma_O_addr_type_L2comma_312comma_8comma_8comma_I_addr_type_L2c000020(fast)
# Loading work.topless_5comma_32comma_1comma_1comma_O_addr_type_L1comma_32comma_1comma_1comma_I_addr_type_L1comma_32comma_1comma_1comma_W_addr_type_L1comma_5comma_288comma_8comma_8comma_O_addr_type_L2comma_312comma_8comma_8comma_I_addr_type_L2c000021(fast)
# Loading work.topless_5comma_32comma_1comma_1comma_O_addr_type_L1comma_32comma_1comma_1comma_I_addr_type_L1comma_32comma_1comma_1comma_W_addr_type_L1comma_5comma_288comma_8comma_8comma_O_addr_type_L2comma_312comma_8comma_8comma_I_addr_type_L2c000007(fast)
# Loading work.topless_5comma_32comma_1comma_1comma_O_addr_type_L1comma_32comma_1comma_1comma_I_addr_type_L1comma_32comma_1comma_1comma_W_addr_type_L1comma_5comma_288comma_8comma_8comma_O_addr_type_L2comma_312comma_8comma_8comma_I_addr_type_L2c000149(fast__2)
# Loading work.topless_5comma_32comma_1comma_1comma_O_addr_type_L1comma_32comma_1comma_1comma_I_addr_type_L1comma_32comma_1comma_1comma_W_addr_type_L1comma_5comma_288comma_8comma_8comma_O_addr_type_L2comma_312comma_8comma_8comma_I_addr_type_L2c000025(fast)
# Loading work.topless_5comma_32comma_1comma_1comma_O_addr_type_L1comma_32comma_1comma_1comma_I_addr_type_L1comma_32comma_1comma_1comma_W_addr_type_L1comma_5comma_288comma_8comma_8comma_O_addr_type_L2comma_312comma_8comma_8comma_I_addr_type_L2c000026(fast)
# Loading work.topless_5comma_32comma_1comma_1comma_O_addr_type_L1comma_32comma_1comma_1comma_I_addr_type_L1comma_32comma_1comma_1comma_W_addr_type_L1comma_5comma_288comma_8comma_8comma_O_addr_type_L2comma_312comma_8comma_8comma_I_addr_type_L2c000008(fast)
# Loading work.topless_5comma_32comma_1comma_1comma_O_addr_type_L1comma_32comma_1comma_1comma_I_addr_type_L1comma_32comma_1comma_1comma_W_addr_type_L1comma_5comma_288comma_8comma_8comma_O_addr_type_L2comma_312comma_8comma_8comma_I_addr_type_L2c000149(fast__3)
# Loading work.topless_5comma_32comma_1comma_1comma_O_addr_type_L1comma_32comma_1comma_1comma_I_addr_type_L1comma_32comma_1comma_1comma_W_addr_type_L1comma_5comma_288comma_8comma_8comma_O_addr_type_L2comma_312comma_8comma_8comma_I_addr_type_L2c000030(fast)
# Loading work.topless_5comma_32comma_1comma_1comma_O_addr_type_L1comma_32comma_1comma_1comma_I_addr_type_L1comma_32comma_1comma_1comma_W_addr_type_L1comma_5comma_288comma_8comma_8comma_O_addr_type_L2comma_312comma_8comma_8comma_I_addr_type_L2c000031(fast)
# Loading work.topless_5comma_32comma_1comma_1comma_O_addr_type_L1comma_32comma_1comma_1comma_I_addr_type_L1comma_32comma_1comma_1comma_W_addr_type_L1comma_5comma_288comma_8comma_8comma_O_addr_type_L2comma_312comma_8comma_8comma_I_addr_type_L2c000009(fast)
# Loading work.topless_5comma_32comma_1comma_1comma_O_addr_type_L1comma_32comma_1comma_1comma_I_addr_type_L1comma_32comma_1comma_1comma_W_addr_type_L1comma_5comma_288comma_8comma_8comma_O_addr_type_L2comma_312comma_8comma_8comma_I_addr_type_L2c000149(fast__4)
# Loading work.topless_5comma_32comma_1comma_1comma_O_addr_type_L1comma_32comma_1comma_1comma_I_addr_type_L1comma_32comma_1comma_1comma_W_addr_type_L1comma_5comma_288comma_8comma_8comma_O_addr_type_L2comma_312comma_8comma_8comma_I_addr_type_L2c000035(fast)
# Loading work.topless_5comma_32comma_1comma_1comma_O_addr_type_L1comma_32comma_1comma_1comma_I_addr_type_L1comma_32comma_1comma_1comma_W_addr_type_L1comma_5comma_288comma_8comma_8comma_O_addr_type_L2comma_312comma_8comma_8comma_I_addr_type_L2c000036(fast)
# Loading work.topless_5comma_32comma_1comma_1comma_O_addr_type_L1comma_32comma_1comma_1comma_I_addr_type_L1comma_32comma_1comma_1comma_W_addr_type_L1comma_5comma_288comma_8comma_8comma_O_addr_type_L2comma_312comma_8comma_8comma_I_addr_type_L2c000010(fast)
# Loading work.topless_5comma_32comma_1comma_1comma_O_addr_type_L1comma_32comma_1comma_1comma_I_addr_type_L1comma_32comma_1comma_1comma_W_addr_type_L1comma_5comma_288comma_8comma_8comma_O_addr_type_L2comma_312comma_8comma_8comma_I_addr_type_L2c000149(fast__5)
# Loading work.topless_5comma_32comma_1comma_1comma_O_addr_type_L1comma_32comma_1comma_1comma_I_addr_type_L1comma_32comma_1comma_1comma_W_addr_type_L1comma_5comma_288comma_8comma_8comma_O_addr_type_L2comma_312comma_8comma_8comma_I_addr_type_L2c000040(fast)
# Loading work.topless_5comma_32comma_1comma_1comma_O_addr_type_L1comma_32comma_1comma_1comma_I_addr_type_L1comma_32comma_1comma_1comma_W_addr_type_L1comma_5comma_288comma_8comma_8comma_O_addr_type_L2comma_312comma_8comma_8comma_I_addr_type_L2c000041(fast)
# Loading work.topless_5comma_32comma_1comma_1comma_O_addr_type_L1comma_32comma_1comma_1comma_I_addr_type_L1comma_32comma_1comma_1comma_W_addr_type_L1comma_5comma_288comma_8comma_8comma_O_addr_type_L2comma_312comma_8comma_8comma_I_addr_type_L2c000011(fast)
# Loading work.topless_5comma_32comma_1comma_1comma_O_addr_type_L1comma_32comma_1comma_1comma_I_addr_type_L1comma_32comma_1comma_1comma_W_addr_type_L1comma_5comma_288comma_8comma_8comma_O_addr_type_L2comma_312comma_8comma_8comma_I_addr_type_L2c000149(fast__6)
# Loading work.topless_5comma_32comma_1comma_1comma_O_addr_type_L1comma_32comma_1comma_1comma_I_addr_type_L1comma_32comma_1comma_1comma_W_addr_type_L1comma_5comma_288comma_8comma_8comma_O_addr_type_L2comma_312comma_8comma_8comma_I_addr_type_L2c000045(fast)
# Loading work.topless_5comma_32comma_1comma_1comma_O_addr_type_L1comma_32comma_1comma_1comma_I_addr_type_L1comma_32comma_1comma_1comma_W_addr_type_L1comma_5comma_288comma_8comma_8comma_O_addr_type_L2comma_312comma_8comma_8comma_I_addr_type_L2c000046(fast)
# Loading work.topless_5comma_32comma_1comma_1comma_O_addr_type_L1comma_32comma_1comma_1comma_I_addr_type_L1comma_32comma_1comma_1comma_W_addr_type_L1comma_5comma_288comma_8comma_8comma_O_addr_type_L2comma_312comma_8comma_8comma_I_addr_type_L2c000012(fast)
# Loading work.topless_5comma_32comma_1comma_1comma_O_addr_type_L1comma_32comma_1comma_1comma_I_addr_type_L1comma_32comma_1comma_1comma_W_addr_type_L1comma_5comma_288comma_8comma_8comma_O_addr_type_L2comma_312comma_8comma_8comma_I_addr_type_L2c000149(fast__7)
# Loading work.topless_5comma_32comma_1comma_1comma_O_addr_type_L1comma_32comma_1comma_1comma_I_addr_type_L1comma_32comma_1comma_1comma_W_addr_type_L1comma_5comma_288comma_8comma_8comma_O_addr_type_L2comma_312comma_8comma_8comma_I_addr_type_L2c000050(fast)
# Loading work.topless_5comma_32comma_1comma_1comma_O_addr_type_L1comma_32comma_1comma_1comma_I_addr_type_L1comma_32comma_1comma_1comma_W_addr_type_L1comma_5comma_288comma_8comma_8comma_O_addr_type_L2comma_312comma_8comma_8comma_I_addr_type_L2c000051(fast)
# Loading work.topless_5comma_32comma_1comma_1comma_O_addr_type_L1comma_32comma_1comma_1comma_I_addr_type_L1comma_32comma_1comma_1comma_W_addr_type_L1comma_5comma_288comma_8comma_8comma_O_addr_type_L2comma_312comma_8comma_8comma_I_addr_type_L2c000013(fast)
# Loading work.topless_5comma_32comma_1comma_1comma_O_addr_type_L1comma_32comma_1comma_1comma_I_addr_type_L1comma_32comma_1comma_1comma_W_addr_type_L1comma_5comma_288comma_8comma_8comma_O_addr_type_L2comma_312comma_8comma_8comma_I_addr_type_L2c000014(fast)
# ** Warning: (vsim-4029) The fifo '/scverify_top/user_tb/O_data_out_data_golden'
# (and any connected ports) is undebuggable as the tlm fifo size specified is '-1'. A tlm fifo with an infinite size is not debuggable.
# ** Warning: (vsim-4029) The fifo '/scverify_top/TLS_in_wait_ctrl_fifo_zero_guard_in'
# (and any connected ports) is undebuggable as the tlm fifo size specified is '-1'. A tlm fifo with an infinite size is not debuggable.
# ** Warning: (vsim-4029) The fifo '/scverify_top/TLS_in_fifo_zero_guard_in'
# (and any connected ports) is undebuggable as the tlm fifo size specified is '-1'. A tlm fifo with an infinite size is not debuggable.
# ** Warning: (vsim-4029) The fifo '/scverify_top/TLS_in_wait_ctrl_fifo_W_data_in_data'
# (and any connected ports) is undebuggable as the tlm fifo size specified is '-1'. A tlm fifo with an infinite size is not debuggable.
# ** Warning: (vsim-4029) The fifo '/scverify_top/TLS_in_fifo_W_data_in_data'
# (and any connected ports) is undebuggable as the tlm fifo size specified is '-1'. A tlm fifo with an infinite size is not debuggable.
# ** Warning: (vsim-4029) The fifo '/scverify_top/TLS_in_wait_ctrl_fifo_I_data_in_data'
# (and any connected ports) is undebuggable as the tlm fifo size specified is '-1'. A tlm fifo with an infinite size is not debuggable.
# ** Warning: (vsim-4029) The fifo '/scverify_top/TLS_in_fifo_I_data_in_data'
# (and any connected ports) is undebuggable as the tlm fifo size specified is '-1'. A tlm fifo with an infinite size is not debuggable.
# ** Warning: (vsim-4029) The fifo '/scverify_top/TLS_out_wait_ctrl_fifo_O_data_out_data'
# (and any connected ports) is undebuggable as the tlm fifo size specified is '-1'. A tlm fifo with an infinite size is not debuggable.
# ** Warning: (vsim-4029) The fifo '/scverify_top/TLS_out_fifo_O_data_out_data'
# (and any connected ports) is undebuggable as the tlm fifo size specified is '-1'. A tlm fifo with an infinite size is not debuggable.
# ** Warning: (vsim-4029) The fifo '/scverify_top/TLS_in_wait_ctrl_fifo_O_data_in_data'
# (and any connected ports) is undebuggable as the tlm fifo size specified is '-1'. A tlm fifo with an infinite size is not debuggable.
# ** Warning: (vsim-4029) The fifo '/scverify_top/TLS_in_fifo_O_data_in_data'
# (and any connected ports) is undebuggable as the tlm fifo size specified is '-1'. A tlm fifo with an infinite size is not debuggable.
# ** Warning: (vsim-4029) The fifo '/scverify_top/TLS_in_wait_ctrl_fifo_layer_instruction_in_W_loopData_L1_relevancy'
# (and any connected ports) is undebuggable as the tlm fifo size specified is '-1'. A tlm fifo with an infinite size is not debuggable.
# ** Warning: (vsim-4029) The fifo '/scverify_top/TLS_in_fifo_layer_instruction_in_W_loopData_L1_relevancy'
# (and any connected ports) is undebuggable as the tlm fifo size specified is '-1'. A tlm fifo with an infinite size is not debuggable.
# ** Warning: (vsim-4029) The fifo '/scverify_top/TLS_in_wait_ctrl_fifo_layer_instruction_in_W_loopData_L1_bound'
# (and any connected ports) is undebuggable as the tlm fifo size specified is '-1'. A tlm fifo with an infinite size is not debuggable.
# ** Warning: (vsim-4029) The fifo '/scverify_top/TLS_in_fifo_layer_instruction_in_W_loopData_L1_bound'
# (and any connected ports) is undebuggable as the tlm fifo size specified is '-1'. A tlm fifo with an infinite size is not debuggable.
# ** Warning: (vsim-4029) The fifo '/scverify_top/TLS_in_wait_ctrl_fifo_layer_instruction_in_W_loopData_L2_relevancy'
# (and any connected ports) is undebuggable as the tlm fifo size specified is '-1'. A tlm fifo with an infinite size is not debuggable.
# ** Warning: (vsim-4029) The fifo '/scverify_top/TLS_in_fifo_layer_instruction_in_W_loopData_L2_relevancy'
# (and any connected ports) is undebuggable as the tlm fifo size specified is '-1'. A tlm fifo with an infinite size is not debuggable.
# ** Warning: (vsim-4029) The fifo '/scverify_top/TLS_in_wait_ctrl_fifo_layer_instruction_in_W_loopData_L2_bound'
# (and any connected ports) is undebuggable as the tlm fifo size specified is '-1'. A tlm fifo with an infinite size is not debuggable.
# ** Warning: (vsim-4029) The fifo '/scverify_top/TLS_in_fifo_layer_instruction_in_W_loopData_L2_bound'
# (and any connected ports) is undebuggable as the tlm fifo size specified is '-1'. A tlm fifo with an infinite size is not debuggable.
# ** Warning: (vsim-4029) The fifo '/scverify_top/TLS_in_wait_ctrl_fifo_layer_instruction_in_W_loopData_L3_relevancy'
# (and any connected ports) is undebuggable as the tlm fifo size specified is '-1'. A tlm fifo with an infinite size is not debuggable.
# ** Warning: (vsim-4029) The fifo '/scverify_top/TLS_in_fifo_layer_instruction_in_W_loopData_L3_relevancy'
# (and any connected ports) is undebuggable as the tlm fifo size specified is '-1'. A tlm fifo with an infinite size is not debuggable.
# ** Warning: (vsim-4029) The fifo '/scverify_top/TLS_in_wait_ctrl_fifo_layer_instruction_in_W_loopData_L3_bound'
# (and any connected ports) is undebuggable as the tlm fifo size specified is '-1'. A tlm fifo with an infinite size is not debuggable.
# ** Warning: (vsim-4029) The fifo '/scverify_top/TLS_in_fifo_layer_instruction_in_W_loopData_L3_bound'
# (and any connected ports) is undebuggable as the tlm fifo size specified is '-1'. A tlm fifo with an infinite size is not debuggable.
# ** Warning: (vsim-4029) The fifo '/scverify_top/TLS_in_wait_ctrl_fifo_layer_instruction_in_I_loopData_L1_relevancy'
# (and any connected ports) is undebuggable as the tlm fifo size specified is '-1'. A tlm fifo with an infinite size is not debuggable.
# ** Warning: (vsim-4029) The fifo '/scverify_top/TLS_in_fifo_layer_instruction_in_I_loopData_L1_relevancy'
# (and any connected ports) is undebuggable as the tlm fifo size specified is '-1'. A tlm fifo with an infinite size is not debuggable.
# ** Warning: (vsim-4029) The fifo '/scverify_top/TLS_in_wait_ctrl_fifo_layer_instruction_in_I_loopData_L1_bound'
# (and any connected ports) is undebuggable as the tlm fifo size specified is '-1'. A tlm fifo with an infinite size is not debuggable.
# ** Warning: (vsim-4029) The fifo '/scverify_top/TLS_in_fifo_layer_instruction_in_I_loopData_L1_bound'
# (and any connected ports) is undebuggable as the tlm fifo size specified is '-1'. A tlm fifo with an infinite size is not debuggable.
# ** Warning: (vsim-4029) The fifo '/scverify_top/TLS_in_wait_ctrl_fifo_layer_instruction_in_I_loopData_L2_relevancy'
# (and any connected ports) is undebuggable as the tlm fifo size specified is '-1'. A tlm fifo with an infinite size is not debuggable.
# ** Warning: (vsim-4029) The fifo '/scverify_top/TLS_in_fifo_layer_instruction_in_I_loopData_L2_relevancy'
# (and any connected ports) is undebuggable as the tlm fifo size specified is '-1'. A tlm fifo with an infinite size is not debuggable.
# ** Warning: (vsim-4029) The fifo '/scverify_top/TLS_in_wait_ctrl_fifo_layer_instruction_in_I_loopData_L2_bound'
# (and any connected ports) is undebuggable as the tlm fifo size specified is '-1'. A tlm fifo with an infinite size is not debuggable.
# ** Warning: (vsim-4029) The fifo '/scverify_top/TLS_in_fifo_layer_instruction_in_I_loopData_L2_bound'
# (and any connected ports) is undebuggable as the tlm fifo size specified is '-1'. A tlm fifo with an infinite size is not debuggable.
# ** Warning: (vsim-4029) The fifo '/scverify_top/TLS_in_wait_ctrl_fifo_layer_instruction_in_I_loopData_L3_relevancy'
# (and any connected ports) is undebuggable as the tlm fifo size specified is '-1'. A tlm fifo with an infinite size is not debuggable.
# ** Warning: (vsim-4029) The fifo '/scverify_top/TLS_in_fifo_layer_instruction_in_I_loopData_L3_relevancy'
# (and any connected ports) is undebuggable as the tlm fifo size specified is '-1'. A tlm fifo with an infinite size is not debuggable.
# ** Warning: (vsim-4029) The fifo '/scverify_top/TLS_in_wait_ctrl_fifo_layer_instruction_in_I_loopData_L3_bound'
# (and any connected ports) is undebuggable as the tlm fifo size specified is '-1'. A tlm fifo with an infinite size is not debuggable.
# ** Warning: (vsim-4029) The fifo '/scverify_top/TLS_in_fifo_layer_instruction_in_I_loopData_L3_bound'
# (and any connected ports) is undebuggable as the tlm fifo size specified is '-1'. A tlm fifo with an infinite size is not debuggable.
# ** Warning: (vsim-4029) The fifo '/scverify_top/TLS_in_wait_ctrl_fifo_layer_instruction_in_O_loopData_L1_relevancy'
# (and any connected ports) is undebuggable as the tlm fifo size specified is '-1'. A tlm fifo with an infinite size is not debuggable.
# ** Warning: (vsim-4029) The fifo '/scverify_top/TLS_in_fifo_layer_instruction_in_O_loopData_L1_relevancy'
# (and any connected ports) is undebuggable as the tlm fifo size specified is '-1'. A tlm fifo with an infinite size is not debuggable.
# ** Warning: (vsim-4029) The fifo '/scverify_top/TLS_in_wait_ctrl_fifo_layer_instruction_in_O_loopData_L1_bound'
# (and any connected ports) is undebuggable as the tlm fifo size specified is '-1'. A tlm fifo with an infinite size is not debuggable.
# ** Warning: (vsim-4029) The fifo '/scverify_top/TLS_in_fifo_layer_instruction_in_O_loopData_L1_bound'
# (and any connected ports) is undebuggable as the tlm fifo size specified is '-1'. A tlm fifo with an infinite size is not debuggable.
# ** Warning: (vsim-4029) The fifo '/scverify_top/TLS_in_wait_ctrl_fifo_layer_instruction_in_O_loopData_L2_relevancy'
# (and any connected ports) is undebuggable as the tlm fifo size specified is '-1'. A tlm fifo with an infinite size is not debuggable.
# ** Warning: (vsim-4029) The fifo '/scverify_top/TLS_in_fifo_layer_instruction_in_O_loopData_L2_relevancy'
# (and any connected ports) is undebuggable as the tlm fifo size specified is '-1'. A tlm fifo with an infinite size is not debuggable.
# ** Warning: (vsim-4029) The fifo '/scverify_top/TLS_in_wait_ctrl_fifo_layer_instruction_in_O_loopData_L2_bound'
# (and any connected ports) is undebuggable as the tlm fifo size specified is '-1'. A tlm fifo with an infinite size is not debuggable.
# ** Warning: (vsim-4029) The fifo '/scverify_top/TLS_in_fifo_layer_instruction_in_O_loopData_L2_bound'
# (and any connected ports) is undebuggable as the tlm fifo size specified is '-1'. A tlm fifo with an infinite size is not debuggable.
# ** Warning: (vsim-4029) The fifo '/scverify_top/TLS_in_wait_ctrl_fifo_layer_instruction_in_O_loopData_L3_relevancy'
# (and any connected ports) is undebuggable as the tlm fifo size specified is '-1'. A tlm fifo with an infinite size is not debuggable.
# ** Warning: (vsim-4029) The fifo '/scverify_top/TLS_in_fifo_layer_instruction_in_O_loopData_L3_relevancy'
# (and any connected ports) is undebuggable as the tlm fifo size specified is '-1'. A tlm fifo with an infinite size is not debuggable.
# ** Warning: (vsim-4029) The fifo '/scverify_top/TLS_in_wait_ctrl_fifo_layer_instruction_in_O_loopData_L3_bound'
# (and any connected ports) is undebuggable as the tlm fifo size specified is '-1'. A tlm fifo with an infinite size is not debuggable.
# ** Warning: (vsim-4029) The fifo '/scverify_top/TLS_in_fifo_layer_instruction_in_O_loopData_L3_bound'
# (and any connected ports) is undebuggable as the tlm fifo size specified is '-1'. A tlm fifo with an infinite size is not debuggable.
# Disabling STALL_FLAG toggling
# ** Warning: (vsim-3569) observe_foreign_signal : Object '/scverify_top/rtl/top_5_32_1_1_O_addr_type_L1_32_1_1_I_addr_type_L1_32_1_1_W_addr_type_L1_5_288_8_8_O_addr_type_L2_312_8_8_I_addr_type_L2_1728_8_8_W_addr_type_L2_5_8640_8_8_O_addr_type_L3_8640_8_8_I_addr_type_L3_55296_8_8_W_addr_type_L3_O_partial_000002/CCInst/config_control_unit_5_O_addr_type_L1_O_addr_type_L2_O_addr_type_L3_I_addr_type_L1_I_addr_type_L2_I_addr_type_L3_W_addr_type_L1_W_addr_type_L2_W_addr_type_L3_run_inst/config_control_unit_5_O_addr_type_L1_O_addr_type_L2_O_addr_type_L3_I_addr_type_L1_I_addr_type_L2_I_addr_type_L3_W_addr_type_L1_W_addr_type_L2_W_addr_type_L3_run_staller_inst/run_wen' does not exist in the design.
#    Time: 0 ps  Iteration: 0  Instance: /scverify_top/rtl
# ** Warning: (vsim-3569) observe_foreign_signal : Object '/scverify_top/rtl/top_5_32_1_1_O_addr_type_L1_32_1_1_I_addr_type_L1_32_1_1_W_addr_type_L1_5_288_8_8_O_addr_type_L2_312_8_8_I_addr_type_L2_1728_8_8_W_addr_type_L2_5_8640_8_8_O_addr_type_L3_8640_8_8_I_addr_type_L3_55296_8_8_W_addr_type_L3_O_partial_000002/PE/rf_5_32_32_32_1_1_1_1_1_1_O_partial_type_O_addr_type_L1_I_type_I_addr_type_L1_W_type_W_addr_type_L1_run_inst/rf_5_32_32_32_1_1_1_1_1_1_O_partial_type_O_addr_type_L1_I_type_I_addr_type_L1_W_type_W_addr_type_L1_run_staller_inst/run_wen' does not exist in the design.
#    Time: 0 ps  Iteration: 0  Instance: /scverify_top/rtl
# ** Warning: (vsim-3569) observe_foreign_signal : Object '/scverify_top/rtl/top_5_32_1_1_O_addr_type_L1_32_1_1_I_addr_type_L1_32_1_1_W_addr_type_L1_5_288_8_8_O_addr_type_L2_312_8_8_I_addr_type_L2_1728_8_8_W_addr_type_L2_5_8640_8_8_O_addr_type_L3_8640_8_8_I_addr_type_L3_55296_8_8_W_addr_type_L3_O_partial_000002/CCInst/config_control_unit_5_O_addr_type_L1_O_addr_type_L2_O_addr_type_L3_I_addr_type_L1_I_addr_type_L2_I_addr_type_L3_W_addr_type_L1_W_addr_type_L2_W_addr_type_L3_run_inst/config_control_unit_5_O_addr_type_L1_O_addr_type_L2_O_addr_type_L3_I_addr_type_L1_I_addr_type_L2_I_addr_type_L3_W_addr_type_L1_W_addr_type_L2_W_addr_type_L3_run_layer_instruction_in_rsci_inst/config_control_unit_5_O_addr_type_L1_O_addr_type_L2_O_addr_type_L3_I_addr_type_L1_I_addr_type_L2_I_addr_type_L3_W_addr_type_L1_W_addr_type_L2_W_addr_type_L3_run_layer_instruction_in_rsci_layer_instruction_in_wait_ctrl_inst/layer_instruction_in_rsci_irdy_run_sct' does not exist in the design.
#    Time: 0 ps  Iteration: 0  Instance: /scverify_top/rtl
# ** Warning: (vsim-3569) observe_foreign_signal : Object '/scverify_top/rtl/top_5_32_1_1_O_addr_type_L1_32_1_1_I_addr_type_L1_32_1_1_W_addr_type_L1_5_288_8_8_O_addr_type_L2_312_8_8_I_addr_type_L2_1728_8_8_W_addr_type_L2_5_8640_8_8_O_addr_type_L3_8640_8_8_I_addr_type_L3_55296_8_8_W_addr_type_L3_O_partial_000002/CCInst/config_control_unit_5_O_addr_type_L1_O_addr_type_L2_O_addr_type_L3_I_addr_type_L1_I_addr_type_L2_I_addr_type_L3_W_addr_type_L1_W_addr_type_L2_W_addr_type_L3_run_inst/config_control_unit_5_O_addr_type_L1_O_addr_type_L2_O_addr_type_L3_I_addr_type_L1_I_addr_type_L2_I_addr_type_L3_W_addr_type_L1_W_addr_type_L2_W_addr_type_L3_run_layer_instruction_in_rsci_inst/config_control_unit_5_O_addr_type_L1_O_addr_type_L2_O_addr_type_L3_I_addr_type_L1_I_addr_type_L2_I_addr_type_L3_W_addr_type_L1_W_addr_type_L2_W_addr_type_L3_run_layer_instruction_in_rsci_layer_instruction_in_wait_ctrl_inst/layer_instruction_in_rsci_ivld' does not exist in the design.
#    Time: 0 ps  Iteration: 0  Instance: /scverify_top/rtl
# ** Warning: (vsim-3569) observe_foreign_signal : Object '/scverify_top/rtl/top_5_32_1_1_O_addr_type_L1_32_1_1_I_addr_type_L1_32_1_1_W_addr_type_L1_5_288_8_8_O_addr_type_L2_312_8_8_I_addr_type_L2_1728_8_8_W_addr_type_L2_5_8640_8_8_O_addr_type_L3_8640_8_8_I_addr_type_L3_55296_8_8_W_addr_type_L3_O_partial_000002/CCInst/config_control_unit_5_O_addr_type_L1_O_addr_type_L2_O_addr_type_L3_I_addr_type_L1_I_addr_type_L2_I_addr_type_L3_W_addr_type_L1_W_addr_type_L2_W_addr_type_L3_run_inst/config_control_unit_5_O_addr_type_L1_O_addr_type_L2_O_addr_type_L3_I_addr_type_L1_I_addr_type_L2_I_addr_type_L3_W_addr_type_L1_W_addr_type_L2_W_addr_type_L3_run_O_instr_L1_out_rsci_inst/config_control_unit_5_O_addr_type_L1_O_addr_type_L2_O_addr_type_L3_I_addr_type_L1_I_addr_type_L2_I_addr_type_L3_W_addr_type_L1_W_addr_type_L2_W_addr_type_L3_run_O_instr_L1_out_rsci_O_instr_L1_out_wait_ctrl_inst/O_instr_L1_out_rsci_irdy' does not exist in the design.
#    Time: 0 ps  Iteration: 0  Instance: /scverify_top/rtl
# ** Warning: (vsim-3569) observe_foreign_signal : Object '/scverify_top/rtl/top_5_32_1_1_O_addr_type_L1_32_1_1_I_addr_type_L1_32_1_1_W_addr_type_L1_5_288_8_8_O_addr_type_L2_312_8_8_I_addr_type_L2_1728_8_8_W_addr_type_L2_5_8640_8_8_O_addr_type_L3_8640_8_8_I_addr_type_L3_55296_8_8_W_addr_type_L3_O_partial_000002/CCInst/config_control_unit_5_O_addr_type_L1_O_addr_type_L2_O_addr_type_L3_I_addr_type_L1_I_addr_type_L2_I_addr_type_L3_W_addr_type_L1_W_addr_type_L2_W_addr_type_L3_run_inst/config_control_unit_5_O_addr_type_L1_O_addr_type_L2_O_addr_type_L3_I_addr_type_L1_I_addr_type_L2_I_addr_type_L3_W_addr_type_L1_W_addr_type_L2_W_addr_type_L3_run_O_instr_L1_out_rsci_inst/config_control_unit_5_O_addr_type_L1_O_addr_type_L2_O_addr_type_L3_I_addr_type_L1_I_addr_type_L2_I_addr_type_L3_W_addr_type_L1_W_addr_type_L2_W_addr_type_L3_run_O_instr_L1_out_rsci_O_instr_L1_out_wait_ctrl_inst/O_instr_L1_out_rsci_ivld_run_sct' does not exist in the design.
#    Time: 0 ps  Iteration: 0  Instance: /scverify_top/rtl
# ** Warning: (vsim-3569) observe_foreign_signal : Object '/scverify_top/rtl/top_5_32_1_1_O_addr_type_L1_32_1_1_I_addr_type_L1_32_1_1_W_addr_type_L1_5_288_8_8_O_addr_type_L2_312_8_8_I_addr_type_L2_1728_8_8_W_addr_type_L2_5_8640_8_8_O_addr_type_L3_8640_8_8_I_addr_type_L3_55296_8_8_W_addr_type_L3_O_partial_000002/CCInst/config_control_unit_5_O_addr_type_L1_O_addr_type_L2_O_addr_type_L3_I_addr_type_L1_I_addr_type_L2_I_addr_type_L3_W_addr_type_L1_W_addr_type_L2_W_addr_type_L3_run_inst/config_control_unit_5_O_addr_type_L1_O_addr_type_L2_O_addr_type_L3_I_addr_type_L1_I_addr_type_L2_I_addr_type_L3_W_addr_type_L1_W_addr_type_L2_W_addr_type_L3_run_O_instr_L2_out_rsci_inst/config_control_unit_5_O_addr_type_L1_O_addr_type_L2_O_addr_type_L3_I_addr_type_L1_I_addr_type_L2_I_addr_type_L3_W_addr_type_L1_W_addr_type_L2_W_addr_type_L3_run_O_instr_L2_out_rsci_O_instr_L2_out_wait_ctrl_inst/O_instr_L2_out_rsci_irdy' does not exist in the design.
#    Time: 0 ps  Iteration: 0  Instance: /scverify_top/rtl
# ** Warning: (vsim-3569) observe_foreign_signal : Object '/scverify_top/rtl/top_5_32_1_1_O_addr_type_L1_32_1_1_I_addr_type_L1_32_1_1_W_addr_type_L1_5_288_8_8_O_addr_type_L2_312_8_8_I_addr_type_L2_1728_8_8_W_addr_type_L2_5_8640_8_8_O_addr_type_L3_8640_8_8_I_addr_type_L3_55296_8_8_W_addr_type_L3_O_partial_000002/CCInst/config_control_unit_5_O_addr_type_L1_O_addr_type_L2_O_addr_type_L3_I_addr_type_L1_I_addr_type_L2_I_addr_type_L3_W_addr_type_L1_W_addr_type_L2_W_addr_type_L3_run_inst/config_control_unit_5_O_addr_type_L1_O_addr_type_L2_O_addr_type_L3_I_addr_type_L1_I_addr_type_L2_I_addr_type_L3_W_addr_type_L1_W_addr_type_L2_W_addr_type_L3_run_O_instr_L2_out_rsci_inst/config_control_unit_5_O_addr_type_L1_O_addr_type_L2_O_addr_type_L3_I_addr_type_L1_I_addr_type_L2_I_addr_type_L3_W_addr_type_L1_W_addr_type_L2_W_addr_type_L3_run_O_instr_L2_out_rsci_O_instr_L2_out_wait_ctrl_inst/O_instr_L2_out_rsci_ivld_run_sct' does not exist in the design.
#    Time: 0 ps  Iteration: 0  Instance: /scverify_top/rtl
# ** Warning: (vsim-3569) observe_foreign_signal : Object '/scverify_top/rtl/top_5_32_1_1_O_addr_type_L1_32_1_1_I_addr_type_L1_32_1_1_W_addr_type_L1_5_288_8_8_O_addr_type_L2_312_8_8_I_addr_type_L2_1728_8_8_W_addr_type_L2_5_8640_8_8_O_addr_type_L3_8640_8_8_I_addr_type_L3_55296_8_8_W_addr_type_L3_O_partial_000002/CCInst/config_control_unit_5_O_addr_type_L1_O_addr_type_L2_O_addr_type_L3_I_addr_type_L1_I_addr_type_L2_I_addr_type_L3_W_addr_type_L1_W_addr_type_L2_W_addr_type_L3_run_inst/config_control_unit_5_O_addr_type_L1_O_addr_type_L2_O_addr_type_L3_I_addr_type_L1_I_addr_type_L2_I_addr_type_L3_W_addr_type_L1_W_addr_type_L2_W_addr_type_L3_run_O_instr_L3_out_rsci_inst/config_control_unit_5_O_addr_type_L1_O_addr_type_L2_O_addr_type_L3_I_addr_type_L1_I_addr_type_L2_I_addr_type_L3_W_addr_type_L1_W_addr_type_L2_W_addr_type_L3_run_O_instr_L3_out_rsci_O_instr_L3_out_wait_ctrl_inst/O_instr_L3_out_rsci_irdy' does not exist in the design.
#    Time: 0 ps  Iteration: 0  Instance: /scverify_top/rtl
# ** Warning: (vsim-3569) observe_foreign_signal : Object '/scverify_top/rtl/top_5_32_1_1_O_addr_type_L1_32_1_1_I_addr_type_L1_32_1_1_W_addr_type_L1_5_288_8_8_O_addr_type_L2_312_8_8_I_addr_type_L2_1728_8_8_W_addr_type_L2_5_8640_8_8_O_addr_type_L3_8640_8_8_I_addr_type_L3_55296_8_8_W_addr_type_L3_O_partial_000002/CCInst/config_control_unit_5_O_addr_type_L1_O_addr_type_L2_O_addr_type_L3_I_addr_type_L1_I_addr_type_L2_I_addr_type_L3_W_addr_type_L1_W_addr_type_L2_W_addr_type_L3_run_inst/config_control_unit_5_O_addr_type_L1_O_addr_type_L2_O_addr_type_L3_I_addr_type_L1_I_addr_type_L2_I_addr_type_L3_W_addr_type_L1_W_addr_type_L2_W_addr_type_L3_run_O_instr_L3_out_rsci_inst/config_control_unit_5_O_addr_type_L1_O_addr_type_L2_O_addr_type_L3_I_addr_type_L1_I_addr_type_L2_I_addr_type_L3_W_addr_type_L1_W_addr_type_L2_W_addr_type_L3_run_O_instr_L3_out_rsci_O_instr_L3_out_wait_ctrl_inst/O_instr_L3_out_rsci_ivld_run_sct' does not exist in the design.
#    Time: 0 ps  Iteration: 0  Instance: /scverify_top/rtl
# ** Warning: (vsim-3569) observe_foreign_signal : Object '/scverify_top/rtl/top_5_32_1_1_O_addr_type_L1_32_1_1_I_addr_type_L1_32_1_1_W_addr_type_L1_5_288_8_8_O_addr_type_L2_312_8_8_I_addr_type_L2_1728_8_8_W_addr_type_L2_5_8640_8_8_O_addr_type_L3_8640_8_8_I_addr_type_L3_55296_8_8_W_addr_type_L3_O_partial_000002/CCInst/config_control_unit_5_O_addr_type_L1_O_addr_type_L2_O_addr_type_L3_I_addr_type_L1_I_addr_type_L2_I_addr_type_L3_W_addr_type_L1_W_addr_type_L2_W_addr_type_L3_run_inst/config_control_unit_5_O_addr_type_L1_O_addr_type_L2_O_addr_type_L3_I_addr_type_L1_I_addr_type_L2_I_addr_type_L3_W_addr_type_L1_W_addr_type_L2_W_addr_type_L3_run_I_instr_L1_out_rsci_inst/config_control_unit_5_O_addr_type_L1_O_addr_type_L2_O_addr_type_L3_I_addr_type_L1_I_addr_type_L2_I_addr_type_L3_W_addr_type_L1_W_addr_type_L2_W_addr_type_L3_run_I_instr_L1_out_rsci_I_instr_L1_out_wait_ctrl_inst/I_instr_L1_out_rsci_irdy' does not exist in the design.
#    Time: 0 ps  Iteration: 0  Instance: /scverify_top/rtl
# ** Warning: (vsim-3569) observe_foreign_signal : Object '/scverify_top/rtl/top_5_32_1_1_O_addr_type_L1_32_1_1_I_addr_type_L1_32_1_1_W_addr_type_L1_5_288_8_8_O_addr_type_L2_312_8_8_I_addr_type_L2_1728_8_8_W_addr_type_L2_5_8640_8_8_O_addr_type_L3_8640_8_8_I_addr_type_L3_55296_8_8_W_addr_type_L3_O_partial_000002/CCInst/config_control_unit_5_O_addr_type_L1_O_addr_type_L2_O_addr_type_L3_I_addr_type_L1_I_addr_type_L2_I_addr_type_L3_W_addr_type_L1_W_addr_type_L2_W_addr_type_L3_run_inst/config_control_unit_5_O_addr_type_L1_O_addr_type_L2_O_addr_type_L3_I_addr_type_L1_I_addr_type_L2_I_addr_type_L3_W_addr_type_L1_W_addr_type_L2_W_addr_type_L3_run_I_instr_L1_out_rsci_inst/config_control_unit_5_O_addr_type_L1_O_addr_type_L2_O_addr_type_L3_I_addr_type_L1_I_addr_type_L2_I_addr_type_L3_W_addr_type_L1_W_addr_type_L2_W_addr_type_L3_run_I_instr_L1_out_rsci_I_instr_L1_out_wait_ctrl_inst/I_instr_L1_out_rsci_ivld_run_sct' does not exist in the design.
#    Time: 0 ps  Iteration: 0  Instance: /scverify_top/rtl
# ** Warning: (vsim-3569) observe_foreign_signal : Object '/scverify_top/rtl/top_5_32_1_1_O_addr_type_L1_32_1_1_I_addr_type_L1_32_1_1_W_addr_type_L1_5_288_8_8_O_addr_type_L2_312_8_8_I_addr_type_L2_1728_8_8_W_addr_type_L2_5_8640_8_8_O_addr_type_L3_8640_8_8_I_addr_type_L3_55296_8_8_W_addr_type_L3_O_partial_000002/CCInst/config_control_unit_5_O_addr_type_L1_O_addr_type_L2_O_addr_type_L3_I_addr_type_L1_I_addr_type_L2_I_addr_type_L3_W_addr_type_L1_W_addr_type_L2_W_addr_type_L3_run_inst/config_control_unit_5_O_addr_type_L1_O_addr_type_L2_O_addr_type_L3_I_addr_type_L1_I_addr_type_L2_I_addr_type_L3_W_addr_type_L1_W_addr_type_L2_W_addr_type_L3_run_I_instr_L2_out_rsci_inst/config_control_unit_5_O_addr_type_L1_O_addr_type_L2_O_addr_type_L3_I_addr_type_L1_I_addr_type_L2_I_addr_type_L3_W_addr_type_L1_W_addr_type_L2_W_addr_type_L3_run_I_instr_L2_out_rsci_I_instr_L2_out_wait_ctrl_inst/I_instr_L2_out_rsci_irdy' does not exist in the design.
#    Time: 0 ps  Iteration: 0  Instance: /scverify_top/rtl
# ** Warning: (vsim-3569) observe_foreign_signal : Object '/scverify_top/rtl/top_5_32_1_1_O_addr_type_L1_32_1_1_I_addr_type_L1_32_1_1_W_addr_type_L1_5_288_8_8_O_addr_type_L2_312_8_8_I_addr_type_L2_1728_8_8_W_addr_type_L2_5_8640_8_8_O_addr_type_L3_8640_8_8_I_addr_type_L3_55296_8_8_W_addr_type_L3_O_partial_000002/CCInst/config_control_unit_5_O_addr_type_L1_O_addr_type_L2_O_addr_type_L3_I_addr_type_L1_I_addr_type_L2_I_addr_type_L3_W_addr_type_L1_W_addr_type_L2_W_addr_type_L3_run_inst/config_control_unit_5_O_addr_type_L1_O_addr_type_L2_O_addr_type_L3_I_addr_type_L1_I_addr_type_L2_I_addr_type_L3_W_addr_type_L1_W_addr_type_L2_W_addr_type_L3_run_I_instr_L2_out_rsci_inst/config_control_unit_5_O_addr_type_L1_O_addr_type_L2_O_addr_type_L3_I_addr_type_L1_I_addr_type_L2_I_addr_type_L3_W_addr_type_L1_W_addr_type_L2_W_addr_type_L3_run_I_instr_L2_out_rsci_I_instr_L2_out_wait_ctrl_inst/I_instr_L2_out_rsci_ivld_run_sct' does not exist in the design.
#    Time: 0 ps  Iteration: 0  Instance: /scverify_top/rtl
# ** Warning: (vsim-3569) observe_foreign_signal : Object '/scverify_top/rtl/top_5_32_1_1_O_addr_type_L1_32_1_1_I_addr_type_L1_32_1_1_W_addr_type_L1_5_288_8_8_O_addr_type_L2_312_8_8_I_addr_type_L2_1728_8_8_W_addr_type_L2_5_8640_8_8_O_addr_type_L3_8640_8_8_I_addr_type_L3_55296_8_8_W_addr_type_L3_O_partial_000002/CCInst/config_control_unit_5_O_addr_type_L1_O_addr_type_L2_O_addr_type_L3_I_addr_type_L1_I_addr_type_L2_I_addr_type_L3_W_addr_type_L1_W_addr_type_L2_W_addr_type_L3_run_inst/config_control_unit_5_O_addr_type_L1_O_addr_type_L2_O_addr_type_L3_I_addr_type_L1_I_addr_type_L2_I_addr_type_L3_W_addr_type_L1_W_addr_type_L2_W_addr_type_L3_run_I_instr_L3_out_rsci_inst/config_control_unit_5_O_addr_type_L1_O_addr_type_L2_O_addr_type_L3_I_addr_type_L1_I_addr_type_L2_I_addr_type_L3_W_addr_type_L1_W_addr_type_L2_W_addr_type_L3_run_I_instr_L3_out_rsci_I_instr_L3_out_wait_ctrl_inst/I_instr_L3_out_rsci_irdy' does not exist in the design.
#    Time: 0 ps  Iteration: 0  Instance: /scverify_top/rtl
# ** Warning: (vsim-3569) observe_foreign_signal : Object '/scverify_top/rtl/top_5_32_1_1_O_addr_type_L1_32_1_1_I_addr_type_L1_32_1_1_W_addr_type_L1_5_288_8_8_O_addr_type_L2_312_8_8_I_addr_type_L2_1728_8_8_W_addr_type_L2_5_8640_8_8_O_addr_type_L3_8640_8_8_I_addr_type_L3_55296_8_8_W_addr_type_L3_O_partial_000002/CCInst/config_control_unit_5_O_addr_type_L1_O_addr_type_L2_O_addr_type_L3_I_addr_type_L1_I_addr_type_L2_I_addr_type_L3_W_addr_type_L1_W_addr_type_L2_W_addr_type_L3_run_inst/config_control_unit_5_O_addr_type_L1_O_addr_type_L2_O_addr_type_L3_I_addr_type_L1_I_addr_type_L2_I_addr_type_L3_W_addr_type_L1_W_addr_type_L2_W_addr_type_L3_run_I_instr_L3_out_rsci_inst/config_control_unit_5_O_addr_type_L1_O_addr_type_L2_O_addr_type_L3_I_addr_type_L1_I_addr_type_L2_I_addr_type_L3_W_addr_type_L1_W_addr_type_L2_W_addr_type_L3_run_I_instr_L3_out_rsci_I_instr_L3_out_wait_ctrl_inst/I_instr_L3_out_rsci_ivld_run_sct' does not exist in the design.
#    Time: 0 ps  Iteration: 0  Instance: /scverify_top/rtl
# ** Warning: (vsim-3569) observe_foreign_signal : Object '/scverify_top/rtl/top_5_32_1_1_O_addr_type_L1_32_1_1_I_addr_type_L1_32_1_1_W_addr_type_L1_5_288_8_8_O_addr_type_L2_312_8_8_I_addr_type_L2_1728_8_8_W_addr_type_L2_5_8640_8_8_O_addr_type_L3_8640_8_8_I_addr_type_L3_55296_8_8_W_addr_type_L3_O_partial_000002/CCInst/config_control_unit_5_O_addr_type_L1_O_addr_type_L2_O_addr_type_L3_I_addr_type_L1_I_addr_type_L2_I_addr_type_L3_W_addr_type_L1_W_addr_type_L2_W_addr_type_L3_run_inst/config_control_unit_5_O_addr_type_L1_O_addr_type_L2_O_addr_type_L3_I_addr_type_L1_I_addr_type_L2_I_addr_type_L3_W_addr_type_L1_W_addr_type_L2_W_addr_type_L3_run_W_instr_L1_out_rsci_inst/config_control_unit_5_O_addr_type_L1_O_addr_type_L2_O_addr_type_L3_I_addr_type_L1_I_addr_type_L2_I_addr_type_L3_W_addr_type_L1_W_addr_type_L2_W_addr_type_L3_run_W_instr_L1_out_rsci_W_instr_L1_out_wait_ctrl_inst/W_instr_L1_out_rsci_irdy' does not exist in the design.
#    Time: 0 ps  Iteration: 0  Instance: /scverify_top/rtl
# ** Warning: (vsim-3569) observe_foreign_signal : Object '/scverify_top/rtl/top_5_32_1_1_O_addr_type_L1_32_1_1_I_addr_type_L1_32_1_1_W_addr_type_L1_5_288_8_8_O_addr_type_L2_312_8_8_I_addr_type_L2_1728_8_8_W_addr_type_L2_5_8640_8_8_O_addr_type_L3_8640_8_8_I_addr_type_L3_55296_8_8_W_addr_type_L3_O_partial_000002/CCInst/config_control_unit_5_O_addr_type_L1_O_addr_type_L2_O_addr_type_L3_I_addr_type_L1_I_addr_type_L2_I_addr_type_L3_W_addr_type_L1_W_addr_type_L2_W_addr_type_L3_run_inst/config_control_unit_5_O_addr_type_L1_O_addr_type_L2_O_addr_type_L3_I_addr_type_L1_I_addr_type_L2_I_addr_type_L3_W_addr_type_L1_W_addr_type_L2_W_addr_type_L3_run_W_instr_L1_out_rsci_inst/config_control_unit_5_O_addr_type_L1_O_addr_type_L2_O_addr_type_L3_I_addr_type_L1_I_addr_type_L2_I_addr_type_L3_W_addr_type_L1_W_addr_type_L2_W_addr_type_L3_run_W_instr_L1_out_rsci_W_instr_L1_out_wait_ctrl_inst/W_instr_L1_out_rsci_ivld_run_sct' does not exist in the design.
#    Time: 0 ps  Iteration: 0  Instance: /scverify_top/rtl
# ** Warning: (vsim-3569) observe_foreign_signal : Object '/scverify_top/rtl/top_5_32_1_1_O_addr_type_L1_32_1_1_I_addr_type_L1_32_1_1_W_addr_type_L1_5_288_8_8_O_addr_type_L2_312_8_8_I_addr_type_L2_1728_8_8_W_addr_type_L2_5_8640_8_8_O_addr_type_L3_8640_8_8_I_addr_type_L3_55296_8_8_W_addr_type_L3_O_partial_000002/CCInst/config_control_unit_5_O_addr_type_L1_O_addr_type_L2_O_addr_type_L3_I_addr_type_L1_I_addr_type_L2_I_addr_type_L3_W_addr_type_L1_W_addr_type_L2_W_addr_type_L3_run_inst/config_control_unit_5_O_addr_type_L1_O_addr_type_L2_O_addr_type_L3_I_addr_type_L1_I_addr_type_L2_I_addr_type_L3_W_addr_type_L1_W_addr_type_L2_W_addr_type_L3_run_W_instr_L2_out_rsci_inst/config_control_unit_5_O_addr_type_L1_O_addr_type_L2_O_addr_type_L3_I_addr_type_L1_I_addr_type_L2_I_addr_type_L3_W_addr_type_L1_W_addr_type_L2_W_addr_type_L3_run_W_instr_L2_out_rsci_W_instr_L2_out_wait_ctrl_inst/W_instr_L2_out_rsci_irdy' does not exist in the design.
#    Time: 0 ps  Iteration: 0  Instance: /scverify_top/rtl
# ** Warning: (vsim-3569) observe_foreign_signal : Object '/scverify_top/rtl/top_5_32_1_1_O_addr_type_L1_32_1_1_I_addr_type_L1_32_1_1_W_addr_type_L1_5_288_8_8_O_addr_type_L2_312_8_8_I_addr_type_L2_1728_8_8_W_addr_type_L2_5_8640_8_8_O_addr_type_L3_8640_8_8_I_addr_type_L3_55296_8_8_W_addr_type_L3_O_partial_000002/CCInst/config_control_unit_5_O_addr_type_L1_O_addr_type_L2_O_addr_type_L3_I_addr_type_L1_I_addr_type_L2_I_addr_type_L3_W_addr_type_L1_W_addr_type_L2_W_addr_type_L3_run_inst/config_control_unit_5_O_addr_type_L1_O_addr_type_L2_O_addr_type_L3_I_addr_type_L1_I_addr_type_L2_I_addr_type_L3_W_addr_type_L1_W_addr_type_L2_W_addr_type_L3_run_W_instr_L2_out_rsci_inst/config_control_unit_5_O_addr_type_L1_O_addr_type_L2_O_addr_type_L3_I_addr_type_L1_I_addr_type_L2_I_addr_type_L3_W_addr_type_L1_W_addr_type_L2_W_addr_type_L3_run_W_instr_L2_out_rsci_W_instr_L2_out_wait_ctrl_inst/W_instr_L2_out_rsci_ivld_run_sct' does not exist in the design.
#    Time: 0 ps  Iteration: 0  Instance: /scverify_top/rtl
# ** Warning: (vsim-3569) observe_foreign_signal : Object '/scverify_top/rtl/top_5_32_1_1_O_addr_type_L1_32_1_1_I_addr_type_L1_32_1_1_W_addr_type_L1_5_288_8_8_O_addr_type_L2_312_8_8_I_addr_type_L2_1728_8_8_W_addr_type_L2_5_8640_8_8_O_addr_type_L3_8640_8_8_I_addr_type_L3_55296_8_8_W_addr_type_L3_O_partial_000002/CCInst/config_control_unit_5_O_addr_type_L1_O_addr_type_L2_O_addr_type_L3_I_addr_type_L1_I_addr_type_L2_I_addr_type_L3_W_addr_type_L1_W_addr_type_L2_W_addr_type_L3_run_inst/config_control_unit_5_O_addr_type_L1_O_addr_type_L2_O_addr_type_L3_I_addr_type_L1_I_addr_type_L2_I_addr_type_L3_W_addr_type_L1_W_addr_type_L2_W_addr_type_L3_run_W_instr_L3_out_rsci_inst/config_control_unit_5_O_addr_type_L1_O_addr_type_L2_O_addr_type_L3_I_addr_type_L1_I_addr_type_L2_I_addr_type_L3_W_addr_type_L1_W_addr_type_L2_W_addr_type_L3_run_W_instr_L3_out_rsci_W_instr_L3_out_wait_ctrl_inst/W_instr_L3_out_rsci_irdy' does not exist in the design.
#    Time: 0 ps  Iteration: 0  Instance: /scverify_top/rtl
# ** Warning: (vsim-3569) observe_foreign_signal : Object '/scverify_top/rtl/top_5_32_1_1_O_addr_type_L1_32_1_1_I_addr_type_L1_32_1_1_W_addr_type_L1_5_288_8_8_O_addr_type_L2_312_8_8_I_addr_type_L2_1728_8_8_W_addr_type_L2_5_8640_8_8_O_addr_type_L3_8640_8_8_I_addr_type_L3_55296_8_8_W_addr_type_L3_O_partial_000002/CCInst/config_control_unit_5_O_addr_type_L1_O_addr_type_L2_O_addr_type_L3_I_addr_type_L1_I_addr_type_L2_I_addr_type_L3_W_addr_type_L1_W_addr_type_L2_W_addr_type_L3_run_inst/config_control_unit_5_O_addr_type_L1_O_addr_type_L2_O_addr_type_L3_I_addr_type_L1_I_addr_type_L2_I_addr_type_L3_W_addr_type_L1_W_addr_type_L2_W_addr_type_L3_run_W_instr_L3_out_rsci_inst/config_control_unit_5_O_addr_type_L1_O_addr_type_L2_O_addr_type_L3_I_addr_type_L1_I_addr_type_L2_I_addr_type_L3_W_addr_type_L1_W_addr_type_L2_W_addr_type_L3_run_W_instr_L3_out_rsci_W_instr_L3_out_wait_ctrl_inst/W_instr_L3_out_rsci_ivld_run_sct' does not exist in the design.
#    Time: 0 ps  Iteration: 0  Instance: /scverify_top/rtl
# ** Warning: (vsim-3569) observe_foreign_signal : Object '/scverify_top/rtl/top_5_32_1_1_O_addr_type_L1_32_1_1_I_addr_type_L1_32_1_1_W_addr_type_L1_5_288_8_8_O_addr_type_L2_312_8_8_I_addr_type_L2_1728_8_8_W_addr_type_L2_5_8640_8_8_O_addr_type_L3_8640_8_8_I_addr_type_L3_55296_8_8_W_addr_type_L3_O_partial_000002/PE/rf_5_32_32_32_1_1_1_1_1_1_O_partial_type_O_addr_type_L1_I_type_I_addr_type_L1_W_type_W_addr_type_L1_run_inst/rf_5_32_32_32_1_1_1_1_1_1_O_partial_type_O_addr_type_L1_I_type_I_addr_type_L1_W_type_W_addr_type_L1_run_O_instr_in_rsci_inst/rf_5_32_32_32_1_1_1_1_1_1_O_partial_type_O_addr_type_L1_I_type_I_addr_type_L1_W_type_W_addr_type_L1_run_O_instr_in_rsci_O_instr_in_wait_ctrl_inst/O_instr_in_rsci_irdy_run_sct' does not exist in the design.
#    Time: 0 ps  Iteration: 0  Instance: /scverify_top/rtl
# ** Warning: (vsim-3569) observe_foreign_signal : Object '/scverify_top/rtl/top_5_32_1_1_O_addr_type_L1_32_1_1_I_addr_type_L1_32_1_1_W_addr_type_L1_5_288_8_8_O_addr_type_L2_312_8_8_I_addr_type_L2_1728_8_8_W_addr_type_L2_5_8640_8_8_O_addr_type_L3_8640_8_8_I_addr_type_L3_55296_8_8_W_addr_type_L3_O_partial_000002/PE/rf_5_32_32_32_1_1_1_1_1_1_O_partial_type_O_addr_type_L1_I_type_I_addr_type_L1_W_type_W_addr_type_L1_run_inst/rf_5_32_32_32_1_1_1_1_1_1_O_partial_type_O_addr_type_L1_I_type_I_addr_type_L1_W_type_W_addr_type_L1_run_O_instr_in_rsci_inst/rf_5_32_32_32_1_1_1_1_1_1_O_partial_type_O_addr_type_L1_I_type_I_addr_type_L1_W_type_W_addr_type_L1_run_O_instr_in_rsci_O_instr_in_wait_ctrl_inst/O_instr_in_rsci_ivld' does not exist in the design.
#    Time: 0 ps  Iteration: 0  Instance: /scverify_top/rtl
# ** Warning: (vsim-3569) observe_foreign_signal : Object '/scverify_top/rtl/top_5_32_1_1_O_addr_type_L1_32_1_1_I_addr_type_L1_32_1_1_W_addr_type_L1_5_288_8_8_O_addr_type_L2_312_8_8_I_addr_type_L2_1728_8_8_W_addr_type_L2_5_8640_8_8_O_addr_type_L3_8640_8_8_I_addr_type_L3_55296_8_8_W_addr_type_L3_O_partial_000002/PE/rf_5_32_32_32_1_1_1_1_1_1_O_partial_type_O_addr_type_L1_I_type_I_addr_type_L1_W_type_W_addr_type_L1_run_inst/rf_5_32_32_32_1_1_1_1_1_1_O_partial_type_O_addr_type_L1_I_type_I_addr_type_L1_W_type_W_addr_type_L1_run_I_instr_in_rsci_inst/rf_5_32_32_32_1_1_1_1_1_1_O_partial_type_O_addr_type_L1_I_type_I_addr_type_L1_W_type_W_addr_type_L1_run_I_instr_in_rsci_I_instr_in_wait_ctrl_inst/I_instr_in_rsci_irdy_run_sct' does not exist in the design.
#    Time: 0 ps  Iteration: 0  Instance: /scverify_top/rtl
# ** Warning: (vsim-3569) observe_foreign_signal : Object '/scverify_top/rtl/top_5_32_1_1_O_addr_type_L1_32_1_1_I_addr_type_L1_32_1_1_W_addr_type_L1_5_288_8_8_O_addr_type_L2_312_8_8_I_addr_type_L2_1728_8_8_W_addr_type_L2_5_8640_8_8_O_addr_type_L3_8640_8_8_I_addr_type_L3_55296_8_8_W_addr_type_L3_O_partial_000002/PE/rf_5_32_32_32_1_1_1_1_1_1_O_partial_type_O_addr_type_L1_I_type_I_addr_type_L1_W_type_W_addr_type_L1_run_inst/rf_5_32_32_32_1_1_1_1_1_1_O_partial_type_O_addr_type_L1_I_type_I_addr_type_L1_W_type_W_addr_type_L1_run_I_instr_in_rsci_inst/rf_5_32_32_32_1_1_1_1_1_1_O_partial_type_O_addr_type_L1_I_type_I_addr_type_L1_W_type_W_addr_type_L1_run_I_instr_in_rsci_I_instr_in_wait_ctrl_inst/I_instr_in_rsci_ivld' does not exist in the design.
#    Time: 0 ps  Iteration: 0  Instance: /scverify_top/rtl
# ** Warning: (vsim-3569) observe_foreign_signal : Object '/scverify_top/rtl/top_5_32_1_1_O_addr_type_L1_32_1_1_I_addr_type_L1_32_1_1_W_addr_type_L1_5_288_8_8_O_addr_type_L2_312_8_8_I_addr_type_L2_1728_8_8_W_addr_type_L2_5_8640_8_8_O_addr_type_L3_8640_8_8_I_addr_type_L3_55296_8_8_W_addr_type_L3_O_partial_000002/PE/rf_5_32_32_32_1_1_1_1_1_1_O_partial_type_O_addr_type_L1_I_type_I_addr_type_L1_W_type_W_addr_type_L1_run_inst/rf_5_32_32_32_1_1_1_1_1_1_O_partial_type_O_addr_type_L1_I_type_I_addr_type_L1_W_type_W_addr_type_L1_run_W_instr_in_rsci_inst/rf_5_32_32_32_1_1_1_1_1_1_O_partial_type_O_addr_type_L1_I_type_I_addr_type_L1_W_type_W_addr_type_L1_run_W_instr_in_rsci_W_instr_in_wait_ctrl_inst/W_instr_in_rsci_irdy_run_sct' does not exist in the design.
#    Time: 0 ps  Iteration: 0  Instance: /scverify_top/rtl
# ** Warning: (vsim-3569) observe_foreign_signal : Object '/scverify_top/rtl/top_5_32_1_1_O_addr_type_L1_32_1_1_I_addr_type_L1_32_1_1_W_addr_type_L1_5_288_8_8_O_addr_type_L2_312_8_8_I_addr_type_L2_1728_8_8_W_addr_type_L2_5_8640_8_8_O_addr_type_L3_8640_8_8_I_addr_type_L3_55296_8_8_W_addr_type_L3_O_partial_000002/PE/rf_5_32_32_32_1_1_1_1_1_1_O_partial_type_O_addr_type_L1_I_type_I_addr_type_L1_W_type_W_addr_type_L1_run_inst/rf_5_32_32_32_1_1_1_1_1_1_O_partial_type_O_addr_type_L1_I_type_I_addr_type_L1_W_type_W_addr_type_L1_run_W_instr_in_rsci_inst/rf_5_32_32_32_1_1_1_1_1_1_O_partial_type_O_addr_type_L1_I_type_I_addr_type_L1_W_type_W_addr_type_L1_run_W_instr_in_rsci_W_instr_in_wait_ctrl_inst/W_instr_in_rsci_ivld' does not exist in the design.
#    Time: 0 ps  Iteration: 0  Instance: /scverify_top/rtl
# do {./Catapult/SIF/scverify/prepwr_top_5_32_1_1_O_addr_type_L1_32_1_1_I_addr_type_L1_32_1_1_W_addr_type_L1_5_288_8_8_O_addr_type_L2_312_8_8_I_addr_type_L2_1728_8_8_W_addr_type_L2_5_8640_8_8_O_addr_type_L3_8640_8_8_I_addr_type_L3_55296_8_8_W_addr_type_L3_O_p000000_v_msim/scverify_msim_wave.tcl}
# Reading SCVerify waveform database './Catapult/SIF/scverify/ccs_wave_signals.dat'
# DUT Instance Path = /scverify_top/rtl
# Preparing to write SAIF file /users/students/r0678912/Downloads/zigzag/hls_impl/PE/Catapult/SIF/switching_v/default.saif...
# Logging WAVE signals...
#                 DONE
# 0
# CCS_VCD_TIMES='0,ns,end,ns'
# Running up to VCD start time: '0 ns'
# run 0 ns
# Initilialization
# Initilialization done
# 
# Start Sofware Reference Model
# Finished Sofware Reference Model
# 
# Loading channels DUT
# 
# Finished loading channels
# Running HW instance
# SCVerify intercepting C++ function 'top<5, 32, 1, 1, O_addr_type_L1, 32, 1, 1, I_addr_type_L1, 32, 1, 1, W_addr_type_L1, 5, 288, 8, 8, O_addr_type_L2, 312, 8, 8, I_addr_type_L2, 1728, 8, 8, W_addr_type_L2, 5, 8640, 8, 8, O_addr_type_L3, 8640, 8, 8, I_addr_type_L3, 55296, 8, 8, W_addr_type_L3, O_partial_type, I_type, W_type>::run' for RTL block 'top_5_32_1_1_O_addr_type_L1_32_1_1_I_addr_type_L1_32_1_1_W_addr_type_L1_5_288_8_8_O_addr_type_L2_312_8_8_I_addr_type_L2_1728_8_8_W_addr_type_L2_5_8640_8_8_O_addr_type_L3_8640_8_8_I_addr_type_L3_55296_8_8_W_addr_type_L3_O_partial_000000'
# Info: HW reset: TLS_rst active @ 0 s
# Turning VCD on
# Continuing to VCD end time: 'end'
# run -all
# Reading output channel
# 
# Finished Reading output channel
# 
# OUTPUT FEATURE MAP (K = 1 of 10)
#  --> total error:                                 0
#  --> number of outputs per output feature map:    9
#  --> average error:                               0
# 
# OUTPUT FEATURE MAP (K = 2 of 10)
#  --> total error:                                 0
#  --> number of outputs per output feature map:    9
#  --> average error:                               0
# 
# OUTPUT FEATURE MAP (K = 3 of 10)
#  --> total error:                                 0
#  --> number of outputs per output feature map:    9
#  --> average error:                               0
# 
# OUTPUT FEATURE MAP (K = 4 of 10)
#  --> total error:                                 0
#  --> number of outputs per output feature map:    9
#  --> average error:                               0
# 
# OUTPUT FEATURE MAP (K = 5 of 10)
#  --> total error:                                 0
#  --> number of outputs per output feature map:    9
#  --> average error:                               0
# 
# OUTPUT FEATURE MAP (K = 6 of 10)
#  --> total error:                                 0
#  --> number of outputs per output feature map:    9
#  --> average error:                               0
# 
# OUTPUT FEATURE MAP (K = 7 of 10)
#  --> total error:                                 0
#  --> number of outputs per output feature map:    9
#  --> average error:                               0
# 
# OUTPUT FEATURE MAP (K = 8 of 10)
#  --> total error:                                 0
#  --> number of outputs per output feature map:    9
#  --> average error:                               0
# 
# OUTPUT FEATURE MAP (K = 9 of 10)
#  --> total error:                                 0
#  --> number of outputs per output feature map:    9
#  --> average error:                               0
# 
# OUTPUT FEATURE MAP (K = 10 of 10)
#  --> total error:                                 0
#  --> number of outputs per output feature map:    9
#  --> average error:                               0
# 
# 
# Testbench Finished
# Info: Execution of user-supplied C++ testbench 'main()' has completed with exit code = 0
# 
# Info: Collecting data completed
#    captured 4770 values of O_data_in_data
#    captured 4860 values of O_data_out_data
#    captured 2445 values of I_data_in_data
#    captured 545 values of W_data_in_data
#    captured 4860 values of zero_guard_in
#    captured 1 values of layer_instruction_in_O_loopData_L3_bound
#    captured 1 values of layer_instruction_in_O_loopData_L3_relevancy
#    captured 1 values of layer_instruction_in_O_loopData_L2_bound
#    captured 1 values of layer_instruction_in_O_loopData_L2_relevancy
#    captured 1 values of layer_instruction_in_O_loopData_L1_bound
#    captured 1 values of layer_instruction_in_O_loopData_L1_relevancy
#    captured 1 values of layer_instruction_in_I_loopData_L3_bound
#    captured 1 values of layer_instruction_in_I_loopData_L3_relevancy
#    captured 1 values of layer_instruction_in_I_loopData_L2_bound
#    captured 1 values of layer_instruction_in_I_loopData_L2_relevancy
#    captured 1 values of layer_instruction_in_I_loopData_L1_bound
#    captured 1 values of layer_instruction_in_I_loopData_L1_relevancy
#    captured 1 values of layer_instruction_in_W_loopData_L3_bound
#    captured 1 values of layer_instruction_in_W_loopData_L3_relevancy
#    captured 1 values of layer_instruction_in_W_loopData_L2_bound
#    captured 1 values of layer_instruction_in_W_loopData_L2_relevancy
#    captured 1 values of layer_instruction_in_W_loopData_L1_bound
#    captured 1 values of layer_instruction_in_W_loopData_L1_relevancy
# Info: scverify_top/user_tb: Simulation completed
# 
# Checking results
# 'O_data_out_data'
#    capture count        = 4860
#    comparison count     = 4860
#    ignore count         = 0
#    error count          = 0
#    stuck in dut fifo    = 0
#    stuck in golden fifo = 0
# 
# Info: scverify_top/user_tb: Simulation PASSED @ 48686 ns
# ** Note: (vsim-6574) SystemC simulation stopped by user.
# Turning VCD off and flushing
# Using vcd2saif to convert VCD to SAIF in verilog mode
# Info: scverify_top/Monitor: runs with constant clock period 10 ns
# End time: 11:46:14 on Jul 13,2021, Elapsed time: 0:00:01
# Errors: 0, Warnings: 75, Suppressed Warnings: 2
