
New: /users/students/r0678912/Downloads/zigzag/hls_impl/PE/Catapult/SIF/calypto_opt_vhdl/iter_write_rtl/calypto_insert_obs/3/power_top_5_32_1_1_O_addr_type_L1_32_1_1_I_addr_type_L1_32_1_1_W_addr_type_L1_5_288_8_8_O_addr_type_L2_312_8_8_I_addr_type_L2_1728_8_8_W_addr_type_L2_5_8640_8_8_O_addr_type_L3_8640_8_8_I_addr_type_L3_55296_8_8_W_addr_type_L3_O_pa000000.vhdl
Old: /users/students/r0678912/Downloads/zigzag/hls_impl/PE/Catapult/SIF/power_top_5_32_1_1_O_addr_type_L1_32_1_1_I_addr_type_L1_32_1_1_W_addr_type_L1_5_288_8_8_O_addr_type_L2_312_8_8_I_addr_type_L2_1728_8_8_W_addr_type_L2_5_8640_8_8_O_addr_type_L3_8640_8_8_I_addr_type_L3_55296_8_8_W_addr_type_L3_O_pa000000.vhdl
1-1855 was 1-1855
1856-1857 new
1858-1867 was 1856-1865
1868-1869 was 1866-1867
1870-1880 new
1881-1883 was 1867-1869
1884-1885 new
1886-1893 was 1870-1877
1894 was 1878
1895-1904 new
1905-1944 was 1879-1918
1945-1957 new cginst top_5_32_1_1_O_addr_type_L1_32_1_1_I_addr_type_L1_32_1_1_W_addr_type_L1_5_288_8_8_O_addr_type_L2_312_8_8_I_addr_type_L2_1728_8_8_W_addr_type_L2_5_8640_8_8_O_addr_type_L3_8640_8_8_I_addr_type_L3_55296_8_8_W_addr_type_L3_O_partial_000001.PE.rf_5_32_32_32_1_1_1_1_1_1_O_partial_type_O_addr_type_L1_I_type_I_addr_type_L1_W_type_W_addr_type_L1_run_inst.rf_5_32_32_32_1_1_1_1_1_1_O_partial_type_O_addr_type_L1_I_type_I_addr_type_L1_W_type_W_addr_type_L1_run_I_wr_data_rsci_inst.rf_5_32_32_32_1_1_1_1_1_1_O_partial_type_O_addr_type_L1_I_type_I_addr_type_L1_W_type_W_addr_type_L1_run_I_wr_data_rsci_I_wr_data_wait_dp_inst.inst_cg_obs_topless_5comma_32comma_1comm
1958-1968 was 1919-1929
1969-1970 new
1971-1972 new
1973-1974 new
1975-1976 new
1977-1981 was 1930-1934
1982 new
1983 was 1935
1984 new
1985-1986 was 1936-1937
1987 new
1988 was 1938
1989 new
1990-2144 was 1939-2093
2145-2146 new
2147-2156 was 2094-2103
2157-2158 was 2104-2105
2159-2165 new
2166-2168 was 2105-2107
2169-2170 new
2171-2178 was 2108-2115
2179 was 2116
2180-2189 new
2190-2229 was 2117-2156
2230-2240 new cginst top_5_32_1_1_O_addr_type_L1_32_1_1_I_addr_type_L1_32_1_1_W_addr_type_L1_5_288_8_8_O_addr_type_L2_312_8_8_I_addr_type_L2_1728_8_8_W_addr_type_L2_5_8640_8_8_O_addr_type_L3_8640_8_8_I_addr_type_L3_55296_8_8_W_addr_type_L3_O_partial_000001.PE.rf_5_32_32_32_1_1_1_1_1_1_O_partial_type_O_addr_type_L1_I_type_I_addr_type_L1_W_type_W_addr_type_L1_run_inst.rf_5_32_32_32_1_1_1_1_1_1_O_partial_type_O_addr_type_L1_I_type_I_addr_type_L1_W_type_W_addr_type_L1_run_O_wr_data_rsci_inst.rf_5_32_32_32_1_1_1_1_1_1_O_partial_type_O_addr_type_L1_I_type_I_addr_type_L1_W_type_W_addr_type_L1_run_O_wr_data_rsci_O_wr_data_wait_dp_inst.inst_cg_obs_topless_5comma_32comma_1comm
2241-2251 was 2157-2167
2252-2253 new
2254-2255 new
2256-2257 new
2258-2259 new
2260-2263 was 2168-2171
2264 new
2265 was 2172
2266 new
2267 new
2268 was 2173
2269 new
2270 was 2174
2271 new
2272 was 2175
2273 new
2274 new
2275 was 2176
2276 new
2277-3946 was 2177-3846
3947-3948 new
3949-3960 was 3847-3858
3961-3962 was 3859-3860
3963-3969 new
3970-3972 was 3860-3862
3973-3974 new
3975-3996 was 3863-3884
3997-3998 was 3885-3886
3999-4005 was 3887-3893
4006-4007 was 3894-3895
4008-4018 new
4019-4020 was 3895-3896
4021 was 3896 endreplicate
4022-4033 was 3885-3896
4034-4036 was 3896-3898
4037-4038 was 3899-3900
4039-4042 new
4043-4079 was 3901-3937
4080-4082 was 3938-3939
4083-4093 new
4094-4095 was 3939-3940
4096-4097 new
4098-4099 new
4100-4213 was 3941-4054
4214-4215 new
4216-4227 was 4055-4066
4228-4229 was 4067-4068
4230-4232 new
4233-4235 was 4068-4070
4236-4237 new
4238-4259 was 4071-4092
4260-4261 was 4093-4094
4262-4268 was 4095-4101
4269-4270 was 4102-4103
4271-4277 new
4278-4279 was 4103-4104
4280 was 4104 endreplicate
4281-4292 was 4093-4104
4293-4295 was 4104-4106
4296-4297 was 4107-4108
4298-4301 new
4302-4338 was 4109-4145
4339-4341 was 4146-4147
4342-4348 new
4349-4350 was 4147-4148
4351-4352 new
4353-4354 new
4355-5249 was 4149-5043
5250-5251 new
5252-5283 was 5044-5075
5284-5285 new
5286-6427 was 5076-6217
6428-6429 was 6218-6219
6430-6438 was 6220-6228
6439-6440 was 6229-6230
6441-6443 new
6444-6445 was 6230-6231
6446 was 6231 endreplicate
6447-6460 was 6218-6231
6461-6485 was 6231-6255
6486-6487 was 6256-6257
6488-6496 was 6258-6266
6497-6498 was 6267-6268
6499-6505 new
6506-6507 was 6268-6269
6508 was 6269 endreplicate
6509-6522 was 6256-6269
6523-6634 was 6269-6380
6635-6636 was 6381-6382
6637-6644 new
6645-7003 was 6383-6741
7004-7006 was 6742-6743
7007-7009 new
7010-7044 was 6743-6777
7045-7047 was 6778-6779
7048-7054 new
7055-9715 was 6779-9439
9716-9717 new
9718-9719 new
9720-9721 new
9722-9723 new
9724-10411 was 9440-10127
10412-10413 new
10414-10445 was 10128-10159
10446-10447 new
10448-10451 was 10160-10163
10452-10453 was 10164-10165
10454-10479 was 10166-10191
10480-10481 was 10192-10193
10482 was 10193 endreplicate
10483-10512 was 10164-10193
10513-10587 was 10193-10267
10588-10589 new
10590-10632 was 10268-10310
10633-10634 new
10635-10716 was 10311-10392
10717-10718 was 10393-10394
10719-10744 was 10395-10420
10745-10746 was 10421-10422
10747 was 10422 endreplicate
10748-10777 was 10393-10422
10778-10926 was 10422-10570
10927-10928 new
10929-10936 was 10571-10578
10937-10938 was 10579-10580
10939-10975 was 10581-10617
10976-10977 was 10618-10619
10978 was 10619 endreplicate
10979-11019 was 10579-10619
11020-11156 was 10619-10755
